[2018-03-20T18:01:27.064] [INFO] resLogger - 
*************** response log start **************
request method:GET
request originalUrl:/client/getRes?appId=appXAKRb6caQka5JY2r&&id=t_Sw2Bb4rDki
request client ip:::ffff:127.0.0.1
request query:{"appId":"appXAKRb6caQka5JY2r","id":"t_Sw2Bb4rDki"}
response time:9
response body:
{"code":0,"msg":"success","data":{"createTime":"2018-03-19T02:30:51.427Z","_id":"5aaf20db3bd546350926cfbe","appId":"appXAKRb6caQka5JY2r","type":1,"id":"t_Sw2Bb4rDki","name":"123哈哈哈","intro":"123123","cover":"http://jserk.oss-cn-shenzhen.aliyuncs.com/saas_pic/WechatIMG64.jpeg","textContent":"123123123123","saleType":1,"audioSrc":"","videoSrc":"","price":312,"saleTime":"2018-03-17T10:30:27.000Z","__v":0}}
*************** response log end *******************

[2018-03-20T18:03:25.116] [INFO] resLogger - 
*************** response log start **************
request method:GET
request originalUrl:/app/info
request client ip:::ffff:127.0.0.1
request query:{}
response time:2
response body:
{"code":0,"msg":"success","data":{"updateTime":"2018-03-10T13:35:58.138Z","createTime":"2018-03-10T13:35:58.138Z","_id":"5aa3df3e18d129fbeef90974","appId":"appXAKRb6caQka5JY2r","phone":123}}
*************** response log end *******************

[2018-03-20T18:05:05.893] [INFO] resLogger - 
*************** response log start **************
request method:GET
request originalUrl:/app/info
request client ip:::ffff:127.0.0.1
request query:{}
response time:1
response body:
{"code":0,"msg":"success","data":{"updateTime":"2018-03-10T13:35:58.138Z","createTime":"2018-03-10T13:35:58.138Z","_id":"5aa3df3e18d129fbeef90974","appId":"appXAKRb6caQka5JY2r","phone":123}}
*************** response log end *******************

[2018-03-20T18:05:25.724] [INFO] resLogger - 
*************** response log start **************
request method:GET
request originalUrl:/cms/getResList?type=1
request client ip:::ffff:127.0.0.1
request query:{"type":"1"}
response time:2
response body:
{"code":0,"msg":"success","data":[{"createTime":"2018-03-19T02:30:51.427Z","_id":"5aaf20db3bd546350926cfbe","appId":"appXAKRb6caQka5JY2r","type":1,"id":"t_Sw2Bb4rDki","name":"123哈哈哈","intro":"123123","cover":"http://jserk.oss-cn-shenzhen.aliyuncs.com/saas_pic/WechatIMG64.jpeg","textContent":"123123123123","saleType":1,"audioSrc":"","videoSrc":"","price":312,"saleTime":"2018-03-17T10:30:27.000Z","__v":0}]}
*************** response log end *******************

[2018-03-20T18:05:45.769] [INFO] resLogger - 
*************** response log start **************
request method:GET
request originalUrl:/sts
request client ip:::ffff:127.0.0.1
request query:{}
response time:467
response body:
{"code":0,"msg":"success","data":{"AccessKeyId":"STS.H6wQQ6adh6Ly48vAtcKur63cy","AccessKeySecret":"8GiV821YLxUuwJckSHhaRrofJzQe1XC65br1evTJKGPG","SecurityToken":"CAIS5wF1q6Ft5B2yfSjIqfXCGuuCjLtJgY6SNh7HpXQ2R/pe2fbImzz2IH1FfXdpB+8WsPszm2xX5/kdlqp6U4cd0pJ0nQc0vPpt6gqET9frma7ctM4p6vCMHWyUFGSIvqv7aPn4S9XwY+qkb0u++AZ43br9c0fJPTXnS+rr76RqddMKRAK1QCNbDdNNXGtYpdQdKGHaOITGUHeooBKJXRYy4Fci1Tklsf7mnJPD0HeE0g2mkN1yjp/qP52pY/NrOJpCSNqv1IR0DPGcgXcOskYVpPkp0PMYpmaY4cvwAUJc+RaW+FZfGjjI/WQagAFv55oySjZ2H8iv3amSk0lT+jQl+NKCBMgsZNkqDjPs0kTBQmgny0yF+BhMOZxcSdV2Rjlenb0zbIfRMGbkOg/P3Ig59UfHQhlGUEeOsON4keia0YKP+wedzxgRU2jEx+ngx56cOqXuGERWMIAj4E+CyTrgeiud6iH9Oe5SGF5+3g==","Expiration":"2018-03-20T11:05:45Z"}}
*************** response log end *******************

[2018-03-20T18:11:23.415] [INFO] resLogger - 
*************** response log start **************
request method:GET
request originalUrl:/app/info
request client ip:::ffff:127.0.0.1
request query:{}
response time:1
response body:
{"code":0,"msg":"success","data":{"updateTime":"2018-03-10T13:35:58.138Z","createTime":"2018-03-10T13:35:58.138Z","_id":"5aa3df3e18d129fbeef90974","appId":"appXAKRb6caQka5JY2r","phone":123}}
*************** response log end *******************

[2018-03-20T18:13:48.337] [INFO] resLogger - 
*************** response log start **************
request method:GET
request originalUrl:/app/info
request client ip:::ffff:127.0.0.1
request query:{}
response time:1
response body:
{"code":0,"msg":"success","data":{"updateTime":"2018-03-10T13:35:58.138Z","createTime":"2018-03-10T13:35:58.138Z","_id":"5aa3df3e18d129fbeef90974","appId":"appXAKRb6caQka5JY2r","phone":123}}
*************** response log end *******************

[2018-03-20T18:32:07.898] [INFO] resLogger - 
*************** response log start **************
request method:GET
request originalUrl:/app/info
request client ip:::ffff:127.0.0.1
request query:{}
response time:2
response body:
{"code":0,"msg":"success","data":{"updateTime":"2018-03-10T13:35:58.138Z","createTime":"2018-03-10T13:35:58.138Z","_id":"5aa3df3e18d129fbeef90974","appId":"appXAKRb6caQka5JY2r","phone":123}}
*************** response log end *******************

[2018-03-20T18:33:11.822] [INFO] resLogger - 
*************** response log start **************
request method:GET
request originalUrl:/cms/getResList?type=2
request client ip:::ffff:127.0.0.1
request query:{"type":"2"}
response time:2
response body:
{"code":0,"msg":"success","data":[{"createTime":"2018-03-19T03:27:39.549Z","_id":"5aaf2e2bcd9ec53f6c65c987","appId":"appXAKRb6caQka5JY2r","type":2,"id":"Tt3rhj7eYnMrddKE","name":"这是音频哈哈","intro":"这是一条音频简介","cover":"http://jserk.oss-cn-shenzhen.aliyuncs.com/saas_pic/WechatIMG90.jpeg","textContent":"123","saleType":1,"audioSrc":"http://jserk.oss-cn-shenzhen.aliyuncs.com/saas_audio/C400003Afb7F2LwcmR.mp3","videoSrc":"","price":10,"saleTime":"2018-03-18T03:26:59.000Z","__v":0}]}
*************** response log end *******************

[2018-03-20T18:37:26.415] [INFO] resLogger - 
*************** response log start **************
request method:GET
request originalUrl:/app/info
request client ip:::ffff:127.0.0.1
request query:{}
response time:2
response body:
{"code":0,"msg":"success","data":{"updateTime":"2018-03-10T13:35:58.138Z","createTime":"2018-03-10T13:35:58.138Z","_id":"5aa3df3e18d129fbeef90974","appId":"appXAKRb6caQka5JY2r","phone":123}}
*************** response log end *******************

[2018-03-20T18:37:26.419] [INFO] resLogger - 
*************** response log start **************
request method:GET
request originalUrl:/cms/getResList?type=2
request client ip:::ffff:127.0.0.1
request query:{"type":"2"}
response time:2
response body:
{"code":0,"msg":"success","data":[{"createTime":"2018-03-19T03:27:39.549Z","_id":"5aaf2e2bcd9ec53f6c65c987","appId":"appXAKRb6caQka5JY2r","type":2,"id":"Tt3rhj7eYnMrddKE","name":"这是音频哈哈","intro":"这是一条音频简介","cover":"http://jserk.oss-cn-shenzhen.aliyuncs.com/saas_pic/WechatIMG90.jpeg","textContent":"123","saleType":1,"audioSrc":"http://jserk.oss-cn-shenzhen.aliyuncs.com/saas_audio/C400003Afb7F2LwcmR.mp3","videoSrc":"","price":10,"saleTime":"2018-03-18T03:26:59.000Z","__v":0}]}
*************** response log end *******************

[2018-03-20T18:37:52.257] [INFO] resLogger - 
*************** response log start **************
request method:GET
request originalUrl:/app/info
request client ip:::ffff:127.0.0.1
request query:{}
response time:2
response body:
{"code":0,"msg":"success","data":{"updateTime":"2018-03-10T13:35:58.138Z","createTime":"2018-03-10T13:35:58.138Z","_id":"5aa3df3e18d129fbeef90974","appId":"appXAKRb6caQka5JY2r","phone":123}}
*************** response log end *******************

[2018-03-20T18:37:52.264] [INFO] resLogger - 
*************** response log start **************
request method:GET
request originalUrl:/cms/getResList?type=2
request client ip:::ffff:127.0.0.1
request query:{"type":"2"}
response time:2
response body:
{"code":0,"msg":"success","data":[{"createTime":"2018-03-19T03:27:39.549Z","_id":"5aaf2e2bcd9ec53f6c65c987","appId":"appXAKRb6caQka5JY2r","type":2,"id":"Tt3rhj7eYnMrddKE","name":"这是音频哈哈","intro":"这是一条音频简介","cover":"http://jserk.oss-cn-shenzhen.aliyuncs.com/saas_pic/WechatIMG90.jpeg","textContent":"123","saleType":1,"audioSrc":"http://jserk.oss-cn-shenzhen.aliyuncs.com/saas_audio/C400003Afb7F2LwcmR.mp3","videoSrc":"","price":10,"saleTime":"2018-03-18T03:26:59.000Z","__v":0}]}
*************** response log end *******************

[2018-03-20T18:37:56.056] [INFO] resLogger - 
*************** response log start **************
request method:GET
request originalUrl:/cms/getResInfo?id=Tt3rhj7eYnMrddKE
request client ip:::ffff:127.0.0.1
request query:{"id":"Tt3rhj7eYnMrddKE"}
response time:7
response body:
{"code":0,"msg":"success","data":{"createTime":"2018-03-19T03:27:39.549Z","_id":"5aaf2e2bcd9ec53f6c65c987","appId":"appXAKRb6caQka5JY2r","type":2,"id":"Tt3rhj7eYnMrddKE","name":"这是音频哈哈","intro":"这是一条音频简介","cover":"http://jserk.oss-cn-shenzhen.aliyuncs.com/saas_pic/WechatIMG90.jpeg","textContent":"123","saleType":1,"audioSrc":"http://jserk.oss-cn-shenzhen.aliyuncs.com/saas_audio/C400003Afb7F2LwcmR.mp3","videoSrc":"","price":10,"saleTime":"2018-03-18T03:26:59.000Z","__v":0}}
*************** response log end *******************

[2018-03-20T18:38:01.577] [INFO] resLogger - 
*************** response log start **************
request method:GET
request originalUrl:/sts
request client ip:::ffff:127.0.0.1
request query:{}
response time:412
response body:
{"code":0,"msg":"success","data":{"AccessKeyId":"STS.Cs7Z8YMMSi5rob5NtXU5u4A5g","AccessKeySecret":"GdbGWkGyr54rWSannDWJz3NS78KmC5GRL7o9Hi62wfAD","SecurityToken":"CAIS5wF1q6Ft5B2yfSjIorCCEYLtoJJy3veZbUSEqnQNWbpZ24SehTz2IH1FfXdpB+8WsPszm2xX5/kdlqp6U4cdt+tinAc0vPpt6gqET9frma7ctM4p6vCMHWyUFGSIvqv7aPn4S9XwY+qkb0u++AZ43br9c0fJPTXnS+rr76RqddMKRAK1QCNbDdNNXGtYpdQdKGHaOITGUHeooBKJXRYy4Fci1Tklsf7mnJPD0HeE0g2mkN1yjp/qP52pY/NrOJpCSNqv1IR0DPGcgXcOskYVpPkp0PMYpmaY4cvwAUJc+RaW+FZfGjjI/WQagAE3FH+bp3T36aeUSdkzKr6ANTsv0p2WWVRus4nC2eVNhSsONh+wl2o2nNl39a+3ScgDhOJxBwQlygUSTKC6LSI5dubFOi9eHKxzb7X/AbNQ4nkbP+iI3mOlF88Azz87oQIkDnJleeIi2HWr6oJbpEAkpOh3KPXgNh20m/0LnhmRuQ==","Expiration":"2018-03-20T11:38:01Z"}}
*************** response log end *******************

[2018-03-20T18:38:08.213] [INFO] resLogger - 
*************** response log start **************
request method:POST
request originalUrl:/cms/createRes
request client ip:::ffff:127.0.0.1
request body
{"type":2,"isShowBox":false,"id":"Tt3rhj7eYnMrddKE","name":"这是音频哈哈","intro":"这是一条音频简介","cover":"http://jserk.oss-cn-shenzhen.aliyuncs.com/saas_pic/WechatIMG45.png","textContent":"123","saleType":1,"audioSrc":"http://jserk.oss-cn-shenzhen.aliyuncs.com/saas_audio/C400003Afb7F2LwcmR.mp3","videoSrc":"","price":10,"saleTime":"2018-03-18T03:26:59","createTime":"2018-03-19T03:27:39.549Z","_id":"5aaf2e2bcd9ec53f6c65c987","appId":"appXAKRb6caQka5JY2r","__v":0}
response time:5
response body:
{"code":0,"msg":"success","data":{"createTime":"2018-03-19T03:27:39.549Z","_id":"5aaf2e2bcd9ec53f6c65c987","appId":"appXAKRb6caQka5JY2r","type":2,"id":"Tt3rhj7eYnMrddKE","name":"这是音频哈哈","intro":"这是一条音频简介","cover":"http://jserk.oss-cn-shenzhen.aliyuncs.com/saas_pic/WechatIMG90.jpeg","textContent":"123","saleType":1,"audioSrc":"http://jserk.oss-cn-shenzhen.aliyuncs.com/saas_audio/C400003Afb7F2LwcmR.mp3","videoSrc":"","price":10,"saleTime":"2018-03-18T03:26:59.000Z","__v":0}}
*************** response log end *******************

[2018-03-20T18:38:08.392] [INFO] resLogger - 
*************** response log start **************
request method:GET
request originalUrl:/cms/getResList?type=2
request client ip:::ffff:127.0.0.1
request query:{"type":"2"}
response time:7
response body:
{"code":0,"msg":"success","data":[{"createTime":"2018-03-19T03:27:39.549Z","_id":"5aaf2e2bcd9ec53f6c65c987","appId":"appXAKRb6caQka5JY2r","type":2,"id":"Tt3rhj7eYnMrddKE","name":"这是音频哈哈","intro":"这是一条音频简介","cover":"http://jserk.oss-cn-shenzhen.aliyuncs.com/saas_pic/WechatIMG45.png","textContent":"123","saleType":1,"audioSrc":"http://jserk.oss-cn-shenzhen.aliyuncs.com/saas_audio/C400003Afb7F2LwcmR.mp3","videoSrc":"","price":10,"saleTime":"2018-03-17T19:26:59.000Z","__v":0}]}
*************** response log end *******************

[2018-03-20T18:38:10.008] [INFO] resLogger - 
*************** response log start **************
request method:GET
request originalUrl:/cms/getResInfo?id=Tt3rhj7eYnMrddKE
request client ip:::ffff:127.0.0.1
request query:{"id":"Tt3rhj7eYnMrddKE"}
response time:4
response body:
{"code":0,"msg":"success","data":{"createTime":"2018-03-19T03:27:39.549Z","_id":"5aaf2e2bcd9ec53f6c65c987","appId":"appXAKRb6caQka5JY2r","type":2,"id":"Tt3rhj7eYnMrddKE","name":"这是音频哈哈","intro":"这是一条音频简介","cover":"http://jserk.oss-cn-shenzhen.aliyuncs.com/saas_pic/WechatIMG45.png","textContent":"123","saleType":1,"audioSrc":"http://jserk.oss-cn-shenzhen.aliyuncs.com/saas_audio/C400003Afb7F2LwcmR.mp3","videoSrc":"","price":10,"saleTime":"2018-03-17T19:26:59.000Z","__v":0}}
*************** response log end *******************

[2018-03-20T18:38:11.315] [INFO] resLogger - 
*************** response log start **************
request method:GET
request originalUrl:/cms/getResList?type=2
request client ip:::ffff:127.0.0.1
request query:{"type":"2"}
response time:2
response body:
{"code":0,"msg":"success","data":[{"createTime":"2018-03-19T03:27:39.549Z","_id":"5aaf2e2bcd9ec53f6c65c987","appId":"appXAKRb6caQka5JY2r","type":2,"id":"Tt3rhj7eYnMrddKE","name":"这是音频哈哈","intro":"这是一条音频简介","cover":"http://jserk.oss-cn-shenzhen.aliyuncs.com/saas_pic/WechatIMG45.png","textContent":"123","saleType":1,"audioSrc":"http://jserk.oss-cn-shenzhen.aliyuncs.com/saas_audio/C400003Afb7F2LwcmR.mp3","videoSrc":"","price":10,"saleTime":"2018-03-17T19:26:59.000Z","__v":0}]}
*************** response log end *******************

[2018-03-20T18:52:21.963] [INFO] resLogger - 
*************** response log start **************
request method:GET
request originalUrl:/app/info
request client ip:::ffff:127.0.0.1
request query:{}
response time:2
response body:
{"code":0,"msg":"success","data":{"updateTime":"2018-03-10T13:35:58.138Z","createTime":"2018-03-10T13:35:58.138Z","_id":"5aa3df3e18d129fbeef90974","appId":"appXAKRb6caQka5JY2r","phone":123}}
*************** response log end *******************

[2018-03-20T18:52:21.966] [INFO] resLogger - 
*************** response log start **************
request method:GET
request originalUrl:/cms/getResList?type=2
request client ip:::ffff:127.0.0.1
request query:{"type":"2"}
response time:1
response body:
{"code":0,"msg":"success","data":[{"createTime":"2018-03-19T03:27:39.549Z","_id":"5aaf2e2bcd9ec53f6c65c987","appId":"appXAKRb6caQka5JY2r","type":2,"id":"Tt3rhj7eYnMrddKE","name":"这是音频哈哈","intro":"这是一条音频简介","cover":"http://jserk.oss-cn-shenzhen.aliyuncs.com/saas_pic/WechatIMG45.png","textContent":"123","saleType":1,"audioSrc":"http://jserk.oss-cn-shenzhen.aliyuncs.com/saas_audio/C400003Afb7F2LwcmR.mp3","videoSrc":"","price":10,"saleTime":"2018-03-17T19:26:59.000Z","__v":0}]}
*************** response log end *******************

[2018-03-20T18:54:47.784] [INFO] resLogger - 
*************** response log start **************
request method:GET
request originalUrl:/app/info
request client ip:::ffff:127.0.0.1
request query:{}
response time:2
response body:
{"code":0,"msg":"success","data":{"updateTime":"2018-03-10T13:35:58.138Z","createTime":"2018-03-10T13:35:58.138Z","_id":"5aa3df3e18d129fbeef90974","appId":"appXAKRb6caQka5JY2r","phone":123}}
*************** response log end *******************

[2018-03-20T18:54:47.840] [INFO] resLogger - 
*************** response log start **************
request method:GET
request originalUrl:/cms/getResList?type=2
request client ip:::ffff:127.0.0.1
request query:{"type":"2"}
response time:2
response body:
{"code":0,"msg":"success","data":[{"createTime":"2018-03-19T03:27:39.549Z","_id":"5aaf2e2bcd9ec53f6c65c987","appId":"appXAKRb6caQka5JY2r","type":2,"id":"Tt3rhj7eYnMrddKE","name":"这是音频哈哈","intro":"这是一条音频简介","cover":"http://jserk.oss-cn-shenzhen.aliyuncs.com/saas_pic/WechatIMG45.png","textContent":"123","saleType":1,"audioSrc":"http://jserk.oss-cn-shenzhen.aliyuncs.com/saas_audio/C400003Afb7F2LwcmR.mp3","videoSrc":"","price":10,"saleTime":"2018-03-17T19:26:59.000Z","__v":0}]}
*************** response log end *******************

