[2017-12-27T12:00:08.667] [INFO] resLogger - 
*************** response log start **************
request method:GET
request originalUrl:/user/info
request client ip:::ffff:127.0.0.1
request query:{}
response time:7
response body:
{"code":0,"msg":"success","data":{"_id":"5a41f6e65521b9d177862f78","user":"boss","type":"boss","title":"全栈开发","desc":"熟悉react\n熟悉koa开发\n熟悉后端数据库","company":"言至网络工作室","money":"10k-15k","avatar":"pic3"}}
*************** response log end *******************

[2017-12-27T12:00:10.215] [INFO] resLogger - 
*************** response log start **************
request method:GET
request originalUrl:/user/info
request client ip:::ffff:127.0.0.1
request query:{}
response time:3
response body:
{"code":0,"msg":"success","data":{"_id":"5a41dbab5521b9d177862f77","user":"jserk","type":"genius","title":"前端开发","desc":"熟悉vue\n熟悉jq\n熟悉css3\n有php，mysql，vue全家桶开发经验","money":"","avatar":"pic3"}}
*************** response log end *******************

[2017-12-27T12:00:45.932] [INFO] resLogger - 
*************** response log start **************
request method:GET
request originalUrl:/user/info
request client ip:::ffff:127.0.0.1
request query:{}
response time:2
response body:
{"code":0,"msg":"success","data":{"_id":"5a41f6e65521b9d177862f78","user":"boss","type":"boss","title":"全栈开发","desc":"熟悉react\n熟悉koa开发\n熟悉后端数据库","company":"言至网络工作室","money":"10k-15k","avatar":"pic3"}}
*************** response log end *******************

[2017-12-27T12:00:47.282] [INFO] resLogger - 
*************** response log start **************
request method:GET
request originalUrl:/user/info
request client ip:::ffff:127.0.0.1
request query:{}
response time:2
response body:
{"code":0,"msg":"success","data":{"_id":"5a41dbab5521b9d177862f77","user":"jserk","type":"genius","title":"前端开发","desc":"熟悉vue\n熟悉jq\n熟悉css3\n有php，mysql，vue全家桶开发经验","money":"","avatar":"pic3"}}
*************** response log end *******************

[2017-12-27T12:01:04.060] [INFO] resLogger - 
*************** response log start **************
request method:GET
request originalUrl:/user/info
request client ip:::ffff:127.0.0.1
request query:{}
response time:2
response body:
{"code":0,"msg":"success","data":{"_id":"5a41f6e65521b9d177862f78","user":"boss","type":"boss","title":"全栈开发","desc":"熟悉react\n熟悉koa开发\n熟悉后端数据库","company":"言至网络工作室","money":"10k-15k","avatar":"pic3"}}
*************** response log end *******************

[2017-12-27T12:01:05.692] [INFO] resLogger - 
*************** response log start **************
request method:GET
request originalUrl:/user/info
request client ip:::ffff:127.0.0.1
request query:{}
response time:3
response body:
{"code":0,"msg":"success","data":{"_id":"5a41dbab5521b9d177862f77","user":"jserk","type":"genius","title":"前端开发","desc":"熟悉vue\n熟悉jq\n熟悉css3\n有php，mysql，vue全家桶开发经验","money":"","avatar":"pic3"}}
*************** response log end *******************

