[2017-12-26T17:04:30.363] [INFO] resLogger - 
*************** response log start **************
request method:GET
request originalUrl:/robots.txt
request client ip:::ffff:127.0.0.1
request query:{}
response time:0
response body:
undefined
*************** response log end *******************

[2017-12-26T17:26:18.464] [INFO] resLogger - 
*************** response log start **************
request method:POST
request originalUrl:/user/login
request client ip:::ffff:127.0.0.1
request body
{"user":"boss","pwd":"1232"}
response time:8
response body:
{"code":1,"msg":"用户名或密码错误"}
*************** response log end *******************

[2017-12-26T17:26:20.897] [INFO] resLogger - 
*************** response log start **************
request method:POST
request originalUrl:/user/login
request client ip:::ffff:127.0.0.1
request body
{"user":"boss","pwd":"123"}
response time:3
response body:
{"code":0,"msg":"success","data":{"_id":"5a41f6e65521b9d177862f78","user":"boss","type":"boss","title":"全栈开发","desc":"熟悉react\n熟悉koa开发\n熟悉后端数据库","company":"言至网络工作室","money":"10k-15k","avatar":"pic3"}}
*************** response log end *******************

[2017-12-26T17:26:20.996] [INFO] resLogger - 
*************** response log start **************
request method:GET
request originalUrl:/user/list?type=genius
request client ip:::ffff:127.0.0.1
request query:{"type":"genius"}
response time:4
response body:
{"code":0,"msg":"success","data":[{"_id":"5a37af70f2e8472b52a6b36f","user":"kgenius","pwd":"bdc009b66b98f0abfe8fda8f53338e22","type":"genius","__v":0,"title":"123","avatar":"pic2","desc":"123"},{"_id":"5a40bd252281afbdf739da1e","user":"kg","pwd":"8546a6f819303e121ce28b55e123bc97","type":"genius","__v":0,"title":"前端","avatar":"pic2","desc":"QQWeb"},{"_id":"5a40d8e62281afbdf739da1f","user":"kggg","pwd":"bdc009b66b98f0abfe8fda8f53338e22","type":"genius","__v":0,"title":"123","desc":"123","money":"","avatar":"pic5"},{"_id":"5a41dbab5521b9d177862f77","user":"jserk","pwd":"bdc009b66b98f0abfe8fda8f53338e22","type":"genius","__v":0,"title":"前端开发","desc":"熟悉vue\n熟悉jq\n熟悉css3\n有php，mysql，vue全家桶开发经验","money":"","avatar":"pic3"}]}
*************** response log end *******************

[2017-12-26T17:31:06.162] [INFO] resLogger - 
*************** response log start **************
request method:POST
request originalUrl:/user/register
request client ip:::ffff:127.0.0.1
request body
{"user":"123","pwd":"123","type":"boss"}
response time:23
response body:
{"code":0,"msg":"success","data":{"user":"123","type":"boss","_id":"5a4216da69a459ffe27e7253"}}
*************** response log end *******************

[2017-12-26T17:31:13.324] [INFO] resLogger - 
*************** response log start **************
request method:POST
request originalUrl:/user/update
request client ip:::ffff:127.0.0.1
request body
{"title":"123","desc":"123","company":"123","money":"123","avatar":"pic2"}
response time:11
response body:
{"code":0,"data":{"title":"123","desc":"123","company":"123","money":"123","avatar":"pic2","user":"123","type":"boss"}}
*************** response log end *******************

[2017-12-26T17:31:13.396] [INFO] resLogger - 
*************** response log start **************
request method:GET
request originalUrl:/user/list?type=genius
request client ip:::ffff:127.0.0.1
request query:{"type":"genius"}
response time:4
response body:
{"code":0,"msg":"success","data":[{"_id":"5a37af70f2e8472b52a6b36f","user":"kgenius","pwd":"bdc009b66b98f0abfe8fda8f53338e22","type":"genius","__v":0,"title":"123","avatar":"pic2","desc":"123"},{"_id":"5a40bd252281afbdf739da1e","user":"kg","pwd":"8546a6f819303e121ce28b55e123bc97","type":"genius","__v":0,"title":"前端","avatar":"pic2","desc":"QQWeb"},{"_id":"5a40d8e62281afbdf739da1f","user":"kggg","pwd":"bdc009b66b98f0abfe8fda8f53338e22","type":"genius","__v":0,"title":"123","desc":"123","money":"","avatar":"pic5"},{"_id":"5a41dbab5521b9d177862f77","user":"jserk","pwd":"bdc009b66b98f0abfe8fda8f53338e22","type":"genius","__v":0,"title":"前端开发","desc":"熟悉vue\n熟悉jq\n熟悉css3\n有php，mysql，vue全家桶开发经验","money":"","avatar":"pic3"}]}
*************** response log end *******************

[2017-12-26T17:40:28.108] [INFO] resLogger - 
*************** response log start **************
request method:GET
request originalUrl:/user/info
request client ip:::ffff:127.0.0.1
request query:{}
response time:9
response body:
{"code":0,"msg":"success","data":{"_id":"5a4216da69a459ffe27e7253","user":"123","type":"boss","title":"123","desc":"123","company":"123","money":"123","avatar":"pic2"}}
*************** response log end *******************

[2017-12-26T17:40:39.063] [INFO] resLogger - 
*************** response log start **************
request method:GET
request originalUrl:/user/info
request client ip:::ffff:127.0.0.1
request query:{}
response time:1
response body:
{"code":1,"msg":"cookies已过期，进入登录状态"}
*************** response log end *******************

[2017-12-26T17:40:49.193] [INFO] resLogger - 
*************** response log start **************
request method:GET
request originalUrl:/user/info
request client ip:::ffff:127.0.0.1
request query:{}
response time:1
response body:
{"code":1,"msg":"cookies已过期，进入登录状态"}
*************** response log end *******************

[2017-12-26T17:42:40.661] [INFO] resLogger - 
*************** response log start **************
request method:GET
request originalUrl:/user/info
request client ip:::ffff:127.0.0.1
request query:{}
response time:1
response body:
{"code":1,"msg":"cookies已过期，进入登录状态"}
*************** response log end *******************

[2017-12-26T17:42:40.668] [INFO] resLogger - 
*************** response log start **************
request method:GET
request originalUrl:/user/list?type=genius
request client ip:::ffff:127.0.0.1
request query:{"type":"genius"}
response time:2
response body:
{"code":0,"msg":"success","data":[{"_id":"5a37af70f2e8472b52a6b36f","user":"kgenius","pwd":"bdc009b66b98f0abfe8fda8f53338e22","type":"genius","__v":0,"title":"123","avatar":"pic2","desc":"123"},{"_id":"5a40bd252281afbdf739da1e","user":"kg","pwd":"8546a6f819303e121ce28b55e123bc97","type":"genius","__v":0,"title":"前端","avatar":"pic2","desc":"QQWeb"},{"_id":"5a40d8e62281afbdf739da1f","user":"kggg","pwd":"bdc009b66b98f0abfe8fda8f53338e22","type":"genius","__v":0,"title":"123","desc":"123","money":"","avatar":"pic5"},{"_id":"5a41dbab5521b9d177862f77","user":"jserk","pwd":"bdc009b66b98f0abfe8fda8f53338e22","type":"genius","__v":0,"title":"前端开发","desc":"熟悉vue\n熟悉jq\n熟悉css3\n有php，mysql，vue全家桶开发经验","money":"","avatar":"pic3"}]}
*************** response log end *******************

[2017-12-26T17:45:53.810] [INFO] resLogger - 
*************** response log start **************
request method:GET
request originalUrl:/user/info
request client ip:::ffff:127.0.0.1
request query:{}
response time:2
response body:
{"code":1,"msg":"cookies已过期，进入登录状态"}
*************** response log end *******************

[2017-12-26T17:45:53.834] [INFO] resLogger - 
*************** response log start **************
request method:GET
request originalUrl:/user/list?type=genius
request client ip:::ffff:127.0.0.1
request query:{"type":"genius"}
response time:7
response body:
{"code":0,"msg":"success","data":[{"_id":"5a37af70f2e8472b52a6b36f","user":"kgenius","pwd":"bdc009b66b98f0abfe8fda8f53338e22","type":"genius","__v":0,"title":"123","avatar":"pic2","desc":"123"},{"_id":"5a40bd252281afbdf739da1e","user":"kg","pwd":"8546a6f819303e121ce28b55e123bc97","type":"genius","__v":0,"title":"前端","avatar":"pic2","desc":"QQWeb"},{"_id":"5a40d8e62281afbdf739da1f","user":"kggg","pwd":"bdc009b66b98f0abfe8fda8f53338e22","type":"genius","__v":0,"title":"123","desc":"123","money":"","avatar":"pic5"},{"_id":"5a41dbab5521b9d177862f77","user":"jserk","pwd":"bdc009b66b98f0abfe8fda8f53338e22","type":"genius","__v":0,"title":"前端开发","desc":"熟悉vue\n熟悉jq\n熟悉css3\n有php，mysql，vue全家桶开发经验","money":"","avatar":"pic3"}]}
*************** response log end *******************

