[2017-12-17T17:05:43.445] [INFO] resLogger - 
*************** response log start **************
request method:GET
request originalUrl:/users/getUser
request client ip:::1
request query:{}
response time:3
response body:
{"code":0,"message":"success","data":{"username":"阿，洗吧","age":30}}
*************** response log end *******************

[2017-12-17T17:13:36.079] [INFO] resLogger - 
*************** response log start **************
request method:GET
request originalUrl:/users/getUser
request client ip:::1
request query:{}
response time:3
response body:
{"code":0,"message":"success","data":{"username":"阿，洗吧","age":30}}
*************** response log end *******************

[2017-12-17T17:13:42.476] [INFO] resLogger - 
*************** response log start **************
request method:GET
request originalUrl:/getUser
request client ip:::1
request query:{}
response time:0
response body:
undefined
*************** response log end *******************

[2017-12-17T17:37:26.402] [INFO] resLogger - 
*************** response log start **************
request method:GET
request originalUrl:/users/getUser?id=1
request client ip:::1
request query:{"id":"1"}
response time:4
response body:
{"code":0,"message":"success","data":{"username":"阿，洗吧","age":30}}
*************** response log end *******************

