[2017-12-17T18:51:00.956] [INFO] resLogger - 
*************** response log start **************
request method:POST
request originalUrl:/user/register
request client ip:::1
request body
{}
response time:2
response body:
{"code":0,"message":"success"}
*************** response log end *******************

[2017-12-17T18:51:44.148] [INFO] resLogger - 
*************** response log start **************
request method:POST
request originalUrl:/users/register
request client ip:::1
request body
{}
response time:9
response body:
{"code":0,"message":"success","data":"123"}
*************** response log end *******************

[2017-12-17T18:53:01.186] [INFO] resLogger - 
*************** response log start **************
request method:POST
request originalUrl:/users/register?id=123
request client ip:::1
request body
{}
response time:2
response body:
{"code":0,"message":"success","data":"123"}
*************** response log end *******************

[2017-12-17T18:53:26.482] [INFO] resLogger - 
*************** response log start **************
request method:POST
request originalUrl:/users/register?id=123
request client ip:::1
request body
{}
response time:5
response body:
{"code":0,"message":"success","data":"123"}
*************** response log end *******************

[2017-12-17T18:53:46.684] [INFO] resLogger - 
*************** response log start **************
request method:POST
request originalUrl:/users/register?id=123
request client ip:::1
request body
{}
response time:5
response body:
{"code":0,"message":"success","data":"123"}
*************** response log end *******************

[2017-12-17T18:57:27.875] [INFO] resLogger - 
*************** response log start **************
request method:POST
request originalUrl:/users/registerUser?id=123
request client ip:::1
request body
{}
response time:0
response body:
{"code":0,"message":"success"}
*************** response log end *******************

[2017-12-17T18:58:45.839] [INFO] resLogger - 
*************** response log start **************
request method:POST
request originalUrl:/users/registerUser?id=123
request client ip:::1
request body
{}
response time:0
response body:
{"code":0,"message":"success"}
*************** response log end *******************

[2017-12-17T18:59:21.042] [INFO] resLogger - 
*************** response log start **************
request method:POST
request originalUrl:/users/registerUser?id=123
request client ip:::1
request body
{}
response time:5
response body:
{"code":0,"message":"success"}
*************** response log end *******************

[2017-12-17T18:59:58.275] [INFO] resLogger - 
*************** response log start **************
request method:POST
request originalUrl:/users/registerUser?id=123
request client ip:::1
request body
{}
response time:10
response body:
{"code":0,"message":"success"}
*************** response log end *******************

