[2017-12-18T18:00:35.467] [INFO] resLogger - 
*************** response log start **************
request method:GET
request originalUrl:/user/info
request client ip:::ffff:127.0.0.1
request query:{}
response time:2
response body:
{"code":0,"msg":"success","data":{"_id":"5a377b3859794d118f8b37ca","user":"kboss","type":"boss"}}
*************** response log end *******************

[2017-12-18T18:01:03.955] [INFO] resLogger - 
*************** response log start **************
request method:GET
request originalUrl:/user/info
request client ip:::ffff:127.0.0.1
request query:{}
response time:2
response body:
{"code":0,"msg":"success","data":{"_id":"5a377b3859794d118f8b37ca","user":"kboss","type":"boss"}}
*************** response log end *******************

[2017-12-18T18:03:27.436] [INFO] resLogger - 
*************** response log start **************
request method:GET
request originalUrl:/user/info
request client ip:::ffff:127.0.0.1
request query:{}
response time:1
response body:
{"code":0,"msg":"success","data":{"_id":"5a377b3859794d118f8b37ca","user":"kboss","type":"boss"}}
*************** response log end *******************

[2017-12-18T18:04:39.330] [INFO] resLogger - 
*************** response log start **************
request method:GET
request originalUrl:/user/info
request client ip:::ffff:127.0.0.1
request query:{}
response time:1
response body:
{"code":0,"msg":"success","data":{"_id":"5a377b3859794d118f8b37ca","user":"kboss","type":"boss"}}
*************** response log end *******************

[2017-12-18T18:04:54.043] [INFO] resLogger - 
*************** response log start **************
request method:GET
request originalUrl:/user/info
request client ip:::ffff:127.0.0.1
request query:{}
response time:1
response body:
{"code":0,"msg":"success","data":{"_id":"5a377b3859794d118f8b37ca","user":"kboss","type":"boss"}}
*************** response log end *******************

[2017-12-18T18:05:29.176] [INFO] resLogger - 
*************** response log start **************
request method:GET
request originalUrl:/user/info
request client ip:::ffff:127.0.0.1
request query:{}
response time:2
response body:
{"code":0,"msg":"success","data":{"_id":"5a377b3859794d118f8b37ca","user":"kboss","type":"boss"}}
*************** response log end *******************

[2017-12-18T18:06:09.427] [INFO] resLogger - 
*************** response log start **************
request method:GET
request originalUrl:/user/info
request client ip:::ffff:127.0.0.1
request query:{}
response time:1
response body:
{"code":0,"msg":"success","data":{"_id":"5a377b3859794d118f8b37ca","user":"kboss","type":"boss"}}
*************** response log end *******************

[2017-12-18T18:06:18.855] [INFO] resLogger - 
*************** response log start **************
request method:GET
request originalUrl:/user/info
request client ip:::ffff:127.0.0.1
request query:{}
response time:2
response body:
{"code":0,"msg":"success","data":{"_id":"5a377b3859794d118f8b37ca","user":"kboss","type":"boss"}}
*************** response log end *******************

[2017-12-18T18:06:24.926] [INFO] resLogger - 
*************** response log start **************
request method:GET
request originalUrl:/user/info
request client ip:::ffff:127.0.0.1
request query:{}
response time:3
response body:
{"code":0,"msg":"success","data":{"_id":"5a377b3859794d118f8b37ca","user":"kboss","type":"boss"}}
*************** response log end *******************

[2017-12-18T18:06:53.371] [INFO] resLogger - 
*************** response log start **************
request method:GET
request originalUrl:/user/info
request client ip:::ffff:127.0.0.1
request query:{}
response time:2
response body:
{"code":0,"msg":"success","data":{"_id":"5a377b3859794d118f8b37ca","user":"kboss","type":"boss"}}
*************** response log end *******************

[2017-12-18T18:55:29.513] [INFO] resLogger - 
*************** response log start **************
request method:GET
request originalUrl:/user/info
request client ip:::ffff:127.0.0.1
request query:{}
response time:12
response body:
{"code":0,"msg":"success","data":{"_id":"5a377b3859794d118f8b37ca","user":"kboss","type":"boss"}}
*************** response log end *******************

[2017-12-18T18:57:12.736] [INFO] resLogger - 
*************** response log start **************
request method:GET
request originalUrl:/user/info
request client ip:::ffff:127.0.0.1
request query:{}
response time:2
response body:
{"code":0,"msg":"success","data":{"_id":"5a377b3859794d118f8b37ca","user":"kboss","type":"boss"}}
*************** response log end *******************

[2017-12-18T18:59:32.408] [INFO] resLogger - 
*************** response log start **************
request method:GET
request originalUrl:/user/info
request client ip:::ffff:127.0.0.1
request query:{}
response time:1
response body:
{"code":0,"msg":"success","data":{"_id":"5a377b3859794d118f8b37ca","user":"kboss","type":"boss"}}
*************** response log end *******************

