[2018-03-18T12:25:17.598] [INFO] resLogger - 
*************** response log start **************
request method:GET
request originalUrl:/sts
request client ip:::1
request query:{}
response time:369
response body:
{"code":0,"msg":"success","data":{"AccessKeyId":"STS.GsFfE7wRZSurkJSv6tN6BS6GS","AccessKeySecret":"41BaotAQaAEVbHHbnXaVcYz6bgFg213NRzovgrFAUPXJ","SecurityToken":"CAIS5wF1q6Ft5B2yfSjIprDzLf+Dmo175LeZaWzikjYhQrluvPPssTz2IH1FfXdpB+8WsPszm2xX5/kdlqp6U4cdh8RquQA0vPpt6gqET9frma7ctM4p6vCMHWyUFGSIvqv7aPn4S9XwY+qkb0u++AZ43br9c0fJPTXnS+rr76RqddMKRAK1QCNbDdNNXGtYpdQdKGHaOITGUHeooBKJXRYy4Fci1Tklsf7mnJPD0HeE0g2mkN1yjp/qP52pY/NrOJpCSNqv1IR0DPGcgXcOskYVpPkp0PMYpmaY4cvwAUJc+RaW+FZfGjjI/WQagAEBHntrHRxN6Srb/EHIBxZa5JlSq+yi7qIiLk+NvaHdtNmo5qqwiRUFbP7pub8S1WjU3yRrkIseVrO+12yHFfqWyUZgtaGRhKft5XXqTCEgJsRsditZ4zYXYCUf8/3F/Og/ZVw7R0CNPi9OLye6hm8phsLSvRTShEUMQbTgohMzSw==","Expiration":"2018-03-18T05:25:17Z"}}
*************** response log end *******************

[2018-03-18T12:31:00.770] [INFO] resLogger - 
*************** response log start **************
request method:GET
request originalUrl:/app/info
request client ip:::ffff:127.0.0.1
request query:{}
response time:34
response body:
{"code":0,"msg":"success","data":{"updateTime":"2018-03-10T13:35:58.138Z","createTime":"2018-03-10T13:35:58.138Z","_id":"5aa3df3e18d129fbeef90974","appId":"appXAKRb6caQka5JY2r","phone":123}}
*************** response log end *******************

[2018-03-18T12:32:59.981] [INFO] resLogger - 
*************** response log start **************
request method:GET
request originalUrl:/app/info
request client ip:::ffff:127.0.0.1
request query:{}
response time:4
response body:
{"code":0,"msg":"success","data":{"updateTime":"2018-03-10T13:35:58.138Z","createTime":"2018-03-10T13:35:58.138Z","_id":"5aa3df3e18d129fbeef90974","appId":"appXAKRb6caQka5JY2r","phone":123}}
*************** response log end *******************

[2018-03-18T12:34:10.895] [INFO] resLogger - 
*************** response log start **************
request method:GET
request originalUrl:/app/info
request client ip:::ffff:127.0.0.1
request query:{}
response time:2
response body:
{"code":0,"msg":"success","data":{"updateTime":"2018-03-10T13:35:58.138Z","createTime":"2018-03-10T13:35:58.138Z","_id":"5aa3df3e18d129fbeef90974","appId":"appXAKRb6caQka5JY2r","phone":123}}
*************** response log end *******************

[2018-03-18T12:34:31.231] [INFO] resLogger - 
*************** response log start **************
request method:GET
request originalUrl:/app/info
request client ip:::ffff:127.0.0.1
request query:{}
response time:2
response body:
{"code":0,"msg":"success","data":{"updateTime":"2018-03-10T13:35:58.138Z","createTime":"2018-03-10T13:35:58.138Z","_id":"5aa3df3e18d129fbeef90974","appId":"appXAKRb6caQka5JY2r","phone":123}}
*************** response log end *******************

[2018-03-18T12:35:00.413] [INFO] resLogger - 
*************** response log start **************
request method:GET
request originalUrl:/app/info
request client ip:::ffff:127.0.0.1
request query:{}
response time:2
response body:
{"code":0,"msg":"success","data":{"updateTime":"2018-03-10T13:35:58.138Z","createTime":"2018-03-10T13:35:58.138Z","_id":"5aa3df3e18d129fbeef90974","appId":"appXAKRb6caQka5JY2r","phone":123}}
*************** response log end *******************

[2018-03-18T12:35:18.948] [INFO] resLogger - 
*************** response log start **************
request method:GET
request originalUrl:/app/info
request client ip:::ffff:127.0.0.1
request query:{}
response time:2
response body:
{"code":0,"msg":"success","data":{"updateTime":"2018-03-10T13:35:58.138Z","createTime":"2018-03-10T13:35:58.138Z","_id":"5aa3df3e18d129fbeef90974","appId":"appXAKRb6caQka5JY2r","phone":123}}
*************** response log end *******************

[2018-03-18T12:35:19.392] [INFO] resLogger - 
*************** response log start **************
request method:GET
request originalUrl:/sts
request client ip:::ffff:127.0.0.1
request query:{}
response time:441
response body:
{"code":0,"msg":"success","data":{"AccessKeyId":"STS.Lfn6JbZ8WJXHeR7a7EG18wD88","AccessKeySecret":"BCuEwSnArDY14gdGZNW3vgnC3Kvj9kNst1Pw1nW4yaN2","SecurityToken":"CAIS5wF1q6Ft5B2yfSjIraXbffDWt+d2/ZqjZ3SGhTcQS74UmIGT2jz2IH1FfXdpB+8WsPszm2xX5/kdlqp6U4cd+plHuQA0vPpt6gqET9frma7ctM4p6vCMHWyUFGSIvqv7aPn4S9XwY+qkb0u++AZ43br9c0fJPTXnS+rr76RqddMKRAK1QCNbDdNNXGtYpdQdKGHaOITGUHeooBKJXRYy4Fci1Tklsf7mnJPD0HeE0g2mkN1yjp/qP52pY/NrOJpCSNqv1IR0DPGcgXcOskYVpPkp0PMYpmaY4cvwAUJc+RaW+FZfGjjI/WQagAEgx3t3fdq35JYezmdWHdfj8DfUIbGwIog7MUKchRc1mQVZ8EsXRebXBYsl8F/Dek1GsAgtU2OKcaYUEUtodYyJRDisHhd4GOzkPBE5lsKwttzarH3qUZv7zPVcQNP6Mc+ZMHBHKWwCc2u0BhC6zA729L2yzv9qqQ8TbzjohYe6nA==","Expiration":"2018-03-18T05:35:19Z"}}
*************** response log end *******************

[2018-03-18T12:38:58.838] [INFO] resLogger - 
*************** response log start **************
request method:GET
request originalUrl:/app/info
request client ip:::ffff:127.0.0.1
request query:{}
response time:15
response body:
{"code":0,"msg":"success","data":{"updateTime":"2018-03-10T13:35:58.138Z","createTime":"2018-03-10T13:35:58.138Z","_id":"5aa3df3e18d129fbeef90974","appId":"appXAKRb6caQka5JY2r","phone":123}}
*************** response log end *******************

[2018-03-18T12:38:59.129] [INFO] resLogger - 
*************** response log start **************
request method:GET
request originalUrl:/sts
request client ip:::ffff:127.0.0.1
request query:{}
response time:301
response body:
{"code":0,"msg":"success","data":{"AccessKeyId":"STS.F76rK35ggoYyNwJ6hLzVqHasi","AccessKeySecret":"6Ac18Z4nmP293c6N7UauT1B4MuRzGum24BQPhf89jEz2","SecurityToken":"CAIS5wF1q6Ft5B2yfSjIp/SDOfGH2LhG2JuSTFH70mgZdtldp6TYizz2IH1FfXdpB+8WsPszm2xX5/kdlqp6U4cd7dZUuQA0vPpt6gqET9frma7ctM4p6vCMHWyUFGSIvqv7aPn4S9XwY+qkb0u++AZ43br9c0fJPTXnS+rr76RqddMKRAK1QCNbDdNNXGtYpdQdKGHaOITGUHeooBKJXRYy4Fci1Tklsf7mnJPD0HeE0g2mkN1yjp/qP52pY/NrOJpCSNqv1IR0DPGcgXcOskYVpPkp0PMYpmaY4cvwAUJc+RaW+FZfGjjI/WQagAGPG/lQgj2EmGmbct2XWXBphUGH4HCDcVqNCrS/X6U5zVkna44suPqdm3251rB4cpRPyCP2QJRcMKdZ/k7+DnbTqmhyeYRvvRraqXA6tlshKcfXqRplc+Ah+eLFghlKhtloS9IMzmjO5Lau0SJ+T7w4xpoS7DNx+nWoHfQiEZMYCw==","Expiration":"2018-03-18T05:38:59Z"}}
*************** response log end *******************

[2018-03-18T12:41:20.645] [INFO] resLogger - 
*************** response log start **************
request method:GET
request originalUrl:/app/info
request client ip:::ffff:127.0.0.1
request query:{}
response time:2
response body:
{"code":0,"msg":"success","data":{"updateTime":"2018-03-10T13:35:58.138Z","createTime":"2018-03-10T13:35:58.138Z","_id":"5aa3df3e18d129fbeef90974","appId":"appXAKRb6caQka5JY2r","phone":123}}
*************** response log end *******************

[2018-03-18T12:41:21.036] [INFO] resLogger - 
*************** response log start **************
request method:GET
request originalUrl:/sts
request client ip:::ffff:127.0.0.1
request query:{}
response time:385
response body:
{"code":0,"msg":"success","data":{"AccessKeyId":"STS.LUM8KunK4KTJHWFqiRU57vtTJ","AccessKeySecret":"4RjZhfQWBQSkMjrDGgJ2bkXwVHnJaNBuyMmrk3prKDJp","SecurityToken":"CAIS5wF1q6Ft5B2yfSjIrZb4c/HBg5QV/JahSnH3lWkHWbobmbH/qDz2IH1FfXdpB+8WsPszm2xX5/kdlqp6U4cdpeMtuAA0vPpt6gqET9frma7ctM4p6vCMHWyUFGSIvqv7aPn4S9XwY+qkb0u++AZ43br9c0fJPTXnS+rr76RqddMKRAK1QCNbDdNNXGtYpdQdKGHaOITGUHeooBKJXRYy4Fci1Tklsf7mnJPD0HeE0g2mkN1yjp/qP52pY/NrOJpCSNqv1IR0DPGcgXcOskYVpPkp0PMYpmaY4cvwAUJc+RaW+FZfGjjI/WQagAG1NKIt9wgFnbqq0I/hZMS9qdn2t2vRvj1pm1zUfrP10lVqu5gegBtSHnrgM5apR4Q3+g6n07ygwjkptGaFKeumOwfMyewFr3VRF33LbyAxPKBp/WYmU6nTs7PBAv4vEOd+XJGq0uzMqjJaJYHFE+0hPZzwCB5o9qfvvbKhSEk4rw==","Expiration":"2018-03-18T05:41:20Z"}}
*************** response log end *******************

[2018-03-18T12:45:44.654] [INFO] resLogger - 
*************** response log start **************
request method:GET
request originalUrl:/app/info
request client ip:::ffff:127.0.0.1
request query:{}
response time:15
response body:
{"code":0,"msg":"success","data":{"updateTime":"2018-03-10T13:35:58.138Z","createTime":"2018-03-10T13:35:58.138Z","_id":"5aa3df3e18d129fbeef90974","appId":"appXAKRb6caQka5JY2r","phone":123}}
*************** response log end *******************

[2018-03-18T12:45:45.511] [INFO] resLogger - 
*************** response log start **************
request method:GET
request originalUrl:/sts
request client ip:::ffff:127.0.0.1
request query:{}
response time:867
response body:
{"code":0,"msg":"success","data":{"AccessKeyId":"STS.JiBKCHGmEiGULXtMsietMbD1p","AccessKeySecret":"FT8Jnp3vYm6swfrfvdpFzxHZUDkjMihAawXdTznuEKUX","SecurityToken":"CAIS5wF1q6Ft5B2yfSjIq6r3APn8qrJk3oW+Tn7FqXM8afthjYGakjz2IH1FfXdpB+8WsPszm2xX5/kdlqp6U4cdl/09uAA0vPpt6gqET9frma7ctM4p6vCMHWyUFGSIvqv7aPn4S9XwY+qkb0u++AZ43br9c0fJPTXnS+rr76RqddMKRAK1QCNbDdNNXGtYpdQdKGHaOITGUHeooBKJXRYy4Fci1Tklsf7mnJPD0HeE0g2mkN1yjp/qP52pY/NrOJpCSNqv1IR0DPGcgXcOskYVpPkp0PMYpmaY4cvwAUJc+RaW+FZfGjjI/WQagAEB47l7qsDK25P9UV8ApIx5Tfo8Libh+mRNIvk+SNMJRg4vE+icEIeSXQATcrInDi3FLSU38jwRyF40/k+12PrTBVE7KUTQFyEMTW6RBE23InJuV/VGJhpclX4R3tzjD2QnQP2kbdVP0omdmc1xNL1nTInVDLhb0R4SI21yVW9CaQ==","Expiration":"2018-03-18T05:45:45Z"}}
*************** response log end *******************

[2018-03-18T12:56:09.909] [INFO] resLogger - 
*************** response log start **************
request method:GET
request originalUrl:/app/info
request client ip:::ffff:127.0.0.1
request query:{}
response time:11
response body:
{"code":0,"msg":"success","data":{"updateTime":"2018-03-10T13:35:58.138Z","createTime":"2018-03-10T13:35:58.138Z","_id":"5aa3df3e18d129fbeef90974","appId":"appXAKRb6caQka5JY2r","phone":123}}
*************** response log end *******************

[2018-03-18T12:56:10.334] [INFO] resLogger - 
*************** response log start **************
request method:GET
request originalUrl:/sts
request client ip:::ffff:127.0.0.1
request query:{}
response time:423
response body:
{"code":0,"msg":"success","data":{"AccessKeyId":"STS.LcVnp48b4wroxAVLrcfm4YEQM","AccessKeySecret":"J84Gqn4dZ4srvrP1syndur2VXvDgpETMrVGCPLNhaCT3","SecurityToken":"CAIS5wF1q6Ft5B2yfSjIraDjJcqA1b0VwLCEemfnqHI2auIYtoD6rzz2IH1FfXdpB+8WsPszm2xX5/kdlqp6U4cdyc4buAA0vPpt6gqET9frma7ctM4p6vCMHWyUFGSIvqv7aPn4S9XwY+qkb0u++AZ43br9c0fJPTXnS+rr76RqddMKRAK1QCNbDdNNXGtYpdQdKGHaOITGUHeooBKJXRYy4Fci1Tklsf7mnJPD0HeE0g2mkN1yjp/qP52pY/NrOJpCSNqv1IR0DPGcgXcOskYVpPkp0PMYpmaY4cvwAUJc+RaW+FZfGjjI/WQagAGvFdUD95/g8fLMw8iEfssrh0eLPZ62IGGPTDcNq9/ze/m58sCwLOB6RS1RqV55HXToKTeNZE9bFvvqT77NxKx0VX6nD+Q5DOrQdoh7Bge5S6V59U/gS4b43ZlrSM4TkM4F+gDkzvVGICX37HqZIMtiUx+t3hgBLyMlP0troRJJXA==","Expiration":"2018-03-18T05:56:10Z"}}
*************** response log end *******************

