[2017-12-25T16:50:30.648] [INFO] resLogger - 
*************** response log start **************
request method:GET
request originalUrl:/robots.txt
request client ip:::ffff:127.0.0.1
request query:{}
response time:1
response body:
undefined
*************** response log end *******************

[2017-12-25T16:50:31.308] [INFO] resLogger - 
*************** response log start **************
request method:GET
request originalUrl:/user/info
request client ip:::ffff:127.0.0.1
request query:{}
response time:4
response body:
{"code":1,"msg":"cookies已过期，进入登录状态"}
*************** response log end *******************

[2017-12-25T16:52:02.934] [INFO] resLogger - 
*************** response log start **************
request method:POST
request originalUrl:/user/login
request client ip:::ffff:127.0.0.1
request body
{"user":"redux","pwd":"123"}
response time:25
response body:
{"code":0,"msg":"success","data":{"_id":"5a37b25df2e8472b52a6b370","user":"redux","type":"boss"}}
*************** response log end *******************

[2017-12-25T16:52:20.000] [INFO] resLogger - 
*************** response log start **************
request method:POST
request originalUrl:/user/update
request client ip:::ffff:127.0.0.1
request body
{"title":"前端开发","desc":"asd","company":"asd","money":"asd","avatar":"pic2"}
response time:19
response body:
{"code":0,"data":{"title":"前端开发","desc":"asd","company":"asd","money":"asd","avatar":"pic2","user":"redux","type":"boss"}}
*************** response log end *******************

[2017-12-25T16:55:42.819] [INFO] resLogger - 
*************** response log start **************
request method:GET
request originalUrl:/user/info
request client ip:::ffff:127.0.0.1
request query:{}
response time:1
response body:
{"code":1,"msg":"cookies已过期，进入登录状态"}
*************** response log end *******************

[2017-12-25T16:56:05.247] [INFO] resLogger - 
*************** response log start **************
request method:POST
request originalUrl:/user/register
request client ip:::ffff:127.0.0.1
request body
{"user":"kg","pwd":"123456","type":"genius"}
response time:15
response body:
{"code":0,"msg":"success","data":{"user":"kg","type":"genius","_id":"5a40bd252281afbdf739da1e"}}
*************** response log end *******************

[2017-12-25T16:56:13.837] [INFO] resLogger - 
*************** response log start **************
request method:GET
request originalUrl:/user/info
request client ip:::ffff:127.0.0.1
request query:{}
response time:0
response body:
{"code":1,"msg":"cookies已过期，进入登录状态"}
*************** response log end *******************

[2017-12-25T16:56:23.737] [INFO] resLogger - 
*************** response log start **************
request method:POST
request originalUrl:/user/login
request client ip:::ffff:127.0.0.1
request body
{"user":"kg","pwd":"123456"}
response time:4
response body:
{"code":0,"msg":"success","data":{"_id":"5a40bd252281afbdf739da1e","user":"kg","type":"genius"}}
*************** response log end *******************

[2017-12-25T16:56:35.244] [INFO] resLogger - 
*************** response log start **************
request method:POST
request originalUrl:/user/update
request client ip:::ffff:127.0.0.1
request body
{"title":"前端","avatar":"pic2","desc":"QQWeb"}
response time:3
response body:
{"code":0,"data":{"title":"前端","avatar":"pic2","desc":"QQWeb","user":"kg","type":"genius"}}
*************** response log end *******************

[2017-12-25T16:57:54.672] [INFO] resLogger - 
*************** response log start **************
request method:GET
request originalUrl:/user/info
request client ip:::ffff:127.0.0.1
request query:{}
response time:3
response body:
{"code":0,"msg":"success","data":{"_id":"5a40bd252281afbdf739da1e","user":"kg","type":"genius","title":"前端","avatar":"pic2","desc":"QQWeb"}}
*************** response log end *******************

