[2017-12-17T16:22:18.573] [INFO] resLogger - 
*************** response log start **************
request methodGET
request originalUrl:/
request client ip:::1
request query:{}
response time:544
response body:
"<!DOCTYPE html><html><head><title>Hello Koa 2!</title><link rel=\"stylesheet\" href=\"/stylesheets/style.css\"></head><body><h1>Hello Koa 2!</h1><p>Welcome to Hello Koa 2!</p></body></html>"
*************** response log end *******************

[2017-12-17T16:24:02.590] [INFO] resLogger - 
*************** response log start **************
request method:GET
request originalUrl:/
request client ip:::1
request query:{}
response time:265
response body:
"<!DOCTYPE html><html><head><title>Hello Koa 2!</title><link rel=\"stylesheet\" href=\"/stylesheets/style.css\"></head><body><h1>Hello Koa 2!</h1><p>Welcome to Hello Koa 2!</p></body></html>"
*************** response log end *******************

[2017-12-17T16:57:01.571] [INFO] resLogger - 
*************** response log start **************
request method:GET
request originalUrl:/users/getuser
request client ip:::1
request query:{}
response time:0
response body:
undefined
*************** response log end *******************

[2017-12-17T16:57:22.820] [INFO] resLogger - 
*************** response log start **************
request method:GET
request originalUrl:/users/getUser
request client ip:::1
request query:{}
response time:0
response body:
undefined
*************** response log end *******************

[2017-12-17T16:57:33.083] [INFO] resLogger - 
*************** response log start **************
request method:GET
request originalUrl:/users/getUser
request client ip:::1
request query:{}
response time:3
response body:
{"username":"阿，洗吧","age":30}
*************** response log end *******************

