[2018-03-18T13:06:08.588] [INFO] resLogger - 
*************** response log start **************
request method:GET
request originalUrl:/app/info
request client ip:::ffff:127.0.0.1
request query:{}
response time:28
response body:
{"code":0,"msg":"success","data":{"updateTime":"2018-03-10T13:35:58.138Z","createTime":"2018-03-10T13:35:58.138Z","_id":"5aa3df3e18d129fbeef90974","appId":"appXAKRb6caQka5JY2r","phone":123}}
*************** response log end *******************

[2018-03-18T13:06:08.940] [INFO] resLogger - 
*************** response log start **************
request method:GET
request originalUrl:/sts
request client ip:::ffff:127.0.0.1
request query:{}
response time:371
response body:
{"code":0,"msg":"success","data":{"AccessKeyId":"STS.GQ6UNndTFR5dfYN94kTMZgBgZ","AccessKeySecret":"3FkrkXttyPpb48YVackPdaNn9cGmGDbgS8rU3Lj2ZesD","SecurityToken":"CAIS5wF1q6Ft5B2yfSjIppKDHvTaiYtn5fePZH//3TQ+WMJ2iIfMuDz2IH1FfXdpB+8WsPszm2xX5/kdlqp6U4cdkItwuAA0vPpt6gqET9frma7ctM4p6vCMHWyUFGSIvqv7aPn4S9XwY+qkb0u++AZ43br9c0fJPTXnS+rr76RqddMKRAK1QCNbDdNNXGtYpdQdKGHaOITGUHeooBKJXRYy4Fci1Tklsf7mnJPD0HeE0g2mkN1yjp/qP52pY/NrOJpCSNqv1IR0DPGcgXcOskYVpPkp0PMYpmaY4cvwAUJc+RaW+FZfGjjI/WQagAE/wOV1Yj/BsgXII//Qsm43GzlP8IzV3AEHDtjSIL4DV3sIv5lt3JhfqUDNH81QjakNwFiqQfr9TjwGCA+kto9HnsNO7XKrD8OJURzGkt8Bvbh4eRGI3IYckiHF0Fi8XQtPxbfFvc721RY5zUWQXwoFCDxShAo4aBNpTCSpaUUyDw==","Expiration":"2018-03-18T06:06:08Z"}}
*************** response log end *******************

[2018-03-18T13:06:49.259] [INFO] resLogger - 
*************** response log start **************
request method:GET
request originalUrl:/app/info
request client ip:::ffff:127.0.0.1
request query:{}
response time:2
response body:
{"code":0,"msg":"success","data":{"updateTime":"2018-03-10T13:35:58.138Z","createTime":"2018-03-10T13:35:58.138Z","_id":"5aa3df3e18d129fbeef90974","appId":"appXAKRb6caQka5JY2r","phone":123}}
*************** response log end *******************

[2018-03-18T13:06:49.616] [INFO] resLogger - 
*************** response log start **************
request method:GET
request originalUrl:/sts
request client ip:::ffff:127.0.0.1
request query:{}
response time:350
response body:
{"code":0,"msg":"success","data":{"AccessKeyId":"STS.K7qRim7ByhUea6tfRbPD5YyQ1","AccessKeySecret":"9erCwHvfrDfikQpYAhAJa1HStdhtGge3SNvPi5265wJV","SecurityToken":"CAIS5wF1q6Ft5B2yfSjIqvTEGdPZ2p1Y35eOYxDFglI3XMsZtrz60zz2IH1FfXdpB+8WsPszm2xX5/kdlqp6U4cdn8lyuAA0vPpt6gqET9frma7ctM4p6vCMHWyUFGSIvqv7aPn4S9XwY+qkb0u++AZ43br9c0fJPTXnS+rr76RqddMKRAK1QCNbDdNNXGtYpdQdKGHaOITGUHeooBKJXRYy4Fci1Tklsf7mnJPD0HeE0g2mkN1yjp/qP52pY/NrOJpCSNqv1IR0DPGcgXcOskYVpPkp0PMYpmaY4cvwAUJc+RaW+FZfGjjI/WQagAE7o9mtCRzhkMGMBPN7fnDBWdP7OX9GwDI/e1GHdl5OIedC14i2cEZKQoEo4nLE6RDFw5SVPiiwty3AsuBokugVe3h7uC5o5DQCgckbYs5BScr1X7E4/dwtJ4JV9LegpqhchOMCuw8F432ZcE65nPP5H2M1gk/f7rXcrpgdNopGjQ==","Expiration":"2018-03-18T06:06:49Z"}}
*************** response log end *******************

[2018-03-18T13:07:22.651] [INFO] resLogger - 
*************** response log start **************
request method:GET
request originalUrl:/app/info
request client ip:::ffff:127.0.0.1
request query:{}
response time:2
response body:
{"code":0,"msg":"success","data":{"updateTime":"2018-03-10T13:35:58.138Z","createTime":"2018-03-10T13:35:58.138Z","_id":"5aa3df3e18d129fbeef90974","appId":"appXAKRb6caQka5JY2r","phone":123}}
*************** response log end *******************

[2018-03-18T13:09:20.909] [INFO] resLogger - 
*************** response log start **************
request method:GET
request originalUrl:/app/info
request client ip:::ffff:127.0.0.1
request query:{}
response time:4
response body:
{"code":0,"msg":"success","data":{"updateTime":"2018-03-10T13:35:58.138Z","createTime":"2018-03-10T13:35:58.138Z","_id":"5aa3df3e18d129fbeef90974","appId":"appXAKRb6caQka5JY2r","phone":123}}
*************** response log end *******************

[2018-03-18T13:09:21.249] [INFO] resLogger - 
*************** response log start **************
request method:GET
request originalUrl:/sts
request client ip:::ffff:127.0.0.1
request query:{}
response time:343
response body:
{"code":0,"msg":"success","data":{"AccessKeyId":"STS.MsFfwS9cQDwjBaHF7aL4jeXmq","AccessKeySecret":"AZC4iowtxxuV2sahsFk3cuLsZwHmECwaJ2sYnyg1mdiK","SecurityToken":"CAIS5wF1q6Ft5B2yfSjIrLDzLc3n1Lxw87WBQEf5ojc0QLtGip3Gkzz2IH1FfXdpB+8WsPszm2xX5/kdlqp6U4cd16lEuAA0vPpt6gqET9frma7ctM4p6vCMHWyUFGSIvqv7aPn4S9XwY+qkb0u++AZ43br9c0fJPTXnS+rr76RqddMKRAK1QCNbDdNNXGtYpdQdKGHaOITGUHeooBKJXRYy4Fci1Tklsf7mnJPD0HeE0g2mkN1yjp/qP52pY/NrOJpCSNqv1IR0DPGcgXcOskYVpPkp0PMYpmaY4cvwAUJc+RaW+FZfGjjI/WQagAFsAyAp4mqNUDv9+BCJHU6jaQPkLy43BfQxuh+RqsIycKQU9b3Zgh1nlM4KBVczt48ewA+DZjT4ncW+HhKFUIAA9iewcvWP9xpbariz4yMsp5ftDEgbSQXRquQHDktyLukOVhY617ILeDnyqNYEfJAgvoRwuXXZ2zOe3yUzSVIAcQ==","Expiration":"2018-03-18T06:09:21Z"}}
*************** response log end *******************

[2018-03-18T13:09:27.172] [INFO] resLogger - 
*************** response log start **************
request method:GET
request originalUrl:/app/info
request client ip:::ffff:127.0.0.1
request query:{}
response time:4
response body:
{"code":0,"msg":"success","data":{"updateTime":"2018-03-10T13:35:58.138Z","createTime":"2018-03-10T13:35:58.138Z","_id":"5aa3df3e18d129fbeef90974","appId":"appXAKRb6caQka5JY2r","phone":123}}
*************** response log end *******************

[2018-03-18T13:09:27.524] [INFO] resLogger - 
*************** response log start **************
request method:GET
request originalUrl:/sts
request client ip:::ffff:127.0.0.1
request query:{}
response time:355
response body:
{"code":0,"msg":"success","data":{"AccessKeyId":"STS.CUPdetUPbMxdmxcnNMVtdKtE4","AccessKeySecret":"9xGKqCUcu1hRKNp4msH7Dm8hDRmy24b499MKLm1xUiuk","SecurityToken":"CAIS5wF1q6Ft5B2yfSjIopblL9/AuI9D+rqPb17Sik4YWvtIpLHu1jz2IH1FfXdpB+8WsPszm2xX5/kdlqp6U4cdr5tEuAA0vPpt6gqET9frma7ctM4p6vCMHWyUFGSIvqv7aPn4S9XwY+qkb0u++AZ43br9c0fJPTXnS+rr76RqddMKRAK1QCNbDdNNXGtYpdQdKGHaOITGUHeooBKJXRYy4Fci1Tklsf7mnJPD0HeE0g2mkN1yjp/qP52pY/NrOJpCSNqv1IR0DPGcgXcOskYVpPkp0PMYpmaY4cvwAUJc+RaW+FZfGjjI/WQagAF7XPKW3GgUNK8A+IKLIB2rjmDdM2E0kmFJYRP7GynZyi1dNsJbvcpvJ1snYtkmhpnUOiFjHlN1TDNT77klcwHUBAw050gy00sqUheyTxG7Vwf9c+Kt1oWGUYA63BZ4DbhC908UkAlj6yB4DBP0/Mz4RdfCbyk7u5dOmHm8u8ZuOA==","Expiration":"2018-03-18T06:09:27Z"}}
*************** response log end *******************

[2018-03-18T13:10:11.642] [INFO] resLogger - 
*************** response log start **************
request method:GET
request originalUrl:/app/info
request client ip:::ffff:127.0.0.1
request query:{}
response time:2
response body:
{"code":0,"msg":"success","data":{"updateTime":"2018-03-10T13:35:58.138Z","createTime":"2018-03-10T13:35:58.138Z","_id":"5aa3df3e18d129fbeef90974","appId":"appXAKRb6caQka5JY2r","phone":123}}
*************** response log end *******************

[2018-03-18T13:10:11.977] [INFO] resLogger - 
*************** response log start **************
request method:GET
request originalUrl:/sts
request client ip:::ffff:127.0.0.1
request query:{}
response time:333
response body:
{"code":0,"msg":"success","data":{"AccessKeyId":"STS.HxfgGe9mKfBEQb3KZvhTD8ojZ","AccessKeySecret":"Gqq2C2E5N5atHBbMpug7gMxrMnqs2t8MjVQ3ZL7EqeTx","SecurityToken":"CAIS5wF1q6Ft5B2yfSjIqbvTLP3R1LJq0YCuU0SCr1ojZNto16rBuDz2IH1FfXdpB+8WsPszm2xX5/kdlqp6U4cdjb5HuAA0vPpt6gqET9frma7ctM4p6vCMHWyUFGSIvqv7aPn4S9XwY+qkb0u++AZ43br9c0fJPTXnS+rr76RqddMKRAK1QCNbDdNNXGtYpdQdKGHaOITGUHeooBKJXRYy4Fci1Tklsf7mnJPD0HeE0g2mkN1yjp/qP52pY/NrOJpCSNqv1IR0DPGcgXcOskYVpPkp0PMYpmaY4cvwAUJc+RaW+FZfGjjI/WQagAFI36Tg1qQqigzFjYPhtUJftLpiJuXi+sA2+FvK1Uq55epChE8B3bWbR6Qljwqf0+nun9LIvuJgVMBrSGbZosJLP2ZmOVO4z2vtDhn0gVHCDb48kOmop9PL8MnACZt1cbpdi9qZAVgNfsAd6GaL/dMW7VJXNMWWjhKcZ+YhwJpfRg==","Expiration":"2018-03-18T06:10:11Z"}}
*************** response log end *******************

[2018-03-18T13:10:33.666] [INFO] resLogger - 
*************** response log start **************
request method:GET
request originalUrl:/app/info
request client ip:::ffff:127.0.0.1
request query:{}
response time:2
response body:
{"code":0,"msg":"success","data":{"updateTime":"2018-03-10T13:35:58.138Z","createTime":"2018-03-10T13:35:58.138Z","_id":"5aa3df3e18d129fbeef90974","appId":"appXAKRb6caQka5JY2r","phone":123}}
*************** response log end *******************

[2018-03-18T13:10:34.010] [INFO] resLogger - 
*************** response log start **************
request method:GET
request originalUrl:/sts
request client ip:::ffff:127.0.0.1
request query:{}
response time:342
response body:
{"code":0,"msg":"success","data":{"AccessKeyId":"STS.DLy28xA2Xmt91fnz7iFXBpmVR","AccessKeySecret":"8RgsLSus5dPPJRcvYiWBkWB4vJrmXynNK737zJfkBsDd","SecurityToken":"CAIS5wF1q6Ft5B2yfSjIpY/MeYLMrO152rbSM0Dfnjc8Stdun6j9sDz2IH1FfXdpB+8WsPszm2xX5/kdlqp6U4cdneJAuAA0vPpt6gqET9frma7ctM4p6vCMHWyUFGSIvqv7aPn4S9XwY+qkb0u++AZ43br9c0fJPTXnS+rr76RqddMKRAK1QCNbDdNNXGtYpdQdKGHaOITGUHeooBKJXRYy4Fci1Tklsf7mnJPD0HeE0g2mkN1yjp/qP52pY/NrOJpCSNqv1IR0DPGcgXcOskYVpPkp0PMYpmaY4cvwAUJc+RaW+FZfGjjI/WQagAFYqg8Lj8rOkktRrdp6wXjuoWypho8fqvXhJLZKrH0cGIYR4KeKlpyDusRx9GYIw7SAr0ksr2Z8b4yXf2bhnDGyfoHY8W/W7lxNvfFhhOVBf8mj3u/lpLsjdI2xSh7FBAdtQX35JU7azWxAJTiAA+CiQYv2JnUA+uICOdIPZaZqlg==","Expiration":"2018-03-18T06:10:33Z"}}
*************** response log end *******************

[2018-03-18T13:12:07.255] [INFO] resLogger - 
*************** response log start **************
request method:GET
request originalUrl:/app/info
request client ip:::ffff:127.0.0.1
request query:{}
response time:2
response body:
{"code":0,"msg":"success","data":{"updateTime":"2018-03-10T13:35:58.138Z","createTime":"2018-03-10T13:35:58.138Z","_id":"5aa3df3e18d129fbeef90974","appId":"appXAKRb6caQka5JY2r","phone":123}}
*************** response log end *******************

[2018-03-18T13:12:07.822] [INFO] resLogger - 
*************** response log start **************
request method:GET
request originalUrl:/sts
request client ip:::ffff:127.0.0.1
request query:{}
response time:420
response body:
{"code":0,"msg":"success","data":{"AccessKeyId":"STS.MLXzmtwheT9w6xnmyTJk3KBe6","AccessKeySecret":"A8Ry9HBnzK2S2osY8dDeYRxWwLDsxv5W6epGWCjbresZ","SecurityToken":"CAIS5wF1q6Ft5B2yfSjIrI/tMdfAmrdE4/ucNF7fiXkBRuQfpIfO1Dz2IH1FfXdpB+8WsPszm2xX5/kdlqp6U4cdv4deuAA0vPpt6gqET9frma7ctM4p6vCMHWyUFGSIvqv7aPn4S9XwY+qkb0u++AZ43br9c0fJPTXnS+rr76RqddMKRAK1QCNbDdNNXGtYpdQdKGHaOITGUHeooBKJXRYy4Fci1Tklsf7mnJPD0HeE0g2mkN1yjp/qP52pY/NrOJpCSNqv1IR0DPGcgXcOskYVpPkp0PMYpmaY4cvwAUJc+RaW+FZfGjjI/WQagAEEFEEEFpZcCDaO7o6VAmfh9xLbUDpIpPDks+uf0nRpmhd3oT8eYkIW+cnywkyFKV9oM5Ap8q+Niygbdm7AxCBL25ILBExon+3SE3Y9jotMakPrX4GdYbYsWrQUcAULpDZKdqbtXiSX+KF0WibmeX9s2yhh3kkmqR8nwWfsfJDQJQ==","Expiration":"2018-03-18T06:12:07Z"}}
*************** response log end *******************

[2018-03-18T13:12:19.030] [INFO] resLogger - 
*************** response log start **************
request method:GET
request originalUrl:/app/info
request client ip:::ffff:127.0.0.1
request query:{}
response time:2
response body:
{"code":0,"msg":"success","data":{"updateTime":"2018-03-10T13:35:58.138Z","createTime":"2018-03-10T13:35:58.138Z","_id":"5aa3df3e18d129fbeef90974","appId":"appXAKRb6caQka5JY2r","phone":123}}
*************** response log end *******************

[2018-03-18T13:12:19.282] [INFO] resLogger - 
*************** response log start **************
request method:GET
request originalUrl:/sts
request client ip:::ffff:127.0.0.1
request query:{}
response time:245
response body:
{"code":0,"msg":"success","data":{"AccessKeyId":"STS.GYWT6TL7aj7HQB4GVKGzzJGVk","AccessKeySecret":"5yhTjS19RYSvkYzNqfQR64vnLS7FNa954HBNYka1aPVj","SecurityToken":"CAIS5wF1q6Ft5B2yfSjIppriH4zgoehA3fWjU2SFo1YeS/VWpYL9iTz2IH1FfXdpB+8WsPszm2xX5/kdlqp6U4cdw9heuAA0vPpt6gqET9frma7ctM4p6vCMHWyUFGSIvqv7aPn4S9XwY+qkb0u++AZ43br9c0fJPTXnS+rr76RqddMKRAK1QCNbDdNNXGtYpdQdKGHaOITGUHeooBKJXRYy4Fci1Tklsf7mnJPD0HeE0g2mkN1yjp/qP52pY/NrOJpCSNqv1IR0DPGcgXcOskYVpPkp0PMYpmaY4cvwAUJc+RaW+FZfGjjI/WQagAGcjSPJuyAmtu7UjCAEVNeZ5W5p0Q+M8wd9RQ12fh0xmen2L7ruqHTP8mIJm+SfYPuDmJ3wtbivpUOQgq0KJ9Jq4QAG6k6RuPAgbpPbQHFlobeXbppsWZsPW2nmcprIZ1a63nX9AMz6p78cKAB+As4cbtRAYKwk1FuSG6ch9hIW8w==","Expiration":"2018-03-18T06:12:19Z"}}
*************** response log end *******************

[2018-03-18T13:13:09.007] [INFO] resLogger - 
*************** response log start **************
request method:GET
request originalUrl:/app/info
request client ip:::ffff:127.0.0.1
request query:{}
response time:1
response body:
{"code":0,"msg":"success","data":{"updateTime":"2018-03-10T13:35:58.138Z","createTime":"2018-03-10T13:35:58.138Z","_id":"5aa3df3e18d129fbeef90974","appId":"appXAKRb6caQka5JY2r","phone":123}}
*************** response log end *******************

[2018-03-18T13:13:09.342] [INFO] resLogger - 
*************** response log start **************
request method:GET
request originalUrl:/sts
request client ip:::ffff:127.0.0.1
request query:{}
response time:325
response body:
{"code":0,"msg":"success","data":{"AccessKeyId":"STS.KnCJCsdkXt49mcho5ri5ZBhbG","AccessKeySecret":"3kW8ynUkNbMEmBG1ntiv9Yu6FcohxtW4xH1JibrfRvLo","SecurityToken":"CAIS5wF1q6Ft5B2yfSjIqq32AfnHibR5w/bSb0XZizUnZbp2ra3JpTz2IH1FfXdpB+8WsPszm2xX5/kdlqp6U4cd16dauAA0vPpt6gqET9frma7ctM4p6vCMHWyUFGSIvqv7aPn4S9XwY+qkb0u++AZ43br9c0fJPTXnS+rr76RqddMKRAK1QCNbDdNNXGtYpdQdKGHaOITGUHeooBKJXRYy4Fci1Tklsf7mnJPD0HeE0g2mkN1yjp/qP52pY/NrOJpCSNqv1IR0DPGcgXcOskYVpPkp0PMYpmaY4cvwAUJc+RaW+FZfGjjI/WQagAFH8Bh3l4gxlkomvlb8Vy85c1OC23nTeFRdl1TnagDqnGPIBpBERHcFkD0y5wrbQg/HFOAU8fWGTMNa+4zaGgNnp4asA9lTZlM+kj4k88OJaTAqwUNSsEyEvxcoVA+7L/Kyin+kz1rZ5gQG+2aky5m/H73DYn2vkN7Wzwro3oTLPQ==","Expiration":"2018-03-18T06:13:09Z"}}
*************** response log end *******************

[2018-03-18T13:13:16.349] [INFO] resLogger - 
*************** response log start **************
request method:GET
request originalUrl:/sts
request client ip:::ffff:127.0.0.1
request query:{}
response time:1312
response body:
{"code":0,"msg":"success","data":{"AccessKeyId":"STS.CwBfttDpkPLKvAe45QVfAFY7z","AccessKeySecret":"GSEUys4UEivgN3c2Px7HXFozHZ4f7357NjRBQQZzAgdd","SecurityToken":"CAIS5wF1q6Ft5B2yfSjIorT3Lc7Aqa9K546gdGfU0DUEWultqZycmDz2IH1FfXdpB+8WsPszm2xX5/kdlqp6U4cd955auAA0vPpt6gqET9frma7ctM4p6vCMHWyUFGSIvqv7aPn4S9XwY+qkb0u++AZ43br9c0fJPTXnS+rr76RqddMKRAK1QCNbDdNNXGtYpdQdKGHaOITGUHeooBKJXRYy4Fci1Tklsf7mnJPD0HeE0g2mkN1yjp/qP52pY/NrOJpCSNqv1IR0DPGcgXcOskYVpPkp0PMYpmaY4cvwAUJc+RaW+FZfGjjI/WQagAFW+XNHUymn+kU02PhgCJvYJLhJw2LpBZ3LKebQpq9PwiHN2essrVFoE3HVPhLq0M3scmCnFSTv7SzXAQdhzKqrRownBMMeORNQMScPsgJFI5hi3KI+1C+o+uKLguiJlkOp0EsPCHaI7mpp+cpySKt4paL2afh1uHUbXlqW7RUhUQ==","Expiration":"2018-03-18T06:13:16Z"}}
*************** response log end *******************

[2018-03-18T13:14:02.165] [INFO] resLogger - 
*************** response log start **************
request method:GET
request originalUrl:/app/info
request client ip:::ffff:127.0.0.1
request query:{}
response time:2
response body:
{"code":0,"msg":"success","data":{"updateTime":"2018-03-10T13:35:58.138Z","createTime":"2018-03-10T13:35:58.138Z","_id":"5aa3df3e18d129fbeef90974","appId":"appXAKRb6caQka5JY2r","phone":123}}
*************** response log end *******************

[2018-03-18T13:14:02.516] [INFO] resLogger - 
*************** response log start **************
request method:GET
request originalUrl:/sts
request client ip:::ffff:127.0.0.1
request query:{}
response time:350
response body:
{"code":0,"msg":"success","data":{"AccessKeyId":"STS.BwqUiaC2ZXLbKm95MUACTdpsB","AccessKeySecret":"DNuimP78oDe1j4T5mX77nCwfUsAJkcwBd1ptdWAoixCZ","SecurityToken":"CAIS5wF1q6Ft5B2yfSjIo7TEHtPVru17746JSUuI0U0ATcx4i7XYoDz2IH1FfXdpB+8WsPszm2xX5/kdlqp6U4cdh4dVuAA0vPpt6gqET9frma7ctM4p6vCMHWyUFGSIvqv7aPn4S9XwY+qkb0u++AZ43br9c0fJPTXnS+rr76RqddMKRAK1QCNbDdNNXGtYpdQdKGHaOITGUHeooBKJXRYy4Fci1Tklsf7mnJPD0HeE0g2mkN1yjp/qP52pY/NrOJpCSNqv1IR0DPGcgXcOskYVpPkp0PMYpmaY4cvwAUJc+RaW+FZfGjjI/WQagAE59F3uHkGoImqocmymgWw1KcpH0Z09f3eVwvd4herDYVHujIYvykvFEfGX2lgDlC1gNeVEGOzSTN1vl0gqBXGiFdKCYImr/tGkM2P7U3/a0Db57JwkVJcyAxnD4RKeHiIbjYwoiQDKmxAYv+KS9sHrvQ5OBqRo57SK+DtvZjDGJw==","Expiration":"2018-03-18T06:14:02Z"}}
*************** response log end *******************

[2018-03-18T13:18:31.433] [INFO] resLogger - 
*************** response log start **************
request method:GET
request originalUrl:/app/info
request client ip:::ffff:127.0.0.1
request query:{}
response time:16
response body:
{"code":0,"msg":"success","data":{"updateTime":"2018-03-10T13:35:58.138Z","createTime":"2018-03-10T13:35:58.138Z","_id":"5aa3df3e18d129fbeef90974","appId":"appXAKRb6caQka5JY2r","phone":123}}
*************** response log end *******************

[2018-03-18T13:18:31.775] [INFO] resLogger - 
*************** response log start **************
request method:GET
request originalUrl:/sts
request client ip:::ffff:127.0.0.1
request query:{}
response time:354
response body:
{"code":0,"msg":"success","data":{"AccessKeyId":"STS.CH66oR6igob3ZkgKqaukRDSa4","AccessKeySecret":"3z3VjFRHZwyA9oAEYdHKXJXdnUMT2TSvzjqA6D2NPxvz","SecurityToken":"CAIS5wF1q6Ft5B2yfSjIoouDfdXm27ZG2KDYWE3Wr3E0eeR+q5bK1jz2IH1FfXdpB+8WsPszm2xX5/kdlqp6U4cd0v4luwA0vPpt6gqET9frma7ctM4p6vCMHWyUFGSIvqv7aPn4S9XwY+qkb0u++AZ43br9c0fJPTXnS+rr76RqddMKRAK1QCNbDdNNXGtYpdQdKGHaOITGUHeooBKJXRYy4Fci1Tklsf7mnJPD0HeE0g2mkN1yjp/qP52pY/NrOJpCSNqv1IR0DPGcgXcOskYVpPkp0PMYpmaY4cvwAUJc+RaW+FZfGjjI/WQagAGQHKhqfgYzFrVrHLugva5PkiqhVVPTRkQNigPuBJRnUWkIYNuc6b7z7LKOmGbs5I+6htW/H0UX9NSCJ3spY24XKcAjOU2r/nO+SJu31v5QaB8t7M+zf3PDiE01IN0UTTYq8z+BOvHbDgv1mDhsTeg6xX5jgkD+b9ojHT+1GEzwcg==","Expiration":"2018-03-18T06:18:31Z"}}
*************** response log end *******************

[2018-03-18T13:19:15.229] [INFO] resLogger - 
*************** response log start **************
request method:GET
request originalUrl:/app/info
request client ip:::ffff:127.0.0.1
request query:{}
response time:5
response body:
{"code":0,"msg":"success","data":{"updateTime":"2018-03-10T13:35:58.138Z","createTime":"2018-03-10T13:35:58.138Z","_id":"5aa3df3e18d129fbeef90974","appId":"appXAKRb6caQka5JY2r","phone":123}}
*************** response log end *******************

[2018-03-18T13:19:15.555] [INFO] resLogger - 
*************** response log start **************
request method:GET
request originalUrl:/sts
request client ip:::ffff:127.0.0.1
request query:{}
response time:330
response body:
{"code":0,"msg":"success","data":{"AccessKeyId":"STS.GfsbJ8EUtwHTCjGGun24Xqfto","AccessKeySecret":"9pqFiVskYTQJZVsXFcrMchi87BD85dz3bEpCTvSmifhy","SecurityToken":"CAIS5wF1q6Ft5B2yfSjIpqXGKfCMqIpVwIq/QUz2o3U7Prt0nqPfjTz2IH1FfXdpB+8WsPszm2xX5/kdlqp6U4cd3JQguwA0vPpt6gqET9frma7ctM4p6vCMHWyUFGSIvqv7aPn4S9XwY+qkb0u++AZ43br9c0fJPTXnS+rr76RqddMKRAK1QCNbDdNNXGtYpdQdKGHaOITGUHeooBKJXRYy4Fci1Tklsf7mnJPD0HeE0g2mkN1yjp/qP52pY/NrOJpCSNqv1IR0DPGcgXcOskYVpPkp0PMYpmaY4cvwAUJc+RaW+FZfGjjI/WQagAGtqJkjfBQp+7WoMJ5pMnhnGnogSzxSJGP6+Kj/vi8buviEb6ILHUD0UzqJzBmtbqS/y3+mhD/70G3zVxOhubc332sxgxLgZKTyW1dG2QXE+8eX2W9ASy/t8WLGr7sLkp02y+DkRfAJByvJc72WN0GesA4/HysohwYHXQvw5DckuA==","Expiration":"2018-03-18T06:19:15Z"}}
*************** response log end *******************

[2018-03-18T13:19:20.609] [INFO] resLogger - 
*************** response log start **************
request method:GET
request originalUrl:/sts
request client ip:::ffff:127.0.0.1
request query:{}
response time:349
response body:
{"code":0,"msg":"success","data":{"AccessKeyId":"STS.C7NWzxr5qw7kfo5JWpMYjN9eh","AccessKeySecret":"4uqU2gJ5HZU5oPmUigfuuUJXbuvAiJT29R6Q3kHAVPRs","SecurityToken":"CAIS5wF1q6Ft5B2yfSjIovT7HMDMn+pQwPWAZEmErlclQdZGofzOijz2IH1FfXdpB+8WsPszm2xX5/kdlqp6U4cdh/wguwA0vPpt6gqET9frma7ctM4p6vCMHWyUFGSIvqv7aPn4S9XwY+qkb0u++AZ43br9c0fJPTXnS+rr76RqddMKRAK1QCNbDdNNXGtYpdQdKGHaOITGUHeooBKJXRYy4Fci1Tklsf7mnJPD0HeE0g2mkN1yjp/qP52pY/NrOJpCSNqv1IR0DPGcgXcOskYVpPkp0PMYpmaY4cvwAUJc+RaW+FZfGjjI/WQagAGYFP9FWkFXfup/zfvGW9bENfxB2YqUU7mNDsAiUw2tgElPp27K7lpy+fs5YREpBg5UE9LIDKiU1lQ4FgvV14JMCL1/pyno9i+7I6A9U/FVbkz4e7Z4CptiD/ByLBZ73Jfn6TOB0c6HaTJbyoe09to3RhhlHAgiul1pv4gNli42ww==","Expiration":"2018-03-18T06:19:20Z"}}
*************** response log end *******************

[2018-03-18T13:32:19.292] [INFO] resLogger - 
*************** response log start **************
request method:GET
request originalUrl:/app/info
request client ip:::ffff:127.0.0.1
request query:{}
response time:19
response body:
{"code":0,"msg":"success","data":{"updateTime":"2018-03-10T13:35:58.138Z","createTime":"2018-03-10T13:35:58.138Z","_id":"5aa3df3e18d129fbeef90974","appId":"appXAKRb6caQka5JY2r","phone":123}}
*************** response log end *******************

[2018-03-18T13:32:19.686] [INFO] resLogger - 
*************** response log start **************
request method:GET
request originalUrl:/sts
request client ip:::ffff:127.0.0.1
request query:{}
response time:409
response body:
{"code":0,"msg":"success","data":{"AccessKeyId":"STS.KQNV4WjjTwp3piML1Cdn4xsEH","AccessKeySecret":"3YgQR8TiHwCMVKXwBH1VZYKFsLUTWSGM6qWR3DJ5amyp","SecurityToken":"CAIS5wF1q6Ft5B2yfSjIqpL7HY7jh7V1wLLYck/8qDEWaOEYl7buqjz2IH1FfXdpB+8WsPszm2xX5/kdlqp6U4cd07oQuwA0vPpt6gqET9frma7ctM4p6vCMHWyUFGSIvqv7aPn4S9XwY+qkb0u++AZ43br9c0fJPTXnS+rr76RqddMKRAK1QCNbDdNNXGtYpdQdKGHaOITGUHeooBKJXRYy4Fci1Tklsf7mnJPD0HeE0g2mkN1yjp/qP52pY/NrOJpCSNqv1IR0DPGcgXcOskYVpPkp0PMYpmaY4cvwAUJc+RaW+FZfGjjI/WQagAEa5HHUQ7yEsG23r/IchPXwa8MvZcDtRBEofB0HZUuAZvaj1qxrRF8lncGqRFVcLMOrEBgYRbijfJhBWjUiKNSnWBnRD7amK7x18z0iovIqWKans3HU2fjOaDyJO47lTh8PyFJbE/Bgc8tg9Xd3hfPT8j81xp1P1RoeCgkPRS+h6Q==","Expiration":"2018-03-18T06:32:19Z"}}
*************** response log end *******************

[2018-03-18T13:32:42.933] [INFO] resLogger - 
*************** response log start **************
request method:GET
request originalUrl:/app/info
request client ip:::ffff:127.0.0.1
request query:{}
response time:2
response body:
{"code":0,"msg":"success","data":{"updateTime":"2018-03-10T13:35:58.138Z","createTime":"2018-03-10T13:35:58.138Z","_id":"5aa3df3e18d129fbeef90974","appId":"appXAKRb6caQka5JY2r","phone":123}}
*************** response log end *******************

[2018-03-18T13:33:08.705] [INFO] resLogger - 
*************** response log start **************
request method:GET
request originalUrl:/app/info
request client ip:::ffff:127.0.0.1
request query:{}
response time:3
response body:
{"code":0,"msg":"success","data":{"updateTime":"2018-03-10T13:35:58.138Z","createTime":"2018-03-10T13:35:58.138Z","_id":"5aa3df3e18d129fbeef90974","appId":"appXAKRb6caQka5JY2r","phone":123}}
*************** response log end *******************

[2018-03-18T13:35:20.126] [INFO] resLogger - 
*************** response log start **************
request method:GET
request originalUrl:/app/info
request client ip:::ffff:127.0.0.1
request query:{}
response time:2
response body:
{"code":0,"msg":"success","data":{"updateTime":"2018-03-10T13:35:58.138Z","createTime":"2018-03-10T13:35:58.138Z","_id":"5aa3df3e18d129fbeef90974","appId":"appXAKRb6caQka5JY2r","phone":123}}
*************** response log end *******************

[2018-03-18T13:36:17.417] [INFO] resLogger - 
*************** response log start **************
request method:GET
request originalUrl:/app/info
request client ip:::ffff:127.0.0.1
request query:{}
response time:1
response body:
{"code":0,"msg":"success","data":{"updateTime":"2018-03-10T13:35:58.138Z","createTime":"2018-03-10T13:35:58.138Z","_id":"5aa3df3e18d129fbeef90974","appId":"appXAKRb6caQka5JY2r","phone":123}}
*************** response log end *******************

[2018-03-18T13:38:26.835] [INFO] resLogger - 
*************** response log start **************
request method:GET
request originalUrl:/app/info
request client ip:::ffff:127.0.0.1
request query:{}
response time:2
response body:
{"code":0,"msg":"success","data":{"updateTime":"2018-03-10T13:35:58.138Z","createTime":"2018-03-10T13:35:58.138Z","_id":"5aa3df3e18d129fbeef90974","appId":"appXAKRb6caQka5JY2r","phone":123}}
*************** response log end *******************

[2018-03-18T13:38:30.528] [INFO] resLogger - 
*************** response log start **************
request method:GET
request originalUrl:/sts
request client ip:::ffff:127.0.0.1
request query:{}
response time:416
response body:
{"code":0,"msg":"success","data":{"AccessKeyId":"STS.MM4EcJvuTFnYhXyCxwX4g4wnz","AccessKeySecret":"Hf5YiTkdK2yAqNxqSAo6SgtYM9XXCddxpHmvTY3paS81","SecurityToken":"CAIS5wF1q6Ft5B2yfSjIrI6BDtn+m6p18ayyan7Ip3giVLtL27LFmDz2IH1FfXdpB+8WsPszm2xX5/kdlqp6U4cd0ct+uwA0vPpt6gqET9frma7ctM4p6vCMHWyUFGSIvqv7aPn4S9XwY+qkb0u++AZ43br9c0fJPTXnS+rr76RqddMKRAK1QCNbDdNNXGtYpdQdKGHaOITGUHeooBKJXRYy4Fci1Tklsf7mnJPD0HeE0g2mkN1yjp/qP52pY/NrOJpCSNqv1IR0DPGcgXcOskYVpPkp0PMYpmaY4cvwAUJc+RaW+FZfGjjI/WQagAEszS5A1XVRNWqk1Wz9M7oAfcAqwmG6V47+zmxdhspsjljQIh4FEOrzNA7UrqaBYjWsIJo/ecE5dWKdGgqSeNp6ZyH3E03K+Krg1wyGP8nIa0bIEocsF9tJ6PczZ7NZHHgWov/EWOS8BF6WxceZiJH0WvkW/Nz3yKdHMw65HGe1yg==","Expiration":"2018-03-18T06:38:30Z"}}
*************** response log end *******************

[2018-03-18T13:58:07.425] [INFO] resLogger - 
*************** response log start **************
request method:GET
request originalUrl:/app/info
request client ip:::ffff:127.0.0.1
request query:{}
response time:21
response body:
{"code":0,"msg":"success","data":{"updateTime":"2018-03-10T13:35:58.138Z","createTime":"2018-03-10T13:35:58.138Z","_id":"5aa3df3e18d129fbeef90974","appId":"appXAKRb6caQka5JY2r","phone":123}}
*************** response log end *******************

[2018-03-18T13:59:19.538] [INFO] resLogger - 
*************** response log start **************
request method:GET
request originalUrl:/app/info
request client ip:::ffff:127.0.0.1
request query:{}
response time:3
response body:
{"code":0,"msg":"success","data":{"updateTime":"2018-03-10T13:35:58.138Z","createTime":"2018-03-10T13:35:58.138Z","_id":"5aa3df3e18d129fbeef90974","appId":"appXAKRb6caQka5JY2r","phone":123}}
*************** response log end *******************

