[2018-03-20T11:08:28.808] [INFO] resLogger - 
*************** response log start **************
request method:GET
request originalUrl:/client/getRes?appId=appXAKRb6caQka5JY2r&&id=Tt3rhj7eYnMrddKE
request client ip:::ffff:127.0.0.1
request query:{"appId":"appXAKRb6caQka5JY2r","id":"Tt3rhj7eYnMrddKE"}
response time:3
response body:
{"code":0,"msg":"success","data":{"createTime":"2018-03-19T03:27:39.549Z","_id":"5aaf2e2bcd9ec53f6c65c987","appId":"appXAKRb6caQka5JY2r","type":2,"id":"Tt3rhj7eYnMrddKE","name":"这是音频1","intro":"这是一条音频简介","cover":"http://jserk.oss-cn-shenzhen.aliyuncs.com/saas_pic/WechatIMG90.jpeg","textContent":"123","saleType":1,"audioSrc":"","videoSrc":"","price":10,"saleTime":"2018-03-18T19:26:59.000Z","__v":0}}
*************** response log end *******************

[2018-03-20T11:08:43.051] [INFO] resLogger - 
*************** response log start **************
request method:GET
request originalUrl:/client/getRes?appId=appXAKRb6caQka5JY2r&&id=Tt3rhj7eYnMrddKE
request client ip:::ffff:127.0.0.1
request query:{"appId":"appXAKRb6caQka5JY2r","id":"Tt3rhj7eYnMrddKE"}
response time:14
response body:
{"code":0,"msg":"success","data":{"createTime":"2018-03-19T03:27:39.549Z","_id":"5aaf2e2bcd9ec53f6c65c987","appId":"appXAKRb6caQka5JY2r","type":2,"id":"Tt3rhj7eYnMrddKE","name":"这是音频1","intro":"这是一条音频简介","cover":"http://jserk.oss-cn-shenzhen.aliyuncs.com/saas_pic/WechatIMG90.jpeg","textContent":"123","saleType":1,"audioSrc":"","videoSrc":"","price":10,"saleTime":"2018-03-18T19:26:59.000Z","__v":0}}
*************** response log end *******************

[2018-03-20T11:13:33.531] [INFO] resLogger - 
*************** response log start **************
request method:GET
request originalUrl:/client/getRes?appId=appXAKRb6caQka5JY2r&&id=Tt3rhj7eYnMrddKE
request client ip:::ffff:127.0.0.1
request query:{"appId":"appXAKRb6caQka5JY2r","id":"Tt3rhj7eYnMrddKE"}
response time:3
response body:
{"code":0,"msg":"success","data":{"createTime":"2018-03-19T03:27:39.549Z","_id":"5aaf2e2bcd9ec53f6c65c987","appId":"appXAKRb6caQka5JY2r","type":2,"id":"Tt3rhj7eYnMrddKE","name":"这是音频1","intro":"这是一条音频简介","cover":"http://jserk.oss-cn-shenzhen.aliyuncs.com/saas_pic/WechatIMG90.jpeg","textContent":"123","saleType":1,"audioSrc":"","videoSrc":"","price":10,"saleTime":"2018-03-18T19:26:59.000Z","__v":0}}
*************** response log end *******************

[2018-03-20T11:14:08.524] [INFO] resLogger - 
*************** response log start **************
request method:GET
request originalUrl:/client/getRes?appId=appXAKRb6caQka5JY2r&&id=Tt3rhj7eYnMrddKE
request client ip:::ffff:127.0.0.1
request query:{"appId":"appXAKRb6caQka5JY2r","id":"Tt3rhj7eYnMrddKE"}
response time:8
response body:
{"code":0,"msg":"success","data":{"createTime":"2018-03-19T03:27:39.549Z","_id":"5aaf2e2bcd9ec53f6c65c987","appId":"appXAKRb6caQka5JY2r","type":2,"id":"Tt3rhj7eYnMrddKE","name":"这是音频1","intro":"这是一条音频简介","cover":"http://jserk.oss-cn-shenzhen.aliyuncs.com/saas_pic/WechatIMG90.jpeg","textContent":"123","saleType":1,"audioSrc":"","videoSrc":"","price":10,"saleTime":"2018-03-18T19:26:59.000Z","__v":0}}
*************** response log end *******************

[2018-03-20T11:15:30.915] [INFO] resLogger - 
*************** response log start **************
request method:GET
request originalUrl:/client/getRes?appId=appXAKRb6caQka5JY2r&&id=Tt3rhj7eYnMrddKE
request client ip:::ffff:127.0.0.1
request query:{"appId":"appXAKRb6caQka5JY2r","id":"Tt3rhj7eYnMrddKE"}
response time:3
response body:
{"code":0,"msg":"success","data":{"createTime":"2018-03-19T03:27:39.549Z","_id":"5aaf2e2bcd9ec53f6c65c987","appId":"appXAKRb6caQka5JY2r","type":2,"id":"Tt3rhj7eYnMrddKE","name":"这是音频1","intro":"这是一条音频简介","cover":"http://jserk.oss-cn-shenzhen.aliyuncs.com/saas_pic/WechatIMG90.jpeg","textContent":"123","saleType":1,"audioSrc":"","videoSrc":"","price":10,"saleTime":"2018-03-18T19:26:59.000Z","__v":0}}
*************** response log end *******************

[2018-03-20T11:19:10.474] [INFO] resLogger - 
*************** response log start **************
request method:GET
request originalUrl:/client/getRes?appId=appXAKRb6caQka5JY2r&&id=Tt3rhj7eYnMrddKE
request client ip:::ffff:127.0.0.1
request query:{"appId":"appXAKRb6caQka5JY2r","id":"Tt3rhj7eYnMrddKE"}
response time:11
response body:
{"code":0,"msg":"success","data":{"createTime":"2018-03-19T03:27:39.549Z","_id":"5aaf2e2bcd9ec53f6c65c987","appId":"appXAKRb6caQka5JY2r","type":2,"id":"Tt3rhj7eYnMrddKE","name":"这是音频1","intro":"这是一条音频简介","cover":"http://jserk.oss-cn-shenzhen.aliyuncs.com/saas_pic/WechatIMG90.jpeg","textContent":"123","saleType":1,"audioSrc":"","videoSrc":"","price":10,"saleTime":"2018-03-18T19:26:59.000Z","__v":0}}
*************** response log end *******************

[2018-03-20T11:19:55.161] [INFO] resLogger - 
*************** response log start **************
request method:GET
request originalUrl:/client/getRes?appId=appXAKRb6caQka5JY2r&&id=Tt3rhj7eYnMrddKE
request client ip:::ffff:127.0.0.1
request query:{"appId":"appXAKRb6caQka5JY2r","id":"Tt3rhj7eYnMrddKE"}
response time:3
response body:
{"code":0,"msg":"success","data":{"createTime":"2018-03-19T03:27:39.549Z","_id":"5aaf2e2bcd9ec53f6c65c987","appId":"appXAKRb6caQka5JY2r","type":2,"id":"Tt3rhj7eYnMrddKE","name":"这是音频1","intro":"这是一条音频简介","cover":"http://jserk.oss-cn-shenzhen.aliyuncs.com/saas_pic/WechatIMG90.jpeg","textContent":"123","saleType":1,"audioSrc":"","videoSrc":"","price":10,"saleTime":"2018-03-18T19:26:59.000Z","__v":0}}
*************** response log end *******************

[2018-03-20T11:20:52.636] [INFO] resLogger - 
*************** response log start **************
request method:GET
request originalUrl:/client/getRes?appId=appXAKRb6caQka5JY2r&&id=Tt3rhj7eYnMrddKE
request client ip:::ffff:127.0.0.1
request query:{"appId":"appXAKRb6caQka5JY2r","id":"Tt3rhj7eYnMrddKE"}
response time:2
response body:
{"code":0,"msg":"success","data":{"createTime":"2018-03-19T03:27:39.549Z","_id":"5aaf2e2bcd9ec53f6c65c987","appId":"appXAKRb6caQka5JY2r","type":2,"id":"Tt3rhj7eYnMrddKE","name":"这是音频1","intro":"这是一条音频简介","cover":"http://jserk.oss-cn-shenzhen.aliyuncs.com/saas_pic/WechatIMG90.jpeg","textContent":"123","saleType":1,"audioSrc":"","videoSrc":"","price":10,"saleTime":"2018-03-18T19:26:59.000Z","__v":0}}
*************** response log end *******************

