[2018-03-18T17:00:10.615] [INFO] resLogger - 
*************** response log start **************
request method:GET
request originalUrl:/app/info
request client ip:::ffff:127.0.0.1
request query:{}
response time:16
response body:
{"code":0,"msg":"success","data":{"updateTime":"2018-03-10T13:35:58.138Z","createTime":"2018-03-10T13:35:58.138Z","_id":"5aa3df3e18d129fbeef90974","appId":"appXAKRb6caQka5JY2r","phone":123}}
*************** response log end *******************

[2018-03-18T17:00:10.625] [INFO] resLogger - 
*************** response log start **************
request method:GET
request originalUrl:/cms/getResInfo?type=1&&id=[object%20Object]
request client ip:::ffff:127.0.0.1
request query:{"type":"1","id":"[object Object]"}
response time:21
response body:
{"code":0,"msg":"success","data":null}
*************** response log end *******************

[2018-03-18T17:00:47.592] [INFO] resLogger - 
*************** response log start **************
request method:GET
request originalUrl:/app/info
request client ip:::ffff:127.0.0.1
request query:{}
response time:3
response body:
{"code":0,"msg":"success","data":{"updateTime":"2018-03-10T13:35:58.138Z","createTime":"2018-03-10T13:35:58.138Z","_id":"5aa3df3e18d129fbeef90974","appId":"appXAKRb6caQka5JY2r","phone":123}}
*************** response log end *******************

[2018-03-18T17:00:47.594] [INFO] resLogger - 
*************** response log start **************
request method:GET
request originalUrl:/cms/getResInfo?type=1&&id=[object%20Object]
request client ip:::ffff:127.0.0.1
request query:{"type":"1","id":"[object Object]"}
response time:4
response body:
{"code":0,"msg":"success","data":null}
*************** response log end *******************

[2018-03-18T17:01:14.854] [INFO] resLogger - 
*************** response log start **************
request method:GET
request originalUrl:/app/info
request client ip:::ffff:127.0.0.1
request query:{}
response time:3
response body:
{"code":0,"msg":"success","data":{"updateTime":"2018-03-10T13:35:58.138Z","createTime":"2018-03-10T13:35:58.138Z","_id":"5aa3df3e18d129fbeef90974","appId":"appXAKRb6caQka5JY2r","phone":123}}
*************** response log end *******************

[2018-03-18T17:01:14.858] [INFO] resLogger - 
*************** response log start **************
request method:GET
request originalUrl:/cms/getResInfo?type=1&&id=[object%20Object]
request client ip:::ffff:127.0.0.1
request query:{"type":"1","id":"[object Object]"}
response time:2
response body:
{"code":0,"msg":"success","data":null}
*************** response log end *******************

[2018-03-18T17:01:52.983] [INFO] resLogger - 
*************** response log start **************
request method:GET
request originalUrl:/app/info
request client ip:::ffff:127.0.0.1
request query:{}
response time:2
response body:
{"code":0,"msg":"success","data":{"updateTime":"2018-03-10T13:35:58.138Z","createTime":"2018-03-10T13:35:58.138Z","_id":"5aa3df3e18d129fbeef90974","appId":"appXAKRb6caQka5JY2r","phone":123}}
*************** response log end *******************

[2018-03-18T17:01:52.986] [INFO] resLogger - 
*************** response log start **************
request method:GET
request originalUrl:/cms/getResInfo?type=1&&id=undefined
request client ip:::ffff:127.0.0.1
request query:{"type":"1","id":"undefined"}
response time:1
response body:
{"code":0,"msg":"success","data":null}
*************** response log end *******************

[2018-03-18T17:02:19.399] [INFO] resLogger - 
*************** response log start **************
request method:GET
request originalUrl:/app/info
request client ip:::ffff:127.0.0.1
request query:{}
response time:2
response body:
{"code":0,"msg":"success","data":{"updateTime":"2018-03-10T13:35:58.138Z","createTime":"2018-03-10T13:35:58.138Z","_id":"5aa3df3e18d129fbeef90974","appId":"appXAKRb6caQka5JY2r","phone":123}}
*************** response log end *******************

[2018-03-18T17:02:19.476] [INFO] resLogger - 
*************** response log start **************
request method:GET
request originalUrl:/cms/getResInfo?type=1&&id=[object%20Object]
request client ip:::ffff:127.0.0.1
request query:{"type":"1","id":"[object Object]"}
response time:2
response body:
{"code":0,"msg":"success","data":null}
*************** response log end *******************

[2018-03-18T17:02:38.618] [INFO] resLogger - 
*************** response log start **************
request method:GET
request originalUrl:/app/info
request client ip:::ffff:127.0.0.1
request query:{}
response time:22
response body:
{"code":0,"msg":"success","data":{"updateTime":"2018-03-10T13:35:58.138Z","createTime":"2018-03-10T13:35:58.138Z","_id":"5aa3df3e18d129fbeef90974","appId":"appXAKRb6caQka5JY2r","phone":123}}
*************** response log end *******************

[2018-03-18T17:02:38.621] [INFO] resLogger - 
*************** response log start **************
request method:GET
request originalUrl:/cms/getResInfo?type=1&&id=[object%20Object]
request client ip:::ffff:127.0.0.1
request query:{"type":"1","id":"[object Object]"}
response time:13
response body:
{"code":0,"msg":"success","data":null}
*************** response log end *******************

[2018-03-18T17:02:51.366] [INFO] resLogger - 
*************** response log start **************
request method:GET
request originalUrl:/app/info
request client ip:::ffff:127.0.0.1
request query:{}
response time:2
response body:
{"code":0,"msg":"success","data":{"updateTime":"2018-03-10T13:35:58.138Z","createTime":"2018-03-10T13:35:58.138Z","_id":"5aa3df3e18d129fbeef90974","appId":"appXAKRb6caQka5JY2r","phone":123}}
*************** response log end *******************

[2018-03-18T17:02:51.371] [INFO] resLogger - 
*************** response log start **************
request method:GET
request originalUrl:/cms/getResInfo?type=1&&id=undefined
request client ip:::ffff:127.0.0.1
request query:{"type":"1","id":"undefined"}
response time:2
response body:
{"code":0,"msg":"success","data":null}
*************** response log end *******************

[2018-03-18T17:03:00.429] [INFO] resLogger - 
*************** response log start **************
request method:GET
request originalUrl:/app/info
request client ip:::ffff:127.0.0.1
request query:{}
response time:3
response body:
{"code":0,"msg":"success","data":{"updateTime":"2018-03-10T13:35:58.138Z","createTime":"2018-03-10T13:35:58.138Z","_id":"5aa3df3e18d129fbeef90974","appId":"appXAKRb6caQka5JY2r","phone":123}}
*************** response log end *******************

[2018-03-18T17:03:00.432] [INFO] resLogger - 
*************** response log start **************
request method:GET
request originalUrl:/cms/getResInfo?type=1&&id=undefined
request client ip:::ffff:127.0.0.1
request query:{"type":"1","id":"undefined"}
response time:2
response body:
{"code":0,"msg":"success","data":null}
*************** response log end *******************

[2018-03-18T17:03:21.833] [INFO] resLogger - 
*************** response log start **************
request method:GET
request originalUrl:/app/info
request client ip:::ffff:127.0.0.1
request query:{}
response time:2
response body:
{"code":0,"msg":"success","data":{"updateTime":"2018-03-10T13:35:58.138Z","createTime":"2018-03-10T13:35:58.138Z","_id":"5aa3df3e18d129fbeef90974","appId":"appXAKRb6caQka5JY2r","phone":123}}
*************** response log end *******************

[2018-03-18T17:03:21.850] [INFO] resLogger - 
*************** response log start **************
request method:GET
request originalUrl:/cms/getResInfo?type=1&&id=t_zNd78pPxjs
request client ip:::ffff:127.0.0.1
request query:{"type":"1","id":"t_zNd78pPxjs"}
response time:5
response body:
{"code":0,"msg":"success","data":{"createTime":"2018-03-17T13:18:05.239Z","_id":"5aad158db5ec4cc49cb4dc2f","appId":"appXAKRb6caQka5JY2r","type":1,"name":"这是图文","intro":"这是简介","cover":"","textContent":"哈哈啊","saleType":false,"price":1.1,"saleTime":"2018-05-25T02:30:00.000Z","id":"t_zNd78pPxjs","__v":0}}
*************** response log end *******************

[2018-03-18T17:06:01.739] [INFO] resLogger - 
*************** response log start **************
request method:GET
request originalUrl:/app/info
request client ip:::ffff:127.0.0.1
request query:{}
response time:10
response body:
{"code":0,"msg":"success","data":{"updateTime":"2018-03-10T13:35:58.138Z","createTime":"2018-03-10T13:35:58.138Z","_id":"5aa3df3e18d129fbeef90974","appId":"appXAKRb6caQka5JY2r","phone":123}}
*************** response log end *******************

[2018-03-18T17:06:01.742] [INFO] resLogger - 
*************** response log start **************
request method:GET
request originalUrl:/cms/getResInfo?type=1&&id=t_zNd78pPxjs
request client ip:::ffff:127.0.0.1
request query:{"type":"1","id":"t_zNd78pPxjs"}
response time:9
response body:
{"code":0,"msg":"success","data":{"createTime":"2018-03-17T13:18:05.239Z","_id":"5aad158db5ec4cc49cb4dc2f","appId":"appXAKRb6caQka5JY2r","type":1,"name":"这是图文","intro":"这是简介","cover":"","textContent":"哈哈啊","saleType":false,"price":1.1,"saleTime":"2018-05-25T02:30:00.000Z","id":"t_zNd78pPxjs","__v":0}}
*************** response log end *******************

[2018-03-18T17:07:32.588] [INFO] resLogger - 
*************** response log start **************
request method:GET
request originalUrl:/app/info
request client ip:::ffff:127.0.0.1
request query:{}
response time:4
response body:
{"code":0,"msg":"success","data":{"updateTime":"2018-03-10T13:35:58.138Z","createTime":"2018-03-10T13:35:58.138Z","_id":"5aa3df3e18d129fbeef90974","appId":"appXAKRb6caQka5JY2r","phone":123}}
*************** response log end *******************

[2018-03-18T17:07:32.592] [INFO] resLogger - 
*************** response log start **************
request method:GET
request originalUrl:/cms/getResInfo?type=1&&id=t_zNd78pPxjs
request client ip:::ffff:127.0.0.1
request query:{"type":"1","id":"t_zNd78pPxjs"}
response time:6
response body:
{"code":0,"msg":"success","data":{"createTime":"2018-03-17T13:18:05.239Z","_id":"5aad158db5ec4cc49cb4dc2f","appId":"appXAKRb6caQka5JY2r","type":1,"name":"这是图文","intro":"这是简介","cover":"","textContent":"哈哈啊","saleType":false,"price":1.1,"saleTime":"2018-05-25T02:30:00.000Z","id":"t_zNd78pPxjs","__v":0}}
*************** response log end *******************

[2018-03-18T17:09:28.162] [INFO] resLogger - 
*************** response log start **************
request method:GET
request originalUrl:/app/info
request client ip:::ffff:127.0.0.1
request query:{}
response time:15
response body:
{"code":0,"msg":"success","data":{"updateTime":"2018-03-10T13:35:58.138Z","createTime":"2018-03-10T13:35:58.138Z","_id":"5aa3df3e18d129fbeef90974","appId":"appXAKRb6caQka5JY2r","phone":123}}
*************** response log end *******************

[2018-03-18T17:09:28.166] [INFO] resLogger - 
*************** response log start **************
request method:GET
request originalUrl:/cms/getResInfo?type=1&&id=t_zNd78pPxjs
request client ip:::ffff:127.0.0.1
request query:{"type":"1","id":"t_zNd78pPxjs"}
response time:10
response body:
{"code":0,"msg":"success","data":{"createTime":"2018-03-17T13:18:05.239Z","_id":"5aad158db5ec4cc49cb4dc2f","appId":"appXAKRb6caQka5JY2r","type":1,"name":"这是图文","intro":"这是简介","cover":"","textContent":"哈哈啊","saleType":false,"price":1.1,"saleTime":"2018-05-25T02:30:00.000Z","id":"t_zNd78pPxjs","__v":0}}
*************** response log end *******************

[2018-03-18T17:13:15.719] [INFO] resLogger - 
*************** response log start **************
request method:GET
request originalUrl:/app/info
request client ip:::ffff:127.0.0.1
request query:{}
response time:3
response body:
{"code":0,"msg":"success","data":{"updateTime":"2018-03-10T13:35:58.138Z","createTime":"2018-03-10T13:35:58.138Z","_id":"5aa3df3e18d129fbeef90974","appId":"appXAKRb6caQka5JY2r","phone":123}}
*************** response log end *******************

[2018-03-18T17:13:15.751] [INFO] resLogger - 
*************** response log start **************
request method:GET
request originalUrl:/cms/getResInfo?type=1&&id=t_zNd78pPxjs
request client ip:::ffff:127.0.0.1
request query:{"type":"1","id":"t_zNd78pPxjs"}
response time:3
response body:
{"code":0,"msg":"success","data":{"createTime":"2018-03-17T13:18:05.239Z","_id":"5aad158db5ec4cc49cb4dc2f","appId":"appXAKRb6caQka5JY2r","type":1,"name":"这是图文","intro":"这是简介","cover":"","textContent":"哈哈啊","saleType":false,"price":1.1,"saleTime":"2018-05-25T02:30:00.000Z","id":"t_zNd78pPxjs","__v":0}}
*************** response log end *******************

[2018-03-18T17:13:29.056] [INFO] resLogger - 
*************** response log start **************
request method:GET
request originalUrl:/app/info
request client ip:::ffff:127.0.0.1
request query:{}
response time:14
response body:
{"code":0,"msg":"success","data":{"updateTime":"2018-03-10T13:35:58.138Z","createTime":"2018-03-10T13:35:58.138Z","_id":"5aa3df3e18d129fbeef90974","appId":"appXAKRb6caQka5JY2r","phone":123}}
*************** response log end *******************

[2018-03-18T17:13:29.060] [INFO] resLogger - 
*************** response log start **************
request method:GET
request originalUrl:/cms/getResInfo?type=1&&id=t_zNd78pPxjs
request client ip:::ffff:127.0.0.1
request query:{"type":"1","id":"t_zNd78pPxjs"}
response time:9
response body:
{"code":0,"msg":"success","data":{"createTime":"2018-03-17T13:18:05.239Z","_id":"5aad158db5ec4cc49cb4dc2f","appId":"appXAKRb6caQka5JY2r","type":1,"name":"这是图文","intro":"这是简介","cover":"","textContent":"哈哈啊","saleType":false,"price":1.1,"saleTime":"2018-05-25T02:30:00.000Z","id":"t_zNd78pPxjs","__v":0}}
*************** response log end *******************

[2018-03-18T17:15:00.007] [INFO] resLogger - 
*************** response log start **************
request method:GET
request originalUrl:/app/info
request client ip:::ffff:127.0.0.1
request query:{}
response time:2
response body:
{"code":0,"msg":"success","data":{"updateTime":"2018-03-10T13:35:58.138Z","createTime":"2018-03-10T13:35:58.138Z","_id":"5aa3df3e18d129fbeef90974","appId":"appXAKRb6caQka5JY2r","phone":123}}
*************** response log end *******************

[2018-03-18T17:15:00.075] [INFO] resLogger - 
*************** response log start **************
request method:GET
request originalUrl:/cms/getResInfo?type=1&&id=t_zNd78pPxjs
request client ip:::ffff:127.0.0.1
request query:{"type":"1","id":"t_zNd78pPxjs"}
response time:4
response body:
{"code":0,"msg":"success","data":{"createTime":"2018-03-17T13:18:05.239Z","_id":"5aad158db5ec4cc49cb4dc2f","appId":"appXAKRb6caQka5JY2r","type":1,"name":"这是图文","intro":"这是简介","cover":"","textContent":"哈哈啊","saleType":false,"price":1.1,"saleTime":"2018-05-25T02:30:00.000Z","id":"t_zNd78pPxjs","__v":0}}
*************** response log end *******************

[2018-03-18T17:16:08.608] [INFO] resLogger - 
*************** response log start **************
request method:GET
request originalUrl:/app/info
request client ip:::ffff:127.0.0.1
request query:{}
response time:17
response body:
{"code":0,"msg":"success","data":{"updateTime":"2018-03-10T13:35:58.138Z","createTime":"2018-03-10T13:35:58.138Z","_id":"5aa3df3e18d129fbeef90974","appId":"appXAKRb6caQka5JY2r","phone":123}}
*************** response log end *******************

[2018-03-18T17:16:08.612] [INFO] resLogger - 
*************** response log start **************
request method:GET
request originalUrl:/cms/getResInfo?type=1&&id=t_zNd78pPxjs
request client ip:::ffff:127.0.0.1
request query:{"type":"1","id":"t_zNd78pPxjs"}
response time:16
response body:
{"code":0,"msg":"success","data":{"createTime":"2018-03-17T13:18:05.239Z","_id":"5aad158db5ec4cc49cb4dc2f","appId":"appXAKRb6caQka5JY2r","type":1,"name":"这是图文","intro":"这是简介","cover":"","textContent":"哈哈啊","saleType":false,"price":1.1,"saleTime":"2018-05-25T02:30:00.000Z","id":"t_zNd78pPxjs","__v":0}}
*************** response log end *******************

[2018-03-18T17:16:48.990] [INFO] resLogger - 
*************** response log start **************
request method:GET
request originalUrl:/app/info
request client ip:::ffff:127.0.0.1
request query:{}
response time:2
response body:
{"code":0,"msg":"success","data":{"updateTime":"2018-03-10T13:35:58.138Z","createTime":"2018-03-10T13:35:58.138Z","_id":"5aa3df3e18d129fbeef90974","appId":"appXAKRb6caQka5JY2r","phone":123}}
*************** response log end *******************

[2018-03-18T17:16:49.005] [INFO] resLogger - 
*************** response log start **************
request method:GET
request originalUrl:/cms/getResInfo?type=1&&id=t_zNd78pPxjs
request client ip:::ffff:127.0.0.1
request query:{"type":"1","id":"t_zNd78pPxjs"}
response time:2
response body:
{"code":0,"msg":"success","data":{"createTime":"2018-03-17T13:18:05.239Z","_id":"5aad158db5ec4cc49cb4dc2f","appId":"appXAKRb6caQka5JY2r","type":1,"name":"这是图文","intro":"这是简介","cover":"","textContent":"哈哈啊","saleType":false,"price":1.1,"saleTime":"2018-05-25T02:30:00.000Z","id":"t_zNd78pPxjs","__v":0}}
*************** response log end *******************

[2018-03-18T17:17:03.626] [INFO] resLogger - 
*************** response log start **************
request method:GET
request originalUrl:/app/info
request client ip:::ffff:127.0.0.1
request query:{}
response time:3
response body:
{"code":0,"msg":"success","data":{"updateTime":"2018-03-10T13:35:58.138Z","createTime":"2018-03-10T13:35:58.138Z","_id":"5aa3df3e18d129fbeef90974","appId":"appXAKRb6caQka5JY2r","phone":123}}
*************** response log end *******************

[2018-03-18T17:17:03.628] [INFO] resLogger - 
*************** response log start **************
request method:GET
request originalUrl:/cms/getResInfo?type=1&&id=t_zNd78pPxjs
request client ip:::ffff:127.0.0.1
request query:{"type":"1","id":"t_zNd78pPxjs"}
response time:4
response body:
{"code":0,"msg":"success","data":{"createTime":"2018-03-17T13:18:05.239Z","_id":"5aad158db5ec4cc49cb4dc2f","appId":"appXAKRb6caQka5JY2r","type":1,"name":"这是图文","intro":"这是简介","cover":"","textContent":"哈哈啊","saleType":false,"price":1.1,"saleTime":"2018-05-25T02:30:00.000Z","id":"t_zNd78pPxjs","__v":0}}
*************** response log end *******************

[2018-03-18T17:17:34.040] [INFO] resLogger - 
*************** response log start **************
request method:GET
request originalUrl:/app/info
request client ip:::ffff:127.0.0.1
request query:{}
response time:2
response body:
{"code":0,"msg":"success","data":{"updateTime":"2018-03-10T13:35:58.138Z","createTime":"2018-03-10T13:35:58.138Z","_id":"5aa3df3e18d129fbeef90974","appId":"appXAKRb6caQka5JY2r","phone":123}}
*************** response log end *******************

[2018-03-18T17:17:34.044] [INFO] resLogger - 
*************** response log start **************
request method:GET
request originalUrl:/cms/getResInfo?type=1&&id=t_zNd78pPxjs
request client ip:::ffff:127.0.0.1
request query:{"type":"1","id":"t_zNd78pPxjs"}
response time:2
response body:
{"code":0,"msg":"success","data":{"createTime":"2018-03-17T13:18:05.239Z","_id":"5aad158db5ec4cc49cb4dc2f","appId":"appXAKRb6caQka5JY2r","type":1,"name":"这是图文","intro":"这是简介","cover":"","textContent":"哈哈啊","saleType":false,"price":1.1,"saleTime":"2018-05-25T02:30:00.000Z","id":"t_zNd78pPxjs","__v":0}}
*************** response log end *******************

[2018-03-18T17:18:02.015] [INFO] resLogger - 
*************** response log start **************
request method:GET
request originalUrl:/app/info
request client ip:::ffff:127.0.0.1
request query:{}
response time:14
response body:
{"code":0,"msg":"success","data":{"updateTime":"2018-03-10T13:35:58.138Z","createTime":"2018-03-10T13:35:58.138Z","_id":"5aa3df3e18d129fbeef90974","appId":"appXAKRb6caQka5JY2r","phone":123}}
*************** response log end *******************

[2018-03-18T17:18:02.024] [INFO] resLogger - 
*************** response log start **************
request method:GET
request originalUrl:/cms/getResInfo?type=1&&id=t_zNd78pPxjs
request client ip:::ffff:127.0.0.1
request query:{"type":"1","id":"t_zNd78pPxjs"}
response time:5
response body:
{"code":0,"msg":"success","data":{"createTime":"2018-03-17T13:18:05.239Z","_id":"5aad158db5ec4cc49cb4dc2f","appId":"appXAKRb6caQka5JY2r","type":1,"name":"这是图文","intro":"这是简介","cover":"","textContent":"哈哈啊","saleType":false,"price":1.1,"saleTime":"2018-05-25T02:30:00.000Z","id":"t_zNd78pPxjs","__v":0}}
*************** response log end *******************

[2018-03-18T17:18:53.051] [INFO] resLogger - 
*************** response log start **************
request method:GET
request originalUrl:/app/info
request client ip:::ffff:127.0.0.1
request query:{}
response time:11
response body:
{"code":0,"msg":"success","data":{"updateTime":"2018-03-10T13:35:58.138Z","createTime":"2018-03-10T13:35:58.138Z","_id":"5aa3df3e18d129fbeef90974","appId":"appXAKRb6caQka5JY2r","phone":123}}
*************** response log end *******************

[2018-03-18T17:18:53.069] [INFO] resLogger - 
*************** response log start **************
request method:GET
request originalUrl:/cms/getResInfo?type=1&&id=t_zNd78pPxjs
request client ip:::ffff:127.0.0.1
request query:{"type":"1","id":"t_zNd78pPxjs"}
response time:16
response body:
{"code":0,"msg":"success","data":{"createTime":"2018-03-17T13:18:05.239Z","_id":"5aad158db5ec4cc49cb4dc2f","appId":"appXAKRb6caQka5JY2r","type":1,"name":"这是图文","intro":"这是简介","cover":"","textContent":"哈哈啊","saleType":false,"price":1.1,"saleTime":"2018-05-25T02:30:00.000Z","id":"t_zNd78pPxjs","__v":0}}
*************** response log end *******************

[2018-03-18T17:20:53.437] [INFO] resLogger - 
*************** response log start **************
request method:GET
request originalUrl:/app/info
request client ip:::ffff:127.0.0.1
request query:{}
response time:26
response body:
{"code":0,"msg":"success","data":{"updateTime":"2018-03-10T13:35:58.138Z","createTime":"2018-03-10T13:35:58.138Z","_id":"5aa3df3e18d129fbeef90974","appId":"appXAKRb6caQka5JY2r","phone":123}}
*************** response log end *******************

[2018-03-18T17:20:53.439] [INFO] resLogger - 
*************** response log start **************
request method:GET
request originalUrl:/cms/getResInfo?type=1&&id=t_zNd78pPxjs
request client ip:::ffff:127.0.0.1
request query:{"type":"1","id":"t_zNd78pPxjs"}
response time:15
response body:
{"code":0,"msg":"success","data":{"createTime":"2018-03-17T13:18:05.239Z","_id":"5aad158db5ec4cc49cb4dc2f","appId":"appXAKRb6caQka5JY2r","type":1,"name":"这是图文","intro":"这是简介","cover":"","textContent":"哈哈啊","saleType":false,"price":1.1,"saleTime":"2018-05-25T02:30:00.000Z","id":"t_zNd78pPxjs","__v":0}}
*************** response log end *******************

[2018-03-18T17:22:41.612] [INFO] resLogger - 
*************** response log start **************
request method:GET
request originalUrl:/cms/getResInfo?type=1&&id=t_zNd78pPxjs
request client ip:::ffff:127.0.0.1
request query:{"type":"1","id":"t_zNd78pPxjs"}
response time:9
response body:
{"code":0,"msg":"success","data":{"createTime":"2018-03-17T13:18:05.239Z","_id":"5aad158db5ec4cc49cb4dc2f","appId":"appXAKRb6caQka5JY2r","type":1,"name":"这是图文","intro":"这是简介","cover":"","textContent":"哈哈啊","saleType":false,"price":1.1,"saleTime":"2018-05-25T02:30:00.000Z","id":"t_zNd78pPxjs","__v":0}}
*************** response log end *******************

[2018-03-18T17:22:41.616] [INFO] resLogger - 
*************** response log start **************
request method:GET
request originalUrl:/app/info
request client ip:::ffff:127.0.0.1
request query:{}
response time:8
response body:
{"code":0,"msg":"success","data":{"updateTime":"2018-03-10T13:35:58.138Z","createTime":"2018-03-10T13:35:58.138Z","_id":"5aa3df3e18d129fbeef90974","appId":"appXAKRb6caQka5JY2r","phone":123}}
*************** response log end *******************

[2018-03-18T17:24:47.602] [INFO] resLogger - 
*************** response log start **************
request method:GET
request originalUrl:/app/info
request client ip:::ffff:127.0.0.1
request query:{}
response time:11
response body:
{"code":0,"msg":"success","data":{"updateTime":"2018-03-10T13:35:58.138Z","createTime":"2018-03-10T13:35:58.138Z","_id":"5aa3df3e18d129fbeef90974","appId":"appXAKRb6caQka5JY2r","phone":123}}
*************** response log end *******************

[2018-03-18T17:24:47.608] [INFO] resLogger - 
*************** response log start **************
request method:GET
request originalUrl:/cms/getResInfo?type=1&&id=t_zNd78pPxjs
request client ip:::ffff:127.0.0.1
request query:{"type":"1","id":"t_zNd78pPxjs"}
response time:12
response body:
{"code":0,"msg":"success","data":{"createTime":"2018-03-17T13:18:05.239Z","_id":"5aad158db5ec4cc49cb4dc2f","appId":"appXAKRb6caQka5JY2r","type":1,"name":"这是图文","intro":"这是简介","cover":"","textContent":"哈哈啊","saleType":false,"price":1.1,"saleTime":"2018-05-25T02:30:00.000Z","id":"t_zNd78pPxjs","__v":0}}
*************** response log end *******************

[2018-03-18T17:25:53.878] [INFO] resLogger - 
*************** response log start **************
request method:GET
request originalUrl:/cms/getResInfo?type=1&&id=t_zNd78pPxjs
request client ip:::ffff:127.0.0.1
request query:{"type":"1","id":"t_zNd78pPxjs"}
response time:28
response body:
{"code":0,"msg":"success","data":{"createTime":"2018-03-17T13:18:05.239Z","_id":"5aad158db5ec4cc49cb4dc2f","appId":"appXAKRb6caQka5JY2r","type":1,"name":"这是图文","intro":"这是简介","cover":"","textContent":"哈哈啊","saleType":false,"price":1.1,"saleTime":"2018-05-25T02:30:00.000Z","id":"t_zNd78pPxjs","__v":0}}
*************** response log end *******************

[2018-03-18T17:25:53.910] [INFO] resLogger - 
*************** response log start **************
request method:GET
request originalUrl:/app/info
request client ip:::ffff:127.0.0.1
request query:{}
response time:47
response body:
{"code":0,"msg":"success","data":{"updateTime":"2018-03-10T13:35:58.138Z","createTime":"2018-03-10T13:35:58.138Z","_id":"5aa3df3e18d129fbeef90974","appId":"appXAKRb6caQka5JY2r","phone":123}}
*************** response log end *******************

[2018-03-18T17:26:41.497] [INFO] resLogger - 
*************** response log start **************
request method:GET
request originalUrl:/app/info
request client ip:::ffff:127.0.0.1
request query:{}
response time:22
response body:
{"code":0,"msg":"success","data":{"updateTime":"2018-03-10T13:35:58.138Z","createTime":"2018-03-10T13:35:58.138Z","_id":"5aa3df3e18d129fbeef90974","appId":"appXAKRb6caQka5JY2r","phone":123}}
*************** response log end *******************

[2018-03-18T17:26:41.520] [INFO] resLogger - 
*************** response log start **************
request method:GET
request originalUrl:/cms/getResInfo?type=1&&id=t_zNd78pPxjs
request client ip:::ffff:127.0.0.1
request query:{"type":"1","id":"t_zNd78pPxjs"}
response time:40
response body:
{"code":0,"msg":"success","data":{"createTime":"2018-03-17T13:18:05.239Z","_id":"5aad158db5ec4cc49cb4dc2f","appId":"appXAKRb6caQka5JY2r","type":1,"name":"这是图文","intro":"这是简介","cover":"","textContent":"哈哈啊","saleType":false,"price":1.1,"saleTime":"2018-05-25T02:30:00.000Z","id":"t_zNd78pPxjs","__v":0}}
*************** response log end *******************

[2018-03-18T17:26:57.129] [INFO] resLogger - 
*************** response log start **************
request method:GET
request originalUrl:/app/info
request client ip:::ffff:127.0.0.1
request query:{}
response time:2
response body:
{"code":0,"msg":"success","data":{"updateTime":"2018-03-10T13:35:58.138Z","createTime":"2018-03-10T13:35:58.138Z","_id":"5aa3df3e18d129fbeef90974","appId":"appXAKRb6caQka5JY2r","phone":123}}
*************** response log end *******************

[2018-03-18T17:26:57.131] [INFO] resLogger - 
*************** response log start **************
request method:GET
request originalUrl:/cms/getResInfo?type=1&&id=t_zNd78pPxjs
request client ip:::ffff:127.0.0.1
request query:{"type":"1","id":"t_zNd78pPxjs"}
response time:3
response body:
{"code":0,"msg":"success","data":{"createTime":"2018-03-17T13:18:05.239Z","_id":"5aad158db5ec4cc49cb4dc2f","appId":"appXAKRb6caQka5JY2r","type":1,"name":"这是图文","intro":"这是简介","cover":"","textContent":"哈哈啊","saleType":false,"price":1.1,"saleTime":"2018-05-25T02:30:00.000Z","id":"t_zNd78pPxjs","__v":0}}
*************** response log end *******************

[2018-03-18T17:27:47.601] [INFO] resLogger - 
*************** response log start **************
request method:GET
request originalUrl:/app/info
request client ip:::ffff:127.0.0.1
request query:{}
response time:18
response body:
{"code":0,"msg":"success","data":{"updateTime":"2018-03-10T13:35:58.138Z","createTime":"2018-03-10T13:35:58.138Z","_id":"5aa3df3e18d129fbeef90974","appId":"appXAKRb6caQka5JY2r","phone":123}}
*************** response log end *******************

[2018-03-18T17:27:47.606] [INFO] resLogger - 
*************** response log start **************
request method:GET
request originalUrl:/cms/getResInfo?type=1&&id=t_zNd78pPxjs
request client ip:::ffff:127.0.0.1
request query:{"type":"1","id":"t_zNd78pPxjs"}
response time:3
response body:
{"code":0,"msg":"success","data":{"createTime":"2018-03-17T13:18:05.239Z","_id":"5aad158db5ec4cc49cb4dc2f","appId":"appXAKRb6caQka5JY2r","type":1,"name":"这是图文","intro":"这是简介","cover":"","textContent":"哈哈啊","saleType":false,"price":1.1,"saleTime":"2018-05-25T02:30:00.000Z","id":"t_zNd78pPxjs","__v":0}}
*************** response log end *******************

[2018-03-18T17:28:22.387] [INFO] resLogger - 
*************** response log start **************
request method:GET
request originalUrl:/app/info
request client ip:::ffff:127.0.0.1
request query:{}
response time:14
response body:
{"code":0,"msg":"success","data":{"updateTime":"2018-03-10T13:35:58.138Z","createTime":"2018-03-10T13:35:58.138Z","_id":"5aa3df3e18d129fbeef90974","appId":"appXAKRb6caQka5JY2r","phone":123}}
*************** response log end *******************

[2018-03-18T17:28:22.393] [INFO] resLogger - 
*************** response log start **************
request method:GET
request originalUrl:/cms/getResInfo?type=1&&id=t_zNd78pPxjs
request client ip:::ffff:127.0.0.1
request query:{"type":"1","id":"t_zNd78pPxjs"}
response time:3
response body:
{"code":0,"msg":"success","data":{"createTime":"2018-03-17T13:18:05.239Z","_id":"5aad158db5ec4cc49cb4dc2f","appId":"appXAKRb6caQka5JY2r","type":1,"name":"这是图文","intro":"这是简介","cover":"","textContent":"哈哈啊","saleType":false,"price":1.1,"saleTime":"2018-05-25T02:30:00.000Z","id":"t_zNd78pPxjs","__v":0}}
*************** response log end *******************

[2018-03-18T17:31:40.092] [INFO] resLogger - 
*************** response log start **************
request method:GET
request originalUrl:/app/info
request client ip:::ffff:127.0.0.1
request query:{}
response time:46
response body:
{"code":0,"msg":"success","data":{"updateTime":"2018-03-10T13:35:58.138Z","createTime":"2018-03-10T13:35:58.138Z","_id":"5aa3df3e18d129fbeef90974","appId":"appXAKRb6caQka5JY2r","phone":123}}
*************** response log end *******************

[2018-03-18T17:31:40.093] [INFO] resLogger - 
*************** response log start **************
request method:GET
request originalUrl:/cms/getResInfo?type=1&&id=t_zNd78pPxjs
request client ip:::ffff:127.0.0.1
request query:{"type":"1","id":"t_zNd78pPxjs"}
response time:36
response body:
{"code":0,"msg":"success","data":{"createTime":"2018-03-17T13:18:05.239Z","_id":"5aad158db5ec4cc49cb4dc2f","appId":"appXAKRb6caQka5JY2r","type":1,"name":"这是图文","intro":"这是简介","cover":"","textContent":"哈哈啊","saleType":false,"price":1.1,"saleTime":"2018-05-25T02:30:00.000Z","id":"t_zNd78pPxjs","__v":0}}
*************** response log end *******************

[2018-03-18T17:32:01.050] [INFO] resLogger - 
*************** response log start **************
request method:GET
request originalUrl:/app/info
request client ip:::ffff:127.0.0.1
request query:{}
response time:2
response body:
{"code":0,"msg":"success","data":{"updateTime":"2018-03-10T13:35:58.138Z","createTime":"2018-03-10T13:35:58.138Z","_id":"5aa3df3e18d129fbeef90974","appId":"appXAKRb6caQka5JY2r","phone":123}}
*************** response log end *******************

[2018-03-18T17:32:07.861] [INFO] resLogger - 
*************** response log start **************
request method:GET
request originalUrl:/cms/getResList?type=1
request client ip:::ffff:127.0.0.1
request query:{"type":"1"}
response time:39
response body:
{"code":0,"msg":"success","data":[{"createTime":"2018-03-17T13:18:05.239Z","_id":"5aad158db5ec4cc49cb4dc2f","appId":"appXAKRb6caQka5JY2r","type":1,"name":"这是图文","intro":"这是简介","cover":"","textContent":"哈哈啊","saleType":false,"price":1.1,"saleTime":"2018-05-25T02:30:00.000Z","id":"t_zNd78pPxjs","__v":0},{"createTime":"2018-03-17T13:18:45.438Z","_id":"5aad15b5b5ec4cc49cb4dc30","appId":"appXAKRb6caQka5JY2r","type":1,"name":"这是图文12312","intro":"这是简介222","cover":"","textContent":"哈哈啊2123123123","saleType":false,"price":1.12,"saleTime":"2018-05-25T02:30:00.000Z","id":"t_RiNZMXtNFr","__v":0},{"createTime":"2018-03-17T13:18:56.901Z","_id":"5aad15c0b5ec4cc49cb4dc31","appId":"appXAKRb6caQka5JY2r","type":1,"name":"3123这321图文12312","intro":"这是简介222","cover":"","textContent":"哈哈啊21231oo23123","saleType":false,"price":1.122,"saleTime":"2018-05-25T02:30:00.000Z","id":"t_3Nb5CtBEwX","__v":0},{"createTime":"2018-03-18T01:28:31.663Z","_id":"5aadc0bf3064eac5b7a921ae","appId":"appXAKRb6caQka5JY2r","type":1,"name":"222","intro":"123","cover":"","textContent":"222","saleType":true,"price":0.01,"saleTime":"2018-03-18T01:24:18.000Z","id":"t_aitGJbJjb8","__v":0},{"createTime":"2018-03-18T01:28:45.627Z","_id":"5aadc0cd3064eac5b7a921af","appId":"appXAKRb6caQka5JY2r","type":1,"name":"222","intro":"123","cover":"","textContent":"222","saleType":true,"price":0.01,"saleTime":"2018-03-18T13:24:18.000Z","id":"t_wxknfj7MDy","__v":0},{"createTime":"2018-03-18T06:52:07.670Z","_id":"5aae0c97fd7050ea7586232b","appId":"appXAKRb6caQka5JY2r","type":1,"name":"图文","intro":"123123","cover":"http://jserk.oss-cn-shenzhen.aliyuncs.com/saas_pic/timg.jpeg","textContent":"123","saleType":true,"price":0.01,"saleTime":"2018-03-18T06:51:41.000Z","id":"t_273G7EnfXp","__v":0}]}
*************** response log end *******************

[2018-03-18T17:32:09.844] [INFO] resLogger - 
*************** response log start **************
request method:GET
request originalUrl:/cms/getResInfo?type=1&&id=t_zNd78pPxjs
request client ip:::ffff:127.0.0.1
request query:{"type":"1","id":"t_zNd78pPxjs"}
response time:4
response body:
{"code":0,"msg":"success","data":{"createTime":"2018-03-17T13:18:05.239Z","_id":"5aad158db5ec4cc49cb4dc2f","appId":"appXAKRb6caQka5JY2r","type":1,"name":"这是图文","intro":"这是简介","cover":"","textContent":"哈哈啊","saleType":false,"price":1.1,"saleTime":"2018-05-25T02:30:00.000Z","id":"t_zNd78pPxjs","__v":0}}
*************** response log end *******************

[2018-03-18T17:33:06.191] [INFO] resLogger - 
*************** response log start **************
request method:GET
request originalUrl:/app/info
request client ip:::ffff:127.0.0.1
request query:{}
response time:33
response body:
{"code":0,"msg":"success","data":{"updateTime":"2018-03-10T13:35:58.138Z","createTime":"2018-03-10T13:35:58.138Z","_id":"5aa3df3e18d129fbeef90974","appId":"appXAKRb6caQka5JY2r","phone":123}}
*************** response log end *******************

[2018-03-18T17:33:06.194] [INFO] resLogger - 
*************** response log start **************
request method:GET
request originalUrl:/cms/getResInfo?type=1&&id=t_zNd78pPxjs
request client ip:::ffff:127.0.0.1
request query:{"type":"1","id":"t_zNd78pPxjs"}
response time:23
response body:
{"code":0,"msg":"success","data":{"createTime":"2018-03-17T13:18:05.239Z","_id":"5aad158db5ec4cc49cb4dc2f","appId":"appXAKRb6caQka5JY2r","type":1,"name":"这是图文","intro":"这是简介","cover":"","textContent":"哈哈啊","saleType":false,"price":1.1,"saleTime":"2018-05-25T02:30:00.000Z","id":"t_zNd78pPxjs","__v":0}}
*************** response log end *******************

[2018-03-18T17:33:18.565] [INFO] resLogger - 
*************** response log start **************
request method:GET
request originalUrl:/app/info
request client ip:::ffff:127.0.0.1
request query:{}
response time:3
response body:
{"code":0,"msg":"success","data":{"updateTime":"2018-03-10T13:35:58.138Z","createTime":"2018-03-10T13:35:58.138Z","_id":"5aa3df3e18d129fbeef90974","appId":"appXAKRb6caQka5JY2r","phone":123}}
*************** response log end *******************

[2018-03-18T17:33:18.569] [INFO] resLogger - 
*************** response log start **************
request method:GET
request originalUrl:/cms/getResInfo?type=1&&id=t_zNd78pPxjs
request client ip:::ffff:127.0.0.1
request query:{"type":"1","id":"t_zNd78pPxjs"}
response time:3
response body:
{"code":0,"msg":"success","data":{"createTime":"2018-03-17T13:18:05.239Z","_id":"5aad158db5ec4cc49cb4dc2f","appId":"appXAKRb6caQka5JY2r","type":1,"name":"这是图文","intro":"这是简介","cover":"","textContent":"哈哈啊","saleType":false,"price":1.1,"saleTime":"2018-05-25T02:30:00.000Z","id":"t_zNd78pPxjs","__v":0}}
*************** response log end *******************

[2018-03-18T17:39:56.033] [INFO] resLogger - 
*************** response log start **************
request method:GET
request originalUrl:/app/info
request client ip:::ffff:127.0.0.1
request query:{}
response time:2
response body:
{"code":1,"msg":"cookies已过期，进入登录状态"}
*************** response log end *******************

[2018-03-18T17:39:56.058] [INFO] resLogger - 
*************** response log start **************
request method:GET
request originalUrl:/cms/getResInfo?type=1&&id=t_zNd78pPxjs
request client ip:::ffff:127.0.0.1
request query:{"type":"1","id":"t_zNd78pPxjs"}
response time:7
response body:
{"code":0,"msg":"success","data":{"createTime":"2018-03-17T13:18:05.239Z","_id":"5aad158db5ec4cc49cb4dc2f","appId":"appXAKRb6caQka5JY2r","type":1,"name":"这是图文","intro":"这是简介","cover":"","textContent":"哈哈啊","saleType":false,"price":1.1,"saleTime":"2018-05-25T02:30:00.000Z","id":"t_zNd78pPxjs","__v":0}}
*************** response log end *******************

[2018-03-18T17:40:26.433] [INFO] resLogger - 
*************** response log start **************
request method:POST
request originalUrl:/app/login
request client ip:::ffff:127.0.0.1
request body
{"phone":"123","pwd":"123"}
response time:3
response body:
{"code":0,"msg":"success","data":{"updateTime":"2018-03-10T13:35:58.138Z","createTime":"2018-03-10T13:35:58.138Z","_id":"5aa3df3e18d129fbeef90974","appId":"appXAKRb6caQka5JY2r","phone":123}}
*************** response log end *******************

[2018-03-18T17:40:26.826] [INFO] resLogger - 
*************** response log start **************
request method:GET
request originalUrl:/app/info
request client ip:::ffff:127.0.0.1
request query:{}
response time:2
response body:
{"code":0,"msg":"success","data":{"updateTime":"2018-03-10T13:35:58.138Z","createTime":"2018-03-10T13:35:58.138Z","_id":"5aa3df3e18d129fbeef90974","appId":"appXAKRb6caQka5JY2r","phone":123}}
*************** response log end *******************

[2018-03-18T17:40:29.523] [INFO] resLogger - 
*************** response log start **************
request method:GET
request originalUrl:/cms/getResList?type=1
request client ip:::ffff:127.0.0.1
request query:{"type":"1"}
response time:4
response body:
{"code":0,"msg":"success","data":[{"createTime":"2018-03-17T13:18:05.239Z","_id":"5aad158db5ec4cc49cb4dc2f","appId":"appXAKRb6caQka5JY2r","type":1,"name":"这是图文","intro":"这是简介","cover":"","textContent":"哈哈啊","saleType":false,"price":1.1,"saleTime":"2018-05-25T02:30:00.000Z","id":"t_zNd78pPxjs","__v":0},{"createTime":"2018-03-17T13:18:45.438Z","_id":"5aad15b5b5ec4cc49cb4dc30","appId":"appXAKRb6caQka5JY2r","type":1,"name":"这是图文12312","intro":"这是简介222","cover":"","textContent":"哈哈啊2123123123","saleType":false,"price":1.12,"saleTime":"2018-05-25T02:30:00.000Z","id":"t_RiNZMXtNFr","__v":0},{"createTime":"2018-03-17T13:18:56.901Z","_id":"5aad15c0b5ec4cc49cb4dc31","appId":"appXAKRb6caQka5JY2r","type":1,"name":"3123这321图文12312","intro":"这是简介222","cover":"","textContent":"哈哈啊21231oo23123","saleType":false,"price":1.122,"saleTime":"2018-05-25T02:30:00.000Z","id":"t_3Nb5CtBEwX","__v":0},{"createTime":"2018-03-18T01:28:31.663Z","_id":"5aadc0bf3064eac5b7a921ae","appId":"appXAKRb6caQka5JY2r","type":1,"name":"222","intro":"123","cover":"","textContent":"222","saleType":true,"price":0.01,"saleTime":"2018-03-18T01:24:18.000Z","id":"t_aitGJbJjb8","__v":0},{"createTime":"2018-03-18T01:28:45.627Z","_id":"5aadc0cd3064eac5b7a921af","appId":"appXAKRb6caQka5JY2r","type":1,"name":"222","intro":"123","cover":"","textContent":"222","saleType":true,"price":0.01,"saleTime":"2018-03-18T13:24:18.000Z","id":"t_wxknfj7MDy","__v":0},{"createTime":"2018-03-18T06:52:07.670Z","_id":"5aae0c97fd7050ea7586232b","appId":"appXAKRb6caQka5JY2r","type":1,"name":"图文","intro":"123123","cover":"http://jserk.oss-cn-shenzhen.aliyuncs.com/saas_pic/timg.jpeg","textContent":"123","saleType":true,"price":0.01,"saleTime":"2018-03-18T06:51:41.000Z","id":"t_273G7EnfXp","__v":0}]}
*************** response log end *******************

[2018-03-18T17:45:48.646] [INFO] resLogger - 
*************** response log start **************
request method:POST
request originalUrl:/app/login
request client ip:::ffff:127.0.0.1
request body
{"phone":"123","pwd":"123"}
response time:30
response body:
{"code":0,"msg":"success","data":{"updateTime":"2018-03-10T13:35:58.138Z","createTime":"2018-03-10T13:35:58.138Z","_id":"5aa3df3e18d129fbeef90974","appId":"appXAKRb6caQka5JY2r","phone":123}}
*************** response log end *******************

[2018-03-18T17:45:48.841] [INFO] resLogger - 
*************** response log start **************
request method:GET
request originalUrl:/app/info
request client ip:::ffff:127.0.0.1
request query:{}
response time:4
response body:
{"code":0,"msg":"success","data":{"updateTime":"2018-03-10T13:35:58.138Z","createTime":"2018-03-10T13:35:58.138Z","_id":"5aa3df3e18d129fbeef90974","appId":"appXAKRb6caQka5JY2r","phone":123}}
*************** response log end *******************

[2018-03-18T17:45:52.279] [INFO] resLogger - 
*************** response log start **************
request method:GET
request originalUrl:/cms/getResList?type=1
request client ip:::ffff:127.0.0.1
request query:{"type":"1"}
response time:6
response body:
{"code":0,"msg":"success","data":[{"createTime":"2018-03-17T13:18:05.239Z","_id":"5aad158db5ec4cc49cb4dc2f","appId":"appXAKRb6caQka5JY2r","type":1,"name":"这是图文","intro":"这是简介","cover":"","textContent":"哈哈啊","saleType":false,"price":1.1,"saleTime":"2018-05-25T02:30:00.000Z","id":"t_zNd78pPxjs","__v":0},{"createTime":"2018-03-17T13:18:45.438Z","_id":"5aad15b5b5ec4cc49cb4dc30","appId":"appXAKRb6caQka5JY2r","type":1,"name":"这是图文12312","intro":"这是简介222","cover":"","textContent":"哈哈啊2123123123","saleType":false,"price":1.12,"saleTime":"2018-05-25T02:30:00.000Z","id":"t_RiNZMXtNFr","__v":0},{"createTime":"2018-03-17T13:18:56.901Z","_id":"5aad15c0b5ec4cc49cb4dc31","appId":"appXAKRb6caQka5JY2r","type":1,"name":"3123这321图文12312","intro":"这是简介222","cover":"","textContent":"哈哈啊21231oo23123","saleType":false,"price":1.122,"saleTime":"2018-05-25T02:30:00.000Z","id":"t_3Nb5CtBEwX","__v":0},{"createTime":"2018-03-18T01:28:31.663Z","_id":"5aadc0bf3064eac5b7a921ae","appId":"appXAKRb6caQka5JY2r","type":1,"name":"222","intro":"123","cover":"","textContent":"222","saleType":true,"price":0.01,"saleTime":"2018-03-18T01:24:18.000Z","id":"t_aitGJbJjb8","__v":0},{"createTime":"2018-03-18T01:28:45.627Z","_id":"5aadc0cd3064eac5b7a921af","appId":"appXAKRb6caQka5JY2r","type":1,"name":"222","intro":"123","cover":"","textContent":"222","saleType":true,"price":0.01,"saleTime":"2018-03-18T13:24:18.000Z","id":"t_wxknfj7MDy","__v":0},{"createTime":"2018-03-18T06:52:07.670Z","_id":"5aae0c97fd7050ea7586232b","appId":"appXAKRb6caQka5JY2r","type":1,"name":"图文","intro":"123123","cover":"http://jserk.oss-cn-shenzhen.aliyuncs.com/saas_pic/timg.jpeg","textContent":"123","saleType":true,"price":0.01,"saleTime":"2018-03-18T06:51:41.000Z","id":"t_273G7EnfXp","__v":0}]}
*************** response log end *******************

[2018-03-18T17:46:00.324] [INFO] resLogger - 
*************** response log start **************
request method:GET
request originalUrl:/cms/getResInfo?type=1&&id=t_zNd78pPxjs
request client ip:::ffff:127.0.0.1
request query:{"type":"1","id":"t_zNd78pPxjs"}
response time:9
response body:
{"code":0,"msg":"success","data":{"createTime":"2018-03-17T13:18:05.239Z","_id":"5aad158db5ec4cc49cb4dc2f","appId":"appXAKRb6caQka5JY2r","type":1,"name":"这是图文","intro":"这是简介","cover":"","textContent":"哈哈啊","saleType":false,"price":1.1,"saleTime":"2018-05-25T02:30:00.000Z","id":"t_zNd78pPxjs","__v":0}}
*************** response log end *******************

[2018-03-18T17:47:08.984] [INFO] resLogger - 
*************** response log start **************
request method:GET
request originalUrl:/app/info
request client ip:::ffff:127.0.0.1
request query:{}
response time:5
response body:
{"code":0,"msg":"success","data":{"updateTime":"2018-03-10T13:35:58.138Z","createTime":"2018-03-10T13:35:58.138Z","_id":"5aa3df3e18d129fbeef90974","appId":"appXAKRb6caQka5JY2r","phone":123}}
*************** response log end *******************

[2018-03-18T17:47:08.989] [INFO] resLogger - 
*************** response log start **************
request method:GET
request originalUrl:/cms/getResInfo?type=1&&id=t_zNd78pPxjs
request client ip:::ffff:127.0.0.1
request query:{"type":"1","id":"t_zNd78pPxjs"}
response time:9
response body:
{"code":0,"msg":"success","data":{"createTime":"2018-03-17T13:18:05.239Z","_id":"5aad158db5ec4cc49cb4dc2f","appId":"appXAKRb6caQka5JY2r","type":1,"name":"这是图文","intro":"这是简介","cover":"","textContent":"哈哈啊","saleType":false,"price":1.1,"saleTime":"2018-05-25T02:30:00.000Z","id":"t_zNd78pPxjs","__v":0}}
*************** response log end *******************

[2018-03-18T17:47:37.183] [INFO] resLogger - 
*************** response log start **************
request method:GET
request originalUrl:/cms/getResInfo?type=1&&id=t_zNd78pPxjs
request client ip:::ffff:127.0.0.1
request query:{"type":"1","id":"t_zNd78pPxjs"}
response time:3
response body:
{"code":0,"msg":"success","data":{"createTime":"2018-03-17T13:18:05.239Z","_id":"5aad158db5ec4cc49cb4dc2f","appId":"appXAKRb6caQka5JY2r","type":1,"name":"这是图文","intro":"这是简介","cover":"","textContent":"哈哈啊","saleType":false,"price":1.1,"saleTime":"2018-05-25T02:30:00.000Z","id":"t_zNd78pPxjs","__v":0}}
*************** response log end *******************

[2018-03-18T17:47:37.225] [INFO] resLogger - 
*************** response log start **************
request method:GET
request originalUrl:/app/info
request client ip:::ffff:127.0.0.1
request query:{}
response time:2
response body:
{"code":0,"msg":"success","data":{"updateTime":"2018-03-10T13:35:58.138Z","createTime":"2018-03-10T13:35:58.138Z","_id":"5aa3df3e18d129fbeef90974","appId":"appXAKRb6caQka5JY2r","phone":123}}
*************** response log end *******************

[2018-03-18T17:47:45.977] [INFO] resLogger - 
*************** response log start **************
request method:GET
request originalUrl:/cms/getResList?type=1
request client ip:::ffff:127.0.0.1
request query:{"type":"1"}
response time:4
response body:
{"code":0,"msg":"success","data":[{"createTime":"2018-03-17T13:18:05.239Z","_id":"5aad158db5ec4cc49cb4dc2f","appId":"appXAKRb6caQka5JY2r","type":1,"name":"这是图文","intro":"这是简介","cover":"","textContent":"哈哈啊","saleType":false,"price":1.1,"saleTime":"2018-05-25T02:30:00.000Z","id":"t_zNd78pPxjs","__v":0},{"createTime":"2018-03-17T13:18:45.438Z","_id":"5aad15b5b5ec4cc49cb4dc30","appId":"appXAKRb6caQka5JY2r","type":1,"name":"这是图文12312","intro":"这是简介222","cover":"","textContent":"哈哈啊2123123123","saleType":false,"price":1.12,"saleTime":"2018-05-25T02:30:00.000Z","id":"t_RiNZMXtNFr","__v":0},{"createTime":"2018-03-17T13:18:56.901Z","_id":"5aad15c0b5ec4cc49cb4dc31","appId":"appXAKRb6caQka5JY2r","type":1,"name":"3123这321图文12312","intro":"这是简介222","cover":"","textContent":"哈哈啊21231oo23123","saleType":false,"price":1.122,"saleTime":"2018-05-25T02:30:00.000Z","id":"t_3Nb5CtBEwX","__v":0},{"createTime":"2018-03-18T01:28:31.663Z","_id":"5aadc0bf3064eac5b7a921ae","appId":"appXAKRb6caQka5JY2r","type":1,"name":"222","intro":"123","cover":"","textContent":"222","saleType":true,"price":0.01,"saleTime":"2018-03-18T01:24:18.000Z","id":"t_aitGJbJjb8","__v":0},{"createTime":"2018-03-18T01:28:45.627Z","_id":"5aadc0cd3064eac5b7a921af","appId":"appXAKRb6caQka5JY2r","type":1,"name":"222","intro":"123","cover":"","textContent":"222","saleType":true,"price":0.01,"saleTime":"2018-03-18T13:24:18.000Z","id":"t_wxknfj7MDy","__v":0},{"createTime":"2018-03-18T06:52:07.670Z","_id":"5aae0c97fd7050ea7586232b","appId":"appXAKRb6caQka5JY2r","type":1,"name":"图文","intro":"123123","cover":"http://jserk.oss-cn-shenzhen.aliyuncs.com/saas_pic/timg.jpeg","textContent":"123","saleType":true,"price":0.01,"saleTime":"2018-03-18T06:51:41.000Z","id":"t_273G7EnfXp","__v":0}]}
*************** response log end *******************

[2018-03-18T17:47:50.342] [INFO] resLogger - 
*************** response log start **************
request method:GET
request originalUrl:/app/info
request client ip:::ffff:127.0.0.1
request query:{}
response time:1
response body:
{"code":0,"msg":"success","data":{"updateTime":"2018-03-10T13:35:58.138Z","createTime":"2018-03-10T13:35:58.138Z","_id":"5aa3df3e18d129fbeef90974","appId":"appXAKRb6caQka5JY2r","phone":123}}
*************** response log end *******************

[2018-03-18T17:47:50.348] [INFO] resLogger - 
*************** response log start **************
request method:GET
request originalUrl:/cms/getResList?type=1
request client ip:::ffff:127.0.0.1
request query:{"type":"1"}
response time:3
response body:
{"code":0,"msg":"success","data":[{"createTime":"2018-03-17T13:18:05.239Z","_id":"5aad158db5ec4cc49cb4dc2f","appId":"appXAKRb6caQka5JY2r","type":1,"name":"这是图文","intro":"这是简介","cover":"","textContent":"哈哈啊","saleType":false,"price":1.1,"saleTime":"2018-05-25T02:30:00.000Z","id":"t_zNd78pPxjs","__v":0},{"createTime":"2018-03-17T13:18:45.438Z","_id":"5aad15b5b5ec4cc49cb4dc30","appId":"appXAKRb6caQka5JY2r","type":1,"name":"这是图文12312","intro":"这是简介222","cover":"","textContent":"哈哈啊2123123123","saleType":false,"price":1.12,"saleTime":"2018-05-25T02:30:00.000Z","id":"t_RiNZMXtNFr","__v":0},{"createTime":"2018-03-17T13:18:56.901Z","_id":"5aad15c0b5ec4cc49cb4dc31","appId":"appXAKRb6caQka5JY2r","type":1,"name":"3123这321图文12312","intro":"这是简介222","cover":"","textContent":"哈哈啊21231oo23123","saleType":false,"price":1.122,"saleTime":"2018-05-25T02:30:00.000Z","id":"t_3Nb5CtBEwX","__v":0},{"createTime":"2018-03-18T01:28:31.663Z","_id":"5aadc0bf3064eac5b7a921ae","appId":"appXAKRb6caQka5JY2r","type":1,"name":"222","intro":"123","cover":"","textContent":"222","saleType":true,"price":0.01,"saleTime":"2018-03-18T01:24:18.000Z","id":"t_aitGJbJjb8","__v":0},{"createTime":"2018-03-18T01:28:45.627Z","_id":"5aadc0cd3064eac5b7a921af","appId":"appXAKRb6caQka5JY2r","type":1,"name":"222","intro":"123","cover":"","textContent":"222","saleType":true,"price":0.01,"saleTime":"2018-03-18T13:24:18.000Z","id":"t_wxknfj7MDy","__v":0},{"createTime":"2018-03-18T06:52:07.670Z","_id":"5aae0c97fd7050ea7586232b","appId":"appXAKRb6caQka5JY2r","type":1,"name":"图文","intro":"123123","cover":"http://jserk.oss-cn-shenzhen.aliyuncs.com/saas_pic/timg.jpeg","textContent":"123","saleType":true,"price":0.01,"saleTime":"2018-03-18T06:51:41.000Z","id":"t_273G7EnfXp","__v":0}]}
*************** response log end *******************

[2018-03-18T17:48:43.445] [INFO] resLogger - 
*************** response log start **************
request method:GET
request originalUrl:/app/info
request client ip:::ffff:127.0.0.1
request query:{}
response time:2
response body:
{"code":0,"msg":"success","data":{"updateTime":"2018-03-10T13:35:58.138Z","createTime":"2018-03-10T13:35:58.138Z","_id":"5aa3df3e18d129fbeef90974","appId":"appXAKRb6caQka5JY2r","phone":123}}
*************** response log end *******************

[2018-03-18T17:48:43.453] [INFO] resLogger - 
*************** response log start **************
request method:GET
request originalUrl:/cms/getResList?type=1
request client ip:::ffff:127.0.0.1
request query:{"type":"1"}
response time:5
response body:
{"code":0,"msg":"success","data":[{"createTime":"2018-03-17T13:18:05.239Z","_id":"5aad158db5ec4cc49cb4dc2f","appId":"appXAKRb6caQka5JY2r","type":1,"name":"这是图文","intro":"这是简介","cover":"","textContent":"哈哈啊","saleType":false,"price":1.1,"saleTime":"2018-05-25T02:30:00.000Z","id":"t_zNd78pPxjs","__v":0},{"createTime":"2018-03-17T13:18:45.438Z","_id":"5aad15b5b5ec4cc49cb4dc30","appId":"appXAKRb6caQka5JY2r","type":1,"name":"这是图文12312","intro":"这是简介222","cover":"","textContent":"哈哈啊2123123123","saleType":false,"price":1.12,"saleTime":"2018-05-25T02:30:00.000Z","id":"t_RiNZMXtNFr","__v":0},{"createTime":"2018-03-17T13:18:56.901Z","_id":"5aad15c0b5ec4cc49cb4dc31","appId":"appXAKRb6caQka5JY2r","type":1,"name":"3123这321图文12312","intro":"这是简介222","cover":"","textContent":"哈哈啊21231oo23123","saleType":false,"price":1.122,"saleTime":"2018-05-25T02:30:00.000Z","id":"t_3Nb5CtBEwX","__v":0},{"createTime":"2018-03-18T01:28:31.663Z","_id":"5aadc0bf3064eac5b7a921ae","appId":"appXAKRb6caQka5JY2r","type":1,"name":"222","intro":"123","cover":"","textContent":"222","saleType":true,"price":0.01,"saleTime":"2018-03-18T01:24:18.000Z","id":"t_aitGJbJjb8","__v":0},{"createTime":"2018-03-18T01:28:45.627Z","_id":"5aadc0cd3064eac5b7a921af","appId":"appXAKRb6caQka5JY2r","type":1,"name":"222","intro":"123","cover":"","textContent":"222","saleType":true,"price":0.01,"saleTime":"2018-03-18T13:24:18.000Z","id":"t_wxknfj7MDy","__v":0},{"createTime":"2018-03-18T06:52:07.670Z","_id":"5aae0c97fd7050ea7586232b","appId":"appXAKRb6caQka5JY2r","type":1,"name":"图文","intro":"123123","cover":"http://jserk.oss-cn-shenzhen.aliyuncs.com/saas_pic/timg.jpeg","textContent":"123","saleType":true,"price":0.01,"saleTime":"2018-03-18T06:51:41.000Z","id":"t_273G7EnfXp","__v":0}]}
*************** response log end *******************

[2018-03-18T17:49:09.669] [INFO] resLogger - 
*************** response log start **************
request method:GET
request originalUrl:/app/info
request client ip:::ffff:127.0.0.1
request query:{}
response time:3
response body:
{"code":0,"msg":"success","data":{"updateTime":"2018-03-10T13:35:58.138Z","createTime":"2018-03-10T13:35:58.138Z","_id":"5aa3df3e18d129fbeef90974","appId":"appXAKRb6caQka5JY2r","phone":123}}
*************** response log end *******************

[2018-03-18T17:49:09.674] [INFO] resLogger - 
*************** response log start **************
request method:GET
request originalUrl:/cms/getResList?type=1
request client ip:::ffff:127.0.0.1
request query:{"type":"1"}
response time:4
response body:
{"code":0,"msg":"success","data":[{"createTime":"2018-03-17T13:18:05.239Z","_id":"5aad158db5ec4cc49cb4dc2f","appId":"appXAKRb6caQka5JY2r","type":1,"name":"这是图文","intro":"这是简介","cover":"","textContent":"哈哈啊","saleType":false,"price":1.1,"saleTime":"2018-05-25T02:30:00.000Z","id":"t_zNd78pPxjs","__v":0},{"createTime":"2018-03-17T13:18:45.438Z","_id":"5aad15b5b5ec4cc49cb4dc30","appId":"appXAKRb6caQka5JY2r","type":1,"name":"这是图文12312","intro":"这是简介222","cover":"","textContent":"哈哈啊2123123123","saleType":false,"price":1.12,"saleTime":"2018-05-25T02:30:00.000Z","id":"t_RiNZMXtNFr","__v":0},{"createTime":"2018-03-17T13:18:56.901Z","_id":"5aad15c0b5ec4cc49cb4dc31","appId":"appXAKRb6caQka5JY2r","type":1,"name":"3123这321图文12312","intro":"这是简介222","cover":"","textContent":"哈哈啊21231oo23123","saleType":false,"price":1.122,"saleTime":"2018-05-25T02:30:00.000Z","id":"t_3Nb5CtBEwX","__v":0},{"createTime":"2018-03-18T01:28:31.663Z","_id":"5aadc0bf3064eac5b7a921ae","appId":"appXAKRb6caQka5JY2r","type":1,"name":"222","intro":"123","cover":"","textContent":"222","saleType":true,"price":0.01,"saleTime":"2018-03-18T01:24:18.000Z","id":"t_aitGJbJjb8","__v":0},{"createTime":"2018-03-18T01:28:45.627Z","_id":"5aadc0cd3064eac5b7a921af","appId":"appXAKRb6caQka5JY2r","type":1,"name":"222","intro":"123","cover":"","textContent":"222","saleType":true,"price":0.01,"saleTime":"2018-03-18T13:24:18.000Z","id":"t_wxknfj7MDy","__v":0},{"createTime":"2018-03-18T06:52:07.670Z","_id":"5aae0c97fd7050ea7586232b","appId":"appXAKRb6caQka5JY2r","type":1,"name":"图文","intro":"123123","cover":"http://jserk.oss-cn-shenzhen.aliyuncs.com/saas_pic/timg.jpeg","textContent":"123","saleType":true,"price":0.01,"saleTime":"2018-03-18T06:51:41.000Z","id":"t_273G7EnfXp","__v":0}]}
*************** response log end *******************

[2018-03-18T17:49:30.349] [INFO] resLogger - 
*************** response log start **************
request method:GET
request originalUrl:/sts
request client ip:::ffff:127.0.0.1
request query:{}
response time:289
response body:
{"code":0,"msg":"success","data":{"AccessKeyId":"STS.EU8tRsZTAQHEjzRKWu6fkTuCT","AccessKeySecret":"CMuzWwH9Kdz2HK6UWfwR1GeMxcZzYiTpR8KyAAhmNn26","SecurityToken":"CAIS5wF1q6Ft5B2yfSjIpJaNP+jHt4tg5oquaFzjr1cgOulHu7Dotjz2IH1FfXdpB+8WsPszm2xX5/kdlqp6U4cdpaNGwAA0vPpt6gqET9frma7ctM4p6vCMHWyUFGSIvqv7aPn4S9XwY+qkb0u++AZ43br9c0fJPTXnS+rr76RqddMKRAK1QCNbDdNNXGtYpdQdKGHaOITGUHeooBKJXRYy4Fci1Tklsf7mnJPD0HeE0g2mkN1yjp/qP52pY/NrOJpCSNqv1IR0DPGcgXcOskYVpPkp0PMYpmaY4cvwAUJc+RaW+FZfGjjI/WQagAEaYwpSwdPKJ6evI1qH5R50dZBfvCcxyverMWhBQESsAm2JigT2x1bc5EVx3yKbqOrYsUIAnKJB0HCPF6nKuucbTAHF4TEN5Cdb1mspwsFpPB8CQvjvZvQbL61+jSbxJSCFOkCzpFqiOylEez396ACHKT5FqpJK2YbTTs6YNbbwvA==","Expiration":"2018-03-18T10:49:30Z"}}
*************** response log end *******************

[2018-03-18T17:49:50.760] [INFO] resLogger - 
*************** response log start **************
request method:POST
request originalUrl:/cms/createRes
request client ip:::ffff:127.0.0.1
request body
{"type":1,"name":"jserk","intro":"123","cover":"http://jserk.oss-cn-shenzhen.aliyuncs.com/saas_pic/timg+(3).jpeg","textContent":"123","saleType":1,"audioSrc":"","price":0,"saleTime":"2018-05-18T17:49:11"}
response time:43
response body:
{"code":0,"msg":"success","data":{"appId":"appXAKRb6caQka5JY2r","type":1,"name":"jserk","intro":"123","cover":"http://jserk.oss-cn-shenzhen.aliyuncs.com/saas_pic/timg+(3).jpeg","textContent":"123","saleType":true,"price":0,"saleTime":"2018-05-18T09:49:11.000Z","id":"t_47XQy8akK4","createTime":"2018-03-18T09:49:50.720Z","_id":"5aae363ef6571303db84e956","__v":0}}
*************** response log end *******************

[2018-03-18T17:49:55.796] [INFO] resLogger - 
*************** response log start **************
request method:GET
request originalUrl:/cms/getResList?type=1
request client ip:::ffff:127.0.0.1
request query:{"type":"1"}
response time:3
response body:
{"code":0,"msg":"success","data":[{"createTime":"2018-03-17T13:18:05.239Z","_id":"5aad158db5ec4cc49cb4dc2f","appId":"appXAKRb6caQka5JY2r","type":1,"name":"这是图文","intro":"这是简介","cover":"","textContent":"哈哈啊","saleType":false,"price":1.1,"saleTime":"2018-05-25T02:30:00.000Z","id":"t_zNd78pPxjs","__v":0},{"createTime":"2018-03-17T13:18:45.438Z","_id":"5aad15b5b5ec4cc49cb4dc30","appId":"appXAKRb6caQka5JY2r","type":1,"name":"这是图文12312","intro":"这是简介222","cover":"","textContent":"哈哈啊2123123123","saleType":false,"price":1.12,"saleTime":"2018-05-25T02:30:00.000Z","id":"t_RiNZMXtNFr","__v":0},{"createTime":"2018-03-17T13:18:56.901Z","_id":"5aad15c0b5ec4cc49cb4dc31","appId":"appXAKRb6caQka5JY2r","type":1,"name":"3123这321图文12312","intro":"这是简介222","cover":"","textContent":"哈哈啊21231oo23123","saleType":false,"price":1.122,"saleTime":"2018-05-25T02:30:00.000Z","id":"t_3Nb5CtBEwX","__v":0},{"createTime":"2018-03-18T01:28:31.663Z","_id":"5aadc0bf3064eac5b7a921ae","appId":"appXAKRb6caQka5JY2r","type":1,"name":"222","intro":"123","cover":"","textContent":"222","saleType":true,"price":0.01,"saleTime":"2018-03-18T01:24:18.000Z","id":"t_aitGJbJjb8","__v":0},{"createTime":"2018-03-18T01:28:45.627Z","_id":"5aadc0cd3064eac5b7a921af","appId":"appXAKRb6caQka5JY2r","type":1,"name":"222","intro":"123","cover":"","textContent":"222","saleType":true,"price":0.01,"saleTime":"2018-03-18T13:24:18.000Z","id":"t_wxknfj7MDy","__v":0},{"createTime":"2018-03-18T06:52:07.670Z","_id":"5aae0c97fd7050ea7586232b","appId":"appXAKRb6caQka5JY2r","type":1,"name":"图文","intro":"123123","cover":"http://jserk.oss-cn-shenzhen.aliyuncs.com/saas_pic/timg.jpeg","textContent":"123","saleType":true,"price":0.01,"saleTime":"2018-03-18T06:51:41.000Z","id":"t_273G7EnfXp","__v":0},{"createTime":"2018-03-18T09:49:50.720Z","_id":"5aae363ef6571303db84e956","appId":"appXAKRb6caQka5JY2r","type":1,"name":"jserk","intro":"123","cover":"http://jserk.oss-cn-shenzhen.aliyuncs.com/saas_pic/timg+(3).jpeg","textContent":"123","saleType":true,"price":0,"saleTime":"2018-05-18T09:49:11.000Z","id":"t_47XQy8akK4","__v":0}]}
*************** response log end *******************

[2018-03-18T17:50:04.224] [INFO] resLogger - 
*************** response log start **************
request method:GET
request originalUrl:/cms/getResInfo?type=1&&id=t_zNd78pPxjs
request client ip:::ffff:127.0.0.1
request query:{"type":"1","id":"t_zNd78pPxjs"}
response time:4
response body:
{"code":0,"msg":"success","data":{"createTime":"2018-03-17T13:18:05.239Z","_id":"5aad158db5ec4cc49cb4dc2f","appId":"appXAKRb6caQka5JY2r","type":1,"name":"这是图文","intro":"这是简介","cover":"","textContent":"哈哈啊","saleType":false,"price":1.1,"saleTime":"2018-05-25T02:30:00.000Z","id":"t_zNd78pPxjs","__v":0}}
*************** response log end *******************

[2018-03-18T17:52:38.673] [INFO] resLogger - 
*************** response log start **************
request method:GET
request originalUrl:/app/info
request client ip:::ffff:127.0.0.1
request query:{}
response time:3
response body:
{"code":0,"msg":"success","data":{"updateTime":"2018-03-10T13:35:58.138Z","createTime":"2018-03-10T13:35:58.138Z","_id":"5aa3df3e18d129fbeef90974","appId":"appXAKRb6caQka5JY2r","phone":123}}
*************** response log end *******************

[2018-03-18T17:52:38.675] [INFO] resLogger - 
*************** response log start **************
request method:GET
request originalUrl:/cms/getResInfo?type=1&&id=t_zNd78pPxjs
request client ip:::ffff:127.0.0.1
request query:{"type":"1","id":"t_zNd78pPxjs"}
response time:4
response body:
{"code":0,"msg":"success","data":{"createTime":"2018-03-17T13:18:05.239Z","_id":"5aad158db5ec4cc49cb4dc2f","appId":"appXAKRb6caQka5JY2r","type":1,"name":"这是图文","intro":"这是简介","cover":"","textContent":"哈哈啊","saleType":false,"price":1.1,"saleTime":"2018-05-25T02:30:00.000Z","id":"t_zNd78pPxjs","__v":0}}
*************** response log end *******************

[2018-03-18T17:52:45.676] [INFO] resLogger - 
*************** response log start **************
request method:GET
request originalUrl:/app/info
request client ip:::ffff:127.0.0.1
request query:{}
response time:2
response body:
{"code":0,"msg":"success","data":{"updateTime":"2018-03-10T13:35:58.138Z","createTime":"2018-03-10T13:35:58.138Z","_id":"5aa3df3e18d129fbeef90974","appId":"appXAKRb6caQka5JY2r","phone":123}}
*************** response log end *******************

[2018-03-18T17:52:45.683] [INFO] resLogger - 
*************** response log start **************
request method:GET
request originalUrl:/cms/getResInfo?type=1&&id=t_zNd78pPxjs
request client ip:::ffff:127.0.0.1
request query:{"type":"1","id":"t_zNd78pPxjs"}
response time:2
response body:
{"code":0,"msg":"success","data":{"createTime":"2018-03-17T13:18:05.239Z","_id":"5aad158db5ec4cc49cb4dc2f","appId":"appXAKRb6caQka5JY2r","type":1,"name":"这是图文","intro":"这是简介","cover":"","textContent":"哈哈啊","saleType":false,"price":1.1,"saleTime":"2018-05-25T02:30:00.000Z","id":"t_zNd78pPxjs","__v":0}}
*************** response log end *******************

[2018-03-18T17:53:13.149] [INFO] resLogger - 
*************** response log start **************
request method:GET
request originalUrl:/app/info
request client ip:::ffff:127.0.0.1
request query:{}
response time:4
response body:
{"code":0,"msg":"success","data":{"updateTime":"2018-03-10T13:35:58.138Z","createTime":"2018-03-10T13:35:58.138Z","_id":"5aa3df3e18d129fbeef90974","appId":"appXAKRb6caQka5JY2r","phone":123}}
*************** response log end *******************

[2018-03-18T17:53:13.151] [INFO] resLogger - 
*************** response log start **************
request method:GET
request originalUrl:/cms/getResInfo?type=1&&id=t_zNd78pPxjs
request client ip:::ffff:127.0.0.1
request query:{"type":"1","id":"t_zNd78pPxjs"}
response time:5
response body:
{"code":0,"msg":"success","data":{"createTime":"2018-03-17T13:18:05.239Z","_id":"5aad158db5ec4cc49cb4dc2f","appId":"appXAKRb6caQka5JY2r","type":1,"name":"这是图文","intro":"这是简介","cover":"","textContent":"哈哈啊","saleType":false,"price":1.1,"saleTime":"2018-05-25T02:30:00.000Z","id":"t_zNd78pPxjs","__v":0}}
*************** response log end *******************

[2018-03-18T17:54:03.696] [INFO] resLogger - 
*************** response log start **************
request method:GET
request originalUrl:/app/info
request client ip:::ffff:127.0.0.1
request query:{}
response time:2
response body:
{"code":0,"msg":"success","data":{"updateTime":"2018-03-10T13:35:58.138Z","createTime":"2018-03-10T13:35:58.138Z","_id":"5aa3df3e18d129fbeef90974","appId":"appXAKRb6caQka5JY2r","phone":123}}
*************** response log end *******************

[2018-03-18T17:54:03.709] [INFO] resLogger - 
*************** response log start **************
request method:GET
request originalUrl:/cms/getResInfo?type=1&&id=t_zNd78pPxjs
request client ip:::ffff:127.0.0.1
request query:{"type":"1","id":"t_zNd78pPxjs"}
response time:2
response body:
{"code":0,"msg":"success","data":{"createTime":"2018-03-17T13:18:05.239Z","_id":"5aad158db5ec4cc49cb4dc2f","appId":"appXAKRb6caQka5JY2r","type":1,"name":"这是图文","intro":"这是简介","cover":"","textContent":"哈哈啊","saleType":false,"price":1.1,"saleTime":"2018-05-25T02:30:00.000Z","id":"t_zNd78pPxjs","__v":0}}
*************** response log end *******************

[2018-03-18T17:54:24.481] [INFO] resLogger - 
*************** response log start **************
request method:GET
request originalUrl:/cms/getResList?type=1
request client ip:::ffff:127.0.0.1
request query:{"type":"1"}
response time:3
response body:
{"code":0,"msg":"success","data":[{"createTime":"2018-03-17T13:18:05.239Z","_id":"5aad158db5ec4cc49cb4dc2f","appId":"appXAKRb6caQka5JY2r","type":1,"name":"这是图文","intro":"这是简介","cover":"","textContent":"哈哈啊","saleType":false,"price":1.1,"saleTime":"2018-05-25T02:30:00.000Z","id":"t_zNd78pPxjs","__v":0},{"createTime":"2018-03-17T13:18:45.438Z","_id":"5aad15b5b5ec4cc49cb4dc30","appId":"appXAKRb6caQka5JY2r","type":1,"name":"这是图文12312","intro":"这是简介222","cover":"","textContent":"哈哈啊2123123123","saleType":false,"price":1.12,"saleTime":"2018-05-25T02:30:00.000Z","id":"t_RiNZMXtNFr","__v":0},{"createTime":"2018-03-17T13:18:56.901Z","_id":"5aad15c0b5ec4cc49cb4dc31","appId":"appXAKRb6caQka5JY2r","type":1,"name":"3123这321图文12312","intro":"这是简介222","cover":"","textContent":"哈哈啊21231oo23123","saleType":false,"price":1.122,"saleTime":"2018-05-25T02:30:00.000Z","id":"t_3Nb5CtBEwX","__v":0},{"createTime":"2018-03-18T01:28:31.663Z","_id":"5aadc0bf3064eac5b7a921ae","appId":"appXAKRb6caQka5JY2r","type":1,"name":"222","intro":"123","cover":"","textContent":"222","saleType":true,"price":0.01,"saleTime":"2018-03-18T01:24:18.000Z","id":"t_aitGJbJjb8","__v":0},{"createTime":"2018-03-18T01:28:45.627Z","_id":"5aadc0cd3064eac5b7a921af","appId":"appXAKRb6caQka5JY2r","type":1,"name":"222","intro":"123","cover":"","textContent":"222","saleType":true,"price":0.01,"saleTime":"2018-03-18T13:24:18.000Z","id":"t_wxknfj7MDy","__v":0},{"createTime":"2018-03-18T06:52:07.670Z","_id":"5aae0c97fd7050ea7586232b","appId":"appXAKRb6caQka5JY2r","type":1,"name":"图文","intro":"123123","cover":"http://jserk.oss-cn-shenzhen.aliyuncs.com/saas_pic/timg.jpeg","textContent":"123","saleType":true,"price":0.01,"saleTime":"2018-03-18T06:51:41.000Z","id":"t_273G7EnfXp","__v":0},{"createTime":"2018-03-18T09:49:50.720Z","_id":"5aae363ef6571303db84e956","appId":"appXAKRb6caQka5JY2r","type":1,"name":"jserk","intro":"123","cover":"http://jserk.oss-cn-shenzhen.aliyuncs.com/saas_pic/timg+(3).jpeg","textContent":"123","saleType":true,"price":0,"saleTime":"2018-05-18T09:49:11.000Z","id":"t_47XQy8akK4","__v":0}]}
*************** response log end *******************

[2018-03-18T17:54:31.167] [INFO] resLogger - 
*************** response log start **************
request method:GET
request originalUrl:/cms/getResList?type=1
request client ip:::ffff:127.0.0.1
request query:{"type":"1"}
response time:4
response body:
{"code":0,"msg":"success","data":[{"createTime":"2018-03-17T13:18:05.239Z","_id":"5aad158db5ec4cc49cb4dc2f","appId":"appXAKRb6caQka5JY2r","type":1,"name":"这是图文","intro":"这是简介","cover":"","textContent":"哈哈啊","saleType":false,"price":1.1,"saleTime":"2018-05-25T02:30:00.000Z","id":"t_zNd78pPxjs","__v":0},{"createTime":"2018-03-17T13:18:45.438Z","_id":"5aad15b5b5ec4cc49cb4dc30","appId":"appXAKRb6caQka5JY2r","type":1,"name":"这是图文12312","intro":"这是简介222","cover":"","textContent":"哈哈啊2123123123","saleType":false,"price":1.12,"saleTime":"2018-05-25T02:30:00.000Z","id":"t_RiNZMXtNFr","__v":0},{"createTime":"2018-03-17T13:18:56.901Z","_id":"5aad15c0b5ec4cc49cb4dc31","appId":"appXAKRb6caQka5JY2r","type":1,"name":"3123这321图文12312","intro":"这是简介222","cover":"","textContent":"哈哈啊21231oo23123","saleType":false,"price":1.122,"saleTime":"2018-05-25T02:30:00.000Z","id":"t_3Nb5CtBEwX","__v":0},{"createTime":"2018-03-18T01:28:31.663Z","_id":"5aadc0bf3064eac5b7a921ae","appId":"appXAKRb6caQka5JY2r","type":1,"name":"222","intro":"123","cover":"","textContent":"222","saleType":true,"price":0.01,"saleTime":"2018-03-18T01:24:18.000Z","id":"t_aitGJbJjb8","__v":0},{"createTime":"2018-03-18T01:28:45.627Z","_id":"5aadc0cd3064eac5b7a921af","appId":"appXAKRb6caQka5JY2r","type":1,"name":"222","intro":"123","cover":"","textContent":"222","saleType":true,"price":0.01,"saleTime":"2018-03-18T13:24:18.000Z","id":"t_wxknfj7MDy","__v":0},{"createTime":"2018-03-18T06:52:07.670Z","_id":"5aae0c97fd7050ea7586232b","appId":"appXAKRb6caQka5JY2r","type":1,"name":"图文","intro":"123123","cover":"http://jserk.oss-cn-shenzhen.aliyuncs.com/saas_pic/timg.jpeg","textContent":"123","saleType":true,"price":0.01,"saleTime":"2018-03-18T06:51:41.000Z","id":"t_273G7EnfXp","__v":0},{"createTime":"2018-03-18T09:49:50.720Z","_id":"5aae363ef6571303db84e956","appId":"appXAKRb6caQka5JY2r","type":1,"name":"jserk","intro":"123","cover":"http://jserk.oss-cn-shenzhen.aliyuncs.com/saas_pic/timg+(3).jpeg","textContent":"123","saleType":true,"price":0,"saleTime":"2018-05-18T09:49:11.000Z","id":"t_47XQy8akK4","__v":0}]}
*************** response log end *******************

[2018-03-18T17:54:33.500] [INFO] resLogger - 
*************** response log start **************
request method:GET
request originalUrl:/cms/getResInfo?type=1&&id=t_RiNZMXtNFr
request client ip:::ffff:127.0.0.1
request query:{"type":"1","id":"t_RiNZMXtNFr"}
response time:5
response body:
{"code":0,"msg":"success","data":{"createTime":"2018-03-17T13:18:45.438Z","_id":"5aad15b5b5ec4cc49cb4dc30","appId":"appXAKRb6caQka5JY2r","type":1,"name":"这是图文12312","intro":"这是简介222","cover":"","textContent":"哈哈啊2123123123","saleType":false,"price":1.12,"saleTime":"2018-05-25T02:30:00.000Z","id":"t_RiNZMXtNFr","__v":0}}
*************** response log end *******************

[2018-03-18T17:54:37.334] [INFO] resLogger - 
*************** response log start **************
request method:GET
request originalUrl:/app/info
request client ip:::ffff:127.0.0.1
request query:{}
response time:2
response body:
{"code":0,"msg":"success","data":{"updateTime":"2018-03-10T13:35:58.138Z","createTime":"2018-03-10T13:35:58.138Z","_id":"5aa3df3e18d129fbeef90974","appId":"appXAKRb6caQka5JY2r","phone":123}}
*************** response log end *******************

[2018-03-18T17:54:37.344] [INFO] resLogger - 
*************** response log start **************
request method:GET
request originalUrl:/cms/getResInfo?type=1&&id=t_RiNZMXtNFr
request client ip:::ffff:127.0.0.1
request query:{"type":"1","id":"t_RiNZMXtNFr"}
response time:2
response body:
{"code":0,"msg":"success","data":{"createTime":"2018-03-17T13:18:45.438Z","_id":"5aad15b5b5ec4cc49cb4dc30","appId":"appXAKRb6caQka5JY2r","type":1,"name":"这是图文12312","intro":"这是简介222","cover":"","textContent":"哈哈啊2123123123","saleType":false,"price":1.12,"saleTime":"2018-05-25T02:30:00.000Z","id":"t_RiNZMXtNFr","__v":0}}
*************** response log end *******************

[2018-03-18T17:54:54.035] [INFO] resLogger - 
*************** response log start **************
request method:GET
request originalUrl:/app/info
request client ip:::ffff:127.0.0.1
request query:{}
response time:2
response body:
{"code":0,"msg":"success","data":{"updateTime":"2018-03-10T13:35:58.138Z","createTime":"2018-03-10T13:35:58.138Z","_id":"5aa3df3e18d129fbeef90974","appId":"appXAKRb6caQka5JY2r","phone":123}}
*************** response log end *******************

[2018-03-18T17:54:54.042] [INFO] resLogger - 
*************** response log start **************
request method:GET
request originalUrl:/cms/getResInfo?type=1&&id=t_RiNZMXtNFr
request client ip:::ffff:127.0.0.1
request query:{"type":"1","id":"t_RiNZMXtNFr"}
response time:2
response body:
{"code":0,"msg":"success","data":{"createTime":"2018-03-17T13:18:45.438Z","_id":"5aad15b5b5ec4cc49cb4dc30","appId":"appXAKRb6caQka5JY2r","type":1,"name":"这是图文12312","intro":"这是简介222","cover":"","textContent":"哈哈啊2123123123","saleType":false,"price":1.12,"saleTime":"2018-05-25T02:30:00.000Z","id":"t_RiNZMXtNFr","__v":0}}
*************** response log end *******************

[2018-03-18T17:55:52.838] [INFO] resLogger - 
*************** response log start **************
request method:GET
request originalUrl:/app/info
request client ip:::ffff:127.0.0.1
request query:{}
response time:3
response body:
{"code":0,"msg":"success","data":{"updateTime":"2018-03-10T13:35:58.138Z","createTime":"2018-03-10T13:35:58.138Z","_id":"5aa3df3e18d129fbeef90974","appId":"appXAKRb6caQka5JY2r","phone":123}}
*************** response log end *******************

[2018-03-18T17:55:52.841] [INFO] resLogger - 
*************** response log start **************
request method:GET
request originalUrl:/cms/getResInfo?type=1&&id=t_RiNZMXtNFr
request client ip:::ffff:127.0.0.1
request query:{"type":"1","id":"t_RiNZMXtNFr"}
response time:2
response body:
{"code":0,"msg":"success","data":{"createTime":"2018-03-17T13:18:45.438Z","_id":"5aad15b5b5ec4cc49cb4dc30","appId":"appXAKRb6caQka5JY2r","type":1,"name":"这是图文12312","intro":"这是简介222","cover":"","textContent":"哈哈啊2123123123","saleType":false,"price":1.12,"saleTime":"2018-05-25T02:30:00.000Z","id":"t_RiNZMXtNFr","__v":0}}
*************** response log end *******************

[2018-03-18T17:56:17.954] [INFO] resLogger - 
*************** response log start **************
request method:GET
request originalUrl:/app/info
request client ip:::ffff:127.0.0.1
request query:{}
response time:2
response body:
{"code":0,"msg":"success","data":{"updateTime":"2018-03-10T13:35:58.138Z","createTime":"2018-03-10T13:35:58.138Z","_id":"5aa3df3e18d129fbeef90974","appId":"appXAKRb6caQka5JY2r","phone":123}}
*************** response log end *******************

[2018-03-18T17:56:17.958] [INFO] resLogger - 
*************** response log start **************
request method:GET
request originalUrl:/cms/getResInfo?type=1&&id=t_RiNZMXtNFr
request client ip:::ffff:127.0.0.1
request query:{"type":"1","id":"t_RiNZMXtNFr"}
response time:2
response body:
{"code":0,"msg":"success","data":{"createTime":"2018-03-17T13:18:45.438Z","_id":"5aad15b5b5ec4cc49cb4dc30","appId":"appXAKRb6caQka5JY2r","type":1,"name":"这是图文12312","intro":"这是简介222","cover":"","textContent":"哈哈啊2123123123","saleType":false,"price":1.12,"saleTime":"2018-05-25T02:30:00.000Z","id":"t_RiNZMXtNFr","__v":0}}
*************** response log end *******************

