[2017-12-18T19:00:33.029] [INFO] resLogger - 
*************** response log start **************
request method:GET
request originalUrl:/user/info
request client ip:::ffff:127.0.0.1
request query:{}
response time:1
response body:
{"code":0,"msg":"success","data":{"_id":"5a377b3859794d118f8b37ca","user":"kboss","type":"boss"}}
*************** response log end *******************

[2017-12-18T19:00:47.967] [INFO] resLogger - 
*************** response log start **************
request method:GET
request originalUrl:/user/info
request client ip:::ffff:127.0.0.1
request query:{}
response time:2
response body:
{"code":0,"msg":"success","data":{"_id":"5a377b3859794d118f8b37ca","user":"kboss","type":"boss"}}
*************** response log end *******************

[2017-12-18T19:01:08.514] [INFO] resLogger - 
*************** response log start **************
request method:GET
request originalUrl:/user/info
request client ip:::ffff:127.0.0.1
request query:{}
response time:3
response body:
{"code":0,"msg":"success","data":{"_id":"5a377b3859794d118f8b37ca","user":"kboss","type":"boss"}}
*************** response log end *******************

[2017-12-18T19:02:54.431] [INFO] resLogger - 
*************** response log start **************
request method:GET
request originalUrl:/user/info
request client ip:::ffff:127.0.0.1
request query:{}
response time:2
response body:
{"code":0,"msg":"success","data":{"_id":"5a377b3859794d118f8b37ca","user":"kboss","type":"boss"}}
*************** response log end *******************

[2017-12-18T19:04:32.655] [INFO] resLogger - 
*************** response log start **************
request method:POST
request originalUrl:/user/update
request client ip:::ffff:127.0.0.1
request body
{"title":"前端","avatar":"pic1","company":"触宝科技","money":"15-25k","desc":"一年经验"}
response time:0
response body:
undefined
*************** response log end *******************

[2017-12-18T19:12:26.327] [INFO] resLogger - 
*************** response log start **************
request method:GET
request originalUrl:/user/info
request client ip:::ffff:127.0.0.1
request query:{}
response time:33
response body:
{"code":0,"msg":"success","data":{"_id":"5a377b3859794d118f8b37ca","user":"kboss","type":"boss"}}
*************** response log end *******************

[2017-12-18T19:12:58.923] [INFO] resLogger - 
*************** response log start **************
request method:GET
request originalUrl:/user/info
request client ip:::ffff:127.0.0.1
request query:{}
response time:4
response body:
{"code":0,"msg":"success","data":{"_id":"5a377b3859794d118f8b37ca","user":"kboss","type":"boss"}}
*************** response log end *******************

[2017-12-18T19:14:59.879] [INFO] resLogger - 
*************** response log start **************
request method:POST
request originalUrl:/user/update
request client ip:::ffff:127.0.0.1
request body
{"title":"前端","avatar":"pic2","company":"qwe","money":"qwe","desc":"qwe"}
response time:23
response body:
{"code":0}
*************** response log end *******************

[2017-12-18T19:14:59.998] [INFO] resLogger - 
*************** response log start **************
request method:GET
request originalUrl:/%3Canonymous%3E
request client ip:::ffff:127.0.0.1
request query:{}
response time:0
response body:
undefined
*************** response log end *******************

[2017-12-18T19:16:59.886] [INFO] resLogger - 
*************** response log start **************
request method:GET
request originalUrl:/user/info
request client ip:::ffff:127.0.0.1
request query:{}
response time:15
response body:
{"code":0,"msg":"success","data":{"_id":"5a377b3859794d118f8b37ca","user":"kboss","type":"boss","title":"前端","avatar":"pic2","company":"qwe","money":"qwe","desc":"qwe"}}
*************** response log end *******************

[2017-12-18T19:17:05.828] [INFO] resLogger - 
*************** response log start **************
request method:POST
request originalUrl:/user/update
request client ip:::ffff:127.0.0.1
request body
{"title":"qwe","avatar":"pic1","company":"qwe","money":"qwe","desc":"qwe"}
response time:1
response body:
{"code":0}
*************** response log end *******************

[2017-12-18T19:17:05.875] [INFO] resLogger - 
*************** response log start **************
request method:GET
request originalUrl:/%3Canonymous%3E
request client ip:::ffff:127.0.0.1
request query:{}
response time:0
response body:
undefined
*************** response log end *******************

[2017-12-18T19:18:32.736] [INFO] resLogger - 
*************** response log start **************
request method:GET
request originalUrl:/user/info
request client ip:::ffff:127.0.0.1
request query:{}
response time:40
response body:
{"code":0,"msg":"success","data":{"_id":"5a377b3859794d118f8b37ca","user":"kboss","type":"boss","title":"qwe","avatar":"pic1","company":"qwe","money":"qwe","desc":"qwe"}}
*************** response log end *******************

[2017-12-18T19:18:37.721] [INFO] resLogger - 
*************** response log start **************
request method:POST
request originalUrl:/user/update
request client ip:::ffff:127.0.0.1
request body
{"title":"qweq","avatar":"pic1","company":"we","money":"qwe","desc":"qwe"}
response time:4
response body:
{"code":0}
*************** response log end *******************

[2017-12-18T19:18:37.763] [INFO] resLogger - 
*************** response log start **************
request method:GET
request originalUrl:/%3Canonymous%3E
request client ip:::ffff:127.0.0.1
request query:{}
response time:0
response body:
undefined
*************** response log end *******************

[2017-12-18T19:19:05.650] [INFO] resLogger - 
*************** response log start **************
request method:GET
request originalUrl:/user/info
request client ip:::ffff:127.0.0.1
request query:{}
response time:31
response body:
{"code":0,"msg":"success","data":{"_id":"5a377b3859794d118f8b37ca","user":"kboss","type":"boss","title":"qweq","avatar":"pic1","company":"we","money":"qwe","desc":"qwe"}}
*************** response log end *******************

[2017-12-18T19:19:10.683] [INFO] resLogger - 
*************** response log start **************
request method:POST
request originalUrl:/user/update
request client ip:::ffff:127.0.0.1
request body
{"title":"qweq","avatar":"pic2","company":"we","money":"qwe","desc":"qwe"}
response time:5
response body:
{"code":0}
*************** response log end *******************

[2017-12-18T19:19:10.738] [INFO] resLogger - 
*************** response log start **************
request method:GET
request originalUrl:/%3Canonymous%3E
request client ip:::ffff:127.0.0.1
request query:{}
response time:0
response body:
undefined
*************** response log end *******************

[2017-12-18T19:21:17.318] [INFO] resLogger - 
*************** response log start **************
request method:GET
request originalUrl:/user/info
request client ip:::ffff:127.0.0.1
request query:{}
response time:29
response body:
{"code":0,"msg":"success","data":{"_id":"5a377b3859794d118f8b37ca","user":"kboss","type":"boss","title":"qweq","avatar":"pic2","company":"we","money":"qwe","desc":"qwe"}}
*************** response log end *******************

[2017-12-18T19:21:22.323] [INFO] resLogger - 
*************** response log start **************
request method:POST
request originalUrl:/user/update
request client ip:::ffff:127.0.0.1
request body
{"title":"qwe","avatar":"pic5","company":"qwe","money":"qwe","desc":"qwe"}
response time:6
response body:
{"code":0}
*************** response log end *******************

[2017-12-18T19:21:22.364] [INFO] resLogger - 
*************** response log start **************
request method:GET
request originalUrl:/%3Canonymous%3E
request client ip:::ffff:127.0.0.1
request query:{}
response time:0
response body:
undefined
*************** response log end *******************

[2017-12-18T19:22:26.411] [INFO] resLogger - 
*************** response log start **************
request method:GET
request originalUrl:/user/info
request client ip:::ffff:127.0.0.1
request query:{}
response time:30
response body:
{"code":0,"msg":"success","data":{"_id":"5a377b3859794d118f8b37ca","user":"kboss","type":"boss","title":"qwe","avatar":"pic5","company":"qwe","money":"qwe","desc":"qwe"}}
*************** response log end *******************

[2017-12-18T19:22:31.342] [INFO] resLogger - 
*************** response log start **************
request method:POST
request originalUrl:/user/update
request client ip:::ffff:127.0.0.1
request body
{"title":"1231","avatar":"pic2","company":"23","money":"1231","desc":"23"}
response time:16
response body:
{"code":0,"data":{"_id":"5a377b3859794d118f8b37ca","user":"kboss","pwd":"8546a6f819303e121ce28b55e123bc97","type":"boss","__v":0,"title":"qwe","avatar":"pic5","company":"qwe","money":"qwe","desc":"qwe"}}
*************** response log end *******************

[2017-12-18T19:24:31.286] [INFO] resLogger - 
*************** response log start **************
request method:GET
request originalUrl:/user/info
request client ip:::ffff:127.0.0.1
request query:{}
response time:32
response body:
{"code":0,"msg":"success","data":{"_id":"5a377b3859794d118f8b37ca","user":"kboss","type":"boss","title":"1231","avatar":"pic2","company":"23","money":"1231","desc":"23"}}
*************** response log end *******************

[2017-12-18T19:24:40.738] [INFO] resLogger - 
*************** response log start **************
request method:POST
request originalUrl:/user/update
request client ip:::ffff:127.0.0.1
request body
{"title":"123","avatar":"pic1","company":"123","money":"123","desc":"123"}
response time:16
response body:
{"code":0,"data":{"user":"kboss","type":"boss"}}
*************** response log end *******************

[2017-12-18T19:26:32.881] [INFO] resLogger - 
*************** response log start **************
request method:GET
request originalUrl:/user/info
request client ip:::ffff:127.0.0.1
request query:{}
response time:4
response body:
{"code":0,"msg":"success","data":{"_id":"5a377b3859794d118f8b37ca","user":"kboss","type":"boss","title":"123","avatar":"pic1","company":"123","money":"123","desc":"123"}}
*************** response log end *******************

[2017-12-18T19:27:05.696] [INFO] resLogger - 
*************** response log start **************
request method:GET
request originalUrl:/user/info
request client ip:::ffff:127.0.0.1
request query:{}
response time:2
response body:
{"code":0,"msg":"success","data":{"_id":"5a377b3859794d118f8b37ca","user":"kboss","type":"boss","title":"123","avatar":"pic1","company":"123","money":"123","desc":"123"}}
*************** response log end *******************

[2017-12-18T19:27:12.411] [INFO] resLogger - 
*************** response log start **************
request method:POST
request originalUrl:/user/update
request client ip:::ffff:127.0.0.1
request body
{"title":"123","avatar":"pic2","company":"123","money":"123","desc":"123"}
response time:4
response body:
{"code":0,"data":{"user":"kboss","type":"boss"}}
*************** response log end *******************

[2017-12-18T19:27:44.685] [INFO] resLogger - 
*************** response log start **************
request method:GET
request originalUrl:/user/info
request client ip:::ffff:127.0.0.1
request query:{}
response time:3
response body:
{"code":0,"msg":"success","data":{"_id":"5a377b3859794d118f8b37ca","user":"kboss","type":"boss","title":"123","avatar":"pic2","company":"123","money":"123","desc":"123"}}
*************** response log end *******************

[2017-12-18T19:28:04.050] [INFO] resLogger - 
*************** response log start **************
request method:GET
request originalUrl:/user/info
request client ip:::ffff:127.0.0.1
request query:{}
response time:0
response body:
{"code":1,"msg":"cookies已过期，进入登录状态"}
*************** response log end *******************

[2017-12-18T19:31:54.548] [INFO] resLogger - 
*************** response log start **************
request method:POST
request originalUrl:/user/register
request client ip:::ffff:127.0.0.1
request body
{"user":"kgenius","pwd":"123","type":"genius"}
response time:26
response body:
{"code":0,"msg":"success","data":{"user":"kgenius","type":"genius","_id":"5a37a72ae1feb026f9796455"}}
*************** response log end *******************

[2017-12-18T19:33:19.428] [INFO] resLogger - 
*************** response log start **************
request method:GET
request originalUrl:/user/info
request client ip:::ffff:127.0.0.1
request query:{}
response time:2
response body:
{"code":0,"msg":"success","data":{"_id":"5a37a72ae1feb026f9796455","user":"kgenius","type":"genius"}}
*************** response log end *******************

[2017-12-18T19:34:28.701] [INFO] resLogger - 
*************** response log start **************
request method:POST
request originalUrl:/user/update
request client ip:::ffff:127.0.0.1
request body
{"title":"前端工程师","avatar":"pic6","desc":"一年工作经验\n熟悉react\n吃苦耐劳\n熟悉常见开源"}
response time:4
response body:
{"code":0,"data":{"user":"kgenius","type":"genius"}}
*************** response log end *******************

[2017-12-18T19:35:50.218] [INFO] resLogger - 
*************** response log start **************
request method:GET
request originalUrl:/user/info
request client ip:::ffff:127.0.0.1
request query:{}
response time:2
response body:
{"code":0,"msg":"success","data":{"_id":"5a37a72ae1feb026f9796455","user":"kgenius","type":"genius","title":"前端工程师","avatar":"pic6","desc":"一年工作经验\n熟悉react\n吃苦耐劳\n熟悉常见开源"}}
*************** response log end *******************

[2017-12-18T19:35:54.487] [INFO] resLogger - 
*************** response log start **************
request method:POST
request originalUrl:/user/update
request client ip:::ffff:127.0.0.1
request body
{"title":"1231","avatar":"pic5","desc":"23"}
response time:2
response body:
{"code":0,"data":{"user":"kgenius","type":"genius"}}
*************** response log end *******************

[2017-12-18T19:37:09.310] [INFO] resLogger - 
*************** response log start **************
request method:GET
request originalUrl:/user/info
request client ip:::ffff:127.0.0.1
request query:{}
response time:1
response body:
{"code":0,"msg":"success","data":{"_id":"5a37a72ae1feb026f9796455","user":"kgenius","type":"genius","title":"1231","avatar":"pic5","desc":"23"}}
*************** response log end *******************

[2017-12-18T19:37:49.294] [INFO] resLogger - 
*************** response log start **************
request method:GET
request originalUrl:/user/info
request client ip:::ffff:127.0.0.1
request query:{}
response time:4
response body:
{"code":0,"msg":"success","data":{"_id":"5a37a72ae1feb026f9796455","user":"kgenius","type":"genius","title":"1231","avatar":"pic5","desc":"23"}}
*************** response log end *******************

[2017-12-18T19:37:54.181] [INFO] resLogger - 
*************** response log start **************
request method:POST
request originalUrl:/user/update
request client ip:::ffff:127.0.0.1
request body
{"title":"123","avatar":"pic1","desc":"123"}
response time:2
response body:
{"code":0,"data":{"user":"kgenius","type":"genius"}}
*************** response log end *******************

[2017-12-18T19:41:32.956] [INFO] resLogger - 
*************** response log start **************
request method:GET
request originalUrl:/user/info
request client ip:::ffff:127.0.0.1
request query:{}
response time:0
response body:
{"code":1,"msg":"cookies已过期，进入登录状态"}
*************** response log end *******************

[2017-12-18T19:41:38.966] [INFO] resLogger - 
*************** response log start **************
request method:POST
request originalUrl:/user/login
request client ip:::ffff:127.0.0.1
request body
{"user":"kboss","pwd":"123"}
response time:6
response body:
{"code":1,"msg":"用户名或密码错误"}
*************** response log end *******************

[2017-12-18T19:41:42.099] [INFO] resLogger - 
*************** response log start **************
request method:POST
request originalUrl:/user/login
request client ip:::ffff:127.0.0.1
request body
{"user":"kboss","pwd":"321"}
response time:2
response body:
{"code":1,"msg":"用户名或密码错误"}
*************** response log end *******************

[2017-12-18T19:41:43.258] [INFO] resLogger - 
*************** response log start **************
request method:POST
request originalUrl:/user/login
request client ip:::ffff:127.0.0.1
request body
{"user":"kboss","pwd":"321"}
response time:2
response body:
{"code":1,"msg":"用户名或密码错误"}
*************** response log end *******************

[2017-12-18T19:41:45.595] [INFO] resLogger - 
*************** response log start **************
request method:POST
request originalUrl:/user/login
request client ip:::ffff:127.0.0.1
request body
{"user":"kboss","pwd":"123"}
response time:1
response body:
{"code":1,"msg":"用户名或密码错误"}
*************** response log end *******************

[2017-12-18T19:41:50.550] [INFO] resLogger - 
*************** response log start **************
request method:POST
request originalUrl:/user/login
request client ip:::ffff:127.0.0.1
request body
{"user":"kboss","pwd":"qwe"}
response time:2
response body:
{"code":1,"msg":"用户名或密码错误"}
*************** response log end *******************

[2017-12-18T19:41:54.369] [INFO] resLogger - 
*************** response log start **************
request method:POST
request originalUrl:/user/login
request client ip:::ffff:127.0.0.1
request body
{"user":"kboss","pwd":"ewq"}
response time:2
response body:
{"code":1,"msg":"用户名或密码错误"}
*************** response log end *******************

[2017-12-18T19:42:05.926] [INFO] resLogger - 
*************** response log start **************
request method:POST
request originalUrl:/user/login
request client ip:::ffff:127.0.0.1
request body
{"user":"kboss","pwd":"123"}
response time:2
response body:
{"code":1,"msg":"用户名或密码错误"}
*************** response log end *******************

[2017-12-18T19:42:18.988] [INFO] resLogger - 
*************** response log start **************
request method:POST
request originalUrl:/user/login
request client ip:::ffff:127.0.0.1
request body
{"user":"kBoss","pwd":"123"}
response time:3
response body:
{"code":1,"msg":"用户名或密码错误"}
*************** response log end *******************

[2017-12-18T19:42:23.041] [INFO] resLogger - 
*************** response log start **************
request method:POST
request originalUrl:/user/login
request client ip:::ffff:127.0.0.1
request body
{"user":"kBoss","pwd":"321"}
response time:3
response body:
{"code":1,"msg":"用户名或密码错误"}
*************** response log end *******************

[2017-12-18T19:42:33.924] [INFO] resLogger - 
*************** response log start **************
request method:POST
request originalUrl:/user/register
request client ip:::ffff:127.0.0.1
request body
{"user":"kb","pwd":"123","type":"boss"}
response time:8
response body:
{"code":0,"msg":"success","data":{"user":"kb","type":"boss","_id":"5a37a9a9e1feb026f9796456"}}
*************** response log end *******************

[2017-12-18T19:42:41.099] [INFO] resLogger - 
*************** response log start **************
request method:POST
request originalUrl:/user/update
request client ip:::ffff:127.0.0.1
request body
{"title":"123","desc":"123","company":"123","money":"123","avatar":"pic1"}
response time:5
response body:
{"code":0,"data":{"user":"kb","type":"boss"}}
*************** response log end *******************

[2017-12-18T19:43:33.073] [INFO] resLogger - 
*************** response log start **************
request method:GET
request originalUrl:/user/info
request client ip:::ffff:127.0.0.1
request query:{}
response time:2
response body:
{"code":0,"msg":"success","data":{"_id":"5a37a9a9e1feb026f9796456","user":"kb","type":"boss","title":"123","desc":"123","company":"123","money":"123","avatar":"pic1"}}
*************** response log end *******************

[2017-12-18T19:43:38.512] [INFO] resLogger - 
*************** response log start **************
request method:POST
request originalUrl:/user/update
request client ip:::ffff:127.0.0.1
request body
{"title":"123","avatar":"pic1","company":"123","money":"123","desc":"123"}
response time:4
response body:
{"code":0,"data":{"user":"kb","type":"boss"}}
*************** response log end *******************

[2017-12-18T19:54:49.777] [INFO] resLogger - 
*************** response log start **************
request method:GET
request originalUrl:/user/info
request client ip:::ffff:127.0.0.1
request query:{}
response time:7
response body:
{"code":0,"msg":"success","data":{"_id":"5a37a9a9e1feb026f9796456","user":"kb","type":"boss","title":"123","desc":"123","company":"123","money":"123","avatar":"pic1"}}
*************** response log end *******************

[2017-12-18T19:55:11.811] [INFO] resLogger - 
*************** response log start **************
request method:GET
request originalUrl:/user/info
request client ip:::ffff:127.0.0.1
request query:{}
response time:5
response body:
{"code":0,"msg":"success","data":{"_id":"5a37a9a9e1feb026f9796456","user":"kb","type":"boss","title":"123","desc":"123","company":"123","money":"123","avatar":"pic1"}}
*************** response log end *******************

[2017-12-18T19:55:19.135] [INFO] resLogger - 
*************** response log start **************
request method:POST
request originalUrl:/user/update
request client ip:::ffff:127.0.0.1
request body
{"title":"123","avatar":"pic5","company":"123","money":"123","desc":"123"}
response time:4
response body:
{"code":0,"data":{"user":"kb","type":"boss"}}
*************** response log end *******************

[2017-12-18T19:56:20.131] [INFO] resLogger - 
*************** response log start **************
request method:GET
request originalUrl:/user/info
request client ip:::ffff:127.0.0.1
request query:{}
response time:2
response body:
{"code":0,"msg":"success","data":{"_id":"5a37a9a9e1feb026f9796456","user":"kb","type":"boss","title":"123","desc":"123","company":"123","money":"123","avatar":"pic5"}}
*************** response log end *******************

[2017-12-18T19:56:35.961] [INFO] resLogger - 
*************** response log start **************
request method:POST
request originalUrl:/user/update
request client ip:::ffff:127.0.0.1
request body
{"title":"qwe","avatar":"pic2","company":"qwe","money":"qwe","desc":"qwe"}
response time:2
response body:
{"code":0,"data":{"user":"kb","type":"boss"}}
*************** response log end *******************

