[2018-03-19T09:01:04.087] [INFO] resLogger - 
*************** response log start **************
request method:GET
request originalUrl:/app/info
request client ip:::ffff:127.0.0.1
request query:{}
response time:2
response body:
{"code":0,"msg":"success","data":{"updateTime":"2018-03-10T13:35:58.138Z","createTime":"2018-03-10T13:35:58.138Z","_id":"5aa3df3e18d129fbeef90974","appId":"appXAKRb6caQka5JY2r","phone":123}}
*************** response log end *******************

[2018-03-19T09:01:04.096] [INFO] resLogger - 
*************** response log start **************
request method:GET
request originalUrl:/cms/getResInfo?type=1&&id=t_RiNZMXtNFr
request client ip:::ffff:127.0.0.1
request query:{"type":"1","id":"t_RiNZMXtNFr"}
response time:3
response body:
{"code":0,"msg":"success","data":{"createTime":"2018-03-17T13:18:45.438Z","_id":"5aad15b5b5ec4cc49cb4dc30","appId":"appXAKRb6caQka5JY2r","type":1,"name":"这是图文12312","intro":"这是简介222","cover":"","textContent":"哈哈啊2123123123","saleType":0,"price":1.12,"saleTime":"2018-05-25T02:30:00.000Z","id":"t_RiNZMXtNFr","__v":0}}
*************** response log end *******************

[2018-03-19T09:01:58.535] [INFO] resLogger - 
*************** response log start **************
request method:GET
request originalUrl:/app/info
request client ip:::ffff:127.0.0.1
request query:{}
response time:2
response body:
{"code":0,"msg":"success","data":{"updateTime":"2018-03-10T13:35:58.138Z","createTime":"2018-03-10T13:35:58.138Z","_id":"5aa3df3e18d129fbeef90974","appId":"appXAKRb6caQka5JY2r","phone":123}}
*************** response log end *******************

[2018-03-19T09:01:58.565] [INFO] resLogger - 
*************** response log start **************
request method:GET
request originalUrl:/cms/getResInfo?type=1&&id=t_RiNZMXtNFr
request client ip:::ffff:127.0.0.1
request query:{"type":"1","id":"t_RiNZMXtNFr"}
response time:3
response body:
{"code":0,"msg":"success","data":{"createTime":"2018-03-17T13:18:45.438Z","_id":"5aad15b5b5ec4cc49cb4dc30","appId":"appXAKRb6caQka5JY2r","type":1,"name":"这是图文12312","intro":"这是简介222","cover":"","textContent":"哈哈啊2123123123","saleType":0,"price":1.12,"saleTime":"2018-05-25T02:30:00.000Z","id":"t_RiNZMXtNFr","__v":0}}
*************** response log end *******************

[2018-03-19T09:02:16.777] [INFO] resLogger - 
*************** response log start **************
request method:GET
request originalUrl:/cms/getResList?type=1
request client ip:::ffff:127.0.0.1
request query:{"type":"1"}
response time:3
response body:
{"code":0,"msg":"success","data":[{"createTime":"2018-03-17T13:18:05.239Z","_id":"5aad158db5ec4cc49cb4dc2f","appId":"appXAKRb6caQka5JY2r","type":1,"name":"这是图文","intro":"这是简介","cover":"","textContent":"哈哈啊","saleType":0,"price":1.1,"saleTime":"2018-05-25T02:30:00.000Z","id":"t_zNd78pPxjs","__v":0},{"createTime":"2018-03-17T13:18:45.438Z","_id":"5aad15b5b5ec4cc49cb4dc30","appId":"appXAKRb6caQka5JY2r","type":1,"name":"这是图文12312","intro":"这是简介222","cover":"","textContent":"哈哈啊2123123123","saleType":0,"price":1.12,"saleTime":"2018-05-25T02:30:00.000Z","id":"t_RiNZMXtNFr","__v":0},{"createTime":"2018-03-17T13:18:56.901Z","_id":"5aad15c0b5ec4cc49cb4dc31","appId":"appXAKRb6caQka5JY2r","type":1,"name":"3123这321图文12312","intro":"这是简介222","cover":"","textContent":"哈哈啊21231oo23123","saleType":0,"price":1.122,"saleTime":"2018-05-25T02:30:00.000Z","id":"t_3Nb5CtBEwX","__v":0},{"createTime":"2018-03-18T01:28:31.663Z","_id":"5aadc0bf3064eac5b7a921ae","appId":"appXAKRb6caQka5JY2r","type":1,"name":"222","intro":"123","cover":"","textContent":"222","saleType":1,"price":0.01,"saleTime":"2018-03-18T01:24:18.000Z","id":"t_aitGJbJjb8","__v":0},{"createTime":"2018-03-18T01:28:45.627Z","_id":"5aadc0cd3064eac5b7a921af","appId":"appXAKRb6caQka5JY2r","type":1,"name":"222","intro":"123","cover":"","textContent":"222","saleType":1,"price":0.01,"saleTime":"2018-03-18T13:24:18.000Z","id":"t_wxknfj7MDy","__v":0},{"createTime":"2018-03-18T06:52:07.670Z","_id":"5aae0c97fd7050ea7586232b","appId":"appXAKRb6caQka5JY2r","type":1,"name":"图文","intro":"123123","cover":"http://jserk.oss-cn-shenzhen.aliyuncs.com/saas_pic/timg.jpeg","textContent":"123","saleType":1,"price":0.01,"saleTime":"2018-03-18T06:51:41.000Z","id":"t_273G7EnfXp","__v":0},{"createTime":"2018-03-18T09:49:50.720Z","_id":"5aae363ef6571303db84e956","appId":"appXAKRb6caQka5JY2r","type":1,"name":"jserk","intro":"123","cover":"http://jserk.oss-cn-shenzhen.aliyuncs.com/saas_pic/timg+(3).jpeg","textContent":"123","saleType":1,"price":0,"saleTime":"2018-05-18T09:49:11.000Z","id":"t_47XQy8akK4","__v":0}]}
*************** response log end *******************

[2018-03-19T09:04:23.223] [INFO] resLogger - 
*************** response log start **************
request method:GET
request originalUrl:/app/info
request client ip:::ffff:127.0.0.1
request query:{}
response time:2
response body:
{"code":0,"msg":"success","data":{"updateTime":"2018-03-10T13:35:58.138Z","createTime":"2018-03-10T13:35:58.138Z","_id":"5aa3df3e18d129fbeef90974","appId":"appXAKRb6caQka5JY2r","phone":123}}
*************** response log end *******************

[2018-03-19T09:05:24.175] [INFO] resLogger - 
*************** response log start **************
request method:GET
request originalUrl:/app/info
request client ip:::ffff:127.0.0.1
request query:{}
response time:2
response body:
{"code":0,"msg":"success","data":{"updateTime":"2018-03-10T13:35:58.138Z","createTime":"2018-03-10T13:35:58.138Z","_id":"5aa3df3e18d129fbeef90974","appId":"appXAKRb6caQka5JY2r","phone":123}}
*************** response log end *******************

[2018-03-19T09:05:33.779] [INFO] resLogger - 
*************** response log start **************
request method:POST
request originalUrl:/cms/createRes
request client ip:::ffff:127.0.0.1
request body
{"name":"123","intro":"123","cover":"","textContent":"1234","saleType":0,"audioSrc":"","videoSrc":"","price":0,"saleTime":""}
response time:0
response body:
undefined
*************** response log end *******************

[2018-03-19T09:06:18.233] [INFO] resLogger - 
*************** response log start **************
request method:POST
request originalUrl:/cms/createRes
request client ip:::ffff:127.0.0.1
request body
{"name":"123","intro":"123","cover":"","textContent":"1234","saleType":0,"audioSrc":"","videoSrc":"","price":0,"saleTime":""}
response time:6
response body:
undefined
*************** response log end *******************

[2018-03-19T09:09:56.792] [INFO] resLogger - 
*************** response log start **************
request method:GET
request originalUrl:/app/info
request client ip:::ffff:127.0.0.1
request query:{}
response time:28
response body:
{"code":0,"msg":"success","data":{"updateTime":"2018-03-10T13:35:58.138Z","createTime":"2018-03-10T13:35:58.138Z","_id":"5aa3df3e18d129fbeef90974","appId":"appXAKRb6caQka5JY2r","phone":123}}
*************** response log end *******************

[2018-03-19T09:15:07.219] [INFO] resLogger - 
*************** response log start **************
request method:GET
request originalUrl:/app/info
request client ip:::ffff:127.0.0.1
request query:{}
response time:4
response body:
{"code":0,"msg":"success","data":{"updateTime":"2018-03-10T13:35:58.138Z","createTime":"2018-03-10T13:35:58.138Z","_id":"5aa3df3e18d129fbeef90974","appId":"appXAKRb6caQka5JY2r","phone":123}}
*************** response log end *******************

[2018-03-19T09:15:49.982] [INFO] resLogger - 
*************** response log start **************
request method:GET
request originalUrl:/app/info
request client ip:::ffff:127.0.0.1
request query:{}
response time:2
response body:
{"code":0,"msg":"success","data":{"updateTime":"2018-03-10T13:35:58.138Z","createTime":"2018-03-10T13:35:58.138Z","_id":"5aa3df3e18d129fbeef90974","appId":"appXAKRb6caQka5JY2r","phone":123}}
*************** response log end *******************

[2018-03-19T09:16:54.916] [INFO] resLogger - 
*************** response log start **************
request method:GET
request originalUrl:/app/info
request client ip:::ffff:127.0.0.1
request query:{}
response time:2
response body:
{"code":0,"msg":"success","data":{"updateTime":"2018-03-10T13:35:58.138Z","createTime":"2018-03-10T13:35:58.138Z","_id":"5aa3df3e18d129fbeef90974","appId":"appXAKRb6caQka5JY2r","phone":123}}
*************** response log end *******************

[2018-03-19T09:17:27.679] [INFO] resLogger - 
*************** response log start **************
request method:GET
request originalUrl:/app/info
request client ip:::ffff:127.0.0.1
request query:{}
response time:2
response body:
{"code":0,"msg":"success","data":{"updateTime":"2018-03-10T13:35:58.138Z","createTime":"2018-03-10T13:35:58.138Z","_id":"5aa3df3e18d129fbeef90974","appId":"appXAKRb6caQka5JY2r","phone":123}}
*************** response log end *******************

[2018-03-19T09:18:14.182] [INFO] resLogger - 
*************** response log start **************
request method:GET
request originalUrl:/app/info
request client ip:::ffff:127.0.0.1
request query:{}
response time:3
response body:
{"code":0,"msg":"success","data":{"updateTime":"2018-03-10T13:35:58.138Z","createTime":"2018-03-10T13:35:58.138Z","_id":"5aa3df3e18d129fbeef90974","appId":"appXAKRb6caQka5JY2r","phone":123}}
*************** response log end *******************

[2018-03-19T09:18:25.126] [INFO] resLogger - 
*************** response log start **************
request method:POST
request originalUrl:/cms/createRes
request client ip:::ffff:127.0.0.1
request body
{"type":1,"params":{"type":0,"name":"123","intro":"123","cover":"","textContent":"231","saleType":0,"audioSrc":"","videoSrc":"","price":0,"saleTime":""}}
response time:17
response body:
{"code":1,"msg":"failed"}
*************** response log end *******************

[2018-03-19T09:18:28.584] [INFO] resLogger - 
*************** response log start **************
request method:POST
request originalUrl:/cms/createRes
request client ip:::ffff:127.0.0.1
request body
{"type":1,"params":{"type":0,"name":"123","intro":"123","cover":"","textContent":"231","saleType":0,"audioSrc":"","videoSrc":"","price":0,"saleTime":""}}
response time:3
response body:
{"code":1,"msg":"failed"}
*************** response log end *******************

[2018-03-19T09:19:21.234] [INFO] resLogger - 
*************** response log start **************
request method:POST
request originalUrl:/cms/createRes
request client ip:::ffff:127.0.0.1
request body
{"type":1,"params":{"type":0,"name":"123","intro":"123","cover":"","textContent":"231","saleType":0,"audioSrc":"","videoSrc":"","price":0,"saleTime":""}}
response time:2
response body:
{"code":1,"msg":"failed"}
*************** response log end *******************

[2018-03-19T09:20:43.869] [INFO] resLogger - 
*************** response log start **************
request method:GET
request originalUrl:/app/info
request client ip:::ffff:127.0.0.1
request query:{}
response time:2
response body:
{"code":0,"msg":"success","data":{"updateTime":"2018-03-10T13:35:58.138Z","createTime":"2018-03-10T13:35:58.138Z","_id":"5aa3df3e18d129fbeef90974","appId":"appXAKRb6caQka5JY2r","phone":123}}
*************** response log end *******************

[2018-03-19T09:20:52.980] [INFO] resLogger - 
*************** response log start **************
request method:POST
request originalUrl:/cms/createRes
request client ip:::ffff:127.0.0.1
request body
{"type":0,"name":"123","intro":"31312","cover":"","textContent":"1231","saleType":0,"audioSrc":"","videoSrc":"","price":0,"saleTime":""}
response time:0
response body:
undefined
*************** response log end *******************

[2018-03-19T09:21:44.393] [INFO] resLogger - 
*************** response log start **************
request method:GET
request originalUrl:/app/info
request client ip:::ffff:127.0.0.1
request query:{}
response time:4
response body:
{"code":0,"msg":"success","data":{"updateTime":"2018-03-10T13:35:58.138Z","createTime":"2018-03-10T13:35:58.138Z","_id":"5aa3df3e18d129fbeef90974","appId":"appXAKRb6caQka5JY2r","phone":123}}
*************** response log end *******************

[2018-03-19T09:22:36.096] [INFO] resLogger - 
*************** response log start **************
request method:GET
request originalUrl:/app/info
request client ip:::ffff:127.0.0.1
request query:{}
response time:3
response body:
{"code":0,"msg":"success","data":{"updateTime":"2018-03-10T13:35:58.138Z","createTime":"2018-03-10T13:35:58.138Z","_id":"5aa3df3e18d129fbeef90974","appId":"appXAKRb6caQka5JY2r","phone":123}}
*************** response log end *******************

[2018-03-19T09:22:46.725] [INFO] resLogger - 
*************** response log start **************
request method:POST
request originalUrl:/cms/createRes
request client ip:::ffff:127.0.0.1
request body
{"type":0,"name":"123","intro":"123","cover":"","textContent":"123","saleType":0,"audioSrc":"","videoSrc":"","price":0,"saleTime":""}
response time:1
response body:
undefined
*************** response log end *******************

[2018-03-19T09:23:03.126] [INFO] resLogger - 
*************** response log start **************
request method:GET
request originalUrl:/app/info
request client ip:::ffff:127.0.0.1
request query:{}
response time:2
response body:
{"code":0,"msg":"success","data":{"updateTime":"2018-03-10T13:35:58.138Z","createTime":"2018-03-10T13:35:58.138Z","_id":"5aa3df3e18d129fbeef90974","appId":"appXAKRb6caQka5JY2r","phone":123}}
*************** response log end *******************

[2018-03-19T09:23:09.511] [INFO] resLogger - 
*************** response log start **************
request method:POST
request originalUrl:/cms/createRes
request client ip:::ffff:127.0.0.1
request body
{"type":1,"name":"123","intro":"312","cover":"","textContent":"123","saleType":0,"audioSrc":"","videoSrc":"","price":0,"saleTime":""}
response time:33
response body:
{"code":0,"msg":"success","data":{"appId":"appXAKRb6caQka5JY2r","type":1,"name":"123","intro":"312","cover":"","textContent":"123","saleType":0,"price":0,"saleTime":null,"id":"t_wAfMFm7YAA","createTime":"2018-03-19T01:23:09.479Z","_id":"5aaf10fd21861028a29bee9e","__v":0}}
*************** response log end *******************

[2018-03-19T09:23:17.603] [INFO] resLogger - 
*************** response log start **************
request method:GET
request originalUrl:/cms/getResList?type=1
request client ip:::ffff:127.0.0.1
request query:{"type":"1"}
response time:8
response body:
{"code":0,"msg":"success","data":[{"createTime":"2018-03-17T13:18:05.239Z","_id":"5aad158db5ec4cc49cb4dc2f","appId":"appXAKRb6caQka5JY2r","type":1,"name":"这是图文","intro":"这是简介","cover":"","textContent":"哈哈啊","saleType":0,"price":1.1,"saleTime":"2018-05-25T02:30:00.000Z","id":"t_zNd78pPxjs","__v":0},{"createTime":"2018-03-17T13:18:45.438Z","_id":"5aad15b5b5ec4cc49cb4dc30","appId":"appXAKRb6caQka5JY2r","type":1,"name":"这是图文12312","intro":"这是简介222","cover":"","textContent":"哈哈啊2123123123","saleType":0,"price":1.12,"saleTime":"2018-05-25T02:30:00.000Z","id":"t_RiNZMXtNFr","__v":0},{"createTime":"2018-03-17T13:18:56.901Z","_id":"5aad15c0b5ec4cc49cb4dc31","appId":"appXAKRb6caQka5JY2r","type":1,"name":"3123这321图文12312","intro":"这是简介222","cover":"","textContent":"哈哈啊21231oo23123","saleType":0,"price":1.122,"saleTime":"2018-05-25T02:30:00.000Z","id":"t_3Nb5CtBEwX","__v":0},{"createTime":"2018-03-18T01:28:31.663Z","_id":"5aadc0bf3064eac5b7a921ae","appId":"appXAKRb6caQka5JY2r","type":1,"name":"222","intro":"123","cover":"","textContent":"222","saleType":1,"price":0.01,"saleTime":"2018-03-18T01:24:18.000Z","id":"t_aitGJbJjb8","__v":0},{"createTime":"2018-03-18T01:28:45.627Z","_id":"5aadc0cd3064eac5b7a921af","appId":"appXAKRb6caQka5JY2r","type":1,"name":"222","intro":"123","cover":"","textContent":"222","saleType":1,"price":0.01,"saleTime":"2018-03-18T13:24:18.000Z","id":"t_wxknfj7MDy","__v":0},{"createTime":"2018-03-18T06:52:07.670Z","_id":"5aae0c97fd7050ea7586232b","appId":"appXAKRb6caQka5JY2r","type":1,"name":"图文","intro":"123123","cover":"http://jserk.oss-cn-shenzhen.aliyuncs.com/saas_pic/timg.jpeg","textContent":"123","saleType":1,"price":0.01,"saleTime":"2018-03-18T06:51:41.000Z","id":"t_273G7EnfXp","__v":0},{"createTime":"2018-03-18T09:49:50.720Z","_id":"5aae363ef6571303db84e956","appId":"appXAKRb6caQka5JY2r","type":1,"name":"jserk","intro":"123","cover":"http://jserk.oss-cn-shenzhen.aliyuncs.com/saas_pic/timg+(3).jpeg","textContent":"123","saleType":1,"price":0,"saleTime":"2018-05-18T09:49:11.000Z","id":"t_47XQy8akK4","__v":0},{"createTime":"2018-03-19T01:23:09.479Z","_id":"5aaf10fd21861028a29bee9e","appId":"appXAKRb6caQka5JY2r","type":1,"name":"123","intro":"312","cover":"","textContent":"123","saleType":0,"price":0,"saleTime":null,"id":"t_wAfMFm7YAA","__v":0}]}
*************** response log end *******************

[2018-03-19T09:23:48.287] [INFO] resLogger - 
*************** response log start **************
request method:GET
request originalUrl:/app/info
request client ip:::ffff:127.0.0.1
request query:{}
response time:1
response body:
{"code":0,"msg":"success","data":{"updateTime":"2018-03-10T13:35:58.138Z","createTime":"2018-03-10T13:35:58.138Z","_id":"5aa3df3e18d129fbeef90974","appId":"appXAKRb6caQka5JY2r","phone":123}}
*************** response log end *******************

[2018-03-19T09:24:43.425] [INFO] resLogger - 
*************** response log start **************
request method:GET
request originalUrl:/app/info
request client ip:::ffff:127.0.0.1
request query:{}
response time:2
response body:
{"code":0,"msg":"success","data":{"updateTime":"2018-03-10T13:35:58.138Z","createTime":"2018-03-10T13:35:58.138Z","_id":"5aa3df3e18d129fbeef90974","appId":"appXAKRb6caQka5JY2r","phone":123}}
*************** response log end *******************

[2018-03-19T09:24:54.704] [INFO] resLogger - 
*************** response log start **************
request method:POST
request originalUrl:/cms/createRes
request client ip:::ffff:127.0.0.1
request body
{"type":1,"name":"123","intro":"123","cover":"","textContent":"123","saleType":0,"audioSrc":"","videoSrc":"","price":0,"saleTime":""}
response time:5
response body:
{"code":0,"msg":"success","data":{"appId":"appXAKRb6caQka5JY2r","type":1,"name":"123","intro":"123","cover":"","textContent":"123","saleType":0,"price":0,"saleTime":null,"id":"t_2f7bP77axR","createTime":"2018-03-19T01:24:54.700Z","_id":"5aaf116621861028a29bee9f","__v":0}}
*************** response log end *******************

[2018-03-19T09:25:38.843] [INFO] resLogger - 
*************** response log start **************
request method:GET
request originalUrl:/app/info
request client ip:::ffff:127.0.0.1
request query:{}
response time:2
response body:
{"code":0,"msg":"success","data":{"updateTime":"2018-03-10T13:35:58.138Z","createTime":"2018-03-10T13:35:58.138Z","_id":"5aa3df3e18d129fbeef90974","appId":"appXAKRb6caQka5JY2r","phone":123}}
*************** response log end *******************

[2018-03-19T09:42:55.879] [INFO] resLogger - 
*************** response log start **************
request method:GET
request originalUrl:/app/info
request client ip:::ffff:127.0.0.1
request query:{}
response time:2
response body:
{"code":0,"msg":"success","data":{"updateTime":"2018-03-10T13:35:58.138Z","createTime":"2018-03-10T13:35:58.138Z","_id":"5aa3df3e18d129fbeef90974","appId":"appXAKRb6caQka5JY2r","phone":123}}
*************** response log end *******************

[2018-03-19T09:44:07.230] [INFO] resLogger - 
*************** response log start **************
request method:GET
request originalUrl:/app/info
request client ip:::ffff:127.0.0.1
request query:{}
response time:1
response body:
{"code":0,"msg":"success","data":{"updateTime":"2018-03-10T13:35:58.138Z","createTime":"2018-03-10T13:35:58.138Z","_id":"5aa3df3e18d129fbeef90974","appId":"appXAKRb6caQka5JY2r","phone":123}}
*************** response log end *******************

[2018-03-19T09:50:11.481] [INFO] resLogger - 
*************** response log start **************
request method:GET
request originalUrl:/app/info
request client ip:::ffff:127.0.0.1
request query:{}
response time:1
response body:
{"code":0,"msg":"success","data":{"updateTime":"2018-03-10T13:35:58.138Z","createTime":"2018-03-10T13:35:58.138Z","_id":"5aa3df3e18d129fbeef90974","appId":"appXAKRb6caQka5JY2r","phone":123}}
*************** response log end *******************

[2018-03-19T09:52:46.073] [INFO] resLogger - 
*************** response log start **************
request method:GET
request originalUrl:/app/info
request client ip:::ffff:127.0.0.1
request query:{}
response time:2
response body:
{"code":0,"msg":"success","data":{"updateTime":"2018-03-10T13:35:58.138Z","createTime":"2018-03-10T13:35:58.138Z","_id":"5aa3df3e18d129fbeef90974","appId":"appXAKRb6caQka5JY2r","phone":123}}
*************** response log end *******************

[2018-03-19T09:53:19.261] [INFO] resLogger - 
*************** response log start **************
request method:GET
request originalUrl:/app/info
request client ip:::ffff:127.0.0.1
request query:{}
response time:2
response body:
{"code":0,"msg":"success","data":{"updateTime":"2018-03-10T13:35:58.138Z","createTime":"2018-03-10T13:35:58.138Z","_id":"5aa3df3e18d129fbeef90974","appId":"appXAKRb6caQka5JY2r","phone":123}}
*************** response log end *******************

[2018-03-19T09:55:26.006] [INFO] resLogger - 
*************** response log start **************
request method:GET
request originalUrl:/app/info
request client ip:::ffff:127.0.0.1
request query:{}
response time:2
response body:
{"code":0,"msg":"success","data":{"updateTime":"2018-03-10T13:35:58.138Z","createTime":"2018-03-10T13:35:58.138Z","_id":"5aa3df3e18d129fbeef90974","appId":"appXAKRb6caQka5JY2r","phone":123}}
*************** response log end *******************

[2018-03-19T09:56:07.999] [INFO] resLogger - 
*************** response log start **************
request method:GET
request originalUrl:/app/info
request client ip:::ffff:127.0.0.1
request query:{}
response time:1
response body:
{"code":0,"msg":"success","data":{"updateTime":"2018-03-10T13:35:58.138Z","createTime":"2018-03-10T13:35:58.138Z","_id":"5aa3df3e18d129fbeef90974","appId":"appXAKRb6caQka5JY2r","phone":123}}
*************** response log end *******************

[2018-03-19T09:56:41.721] [INFO] resLogger - 
*************** response log start **************
request method:GET
request originalUrl:/app/info
request client ip:::ffff:127.0.0.1
request query:{}
response time:1
response body:
{"code":0,"msg":"success","data":{"updateTime":"2018-03-10T13:35:58.138Z","createTime":"2018-03-10T13:35:58.138Z","_id":"5aa3df3e18d129fbeef90974","appId":"appXAKRb6caQka5JY2r","phone":123}}
*************** response log end *******************

[2018-03-19T09:56:51.841] [INFO] resLogger - 
*************** response log start **************
request method:POST
request originalUrl:/cms/createRes
request client ip:::ffff:127.0.0.1
request body
{"type":1,"name":"123","intro":"123","cover":"","textContent":"3333","saleType":0,"audioSrc":"","videoSrc":"","price":0,"saleTime":""}
response time:6
response body:
{"code":0,"msg":"success","data":{"appId":"appXAKRb6caQka5JY2r","type":1,"name":"123","intro":"123","cover":"","textContent":"3333","saleType":0,"price":0,"saleTime":null,"id":"t_Rt5Cxj7HAz","createTime":"2018-03-19T01:56:51.836Z","_id":"5aaf18e321861028a29beea0","__v":0}}
*************** response log end *******************

[2018-03-19T09:56:55.690] [INFO] resLogger - 
*************** response log start **************
request method:GET
request originalUrl:/cms/getResList?type=1
request client ip:::ffff:127.0.0.1
request query:{"type":"1"}
response time:6
response body:
{"code":0,"msg":"success","data":[{"createTime":"2018-03-17T13:18:05.239Z","_id":"5aad158db5ec4cc49cb4dc2f","appId":"appXAKRb6caQka5JY2r","type":1,"name":"这是图文","intro":"这是简介","cover":"","textContent":"哈哈啊","saleType":0,"price":1.1,"saleTime":"2018-05-25T02:30:00.000Z","id":"t_zNd78pPxjs","__v":0},{"createTime":"2018-03-17T13:18:45.438Z","_id":"5aad15b5b5ec4cc49cb4dc30","appId":"appXAKRb6caQka5JY2r","type":1,"name":"这是图文12312","intro":"这是简介222","cover":"","textContent":"哈哈啊2123123123","saleType":0,"price":1.12,"saleTime":"2018-05-25T02:30:00.000Z","id":"t_RiNZMXtNFr","__v":0},{"createTime":"2018-03-17T13:18:56.901Z","_id":"5aad15c0b5ec4cc49cb4dc31","appId":"appXAKRb6caQka5JY2r","type":1,"name":"3123这321图文12312","intro":"这是简介222","cover":"","textContent":"哈哈啊21231oo23123","saleType":0,"price":1.122,"saleTime":"2018-05-25T02:30:00.000Z","id":"t_3Nb5CtBEwX","__v":0},{"createTime":"2018-03-18T01:28:31.663Z","_id":"5aadc0bf3064eac5b7a921ae","appId":"appXAKRb6caQka5JY2r","type":1,"name":"222","intro":"123","cover":"","textContent":"222","saleType":1,"price":0.01,"saleTime":"2018-03-18T01:24:18.000Z","id":"t_aitGJbJjb8","__v":0},{"createTime":"2018-03-18T01:28:45.627Z","_id":"5aadc0cd3064eac5b7a921af","appId":"appXAKRb6caQka5JY2r","type":1,"name":"222","intro":"123","cover":"","textContent":"222","saleType":1,"price":0.01,"saleTime":"2018-03-18T13:24:18.000Z","id":"t_wxknfj7MDy","__v":0},{"createTime":"2018-03-18T06:52:07.670Z","_id":"5aae0c97fd7050ea7586232b","appId":"appXAKRb6caQka5JY2r","type":1,"name":"图文","intro":"123123","cover":"http://jserk.oss-cn-shenzhen.aliyuncs.com/saas_pic/timg.jpeg","textContent":"123","saleType":1,"price":0.01,"saleTime":"2018-03-18T06:51:41.000Z","id":"t_273G7EnfXp","__v":0},{"createTime":"2018-03-18T09:49:50.720Z","_id":"5aae363ef6571303db84e956","appId":"appXAKRb6caQka5JY2r","type":1,"name":"jserk","intro":"123","cover":"http://jserk.oss-cn-shenzhen.aliyuncs.com/saas_pic/timg+(3).jpeg","textContent":"123","saleType":1,"price":0,"saleTime":"2018-05-18T09:49:11.000Z","id":"t_47XQy8akK4","__v":0},{"createTime":"2018-03-19T01:23:09.479Z","_id":"5aaf10fd21861028a29bee9e","appId":"appXAKRb6caQka5JY2r","type":1,"name":"123","intro":"312","cover":"","textContent":"123","saleType":0,"price":0,"saleTime":null,"id":"t_wAfMFm7YAA","__v":0},{"createTime":"2018-03-19T01:24:54.700Z","_id":"5aaf116621861028a29bee9f","appId":"appXAKRb6caQka5JY2r","type":1,"name":"123","intro":"123","cover":"","textContent":"123","saleType":0,"price":0,"saleTime":null,"id":"t_2f7bP77axR","__v":0},{"createTime":"2018-03-19T01:56:51.836Z","_id":"5aaf18e321861028a29beea0","appId":"appXAKRb6caQka5JY2r","type":1,"name":"123","intro":"123","cover":"","textContent":"3333","saleType":0,"price":0,"saleTime":null,"id":"t_Rt5Cxj7HAz","__v":0}]}
*************** response log end *******************

[2018-03-19T09:57:06.201] [INFO] resLogger - 
*************** response log start **************
request method:GET
request originalUrl:/app/info
request client ip:::ffff:127.0.0.1
request query:{}
response time:2
response body:
{"code":0,"msg":"success","data":{"updateTime":"2018-03-10T13:35:58.138Z","createTime":"2018-03-10T13:35:58.138Z","_id":"5aa3df3e18d129fbeef90974","appId":"appXAKRb6caQka5JY2r","phone":123}}
*************** response log end *******************

[2018-03-19T09:57:06.213] [INFO] resLogger - 
*************** response log start **************
request method:GET
request originalUrl:/cms/getResList?type=1
request client ip:::ffff:127.0.0.1
request query:{"type":"1"}
response time:3
response body:
{"code":0,"msg":"success","data":[{"createTime":"2018-03-17T13:18:05.239Z","_id":"5aad158db5ec4cc49cb4dc2f","appId":"appXAKRb6caQka5JY2r","type":1,"name":"这是图文","intro":"这是简介","cover":"","textContent":"哈哈啊","saleType":0,"price":1.1,"saleTime":"2018-05-25T02:30:00.000Z","id":"t_zNd78pPxjs","__v":0},{"createTime":"2018-03-17T13:18:45.438Z","_id":"5aad15b5b5ec4cc49cb4dc30","appId":"appXAKRb6caQka5JY2r","type":1,"name":"这是图文12312","intro":"这是简介222","cover":"","textContent":"哈哈啊2123123123","saleType":0,"price":1.12,"saleTime":"2018-05-25T02:30:00.000Z","id":"t_RiNZMXtNFr","__v":0},{"createTime":"2018-03-17T13:18:56.901Z","_id":"5aad15c0b5ec4cc49cb4dc31","appId":"appXAKRb6caQka5JY2r","type":1,"name":"3123这321图文12312","intro":"这是简介222","cover":"","textContent":"哈哈啊21231oo23123","saleType":0,"price":1.122,"saleTime":"2018-05-25T02:30:00.000Z","id":"t_3Nb5CtBEwX","__v":0},{"createTime":"2018-03-18T01:28:31.663Z","_id":"5aadc0bf3064eac5b7a921ae","appId":"appXAKRb6caQka5JY2r","type":1,"name":"222","intro":"123","cover":"","textContent":"222","saleType":1,"price":0.01,"saleTime":"2018-03-18T01:24:18.000Z","id":"t_aitGJbJjb8","__v":0},{"createTime":"2018-03-18T01:28:45.627Z","_id":"5aadc0cd3064eac5b7a921af","appId":"appXAKRb6caQka5JY2r","type":1,"name":"222","intro":"123","cover":"","textContent":"222","saleType":1,"price":0.01,"saleTime":"2018-03-18T13:24:18.000Z","id":"t_wxknfj7MDy","__v":0},{"createTime":"2018-03-18T06:52:07.670Z","_id":"5aae0c97fd7050ea7586232b","appId":"appXAKRb6caQka5JY2r","type":1,"name":"图文","intro":"123123","cover":"http://jserk.oss-cn-shenzhen.aliyuncs.com/saas_pic/timg.jpeg","textContent":"123","saleType":1,"price":0.01,"saleTime":"2018-03-18T06:51:41.000Z","id":"t_273G7EnfXp","__v":0},{"createTime":"2018-03-18T09:49:50.720Z","_id":"5aae363ef6571303db84e956","appId":"appXAKRb6caQka5JY2r","type":1,"name":"jserk","intro":"123","cover":"http://jserk.oss-cn-shenzhen.aliyuncs.com/saas_pic/timg+(3).jpeg","textContent":"123","saleType":1,"price":0,"saleTime":"2018-05-18T09:49:11.000Z","id":"t_47XQy8akK4","__v":0},{"createTime":"2018-03-19T01:23:09.479Z","_id":"5aaf10fd21861028a29bee9e","appId":"appXAKRb6caQka5JY2r","type":1,"name":"123","intro":"312","cover":"","textContent":"123","saleType":0,"price":0,"saleTime":null,"id":"t_wAfMFm7YAA","__v":0},{"createTime":"2018-03-19T01:24:54.700Z","_id":"5aaf116621861028a29bee9f","appId":"appXAKRb6caQka5JY2r","type":1,"name":"123","intro":"123","cover":"","textContent":"123","saleType":0,"price":0,"saleTime":null,"id":"t_2f7bP77axR","__v":0},{"createTime":"2018-03-19T01:56:51.836Z","_id":"5aaf18e321861028a29beea0","appId":"appXAKRb6caQka5JY2r","type":1,"name":"123","intro":"123","cover":"","textContent":"3333","saleType":0,"price":0,"saleTime":null,"id":"t_Rt5Cxj7HAz","__v":0}]}
*************** response log end *******************

[2018-03-19T09:58:33.579] [INFO] resLogger - 
*************** response log start **************
request method:GET
request originalUrl:/app/info
request client ip:::ffff:127.0.0.1
request query:{}
response time:2
response body:
{"code":0,"msg":"success","data":{"updateTime":"2018-03-10T13:35:58.138Z","createTime":"2018-03-10T13:35:58.138Z","_id":"5aa3df3e18d129fbeef90974","appId":"appXAKRb6caQka5JY2r","phone":123}}
*************** response log end *******************

[2018-03-19T09:58:33.597] [INFO] resLogger - 
*************** response log start **************
request method:GET
request originalUrl:/cms/getResList?type=1
request client ip:::ffff:127.0.0.1
request query:{"type":"1"}
response time:4
response body:
{"code":0,"msg":"success","data":[{"createTime":"2018-03-17T13:18:05.239Z","_id":"5aad158db5ec4cc49cb4dc2f","appId":"appXAKRb6caQka5JY2r","type":1,"name":"这是图文","intro":"这是简介","cover":"","textContent":"哈哈啊","saleType":0,"price":1.1,"saleTime":"2018-05-25T02:30:00.000Z","id":"t_zNd78pPxjs","__v":0},{"createTime":"2018-03-17T13:18:45.438Z","_id":"5aad15b5b5ec4cc49cb4dc30","appId":"appXAKRb6caQka5JY2r","type":1,"name":"这是图文12312","intro":"这是简介222","cover":"","textContent":"哈哈啊2123123123","saleType":0,"price":1.12,"saleTime":"2018-05-25T02:30:00.000Z","id":"t_RiNZMXtNFr","__v":0},{"createTime":"2018-03-17T13:18:56.901Z","_id":"5aad15c0b5ec4cc49cb4dc31","appId":"appXAKRb6caQka5JY2r","type":1,"name":"3123这321图文12312","intro":"这是简介222","cover":"","textContent":"哈哈啊21231oo23123","saleType":0,"price":1.122,"saleTime":"2018-05-25T02:30:00.000Z","id":"t_3Nb5CtBEwX","__v":0},{"createTime":"2018-03-18T01:28:31.663Z","_id":"5aadc0bf3064eac5b7a921ae","appId":"appXAKRb6caQka5JY2r","type":1,"name":"222","intro":"123","cover":"","textContent":"222","saleType":1,"price":0.01,"saleTime":"2018-03-18T01:24:18.000Z","id":"t_aitGJbJjb8","__v":0},{"createTime":"2018-03-18T01:28:45.627Z","_id":"5aadc0cd3064eac5b7a921af","appId":"appXAKRb6caQka5JY2r","type":1,"name":"222","intro":"123","cover":"","textContent":"222","saleType":1,"price":0.01,"saleTime":"2018-03-18T13:24:18.000Z","id":"t_wxknfj7MDy","__v":0},{"createTime":"2018-03-18T06:52:07.670Z","_id":"5aae0c97fd7050ea7586232b","appId":"appXAKRb6caQka5JY2r","type":1,"name":"图文","intro":"123123","cover":"http://jserk.oss-cn-shenzhen.aliyuncs.com/saas_pic/timg.jpeg","textContent":"123","saleType":1,"price":0.01,"saleTime":"2018-03-18T06:51:41.000Z","id":"t_273G7EnfXp","__v":0},{"createTime":"2018-03-18T09:49:50.720Z","_id":"5aae363ef6571303db84e956","appId":"appXAKRb6caQka5JY2r","type":1,"name":"jserk","intro":"123","cover":"http://jserk.oss-cn-shenzhen.aliyuncs.com/saas_pic/timg+(3).jpeg","textContent":"123","saleType":1,"price":0,"saleTime":"2018-05-18T09:49:11.000Z","id":"t_47XQy8akK4","__v":0},{"createTime":"2018-03-19T01:23:09.479Z","_id":"5aaf10fd21861028a29bee9e","appId":"appXAKRb6caQka5JY2r","type":1,"name":"123","intro":"312","cover":"","textContent":"123","saleType":0,"price":0,"saleTime":null,"id":"t_wAfMFm7YAA","__v":0},{"createTime":"2018-03-19T01:24:54.700Z","_id":"5aaf116621861028a29bee9f","appId":"appXAKRb6caQka5JY2r","type":1,"name":"123","intro":"123","cover":"","textContent":"123","saleType":0,"price":0,"saleTime":null,"id":"t_2f7bP77axR","__v":0},{"createTime":"2018-03-19T01:56:51.836Z","_id":"5aaf18e321861028a29beea0","appId":"appXAKRb6caQka5JY2r","type":1,"name":"123","intro":"123","cover":"","textContent":"3333","saleType":0,"price":0,"saleTime":null,"id":"t_Rt5Cxj7HAz","__v":0}]}
*************** response log end *******************

[2018-03-19T09:59:06.845] [INFO] resLogger - 
*************** response log start **************
request method:GET
request originalUrl:/app/info
request client ip:::ffff:127.0.0.1
request query:{}
response time:2
response body:
{"code":0,"msg":"success","data":{"updateTime":"2018-03-10T13:35:58.138Z","createTime":"2018-03-10T13:35:58.138Z","_id":"5aa3df3e18d129fbeef90974","appId":"appXAKRb6caQka5JY2r","phone":123}}
*************** response log end *******************

[2018-03-19T09:59:06.866] [INFO] resLogger - 
*************** response log start **************
request method:GET
request originalUrl:/cms/getResList?type=1
request client ip:::ffff:127.0.0.1
request query:{"type":"1"}
response time:4
response body:
{"code":0,"msg":"success","data":[{"createTime":"2018-03-17T13:18:05.239Z","_id":"5aad158db5ec4cc49cb4dc2f","appId":"appXAKRb6caQka5JY2r","type":1,"name":"这是图文","intro":"这是简介","cover":"","textContent":"哈哈啊","saleType":0,"price":1.1,"saleTime":"2018-05-25T02:30:00.000Z","id":"t_zNd78pPxjs","__v":0},{"createTime":"2018-03-17T13:18:45.438Z","_id":"5aad15b5b5ec4cc49cb4dc30","appId":"appXAKRb6caQka5JY2r","type":1,"name":"这是图文12312","intro":"这是简介222","cover":"","textContent":"哈哈啊2123123123","saleType":0,"price":1.12,"saleTime":"2018-05-25T02:30:00.000Z","id":"t_RiNZMXtNFr","__v":0},{"createTime":"2018-03-17T13:18:56.901Z","_id":"5aad15c0b5ec4cc49cb4dc31","appId":"appXAKRb6caQka5JY2r","type":1,"name":"3123这321图文12312","intro":"这是简介222","cover":"","textContent":"哈哈啊21231oo23123","saleType":0,"price":1.122,"saleTime":"2018-05-25T02:30:00.000Z","id":"t_3Nb5CtBEwX","__v":0},{"createTime":"2018-03-18T01:28:31.663Z","_id":"5aadc0bf3064eac5b7a921ae","appId":"appXAKRb6caQka5JY2r","type":1,"name":"222","intro":"123","cover":"","textContent":"222","saleType":1,"price":0.01,"saleTime":"2018-03-18T01:24:18.000Z","id":"t_aitGJbJjb8","__v":0},{"createTime":"2018-03-18T01:28:45.627Z","_id":"5aadc0cd3064eac5b7a921af","appId":"appXAKRb6caQka5JY2r","type":1,"name":"222","intro":"123","cover":"","textContent":"222","saleType":1,"price":0.01,"saleTime":"2018-03-18T13:24:18.000Z","id":"t_wxknfj7MDy","__v":0},{"createTime":"2018-03-18T06:52:07.670Z","_id":"5aae0c97fd7050ea7586232b","appId":"appXAKRb6caQka5JY2r","type":1,"name":"图文","intro":"123123","cover":"http://jserk.oss-cn-shenzhen.aliyuncs.com/saas_pic/timg.jpeg","textContent":"123","saleType":1,"price":0.01,"saleTime":"2018-03-18T06:51:41.000Z","id":"t_273G7EnfXp","__v":0},{"createTime":"2018-03-18T09:49:50.720Z","_id":"5aae363ef6571303db84e956","appId":"appXAKRb6caQka5JY2r","type":1,"name":"jserk","intro":"123","cover":"http://jserk.oss-cn-shenzhen.aliyuncs.com/saas_pic/timg+(3).jpeg","textContent":"123","saleType":1,"price":0,"saleTime":"2018-05-18T09:49:11.000Z","id":"t_47XQy8akK4","__v":0},{"createTime":"2018-03-19T01:23:09.479Z","_id":"5aaf10fd21861028a29bee9e","appId":"appXAKRb6caQka5JY2r","type":1,"name":"123","intro":"312","cover":"","textContent":"123","saleType":0,"price":0,"saleTime":null,"id":"t_wAfMFm7YAA","__v":0},{"createTime":"2018-03-19T01:24:54.700Z","_id":"5aaf116621861028a29bee9f","appId":"appXAKRb6caQka5JY2r","type":1,"name":"123","intro":"123","cover":"","textContent":"123","saleType":0,"price":0,"saleTime":null,"id":"t_2f7bP77axR","__v":0},{"createTime":"2018-03-19T01:56:51.836Z","_id":"5aaf18e321861028a29beea0","appId":"appXAKRb6caQka5JY2r","type":1,"name":"123","intro":"123","cover":"","textContent":"3333","saleType":0,"price":0,"saleTime":null,"id":"t_Rt5Cxj7HAz","__v":0}]}
*************** response log end *******************

