[2018-03-18T18:00:15.170] [INFO] resLogger - 
*************** response log start **************
request method:GET
request originalUrl:/app/info
request client ip:::ffff:127.0.0.1
request query:{}
response time:3
response body:
{"code":0,"msg":"success","data":{"updateTime":"2018-03-10T13:35:58.138Z","createTime":"2018-03-10T13:35:58.138Z","_id":"5aa3df3e18d129fbeef90974","appId":"appXAKRb6caQka5JY2r","phone":123}}
*************** response log end *******************

[2018-03-18T18:00:15.175] [INFO] resLogger - 
*************** response log start **************
request method:GET
request originalUrl:/cms/getResInfo?type=1&&id=t_RiNZMXtNFr
request client ip:::ffff:127.0.0.1
request query:{"type":"1","id":"t_RiNZMXtNFr"}
response time:7
response body:
{"code":0,"msg":"success","data":{"createTime":"2018-03-17T13:18:45.438Z","_id":"5aad15b5b5ec4cc49cb4dc30","appId":"appXAKRb6caQka5JY2r","type":1,"name":"这是图文12312","intro":"这是简介222","cover":"","textContent":"哈哈啊2123123123","saleType":false,"price":1.12,"saleTime":"2018-05-25T02:30:00.000Z","id":"t_RiNZMXtNFr","__v":0}}
*************** response log end *******************

[2018-03-18T18:00:26.473] [INFO] resLogger - 
*************** response log start **************
request method:GET
request originalUrl:/app/info
request client ip:::ffff:127.0.0.1
request query:{}
response time:2
response body:
{"code":0,"msg":"success","data":{"updateTime":"2018-03-10T13:35:58.138Z","createTime":"2018-03-10T13:35:58.138Z","_id":"5aa3df3e18d129fbeef90974","appId":"appXAKRb6caQka5JY2r","phone":123}}
*************** response log end *******************

[2018-03-18T18:00:26.478] [INFO] resLogger - 
*************** response log start **************
request method:GET
request originalUrl:/cms/getResInfo?type=1&&id=t_RiNZMXtNFr
request client ip:::ffff:127.0.0.1
request query:{"type":"1","id":"t_RiNZMXtNFr"}
response time:2
response body:
{"code":0,"msg":"success","data":{"createTime":"2018-03-17T13:18:45.438Z","_id":"5aad15b5b5ec4cc49cb4dc30","appId":"appXAKRb6caQka5JY2r","type":1,"name":"这是图文12312","intro":"这是简介222","cover":"","textContent":"哈哈啊2123123123","saleType":false,"price":1.12,"saleTime":"2018-05-25T02:30:00.000Z","id":"t_RiNZMXtNFr","__v":0}}
*************** response log end *******************

[2018-03-18T18:58:19.738] [INFO] resLogger - 
*************** response log start **************
request method:GET
request originalUrl:/app/info
request client ip:::ffff:127.0.0.1
request query:{}
response time:2
response body:
{"code":0,"msg":"success","data":{"updateTime":"2018-03-10T13:35:58.138Z","createTime":"2018-03-10T13:35:58.138Z","_id":"5aa3df3e18d129fbeef90974","appId":"appXAKRb6caQka5JY2r","phone":123}}
*************** response log end *******************

[2018-03-18T18:58:19.762] [INFO] resLogger - 
*************** response log start **************
request method:GET
request originalUrl:/cms/getResInfo?type=1&&id=t_RiNZMXtNFr
request client ip:::ffff:127.0.0.1
request query:{"type":"1","id":"t_RiNZMXtNFr"}
response time:2
response body:
{"code":0,"msg":"success","data":{"createTime":"2018-03-17T13:18:45.438Z","_id":"5aad15b5b5ec4cc49cb4dc30","appId":"appXAKRb6caQka5JY2r","type":1,"name":"这是图文12312","intro":"这是简介222","cover":"","textContent":"哈哈啊2123123123","saleType":false,"price":1.12,"saleTime":"2018-05-25T02:30:00.000Z","id":"t_RiNZMXtNFr","__v":0}}
*************** response log end *******************

[2018-03-18T18:58:50.594] [INFO] resLogger - 
*************** response log start **************
request method:GET
request originalUrl:/app/info
request client ip:::ffff:127.0.0.1
request query:{}
response time:3
response body:
{"code":0,"msg":"success","data":{"updateTime":"2018-03-10T13:35:58.138Z","createTime":"2018-03-10T13:35:58.138Z","_id":"5aa3df3e18d129fbeef90974","appId":"appXAKRb6caQka5JY2r","phone":123}}
*************** response log end *******************

[2018-03-18T18:58:50.596] [INFO] resLogger - 
*************** response log start **************
request method:GET
request originalUrl:/cms/getResInfo?type=1&&id=t_RiNZMXtNFr
request client ip:::ffff:127.0.0.1
request query:{"type":"1","id":"t_RiNZMXtNFr"}
response time:4
response body:
{"code":0,"msg":"success","data":{"createTime":"2018-03-17T13:18:45.438Z","_id":"5aad15b5b5ec4cc49cb4dc30","appId":"appXAKRb6caQka5JY2r","type":1,"name":"这是图文12312","intro":"这是简介222","cover":"","textContent":"哈哈啊2123123123","saleType":false,"price":1.12,"saleTime":"2018-05-25T02:30:00.000Z","id":"t_RiNZMXtNFr","__v":0}}
*************** response log end *******************

