[2018-03-11T15:34:46.634] [INFO] resLogger - 
*************** response log start **************
request method:POST
request originalUrl:/app/login
request client ip:::1
request body
{"phone":"12222"}
response time:4
response body:
{"code":1,"msg":"用户名和密码必须都不能为空"}
*************** response log end *******************

[2018-03-11T15:34:54.565] [INFO] resLogger - 
*************** response log start **************
request method:POST
request originalUrl:/app/login
request client ip:::1
request body
{"phone":"12222","pwd":"123123"}
response time:23
response body:
{"code":1,"msg":"用户名或密码错误"}
*************** response log end *******************

[2018-03-11T15:35:04.306] [INFO] resLogger - 
*************** response log start **************
request method:POST
request originalUrl:/app/login
request client ip:::1
request body
{"phone":"123","pwd":"123"}
response time:7
response body:
{"code":0,"msg":"success","data":{"updateTime":"2018-03-10T13:35:58.138Z","createTime":"2018-03-10T13:35:58.138Z","_id":"5aa3df3e18d129fbeef90974","appId":"appXAKRb6caQka5JY2r","phone":123}}
*************** response log end *******************

