[2018-03-20T08:03:37.381] [INFO] resLogger - 
*************** response log start **************
request method:GET
request originalUrl:/client/getResList?appId=appXAKRb6caQka5JY2r
request client ip:::ffff:127.0.0.1
request query:{"appId":"appXAKRb6caQka5JY2r"}
response time:19
response body:
{"code":0,"msg":"success","data":[{"createTime":"2018-03-19T02:30:51.427Z","_id":"5aaf20db3bd546350926cfbe","appId":"appXAKRb6caQka5JY2r","type":1,"id":"t_Sw2Bb4rDki","name":"123哈哈哈","intro":"123123","cover":"http://jserk.oss-cn-shenzhen.aliyuncs.com/saas_pic/WechatIMG64.jpeg","textContent":"123123123123","saleType":1,"audioSrc":"","videoSrc":"","price":312,"saleTime":"2018-03-17T10:30:27.000Z","__v":0},{"createTime":"2018-03-19T03:27:39.549Z","_id":"5aaf2e2bcd9ec53f6c65c987","appId":"appXAKRb6caQka5JY2r","type":2,"id":"Tt3rhj7eYnMrddKE","name":"这是音频1","intro":"这是一条音频简介","cover":"http://jserk.oss-cn-shenzhen.aliyuncs.com/saas_pic/WechatIMG90.jpeg","textContent":"123","saleType":1,"audioSrc":"","videoSrc":"","price":10,"saleTime":"2018-03-18T19:26:59.000Z","__v":0},{"createTime":"2018-03-19T03:33:12.833Z","_id":"5aaf2f78cd9ec53f6c65c988","appId":"appXAKRb6caQka5JY2r","type":3,"id":"QGk83ydhy4pJxSs3","name":"这是一条视频","intro":"这是视频简介","cover":"http://jserk.oss-cn-shenzhen.aliyuncs.com/saas_pic/WechatIMG57.jpeg","textContent":"123","saleType":0,"audioSrc":"","videoSrc":"http://jserk.oss-cn-shenzhen.aliyuncs.com/saas_video/bannerVideo.mp4","price":0,"saleTime":"2018-03-18T19:32:45.000Z","__v":0}]}
*************** response log end *******************

[2018-03-20T08:04:50.046] [INFO] resLogger - 
*************** response log start **************
request method:GET
request originalUrl:/client/getResList?appId=appXAKRb6caQka5JY2r
request client ip:::ffff:127.0.0.1
request query:{"appId":"appXAKRb6caQka5JY2r"}
response time:3
response body:
{"code":0,"msg":"success","data":[{"createTime":"2018-03-19T02:30:51.427Z","_id":"5aaf20db3bd546350926cfbe","appId":"appXAKRb6caQka5JY2r","type":1,"id":"t_Sw2Bb4rDki","name":"123哈哈哈","intro":"123123","cover":"http://jserk.oss-cn-shenzhen.aliyuncs.com/saas_pic/WechatIMG64.jpeg","textContent":"123123123123","saleType":1,"audioSrc":"","videoSrc":"","price":312,"saleTime":"2018-03-17T10:30:27.000Z","__v":0},{"createTime":"2018-03-19T03:27:39.549Z","_id":"5aaf2e2bcd9ec53f6c65c987","appId":"appXAKRb6caQka5JY2r","type":2,"id":"Tt3rhj7eYnMrddKE","name":"这是音频1","intro":"这是一条音频简介","cover":"http://jserk.oss-cn-shenzhen.aliyuncs.com/saas_pic/WechatIMG90.jpeg","textContent":"123","saleType":1,"audioSrc":"","videoSrc":"","price":10,"saleTime":"2018-03-18T19:26:59.000Z","__v":0},{"createTime":"2018-03-19T03:33:12.833Z","_id":"5aaf2f78cd9ec53f6c65c988","appId":"appXAKRb6caQka5JY2r","type":3,"id":"QGk83ydhy4pJxSs3","name":"这是一条视频","intro":"这是视频简介","cover":"http://jserk.oss-cn-shenzhen.aliyuncs.com/saas_pic/WechatIMG57.jpeg","textContent":"123","saleType":0,"audioSrc":"","videoSrc":"http://jserk.oss-cn-shenzhen.aliyuncs.com/saas_video/bannerVideo.mp4","price":0,"saleTime":"2018-03-18T19:32:45.000Z","__v":0}]}
*************** response log end *******************

[2018-03-20T08:09:20.741] [INFO] resLogger - 
*************** response log start **************
request method:GET
request originalUrl:/client/getResList?appId=appXAKRb6caQka5JY2r
request client ip:::ffff:127.0.0.1
request query:{"appId":"appXAKRb6caQka5JY2r"}
response time:2
response body:
{"code":0,"msg":"success","data":[{"createTime":"2018-03-19T02:30:51.427Z","_id":"5aaf20db3bd546350926cfbe","appId":"appXAKRb6caQka5JY2r","type":1,"id":"t_Sw2Bb4rDki","name":"123哈哈哈","intro":"123123","cover":"http://jserk.oss-cn-shenzhen.aliyuncs.com/saas_pic/WechatIMG64.jpeg","textContent":"123123123123","saleType":1,"audioSrc":"","videoSrc":"","price":312,"saleTime":"2018-03-17T10:30:27.000Z","__v":0},{"createTime":"2018-03-19T03:27:39.549Z","_id":"5aaf2e2bcd9ec53f6c65c987","appId":"appXAKRb6caQka5JY2r","type":2,"id":"Tt3rhj7eYnMrddKE","name":"这是音频1","intro":"这是一条音频简介","cover":"http://jserk.oss-cn-shenzhen.aliyuncs.com/saas_pic/WechatIMG90.jpeg","textContent":"123","saleType":1,"audioSrc":"","videoSrc":"","price":10,"saleTime":"2018-03-18T19:26:59.000Z","__v":0},{"createTime":"2018-03-19T03:33:12.833Z","_id":"5aaf2f78cd9ec53f6c65c988","appId":"appXAKRb6caQka5JY2r","type":3,"id":"QGk83ydhy4pJxSs3","name":"这是一条视频","intro":"这是视频简介","cover":"http://jserk.oss-cn-shenzhen.aliyuncs.com/saas_pic/WechatIMG57.jpeg","textContent":"123","saleType":0,"audioSrc":"","videoSrc":"http://jserk.oss-cn-shenzhen.aliyuncs.com/saas_video/bannerVideo.mp4","price":0,"saleTime":"2018-03-18T19:32:45.000Z","__v":0}]}
*************** response log end *******************

[2018-03-20T08:09:45.673] [INFO] resLogger - 
*************** response log start **************
request method:GET
request originalUrl:/client/getResList?appId=appXAKRb6caQka5JY2r
request client ip:::ffff:127.0.0.1
request query:{"appId":"appXAKRb6caQka5JY2r"}
response time:4
response body:
{"code":0,"msg":"success","data":[{"createTime":"2018-03-19T02:30:51.427Z","_id":"5aaf20db3bd546350926cfbe","appId":"appXAKRb6caQka5JY2r","type":1,"id":"t_Sw2Bb4rDki","name":"123哈哈哈","intro":"123123","cover":"http://jserk.oss-cn-shenzhen.aliyuncs.com/saas_pic/WechatIMG64.jpeg","textContent":"123123123123","saleType":1,"audioSrc":"","videoSrc":"","price":312,"saleTime":"2018-03-17T10:30:27.000Z","__v":0},{"createTime":"2018-03-19T03:27:39.549Z","_id":"5aaf2e2bcd9ec53f6c65c987","appId":"appXAKRb6caQka5JY2r","type":2,"id":"Tt3rhj7eYnMrddKE","name":"这是音频1","intro":"这是一条音频简介","cover":"http://jserk.oss-cn-shenzhen.aliyuncs.com/saas_pic/WechatIMG90.jpeg","textContent":"123","saleType":1,"audioSrc":"","videoSrc":"","price":10,"saleTime":"2018-03-18T19:26:59.000Z","__v":0},{"createTime":"2018-03-19T03:33:12.833Z","_id":"5aaf2f78cd9ec53f6c65c988","appId":"appXAKRb6caQka5JY2r","type":3,"id":"QGk83ydhy4pJxSs3","name":"这是一条视频","intro":"这是视频简介","cover":"http://jserk.oss-cn-shenzhen.aliyuncs.com/saas_pic/WechatIMG57.jpeg","textContent":"123","saleType":0,"audioSrc":"","videoSrc":"http://jserk.oss-cn-shenzhen.aliyuncs.com/saas_video/bannerVideo.mp4","price":0,"saleTime":"2018-03-18T19:32:45.000Z","__v":0}]}
*************** response log end *******************

[2018-03-20T08:20:21.521] [INFO] resLogger - 
*************** response log start **************
request method:GET
request originalUrl:/client/getResList?appId=appXAKRb6caQka5JY2r
request client ip:::ffff:127.0.0.1
request query:{"appId":"appXAKRb6caQka5JY2r"}
response time:9
response body:
{"code":0,"msg":"success","data":[{"createTime":"2018-03-19T02:30:51.427Z","_id":"5aaf20db3bd546350926cfbe","appId":"appXAKRb6caQka5JY2r","type":1,"id":"t_Sw2Bb4rDki","name":"123哈哈哈","intro":"123123","cover":"http://jserk.oss-cn-shenzhen.aliyuncs.com/saas_pic/WechatIMG64.jpeg","textContent":"123123123123","saleType":1,"audioSrc":"","videoSrc":"","price":312,"saleTime":"2018-03-17T10:30:27.000Z","__v":0},{"createTime":"2018-03-19T03:27:39.549Z","_id":"5aaf2e2bcd9ec53f6c65c987","appId":"appXAKRb6caQka5JY2r","type":2,"id":"Tt3rhj7eYnMrddKE","name":"这是音频1","intro":"这是一条音频简介","cover":"http://jserk.oss-cn-shenzhen.aliyuncs.com/saas_pic/WechatIMG90.jpeg","textContent":"123","saleType":1,"audioSrc":"","videoSrc":"","price":10,"saleTime":"2018-03-18T19:26:59.000Z","__v":0},{"createTime":"2018-03-19T03:33:12.833Z","_id":"5aaf2f78cd9ec53f6c65c988","appId":"appXAKRb6caQka5JY2r","type":3,"id":"QGk83ydhy4pJxSs3","name":"这是一条视频","intro":"这是视频简介","cover":"http://jserk.oss-cn-shenzhen.aliyuncs.com/saas_pic/WechatIMG57.jpeg","textContent":"123","saleType":0,"audioSrc":"","videoSrc":"http://jserk.oss-cn-shenzhen.aliyuncs.com/saas_video/bannerVideo.mp4","price":0,"saleTime":"2018-03-18T19:32:45.000Z","__v":0}]}
*************** response log end *******************

[2018-03-20T08:22:22.063] [INFO] resLogger - 
*************** response log start **************
request method:GET
request originalUrl:/client/getResList?appId=appXAKRb6caQka5JY2r
request client ip:::ffff:127.0.0.1
request query:{"appId":"appXAKRb6caQka5JY2r"}
response time:2
response body:
{"code":0,"msg":"success","data":[{"createTime":"2018-03-19T02:30:51.427Z","_id":"5aaf20db3bd546350926cfbe","appId":"appXAKRb6caQka5JY2r","type":1,"id":"t_Sw2Bb4rDki","name":"123哈哈哈","intro":"123123","cover":"http://jserk.oss-cn-shenzhen.aliyuncs.com/saas_pic/WechatIMG64.jpeg","textContent":"123123123123","saleType":1,"audioSrc":"","videoSrc":"","price":312,"saleTime":"2018-03-17T10:30:27.000Z","__v":0},{"createTime":"2018-03-19T03:27:39.549Z","_id":"5aaf2e2bcd9ec53f6c65c987","appId":"appXAKRb6caQka5JY2r","type":2,"id":"Tt3rhj7eYnMrddKE","name":"这是音频1","intro":"这是一条音频简介","cover":"http://jserk.oss-cn-shenzhen.aliyuncs.com/saas_pic/WechatIMG90.jpeg","textContent":"123","saleType":1,"audioSrc":"","videoSrc":"","price":10,"saleTime":"2018-03-18T19:26:59.000Z","__v":0},{"createTime":"2018-03-19T03:33:12.833Z","_id":"5aaf2f78cd9ec53f6c65c988","appId":"appXAKRb6caQka5JY2r","type":3,"id":"QGk83ydhy4pJxSs3","name":"这是一条视频","intro":"这是视频简介","cover":"http://jserk.oss-cn-shenzhen.aliyuncs.com/saas_pic/WechatIMG57.jpeg","textContent":"123","saleType":0,"audioSrc":"","videoSrc":"http://jserk.oss-cn-shenzhen.aliyuncs.com/saas_video/bannerVideo.mp4","price":0,"saleTime":"2018-03-18T19:32:45.000Z","__v":0}]}
*************** response log end *******************

[2018-03-20T08:26:04.010] [INFO] resLogger - 
*************** response log start **************
request method:GET
request originalUrl:/client/getResList?appId=appXAKRb6caQka5JY2r
request client ip:::ffff:127.0.0.1
request query:{"appId":"appXAKRb6caQka5JY2r"}
response time:2
response body:
{"code":0,"msg":"success","data":[{"createTime":"2018-03-19T02:30:51.427Z","_id":"5aaf20db3bd546350926cfbe","appId":"appXAKRb6caQka5JY2r","type":1,"id":"t_Sw2Bb4rDki","name":"123哈哈哈","intro":"123123","cover":"http://jserk.oss-cn-shenzhen.aliyuncs.com/saas_pic/WechatIMG64.jpeg","textContent":"123123123123","saleType":1,"audioSrc":"","videoSrc":"","price":312,"saleTime":"2018-03-17T10:30:27.000Z","__v":0},{"createTime":"2018-03-19T03:27:39.549Z","_id":"5aaf2e2bcd9ec53f6c65c987","appId":"appXAKRb6caQka5JY2r","type":2,"id":"Tt3rhj7eYnMrddKE","name":"这是音频1","intro":"这是一条音频简介","cover":"http://jserk.oss-cn-shenzhen.aliyuncs.com/saas_pic/WechatIMG90.jpeg","textContent":"123","saleType":1,"audioSrc":"","videoSrc":"","price":10,"saleTime":"2018-03-18T19:26:59.000Z","__v":0},{"createTime":"2018-03-19T03:33:12.833Z","_id":"5aaf2f78cd9ec53f6c65c988","appId":"appXAKRb6caQka5JY2r","type":3,"id":"QGk83ydhy4pJxSs3","name":"这是一条视频","intro":"这是视频简介","cover":"http://jserk.oss-cn-shenzhen.aliyuncs.com/saas_pic/WechatIMG57.jpeg","textContent":"123","saleType":0,"audioSrc":"","videoSrc":"http://jserk.oss-cn-shenzhen.aliyuncs.com/saas_video/bannerVideo.mp4","price":0,"saleTime":"2018-03-18T19:32:45.000Z","__v":0}]}
*************** response log end *******************

[2018-03-20T08:26:25.223] [INFO] resLogger - 
*************** response log start **************
request method:GET
request originalUrl:/client/getResList?appId=appXAKRb6caQka5JY2r
request client ip:::ffff:127.0.0.1
request query:{"appId":"appXAKRb6caQka5JY2r"}
response time:3
response body:
{"code":0,"msg":"success","data":[{"createTime":"2018-03-19T02:30:51.427Z","_id":"5aaf20db3bd546350926cfbe","appId":"appXAKRb6caQka5JY2r","type":1,"id":"t_Sw2Bb4rDki","name":"123哈哈哈","intro":"123123","cover":"http://jserk.oss-cn-shenzhen.aliyuncs.com/saas_pic/WechatIMG64.jpeg","textContent":"123123123123","saleType":1,"audioSrc":"","videoSrc":"","price":312,"saleTime":"2018-03-17T10:30:27.000Z","__v":0},{"createTime":"2018-03-19T03:27:39.549Z","_id":"5aaf2e2bcd9ec53f6c65c987","appId":"appXAKRb6caQka5JY2r","type":2,"id":"Tt3rhj7eYnMrddKE","name":"这是音频1","intro":"这是一条音频简介","cover":"http://jserk.oss-cn-shenzhen.aliyuncs.com/saas_pic/WechatIMG90.jpeg","textContent":"123","saleType":1,"audioSrc":"","videoSrc":"","price":10,"saleTime":"2018-03-18T19:26:59.000Z","__v":0},{"createTime":"2018-03-19T03:33:12.833Z","_id":"5aaf2f78cd9ec53f6c65c988","appId":"appXAKRb6caQka5JY2r","type":3,"id":"QGk83ydhy4pJxSs3","name":"这是一条视频","intro":"这是视频简介","cover":"http://jserk.oss-cn-shenzhen.aliyuncs.com/saas_pic/WechatIMG57.jpeg","textContent":"123","saleType":0,"audioSrc":"","videoSrc":"http://jserk.oss-cn-shenzhen.aliyuncs.com/saas_video/bannerVideo.mp4","price":0,"saleTime":"2018-03-18T19:32:45.000Z","__v":0}]}
*************** response log end *******************

[2018-03-20T08:27:32.034] [INFO] resLogger - 
*************** response log start **************
request method:GET
request originalUrl:/client/getResList?appId=appXAKRb6caQka5JY2r
request client ip:::ffff:127.0.0.1
request query:{"appId":"appXAKRb6caQka5JY2r"}
response time:2
response body:
{"code":0,"msg":"success","data":[{"createTime":"2018-03-19T02:30:51.427Z","_id":"5aaf20db3bd546350926cfbe","appId":"appXAKRb6caQka5JY2r","type":1,"id":"t_Sw2Bb4rDki","name":"123哈哈哈","intro":"123123","cover":"http://jserk.oss-cn-shenzhen.aliyuncs.com/saas_pic/WechatIMG64.jpeg","textContent":"123123123123","saleType":1,"audioSrc":"","videoSrc":"","price":312,"saleTime":"2018-03-17T10:30:27.000Z","__v":0},{"createTime":"2018-03-19T03:27:39.549Z","_id":"5aaf2e2bcd9ec53f6c65c987","appId":"appXAKRb6caQka5JY2r","type":2,"id":"Tt3rhj7eYnMrddKE","name":"这是音频1","intro":"这是一条音频简介","cover":"http://jserk.oss-cn-shenzhen.aliyuncs.com/saas_pic/WechatIMG90.jpeg","textContent":"123","saleType":1,"audioSrc":"","videoSrc":"","price":10,"saleTime":"2018-03-18T19:26:59.000Z","__v":0},{"createTime":"2018-03-19T03:33:12.833Z","_id":"5aaf2f78cd9ec53f6c65c988","appId":"appXAKRb6caQka5JY2r","type":3,"id":"QGk83ydhy4pJxSs3","name":"这是一条视频","intro":"这是视频简介","cover":"http://jserk.oss-cn-shenzhen.aliyuncs.com/saas_pic/WechatIMG57.jpeg","textContent":"123","saleType":0,"audioSrc":"","videoSrc":"http://jserk.oss-cn-shenzhen.aliyuncs.com/saas_video/bannerVideo.mp4","price":0,"saleTime":"2018-03-18T19:32:45.000Z","__v":0}]}
*************** response log end *******************

[2018-03-20T08:28:03.565] [INFO] resLogger - 
*************** response log start **************
request method:GET
request originalUrl:/client/getResList?appId=appXAKRb6caQka5JY2r
request client ip:::ffff:127.0.0.1
request query:{"appId":"appXAKRb6caQka5JY2r"}
response time:2
response body:
{"code":0,"msg":"success","data":[{"createTime":"2018-03-19T02:30:51.427Z","_id":"5aaf20db3bd546350926cfbe","appId":"appXAKRb6caQka5JY2r","type":1,"id":"t_Sw2Bb4rDki","name":"123哈哈哈","intro":"123123","cover":"http://jserk.oss-cn-shenzhen.aliyuncs.com/saas_pic/WechatIMG64.jpeg","textContent":"123123123123","saleType":1,"audioSrc":"","videoSrc":"","price":312,"saleTime":"2018-03-17T10:30:27.000Z","__v":0},{"createTime":"2018-03-19T03:27:39.549Z","_id":"5aaf2e2bcd9ec53f6c65c987","appId":"appXAKRb6caQka5JY2r","type":2,"id":"Tt3rhj7eYnMrddKE","name":"这是音频1","intro":"这是一条音频简介","cover":"http://jserk.oss-cn-shenzhen.aliyuncs.com/saas_pic/WechatIMG90.jpeg","textContent":"123","saleType":1,"audioSrc":"","videoSrc":"","price":10,"saleTime":"2018-03-18T19:26:59.000Z","__v":0},{"createTime":"2018-03-19T03:33:12.833Z","_id":"5aaf2f78cd9ec53f6c65c988","appId":"appXAKRb6caQka5JY2r","type":3,"id":"QGk83ydhy4pJxSs3","name":"这是一条视频","intro":"这是视频简介","cover":"http://jserk.oss-cn-shenzhen.aliyuncs.com/saas_pic/WechatIMG57.jpeg","textContent":"123","saleType":0,"audioSrc":"","videoSrc":"http://jserk.oss-cn-shenzhen.aliyuncs.com/saas_video/bannerVideo.mp4","price":0,"saleTime":"2018-03-18T19:32:45.000Z","__v":0}]}
*************** response log end *******************

[2018-03-20T08:28:26.252] [INFO] resLogger - 
*************** response log start **************
request method:GET
request originalUrl:/client/getResList?appId=appXAKRb6caQka5JY2r
request client ip:::ffff:127.0.0.1
request query:{"appId":"appXAKRb6caQka5JY2r"}
response time:2
response body:
{"code":0,"msg":"success","data":[{"createTime":"2018-03-19T02:30:51.427Z","_id":"5aaf20db3bd546350926cfbe","appId":"appXAKRb6caQka5JY2r","type":1,"id":"t_Sw2Bb4rDki","name":"123哈哈哈","intro":"123123","cover":"http://jserk.oss-cn-shenzhen.aliyuncs.com/saas_pic/WechatIMG64.jpeg","textContent":"123123123123","saleType":1,"audioSrc":"","videoSrc":"","price":312,"saleTime":"2018-03-17T10:30:27.000Z","__v":0},{"createTime":"2018-03-19T03:27:39.549Z","_id":"5aaf2e2bcd9ec53f6c65c987","appId":"appXAKRb6caQka5JY2r","type":2,"id":"Tt3rhj7eYnMrddKE","name":"这是音频1","intro":"这是一条音频简介","cover":"http://jserk.oss-cn-shenzhen.aliyuncs.com/saas_pic/WechatIMG90.jpeg","textContent":"123","saleType":1,"audioSrc":"","videoSrc":"","price":10,"saleTime":"2018-03-18T19:26:59.000Z","__v":0},{"createTime":"2018-03-19T03:33:12.833Z","_id":"5aaf2f78cd9ec53f6c65c988","appId":"appXAKRb6caQka5JY2r","type":3,"id":"QGk83ydhy4pJxSs3","name":"这是一条视频","intro":"这是视频简介","cover":"http://jserk.oss-cn-shenzhen.aliyuncs.com/saas_pic/WechatIMG57.jpeg","textContent":"123","saleType":0,"audioSrc":"","videoSrc":"http://jserk.oss-cn-shenzhen.aliyuncs.com/saas_video/bannerVideo.mp4","price":0,"saleTime":"2018-03-18T19:32:45.000Z","__v":0}]}
*************** response log end *******************

[2018-03-20T08:29:50.789] [INFO] resLogger - 
*************** response log start **************
request method:GET
request originalUrl:/client/getResList?appId=appXAKRb6caQka5JY2r
request client ip:::ffff:127.0.0.1
request query:{"appId":"appXAKRb6caQka5JY2r"}
response time:2
response body:
{"code":0,"msg":"success","data":[{"createTime":"2018-03-19T02:30:51.427Z","_id":"5aaf20db3bd546350926cfbe","appId":"appXAKRb6caQka5JY2r","type":1,"id":"t_Sw2Bb4rDki","name":"123哈哈哈","intro":"123123","cover":"http://jserk.oss-cn-shenzhen.aliyuncs.com/saas_pic/WechatIMG64.jpeg","textContent":"123123123123","saleType":1,"audioSrc":"","videoSrc":"","price":312,"saleTime":"2018-03-17T10:30:27.000Z","__v":0},{"createTime":"2018-03-19T03:27:39.549Z","_id":"5aaf2e2bcd9ec53f6c65c987","appId":"appXAKRb6caQka5JY2r","type":2,"id":"Tt3rhj7eYnMrddKE","name":"这是音频1","intro":"这是一条音频简介","cover":"http://jserk.oss-cn-shenzhen.aliyuncs.com/saas_pic/WechatIMG90.jpeg","textContent":"123","saleType":1,"audioSrc":"","videoSrc":"","price":10,"saleTime":"2018-03-18T19:26:59.000Z","__v":0},{"createTime":"2018-03-19T03:33:12.833Z","_id":"5aaf2f78cd9ec53f6c65c988","appId":"appXAKRb6caQka5JY2r","type":3,"id":"QGk83ydhy4pJxSs3","name":"这是一条视频","intro":"这是视频简介","cover":"http://jserk.oss-cn-shenzhen.aliyuncs.com/saas_pic/WechatIMG57.jpeg","textContent":"123","saleType":0,"audioSrc":"","videoSrc":"http://jserk.oss-cn-shenzhen.aliyuncs.com/saas_video/bannerVideo.mp4","price":0,"saleTime":"2018-03-18T19:32:45.000Z","__v":0}]}
*************** response log end *******************

[2018-03-20T08:30:08.459] [INFO] resLogger - 
*************** response log start **************
request method:GET
request originalUrl:/client/getResList?appId=appXAKRb6caQka5JY2r
request client ip:::ffff:127.0.0.1
request query:{"appId":"appXAKRb6caQka5JY2r"}
response time:2
response body:
{"code":0,"msg":"success","data":[{"createTime":"2018-03-19T02:30:51.427Z","_id":"5aaf20db3bd546350926cfbe","appId":"appXAKRb6caQka5JY2r","type":1,"id":"t_Sw2Bb4rDki","name":"123哈哈哈","intro":"123123","cover":"http://jserk.oss-cn-shenzhen.aliyuncs.com/saas_pic/WechatIMG64.jpeg","textContent":"123123123123","saleType":1,"audioSrc":"","videoSrc":"","price":312,"saleTime":"2018-03-17T10:30:27.000Z","__v":0},{"createTime":"2018-03-19T03:27:39.549Z","_id":"5aaf2e2bcd9ec53f6c65c987","appId":"appXAKRb6caQka5JY2r","type":2,"id":"Tt3rhj7eYnMrddKE","name":"这是音频1","intro":"这是一条音频简介","cover":"http://jserk.oss-cn-shenzhen.aliyuncs.com/saas_pic/WechatIMG90.jpeg","textContent":"123","saleType":1,"audioSrc":"","videoSrc":"","price":10,"saleTime":"2018-03-18T19:26:59.000Z","__v":0},{"createTime":"2018-03-19T03:33:12.833Z","_id":"5aaf2f78cd9ec53f6c65c988","appId":"appXAKRb6caQka5JY2r","type":3,"id":"QGk83ydhy4pJxSs3","name":"这是一条视频","intro":"这是视频简介","cover":"http://jserk.oss-cn-shenzhen.aliyuncs.com/saas_pic/WechatIMG57.jpeg","textContent":"123","saleType":0,"audioSrc":"","videoSrc":"http://jserk.oss-cn-shenzhen.aliyuncs.com/saas_video/bannerVideo.mp4","price":0,"saleTime":"2018-03-18T19:32:45.000Z","__v":0}]}
*************** response log end *******************

[2018-03-20T08:30:48.122] [INFO] resLogger - 
*************** response log start **************
request method:GET
request originalUrl:/client/getResList?appId=appXAKRb6caQka5JY2r
request client ip:::ffff:127.0.0.1
request query:{"appId":"appXAKRb6caQka5JY2r"}
response time:8
response body:
{"code":0,"msg":"success","data":[{"createTime":"2018-03-19T02:30:51.427Z","_id":"5aaf20db3bd546350926cfbe","appId":"appXAKRb6caQka5JY2r","type":1,"id":"t_Sw2Bb4rDki","name":"123哈哈哈","intro":"123123","cover":"http://jserk.oss-cn-shenzhen.aliyuncs.com/saas_pic/WechatIMG64.jpeg","textContent":"123123123123","saleType":1,"audioSrc":"","videoSrc":"","price":312,"saleTime":"2018-03-17T10:30:27.000Z","__v":0},{"createTime":"2018-03-19T03:27:39.549Z","_id":"5aaf2e2bcd9ec53f6c65c987","appId":"appXAKRb6caQka5JY2r","type":2,"id":"Tt3rhj7eYnMrddKE","name":"这是音频1","intro":"这是一条音频简介","cover":"http://jserk.oss-cn-shenzhen.aliyuncs.com/saas_pic/WechatIMG90.jpeg","textContent":"123","saleType":1,"audioSrc":"","videoSrc":"","price":10,"saleTime":"2018-03-18T19:26:59.000Z","__v":0},{"createTime":"2018-03-19T03:33:12.833Z","_id":"5aaf2f78cd9ec53f6c65c988","appId":"appXAKRb6caQka5JY2r","type":3,"id":"QGk83ydhy4pJxSs3","name":"这是一条视频","intro":"这是视频简介","cover":"http://jserk.oss-cn-shenzhen.aliyuncs.com/saas_pic/WechatIMG57.jpeg","textContent":"123","saleType":0,"audioSrc":"","videoSrc":"http://jserk.oss-cn-shenzhen.aliyuncs.com/saas_video/bannerVideo.mp4","price":0,"saleTime":"2018-03-18T19:32:45.000Z","__v":0}]}
*************** response log end *******************

[2018-03-20T08:31:14.304] [INFO] resLogger - 
*************** response log start **************
request method:GET
request originalUrl:/client/getResList?appId=appXAKRb6caQka5JY2r
request client ip:::ffff:127.0.0.1
request query:{"appId":"appXAKRb6caQka5JY2r"}
response time:2
response body:
{"code":0,"msg":"success","data":[{"createTime":"2018-03-19T02:30:51.427Z","_id":"5aaf20db3bd546350926cfbe","appId":"appXAKRb6caQka5JY2r","type":1,"id":"t_Sw2Bb4rDki","name":"123哈哈哈","intro":"123123","cover":"http://jserk.oss-cn-shenzhen.aliyuncs.com/saas_pic/WechatIMG64.jpeg","textContent":"123123123123","saleType":1,"audioSrc":"","videoSrc":"","price":312,"saleTime":"2018-03-17T10:30:27.000Z","__v":0},{"createTime":"2018-03-19T03:27:39.549Z","_id":"5aaf2e2bcd9ec53f6c65c987","appId":"appXAKRb6caQka5JY2r","type":2,"id":"Tt3rhj7eYnMrddKE","name":"这是音频1","intro":"这是一条音频简介","cover":"http://jserk.oss-cn-shenzhen.aliyuncs.com/saas_pic/WechatIMG90.jpeg","textContent":"123","saleType":1,"audioSrc":"","videoSrc":"","price":10,"saleTime":"2018-03-18T19:26:59.000Z","__v":0},{"createTime":"2018-03-19T03:33:12.833Z","_id":"5aaf2f78cd9ec53f6c65c988","appId":"appXAKRb6caQka5JY2r","type":3,"id":"QGk83ydhy4pJxSs3","name":"这是一条视频","intro":"这是视频简介","cover":"http://jserk.oss-cn-shenzhen.aliyuncs.com/saas_pic/WechatIMG57.jpeg","textContent":"123","saleType":0,"audioSrc":"","videoSrc":"http://jserk.oss-cn-shenzhen.aliyuncs.com/saas_video/bannerVideo.mp4","price":0,"saleTime":"2018-03-18T19:32:45.000Z","__v":0}]}
*************** response log end *******************

[2018-03-20T08:32:02.021] [INFO] resLogger - 
*************** response log start **************
request method:GET
request originalUrl:/client/getResList?appId=appXAKRb6caQka5JY2r
request client ip:::ffff:127.0.0.1
request query:{"appId":"appXAKRb6caQka5JY2r"}
response time:2
response body:
{"code":0,"msg":"success","data":[{"createTime":"2018-03-19T02:30:51.427Z","_id":"5aaf20db3bd546350926cfbe","appId":"appXAKRb6caQka5JY2r","type":1,"id":"t_Sw2Bb4rDki","name":"123哈哈哈","intro":"123123","cover":"http://jserk.oss-cn-shenzhen.aliyuncs.com/saas_pic/WechatIMG64.jpeg","textContent":"123123123123","saleType":1,"audioSrc":"","videoSrc":"","price":312,"saleTime":"2018-03-17T10:30:27.000Z","__v":0},{"createTime":"2018-03-19T03:27:39.549Z","_id":"5aaf2e2bcd9ec53f6c65c987","appId":"appXAKRb6caQka5JY2r","type":2,"id":"Tt3rhj7eYnMrddKE","name":"这是音频1","intro":"这是一条音频简介","cover":"http://jserk.oss-cn-shenzhen.aliyuncs.com/saas_pic/WechatIMG90.jpeg","textContent":"123","saleType":1,"audioSrc":"","videoSrc":"","price":10,"saleTime":"2018-03-18T19:26:59.000Z","__v":0},{"createTime":"2018-03-19T03:33:12.833Z","_id":"5aaf2f78cd9ec53f6c65c988","appId":"appXAKRb6caQka5JY2r","type":3,"id":"QGk83ydhy4pJxSs3","name":"这是一条视频","intro":"这是视频简介","cover":"http://jserk.oss-cn-shenzhen.aliyuncs.com/saas_pic/WechatIMG57.jpeg","textContent":"123","saleType":0,"audioSrc":"","videoSrc":"http://jserk.oss-cn-shenzhen.aliyuncs.com/saas_video/bannerVideo.mp4","price":0,"saleTime":"2018-03-18T19:32:45.000Z","__v":0}]}
*************** response log end *******************

[2018-03-20T08:33:10.392] [INFO] resLogger - 
*************** response log start **************
request method:GET
request originalUrl:/client/getResList?appId=appXAKRb6caQka5JY2r
request client ip:::ffff:127.0.0.1
request query:{"appId":"appXAKRb6caQka5JY2r"}
response time:2
response body:
{"code":0,"msg":"success","data":[{"createTime":"2018-03-19T02:30:51.427Z","_id":"5aaf20db3bd546350926cfbe","appId":"appXAKRb6caQka5JY2r","type":1,"id":"t_Sw2Bb4rDki","name":"123哈哈哈","intro":"123123","cover":"http://jserk.oss-cn-shenzhen.aliyuncs.com/saas_pic/WechatIMG64.jpeg","textContent":"123123123123","saleType":1,"audioSrc":"","videoSrc":"","price":312,"saleTime":"2018-03-17T10:30:27.000Z","__v":0},{"createTime":"2018-03-19T03:27:39.549Z","_id":"5aaf2e2bcd9ec53f6c65c987","appId":"appXAKRb6caQka5JY2r","type":2,"id":"Tt3rhj7eYnMrddKE","name":"这是音频1","intro":"这是一条音频简介","cover":"http://jserk.oss-cn-shenzhen.aliyuncs.com/saas_pic/WechatIMG90.jpeg","textContent":"123","saleType":1,"audioSrc":"","videoSrc":"","price":10,"saleTime":"2018-03-18T19:26:59.000Z","__v":0},{"createTime":"2018-03-19T03:33:12.833Z","_id":"5aaf2f78cd9ec53f6c65c988","appId":"appXAKRb6caQka5JY2r","type":3,"id":"QGk83ydhy4pJxSs3","name":"这是一条视频","intro":"这是视频简介","cover":"http://jserk.oss-cn-shenzhen.aliyuncs.com/saas_pic/WechatIMG57.jpeg","textContent":"123","saleType":0,"audioSrc":"","videoSrc":"http://jserk.oss-cn-shenzhen.aliyuncs.com/saas_video/bannerVideo.mp4","price":0,"saleTime":"2018-03-18T19:32:45.000Z","__v":0}]}
*************** response log end *******************

[2018-03-20T08:34:28.077] [INFO] resLogger - 
*************** response log start **************
request method:GET
request originalUrl:/client/getResList?appId=appXAKRb6caQka5JY2r
request client ip:::ffff:127.0.0.1
request query:{"appId":"appXAKRb6caQka5JY2r"}
response time:2
response body:
{"code":0,"msg":"success","data":[{"createTime":"2018-03-19T02:30:51.427Z","_id":"5aaf20db3bd546350926cfbe","appId":"appXAKRb6caQka5JY2r","type":1,"id":"t_Sw2Bb4rDki","name":"123哈哈哈","intro":"123123","cover":"http://jserk.oss-cn-shenzhen.aliyuncs.com/saas_pic/WechatIMG64.jpeg","textContent":"123123123123","saleType":1,"audioSrc":"","videoSrc":"","price":312,"saleTime":"2018-03-17T10:30:27.000Z","__v":0},{"createTime":"2018-03-19T03:27:39.549Z","_id":"5aaf2e2bcd9ec53f6c65c987","appId":"appXAKRb6caQka5JY2r","type":2,"id":"Tt3rhj7eYnMrddKE","name":"这是音频1","intro":"这是一条音频简介","cover":"http://jserk.oss-cn-shenzhen.aliyuncs.com/saas_pic/WechatIMG90.jpeg","textContent":"123","saleType":1,"audioSrc":"","videoSrc":"","price":10,"saleTime":"2018-03-18T19:26:59.000Z","__v":0},{"createTime":"2018-03-19T03:33:12.833Z","_id":"5aaf2f78cd9ec53f6c65c988","appId":"appXAKRb6caQka5JY2r","type":3,"id":"QGk83ydhy4pJxSs3","name":"这是一条视频","intro":"这是视频简介","cover":"http://jserk.oss-cn-shenzhen.aliyuncs.com/saas_pic/WechatIMG57.jpeg","textContent":"123","saleType":0,"audioSrc":"","videoSrc":"http://jserk.oss-cn-shenzhen.aliyuncs.com/saas_video/bannerVideo.mp4","price":0,"saleTime":"2018-03-18T19:32:45.000Z","__v":0}]}
*************** response log end *******************

[2018-03-20T08:34:56.706] [INFO] resLogger - 
*************** response log start **************
request method:GET
request originalUrl:/client/getResList?appId=appXAKRb6caQka5JY2r
request client ip:::ffff:127.0.0.1
request query:{"appId":"appXAKRb6caQka5JY2r"}
response time:4
response body:
{"code":0,"msg":"success","data":[{"createTime":"2018-03-19T02:30:51.427Z","_id":"5aaf20db3bd546350926cfbe","appId":"appXAKRb6caQka5JY2r","type":1,"id":"t_Sw2Bb4rDki","name":"123哈哈哈","intro":"123123","cover":"http://jserk.oss-cn-shenzhen.aliyuncs.com/saas_pic/WechatIMG64.jpeg","textContent":"123123123123","saleType":1,"audioSrc":"","videoSrc":"","price":312,"saleTime":"2018-03-17T10:30:27.000Z","__v":0},{"createTime":"2018-03-19T03:27:39.549Z","_id":"5aaf2e2bcd9ec53f6c65c987","appId":"appXAKRb6caQka5JY2r","type":2,"id":"Tt3rhj7eYnMrddKE","name":"这是音频1","intro":"这是一条音频简介","cover":"http://jserk.oss-cn-shenzhen.aliyuncs.com/saas_pic/WechatIMG90.jpeg","textContent":"123","saleType":1,"audioSrc":"","videoSrc":"","price":10,"saleTime":"2018-03-18T19:26:59.000Z","__v":0},{"createTime":"2018-03-19T03:33:12.833Z","_id":"5aaf2f78cd9ec53f6c65c988","appId":"appXAKRb6caQka5JY2r","type":3,"id":"QGk83ydhy4pJxSs3","name":"这是一条视频","intro":"这是视频简介","cover":"http://jserk.oss-cn-shenzhen.aliyuncs.com/saas_pic/WechatIMG57.jpeg","textContent":"123","saleType":0,"audioSrc":"","videoSrc":"http://jserk.oss-cn-shenzhen.aliyuncs.com/saas_video/bannerVideo.mp4","price":0,"saleTime":"2018-03-18T19:32:45.000Z","__v":0}]}
*************** response log end *******************

[2018-03-20T08:35:25.577] [INFO] resLogger - 
*************** response log start **************
request method:GET
request originalUrl:/client/getResList?appId=appXAKRb6caQka5JY2r
request client ip:::ffff:127.0.0.1
request query:{"appId":"appXAKRb6caQka5JY2r"}
response time:3
response body:
{"code":0,"msg":"success","data":[{"createTime":"2018-03-19T02:30:51.427Z","_id":"5aaf20db3bd546350926cfbe","appId":"appXAKRb6caQka5JY2r","type":1,"id":"t_Sw2Bb4rDki","name":"123哈哈哈","intro":"123123","cover":"http://jserk.oss-cn-shenzhen.aliyuncs.com/saas_pic/WechatIMG64.jpeg","textContent":"123123123123","saleType":1,"audioSrc":"","videoSrc":"","price":312,"saleTime":"2018-03-17T10:30:27.000Z","__v":0},{"createTime":"2018-03-19T03:27:39.549Z","_id":"5aaf2e2bcd9ec53f6c65c987","appId":"appXAKRb6caQka5JY2r","type":2,"id":"Tt3rhj7eYnMrddKE","name":"这是音频1","intro":"这是一条音频简介","cover":"http://jserk.oss-cn-shenzhen.aliyuncs.com/saas_pic/WechatIMG90.jpeg","textContent":"123","saleType":1,"audioSrc":"","videoSrc":"","price":10,"saleTime":"2018-03-18T19:26:59.000Z","__v":0},{"createTime":"2018-03-19T03:33:12.833Z","_id":"5aaf2f78cd9ec53f6c65c988","appId":"appXAKRb6caQka5JY2r","type":3,"id":"QGk83ydhy4pJxSs3","name":"这是一条视频","intro":"这是视频简介","cover":"http://jserk.oss-cn-shenzhen.aliyuncs.com/saas_pic/WechatIMG57.jpeg","textContent":"123","saleType":0,"audioSrc":"","videoSrc":"http://jserk.oss-cn-shenzhen.aliyuncs.com/saas_video/bannerVideo.mp4","price":0,"saleTime":"2018-03-18T19:32:45.000Z","__v":0}]}
*************** response log end *******************

[2018-03-20T08:35:52.661] [INFO] resLogger - 
*************** response log start **************
request method:GET
request originalUrl:/client/getResList?appId=appXAKRb6caQka5JY2r
request client ip:::ffff:127.0.0.1
request query:{"appId":"appXAKRb6caQka5JY2r"}
response time:1
response body:
{"code":0,"msg":"success","data":[{"createTime":"2018-03-19T02:30:51.427Z","_id":"5aaf20db3bd546350926cfbe","appId":"appXAKRb6caQka5JY2r","type":1,"id":"t_Sw2Bb4rDki","name":"123哈哈哈","intro":"123123","cover":"http://jserk.oss-cn-shenzhen.aliyuncs.com/saas_pic/WechatIMG64.jpeg","textContent":"123123123123","saleType":1,"audioSrc":"","videoSrc":"","price":312,"saleTime":"2018-03-17T10:30:27.000Z","__v":0},{"createTime":"2018-03-19T03:27:39.549Z","_id":"5aaf2e2bcd9ec53f6c65c987","appId":"appXAKRb6caQka5JY2r","type":2,"id":"Tt3rhj7eYnMrddKE","name":"这是音频1","intro":"这是一条音频简介","cover":"http://jserk.oss-cn-shenzhen.aliyuncs.com/saas_pic/WechatIMG90.jpeg","textContent":"123","saleType":1,"audioSrc":"","videoSrc":"","price":10,"saleTime":"2018-03-18T19:26:59.000Z","__v":0},{"createTime":"2018-03-19T03:33:12.833Z","_id":"5aaf2f78cd9ec53f6c65c988","appId":"appXAKRb6caQka5JY2r","type":3,"id":"QGk83ydhy4pJxSs3","name":"这是一条视频","intro":"这是视频简介","cover":"http://jserk.oss-cn-shenzhen.aliyuncs.com/saas_pic/WechatIMG57.jpeg","textContent":"123","saleType":0,"audioSrc":"","videoSrc":"http://jserk.oss-cn-shenzhen.aliyuncs.com/saas_video/bannerVideo.mp4","price":0,"saleTime":"2018-03-18T19:32:45.000Z","__v":0}]}
*************** response log end *******************

[2018-03-20T08:36:34.707] [INFO] resLogger - 
*************** response log start **************
request method:GET
request originalUrl:/client/getResList?appId=appXAKRb6caQka5JY2r
request client ip:::ffff:127.0.0.1
request query:{"appId":"appXAKRb6caQka5JY2r"}
response time:4
response body:
{"code":0,"msg":"success","data":[{"createTime":"2018-03-19T02:30:51.427Z","_id":"5aaf20db3bd546350926cfbe","appId":"appXAKRb6caQka5JY2r","type":1,"id":"t_Sw2Bb4rDki","name":"123哈哈哈","intro":"123123","cover":"http://jserk.oss-cn-shenzhen.aliyuncs.com/saas_pic/WechatIMG64.jpeg","textContent":"123123123123","saleType":1,"audioSrc":"","videoSrc":"","price":312,"saleTime":"2018-03-17T10:30:27.000Z","__v":0},{"createTime":"2018-03-19T03:27:39.549Z","_id":"5aaf2e2bcd9ec53f6c65c987","appId":"appXAKRb6caQka5JY2r","type":2,"id":"Tt3rhj7eYnMrddKE","name":"这是音频1","intro":"这是一条音频简介","cover":"http://jserk.oss-cn-shenzhen.aliyuncs.com/saas_pic/WechatIMG90.jpeg","textContent":"123","saleType":1,"audioSrc":"","videoSrc":"","price":10,"saleTime":"2018-03-18T19:26:59.000Z","__v":0},{"createTime":"2018-03-19T03:33:12.833Z","_id":"5aaf2f78cd9ec53f6c65c988","appId":"appXAKRb6caQka5JY2r","type":3,"id":"QGk83ydhy4pJxSs3","name":"这是一条视频","intro":"这是视频简介","cover":"http://jserk.oss-cn-shenzhen.aliyuncs.com/saas_pic/WechatIMG57.jpeg","textContent":"123","saleType":0,"audioSrc":"","videoSrc":"http://jserk.oss-cn-shenzhen.aliyuncs.com/saas_video/bannerVideo.mp4","price":0,"saleTime":"2018-03-18T19:32:45.000Z","__v":0}]}
*************** response log end *******************

[2018-03-20T08:37:06.992] [INFO] resLogger - 
*************** response log start **************
request method:GET
request originalUrl:/client/getResList?appId=appXAKRb6caQka5JY2r
request client ip:::ffff:127.0.0.1
request query:{"appId":"appXAKRb6caQka5JY2r"}
response time:6
response body:
{"code":0,"msg":"success","data":[{"createTime":"2018-03-19T02:30:51.427Z","_id":"5aaf20db3bd546350926cfbe","appId":"appXAKRb6caQka5JY2r","type":1,"id":"t_Sw2Bb4rDki","name":"123哈哈哈","intro":"123123","cover":"http://jserk.oss-cn-shenzhen.aliyuncs.com/saas_pic/WechatIMG64.jpeg","textContent":"123123123123","saleType":1,"audioSrc":"","videoSrc":"","price":312,"saleTime":"2018-03-17T10:30:27.000Z","__v":0},{"createTime":"2018-03-19T03:27:39.549Z","_id":"5aaf2e2bcd9ec53f6c65c987","appId":"appXAKRb6caQka5JY2r","type":2,"id":"Tt3rhj7eYnMrddKE","name":"这是音频1","intro":"这是一条音频简介","cover":"http://jserk.oss-cn-shenzhen.aliyuncs.com/saas_pic/WechatIMG90.jpeg","textContent":"123","saleType":1,"audioSrc":"","videoSrc":"","price":10,"saleTime":"2018-03-18T19:26:59.000Z","__v":0},{"createTime":"2018-03-19T03:33:12.833Z","_id":"5aaf2f78cd9ec53f6c65c988","appId":"appXAKRb6caQka5JY2r","type":3,"id":"QGk83ydhy4pJxSs3","name":"这是一条视频","intro":"这是视频简介","cover":"http://jserk.oss-cn-shenzhen.aliyuncs.com/saas_pic/WechatIMG57.jpeg","textContent":"123","saleType":0,"audioSrc":"","videoSrc":"http://jserk.oss-cn-shenzhen.aliyuncs.com/saas_video/bannerVideo.mp4","price":0,"saleTime":"2018-03-18T19:32:45.000Z","__v":0}]}
*************** response log end *******************

[2018-03-20T08:38:51.126] [INFO] resLogger - 
*************** response log start **************
request method:GET
request originalUrl:/client/getResList?appId=appXAKRb6caQka5JY2r
request client ip:::ffff:127.0.0.1
request query:{"appId":"appXAKRb6caQka5JY2r"}
response time:1
response body:
{"code":0,"msg":"success","data":[{"createTime":"2018-03-19T02:30:51.427Z","_id":"5aaf20db3bd546350926cfbe","appId":"appXAKRb6caQka5JY2r","type":1,"id":"t_Sw2Bb4rDki","name":"123哈哈哈","intro":"123123","cover":"http://jserk.oss-cn-shenzhen.aliyuncs.com/saas_pic/WechatIMG64.jpeg","textContent":"123123123123","saleType":1,"audioSrc":"","videoSrc":"","price":312,"saleTime":"2018-03-17T10:30:27.000Z","__v":0},{"createTime":"2018-03-19T03:27:39.549Z","_id":"5aaf2e2bcd9ec53f6c65c987","appId":"appXAKRb6caQka5JY2r","type":2,"id":"Tt3rhj7eYnMrddKE","name":"这是音频1","intro":"这是一条音频简介","cover":"http://jserk.oss-cn-shenzhen.aliyuncs.com/saas_pic/WechatIMG90.jpeg","textContent":"123","saleType":1,"audioSrc":"","videoSrc":"","price":10,"saleTime":"2018-03-18T19:26:59.000Z","__v":0},{"createTime":"2018-03-19T03:33:12.833Z","_id":"5aaf2f78cd9ec53f6c65c988","appId":"appXAKRb6caQka5JY2r","type":3,"id":"QGk83ydhy4pJxSs3","name":"这是一条视频","intro":"这是视频简介","cover":"http://jserk.oss-cn-shenzhen.aliyuncs.com/saas_pic/WechatIMG57.jpeg","textContent":"123","saleType":0,"audioSrc":"","videoSrc":"http://jserk.oss-cn-shenzhen.aliyuncs.com/saas_video/bannerVideo.mp4","price":0,"saleTime":"2018-03-18T19:32:45.000Z","__v":0}]}
*************** response log end *******************

[2018-03-20T08:41:10.271] [INFO] resLogger - 
*************** response log start **************
request method:GET
request originalUrl:/client/getResList?appId=appXAKRb6caQka5JY2r
request client ip:::ffff:127.0.0.1
request query:{"appId":"appXAKRb6caQka5JY2r"}
response time:2
response body:
{"code":0,"msg":"success","data":[{"createTime":"2018-03-19T02:30:51.427Z","_id":"5aaf20db3bd546350926cfbe","appId":"appXAKRb6caQka5JY2r","type":1,"id":"t_Sw2Bb4rDki","name":"123哈哈哈","intro":"123123","cover":"http://jserk.oss-cn-shenzhen.aliyuncs.com/saas_pic/WechatIMG64.jpeg","textContent":"123123123123","saleType":1,"audioSrc":"","videoSrc":"","price":312,"saleTime":"2018-03-17T10:30:27.000Z","__v":0},{"createTime":"2018-03-19T03:27:39.549Z","_id":"5aaf2e2bcd9ec53f6c65c987","appId":"appXAKRb6caQka5JY2r","type":2,"id":"Tt3rhj7eYnMrddKE","name":"这是音频1","intro":"这是一条音频简介","cover":"http://jserk.oss-cn-shenzhen.aliyuncs.com/saas_pic/WechatIMG90.jpeg","textContent":"123","saleType":1,"audioSrc":"","videoSrc":"","price":10,"saleTime":"2018-03-18T19:26:59.000Z","__v":0},{"createTime":"2018-03-19T03:33:12.833Z","_id":"5aaf2f78cd9ec53f6c65c988","appId":"appXAKRb6caQka5JY2r","type":3,"id":"QGk83ydhy4pJxSs3","name":"这是一条视频","intro":"这是视频简介","cover":"http://jserk.oss-cn-shenzhen.aliyuncs.com/saas_pic/WechatIMG57.jpeg","textContent":"123","saleType":0,"audioSrc":"","videoSrc":"http://jserk.oss-cn-shenzhen.aliyuncs.com/saas_video/bannerVideo.mp4","price":0,"saleTime":"2018-03-18T19:32:45.000Z","__v":0}]}
*************** response log end *******************

[2018-03-20T08:45:39.249] [INFO] resLogger - 
*************** response log start **************
request method:GET
request originalUrl:/client/getResList?appId=appXAKRb6caQka5JY2r
request client ip:::ffff:127.0.0.1
request query:{"appId":"appXAKRb6caQka5JY2r"}
response time:2
response body:
{"code":0,"msg":"success","data":[{"createTime":"2018-03-19T02:30:51.427Z","_id":"5aaf20db3bd546350926cfbe","appId":"appXAKRb6caQka5JY2r","type":1,"id":"t_Sw2Bb4rDki","name":"123哈哈哈","intro":"123123","cover":"http://jserk.oss-cn-shenzhen.aliyuncs.com/saas_pic/WechatIMG64.jpeg","textContent":"123123123123","saleType":1,"audioSrc":"","videoSrc":"","price":312,"saleTime":"2018-03-17T10:30:27.000Z","__v":0},{"createTime":"2018-03-19T03:27:39.549Z","_id":"5aaf2e2bcd9ec53f6c65c987","appId":"appXAKRb6caQka5JY2r","type":2,"id":"Tt3rhj7eYnMrddKE","name":"这是音频1","intro":"这是一条音频简介","cover":"http://jserk.oss-cn-shenzhen.aliyuncs.com/saas_pic/WechatIMG90.jpeg","textContent":"123","saleType":1,"audioSrc":"","videoSrc":"","price":10,"saleTime":"2018-03-18T19:26:59.000Z","__v":0},{"createTime":"2018-03-19T03:33:12.833Z","_id":"5aaf2f78cd9ec53f6c65c988","appId":"appXAKRb6caQka5JY2r","type":3,"id":"QGk83ydhy4pJxSs3","name":"这是一条视频","intro":"这是视频简介","cover":"http://jserk.oss-cn-shenzhen.aliyuncs.com/saas_pic/WechatIMG57.jpeg","textContent":"123","saleType":0,"audioSrc":"","videoSrc":"http://jserk.oss-cn-shenzhen.aliyuncs.com/saas_video/bannerVideo.mp4","price":0,"saleTime":"2018-03-18T19:32:45.000Z","__v":0}]}
*************** response log end *******************

[2018-03-20T08:45:59.716] [INFO] resLogger - 
*************** response log start **************
request method:GET
request originalUrl:/client/getResList?appId=appXAKRb6caQka5JY2r
request client ip:::ffff:127.0.0.1
request query:{"appId":"appXAKRb6caQka5JY2r"}
response time:1
response body:
{"code":0,"msg":"success","data":[{"createTime":"2018-03-19T02:30:51.427Z","_id":"5aaf20db3bd546350926cfbe","appId":"appXAKRb6caQka5JY2r","type":1,"id":"t_Sw2Bb4rDki","name":"123哈哈哈","intro":"123123","cover":"http://jserk.oss-cn-shenzhen.aliyuncs.com/saas_pic/WechatIMG64.jpeg","textContent":"123123123123","saleType":1,"audioSrc":"","videoSrc":"","price":312,"saleTime":"2018-03-17T10:30:27.000Z","__v":0},{"createTime":"2018-03-19T03:27:39.549Z","_id":"5aaf2e2bcd9ec53f6c65c987","appId":"appXAKRb6caQka5JY2r","type":2,"id":"Tt3rhj7eYnMrddKE","name":"这是音频1","intro":"这是一条音频简介","cover":"http://jserk.oss-cn-shenzhen.aliyuncs.com/saas_pic/WechatIMG90.jpeg","textContent":"123","saleType":1,"audioSrc":"","videoSrc":"","price":10,"saleTime":"2018-03-18T19:26:59.000Z","__v":0},{"createTime":"2018-03-19T03:33:12.833Z","_id":"5aaf2f78cd9ec53f6c65c988","appId":"appXAKRb6caQka5JY2r","type":3,"id":"QGk83ydhy4pJxSs3","name":"这是一条视频","intro":"这是视频简介","cover":"http://jserk.oss-cn-shenzhen.aliyuncs.com/saas_pic/WechatIMG57.jpeg","textContent":"123","saleType":0,"audioSrc":"","videoSrc":"http://jserk.oss-cn-shenzhen.aliyuncs.com/saas_video/bannerVideo.mp4","price":0,"saleTime":"2018-03-18T19:32:45.000Z","__v":0}]}
*************** response log end *******************

[2018-03-20T08:47:26.290] [INFO] resLogger - 
*************** response log start **************
request method:GET
request originalUrl:/client/getResList?appId=appXAKRb6caQka5JY2r
request client ip:::ffff:127.0.0.1
request query:{"appId":"appXAKRb6caQka5JY2r"}
response time:3
response body:
{"code":0,"msg":"success","data":[{"createTime":"2018-03-19T02:30:51.427Z","_id":"5aaf20db3bd546350926cfbe","appId":"appXAKRb6caQka5JY2r","type":1,"id":"t_Sw2Bb4rDki","name":"123哈哈哈","intro":"123123","cover":"http://jserk.oss-cn-shenzhen.aliyuncs.com/saas_pic/WechatIMG64.jpeg","textContent":"123123123123","saleType":1,"audioSrc":"","videoSrc":"","price":312,"saleTime":"2018-03-17T10:30:27.000Z","__v":0},{"createTime":"2018-03-19T03:27:39.549Z","_id":"5aaf2e2bcd9ec53f6c65c987","appId":"appXAKRb6caQka5JY2r","type":2,"id":"Tt3rhj7eYnMrddKE","name":"这是音频1","intro":"这是一条音频简介","cover":"http://jserk.oss-cn-shenzhen.aliyuncs.com/saas_pic/WechatIMG90.jpeg","textContent":"123","saleType":1,"audioSrc":"","videoSrc":"","price":10,"saleTime":"2018-03-18T19:26:59.000Z","__v":0},{"createTime":"2018-03-19T03:33:12.833Z","_id":"5aaf2f78cd9ec53f6c65c988","appId":"appXAKRb6caQka5JY2r","type":3,"id":"QGk83ydhy4pJxSs3","name":"这是一条视频","intro":"这是视频简介","cover":"http://jserk.oss-cn-shenzhen.aliyuncs.com/saas_pic/WechatIMG57.jpeg","textContent":"123","saleType":0,"audioSrc":"","videoSrc":"http://jserk.oss-cn-shenzhen.aliyuncs.com/saas_video/bannerVideo.mp4","price":0,"saleTime":"2018-03-18T19:32:45.000Z","__v":0}]}
*************** response log end *******************

[2018-03-20T08:47:48.821] [INFO] resLogger - 
*************** response log start **************
request method:GET
request originalUrl:/client/getResList?appId=appXAKRb6caQka5JY2r
request client ip:::ffff:127.0.0.1
request query:{"appId":"appXAKRb6caQka5JY2r"}
response time:2
response body:
{"code":0,"msg":"success","data":[{"createTime":"2018-03-19T02:30:51.427Z","_id":"5aaf20db3bd546350926cfbe","appId":"appXAKRb6caQka5JY2r","type":1,"id":"t_Sw2Bb4rDki","name":"123哈哈哈","intro":"123123","cover":"http://jserk.oss-cn-shenzhen.aliyuncs.com/saas_pic/WechatIMG64.jpeg","textContent":"123123123123","saleType":1,"audioSrc":"","videoSrc":"","price":312,"saleTime":"2018-03-17T10:30:27.000Z","__v":0},{"createTime":"2018-03-19T03:27:39.549Z","_id":"5aaf2e2bcd9ec53f6c65c987","appId":"appXAKRb6caQka5JY2r","type":2,"id":"Tt3rhj7eYnMrddKE","name":"这是音频1","intro":"这是一条音频简介","cover":"http://jserk.oss-cn-shenzhen.aliyuncs.com/saas_pic/WechatIMG90.jpeg","textContent":"123","saleType":1,"audioSrc":"","videoSrc":"","price":10,"saleTime":"2018-03-18T19:26:59.000Z","__v":0},{"createTime":"2018-03-19T03:33:12.833Z","_id":"5aaf2f78cd9ec53f6c65c988","appId":"appXAKRb6caQka5JY2r","type":3,"id":"QGk83ydhy4pJxSs3","name":"这是一条视频","intro":"这是视频简介","cover":"http://jserk.oss-cn-shenzhen.aliyuncs.com/saas_pic/WechatIMG57.jpeg","textContent":"123","saleType":0,"audioSrc":"","videoSrc":"http://jserk.oss-cn-shenzhen.aliyuncs.com/saas_video/bannerVideo.mp4","price":0,"saleTime":"2018-03-18T19:32:45.000Z","__v":0}]}
*************** response log end *******************

[2018-03-20T08:48:48.089] [INFO] resLogger - 
*************** response log start **************
request method:GET
request originalUrl:/client/getResList?appId=appXAKRb6caQka5JY2r
request client ip:::ffff:127.0.0.1
request query:{"appId":"appXAKRb6caQka5JY2r"}
response time:5
response body:
{"code":0,"msg":"success","data":[{"createTime":"2018-03-19T02:30:51.427Z","_id":"5aaf20db3bd546350926cfbe","appId":"appXAKRb6caQka5JY2r","type":1,"id":"t_Sw2Bb4rDki","name":"123哈哈哈","intro":"123123","cover":"http://jserk.oss-cn-shenzhen.aliyuncs.com/saas_pic/WechatIMG64.jpeg","textContent":"123123123123","saleType":1,"audioSrc":"","videoSrc":"","price":312,"saleTime":"2018-03-17T10:30:27.000Z","__v":0},{"createTime":"2018-03-19T03:27:39.549Z","_id":"5aaf2e2bcd9ec53f6c65c987","appId":"appXAKRb6caQka5JY2r","type":2,"id":"Tt3rhj7eYnMrddKE","name":"这是音频1","intro":"这是一条音频简介","cover":"http://jserk.oss-cn-shenzhen.aliyuncs.com/saas_pic/WechatIMG90.jpeg","textContent":"123","saleType":1,"audioSrc":"","videoSrc":"","price":10,"saleTime":"2018-03-18T19:26:59.000Z","__v":0},{"createTime":"2018-03-19T03:33:12.833Z","_id":"5aaf2f78cd9ec53f6c65c988","appId":"appXAKRb6caQka5JY2r","type":3,"id":"QGk83ydhy4pJxSs3","name":"这是一条视频","intro":"这是视频简介","cover":"http://jserk.oss-cn-shenzhen.aliyuncs.com/saas_pic/WechatIMG57.jpeg","textContent":"123","saleType":0,"audioSrc":"","videoSrc":"http://jserk.oss-cn-shenzhen.aliyuncs.com/saas_video/bannerVideo.mp4","price":0,"saleTime":"2018-03-18T19:32:45.000Z","__v":0}]}
*************** response log end *******************

[2018-03-20T08:49:00.753] [INFO] resLogger - 
*************** response log start **************
request method:GET
request originalUrl:/client/getResList?appId=appXAKRb6caQka5JY2r
request client ip:::ffff:127.0.0.1
request query:{"appId":"appXAKRb6caQka5JY2r"}
response time:2
response body:
{"code":0,"msg":"success","data":[{"createTime":"2018-03-19T02:30:51.427Z","_id":"5aaf20db3bd546350926cfbe","appId":"appXAKRb6caQka5JY2r","type":1,"id":"t_Sw2Bb4rDki","name":"123哈哈哈","intro":"123123","cover":"http://jserk.oss-cn-shenzhen.aliyuncs.com/saas_pic/WechatIMG64.jpeg","textContent":"123123123123","saleType":1,"audioSrc":"","videoSrc":"","price":312,"saleTime":"2018-03-17T10:30:27.000Z","__v":0},{"createTime":"2018-03-19T03:27:39.549Z","_id":"5aaf2e2bcd9ec53f6c65c987","appId":"appXAKRb6caQka5JY2r","type":2,"id":"Tt3rhj7eYnMrddKE","name":"这是音频1","intro":"这是一条音频简介","cover":"http://jserk.oss-cn-shenzhen.aliyuncs.com/saas_pic/WechatIMG90.jpeg","textContent":"123","saleType":1,"audioSrc":"","videoSrc":"","price":10,"saleTime":"2018-03-18T19:26:59.000Z","__v":0},{"createTime":"2018-03-19T03:33:12.833Z","_id":"5aaf2f78cd9ec53f6c65c988","appId":"appXAKRb6caQka5JY2r","type":3,"id":"QGk83ydhy4pJxSs3","name":"这是一条视频","intro":"这是视频简介","cover":"http://jserk.oss-cn-shenzhen.aliyuncs.com/saas_pic/WechatIMG57.jpeg","textContent":"123","saleType":0,"audioSrc":"","videoSrc":"http://jserk.oss-cn-shenzhen.aliyuncs.com/saas_video/bannerVideo.mp4","price":0,"saleTime":"2018-03-18T19:32:45.000Z","__v":0}]}
*************** response log end *******************

[2018-03-20T08:49:49.056] [INFO] resLogger - 
*************** response log start **************
request method:GET
request originalUrl:/client/getResList?appId=appXAKRb6caQka5JY2r
request client ip:::ffff:127.0.0.1
request query:{"appId":"appXAKRb6caQka5JY2r"}
response time:6
response body:
{"code":0,"msg":"success","data":[{"createTime":"2018-03-19T02:30:51.427Z","_id":"5aaf20db3bd546350926cfbe","appId":"appXAKRb6caQka5JY2r","type":1,"id":"t_Sw2Bb4rDki","name":"123哈哈哈","intro":"123123","cover":"http://jserk.oss-cn-shenzhen.aliyuncs.com/saas_pic/WechatIMG64.jpeg","textContent":"123123123123","saleType":1,"audioSrc":"","videoSrc":"","price":312,"saleTime":"2018-03-17T10:30:27.000Z","__v":0},{"createTime":"2018-03-19T03:27:39.549Z","_id":"5aaf2e2bcd9ec53f6c65c987","appId":"appXAKRb6caQka5JY2r","type":2,"id":"Tt3rhj7eYnMrddKE","name":"这是音频1","intro":"这是一条音频简介","cover":"http://jserk.oss-cn-shenzhen.aliyuncs.com/saas_pic/WechatIMG90.jpeg","textContent":"123","saleType":1,"audioSrc":"","videoSrc":"","price":10,"saleTime":"2018-03-18T19:26:59.000Z","__v":0},{"createTime":"2018-03-19T03:33:12.833Z","_id":"5aaf2f78cd9ec53f6c65c988","appId":"appXAKRb6caQka5JY2r","type":3,"id":"QGk83ydhy4pJxSs3","name":"这是一条视频","intro":"这是视频简介","cover":"http://jserk.oss-cn-shenzhen.aliyuncs.com/saas_pic/WechatIMG57.jpeg","textContent":"123","saleType":0,"audioSrc":"","videoSrc":"http://jserk.oss-cn-shenzhen.aliyuncs.com/saas_video/bannerVideo.mp4","price":0,"saleTime":"2018-03-18T19:32:45.000Z","__v":0}]}
*************** response log end *******************

[2018-03-20T08:57:36.770] [INFO] resLogger - 
*************** response log start **************
request method:GET
request originalUrl:/client/getResList?appId=appXAKRb6caQka5JY2r
request client ip:::ffff:127.0.0.1
request query:{"appId":"appXAKRb6caQka5JY2r"}
response time:2
response body:
{"code":0,"msg":"success","data":[{"createTime":"2018-03-19T02:30:51.427Z","_id":"5aaf20db3bd546350926cfbe","appId":"appXAKRb6caQka5JY2r","type":1,"id":"t_Sw2Bb4rDki","name":"123哈哈哈","intro":"123123","cover":"http://jserk.oss-cn-shenzhen.aliyuncs.com/saas_pic/WechatIMG64.jpeg","textContent":"123123123123","saleType":1,"audioSrc":"","videoSrc":"","price":312,"saleTime":"2018-03-17T10:30:27.000Z","__v":0},{"createTime":"2018-03-19T03:27:39.549Z","_id":"5aaf2e2bcd9ec53f6c65c987","appId":"appXAKRb6caQka5JY2r","type":2,"id":"Tt3rhj7eYnMrddKE","name":"这是音频1","intro":"这是一条音频简介","cover":"http://jserk.oss-cn-shenzhen.aliyuncs.com/saas_pic/WechatIMG90.jpeg","textContent":"123","saleType":1,"audioSrc":"","videoSrc":"","price":10,"saleTime":"2018-03-18T19:26:59.000Z","__v":0},{"createTime":"2018-03-19T03:33:12.833Z","_id":"5aaf2f78cd9ec53f6c65c988","appId":"appXAKRb6caQka5JY2r","type":3,"id":"QGk83ydhy4pJxSs3","name":"这是一条视频","intro":"这是视频简介","cover":"http://jserk.oss-cn-shenzhen.aliyuncs.com/saas_pic/WechatIMG57.jpeg","textContent":"123","saleType":0,"audioSrc":"","videoSrc":"http://jserk.oss-cn-shenzhen.aliyuncs.com/saas_video/bannerVideo.mp4","price":0,"saleTime":"2018-03-18T19:32:45.000Z","__v":0}]}
*************** response log end *******************

