[2018-03-20T14:42:15.482] [INFO] resLogger - 
*************** response log start **************
request method:GET
request originalUrl:/client/getRes?appId=appXAKRb6caQka5JY2r&&id=Tt3rhj7eYnMrddKE
request client ip:::ffff:127.0.0.1
request query:{"appId":"appXAKRb6caQka5JY2r","id":"Tt3rhj7eYnMrddKE"}
response time:39
response body:
{"code":0,"msg":"success","data":{"createTime":"2018-03-19T03:27:39.549Z","_id":"5aaf2e2bcd9ec53f6c65c987","appId":"appXAKRb6caQka5JY2r","type":2,"id":"Tt3rhj7eYnMrddKE","name":"这是音频1","intro":"这是一条音频简介","cover":"http://jserk.oss-cn-shenzhen.aliyuncs.com/saas_pic/WechatIMG90.jpeg","textContent":"123","saleType":1,"audioSrc":"","videoSrc":"","price":10,"saleTime":"2018-03-18T19:26:59.000Z","__v":0}}
*************** response log end *******************

[2018-03-20T14:42:58.859] [INFO] resLogger - 
*************** response log start **************
request method:GET
request originalUrl:/client/getRes?appId=appXAKRb6caQka5JY2r&&id=Tt3rhj7eYnMrddKE
request client ip:::ffff:127.0.0.1
request query:{"appId":"appXAKRb6caQka5JY2r","id":"Tt3rhj7eYnMrddKE"}
response time:6
response body:
{"code":0,"msg":"success","data":{"createTime":"2018-03-19T03:27:39.549Z","_id":"5aaf2e2bcd9ec53f6c65c987","appId":"appXAKRb6caQka5JY2r","type":2,"id":"Tt3rhj7eYnMrddKE","name":"这是音频1","intro":"这是一条音频简介","cover":"http://jserk.oss-cn-shenzhen.aliyuncs.com/saas_pic/WechatIMG90.jpeg","textContent":"123","saleType":1,"audioSrc":"","videoSrc":"","price":10,"saleTime":"2018-03-18T19:26:59.000Z","__v":0}}
*************** response log end *******************

[2018-03-20T14:43:14.736] [INFO] resLogger - 
*************** response log start **************
request method:GET
request originalUrl:/client/getRes?appId=appXAKRb6caQka5JY2r&&id=Tt3rhj7eYnMrddKE
request client ip:::ffff:127.0.0.1
request query:{"appId":"appXAKRb6caQka5JY2r","id":"Tt3rhj7eYnMrddKE"}
response time:4
response body:
{"code":0,"msg":"success","data":{"createTime":"2018-03-19T03:27:39.549Z","_id":"5aaf2e2bcd9ec53f6c65c987","appId":"appXAKRb6caQka5JY2r","type":2,"id":"Tt3rhj7eYnMrddKE","name":"这是音频1","intro":"这是一条音频简介","cover":"http://jserk.oss-cn-shenzhen.aliyuncs.com/saas_pic/WechatIMG90.jpeg","textContent":"123","saleType":1,"audioSrc":"","videoSrc":"","price":10,"saleTime":"2018-03-18T19:26:59.000Z","__v":0}}
*************** response log end *******************

[2018-03-20T14:44:22.056] [INFO] resLogger - 
*************** response log start **************
request method:GET
request originalUrl:/client/getRes?appId=appXAKRb6caQka5JY2r&&id=Tt3rhj7eYnMrddKE
request client ip:::ffff:127.0.0.1
request query:{"appId":"appXAKRb6caQka5JY2r","id":"Tt3rhj7eYnMrddKE"}
response time:3
response body:
{"code":0,"msg":"success","data":{"createTime":"2018-03-19T03:27:39.549Z","_id":"5aaf2e2bcd9ec53f6c65c987","appId":"appXAKRb6caQka5JY2r","type":2,"id":"Tt3rhj7eYnMrddKE","name":"这是音频1","intro":"这是一条音频简介","cover":"http://jserk.oss-cn-shenzhen.aliyuncs.com/saas_pic/WechatIMG90.jpeg","textContent":"123","saleType":1,"audioSrc":"","videoSrc":"","price":10,"saleTime":"2018-03-18T19:26:59.000Z","__v":0}}
*************** response log end *******************

[2018-03-20T14:45:38.999] [INFO] resLogger - 
*************** response log start **************
request method:GET
request originalUrl:/client/getRes?appId=appXAKRb6caQka5JY2r&&id=Tt3rhj7eYnMrddKE
request client ip:::ffff:127.0.0.1
request query:{"appId":"appXAKRb6caQka5JY2r","id":"Tt3rhj7eYnMrddKE"}
response time:3
response body:
{"code":0,"msg":"success","data":{"createTime":"2018-03-19T03:27:39.549Z","_id":"5aaf2e2bcd9ec53f6c65c987","appId":"appXAKRb6caQka5JY2r","type":2,"id":"Tt3rhj7eYnMrddKE","name":"这是音频1","intro":"这是一条音频简介","cover":"http://jserk.oss-cn-shenzhen.aliyuncs.com/saas_pic/WechatIMG90.jpeg","textContent":"123","saleType":1,"audioSrc":"","videoSrc":"","price":10,"saleTime":"2018-03-18T19:26:59.000Z","__v":0}}
*************** response log end *******************

[2018-03-20T14:46:15.994] [INFO] resLogger - 
*************** response log start **************
request method:GET
request originalUrl:/client/getRes?appId=appXAKRb6caQka5JY2r&&id=Tt3rhj7eYnMrddKE
request client ip:::ffff:127.0.0.1
request query:{"appId":"appXAKRb6caQka5JY2r","id":"Tt3rhj7eYnMrddKE"}
response time:3
response body:
{"code":0,"msg":"success","data":{"createTime":"2018-03-19T03:27:39.549Z","_id":"5aaf2e2bcd9ec53f6c65c987","appId":"appXAKRb6caQka5JY2r","type":2,"id":"Tt3rhj7eYnMrddKE","name":"这是音频1","intro":"这是一条音频简介","cover":"http://jserk.oss-cn-shenzhen.aliyuncs.com/saas_pic/WechatIMG90.jpeg","textContent":"123","saleType":1,"audioSrc":"","videoSrc":"","price":10,"saleTime":"2018-03-18T19:26:59.000Z","__v":0}}
*************** response log end *******************

[2018-03-20T14:47:23.100] [INFO] resLogger - 
*************** response log start **************
request method:GET
request originalUrl:/app/info
request client ip:::ffff:127.0.0.1
request query:{}
response time:20
response body:
{"code":0,"msg":"success","data":{"updateTime":"2018-03-10T13:35:58.138Z","createTime":"2018-03-10T13:35:58.138Z","_id":"5aa3df3e18d129fbeef90974","appId":"appXAKRb6caQka5JY2r","phone":123}}
*************** response log end *******************

[2018-03-20T14:47:25.656] [INFO] resLogger - 
*************** response log start **************
request method:GET
request originalUrl:/cms/getResList?type=1
request client ip:::ffff:127.0.0.1
request query:{"type":"1"}
response time:9
response body:
{"code":0,"msg":"success","data":[{"createTime":"2018-03-19T02:30:51.427Z","_id":"5aaf20db3bd546350926cfbe","appId":"appXAKRb6caQka5JY2r","type":1,"id":"t_Sw2Bb4rDki","name":"123哈哈哈","intro":"123123","cover":"http://jserk.oss-cn-shenzhen.aliyuncs.com/saas_pic/WechatIMG64.jpeg","textContent":"123123123123","saleType":1,"audioSrc":"","videoSrc":"","price":312,"saleTime":"2018-03-17T10:30:27.000Z","__v":0}]}
*************** response log end *******************

[2018-03-20T14:47:27.055] [INFO] resLogger - 
*************** response log start **************
request method:GET
request originalUrl:/cms/getResList?type=2
request client ip:::ffff:127.0.0.1
request query:{"type":"2"}
response time:2
response body:
{"code":0,"msg":"success","data":[{"createTime":"2018-03-19T03:27:39.549Z","_id":"5aaf2e2bcd9ec53f6c65c987","appId":"appXAKRb6caQka5JY2r","type":2,"id":"Tt3rhj7eYnMrddKE","name":"这是音频1","intro":"这是一条音频简介","cover":"http://jserk.oss-cn-shenzhen.aliyuncs.com/saas_pic/WechatIMG90.jpeg","textContent":"123","saleType":1,"audioSrc":"","videoSrc":"","price":10,"saleTime":"2018-03-18T19:26:59.000Z","__v":0}]}
*************** response log end *******************

[2018-03-20T14:47:28.944] [INFO] resLogger - 
*************** response log start **************
request method:GET
request originalUrl:/cms/getResInfo?id=Tt3rhj7eYnMrddKE
request client ip:::ffff:127.0.0.1
request query:{"id":"Tt3rhj7eYnMrddKE"}
response time:5
response body:
{"code":0,"msg":"success","data":{"createTime":"2018-03-19T03:27:39.549Z","_id":"5aaf2e2bcd9ec53f6c65c987","appId":"appXAKRb6caQka5JY2r","type":2,"id":"Tt3rhj7eYnMrddKE","name":"这是音频1","intro":"这是一条音频简介","cover":"http://jserk.oss-cn-shenzhen.aliyuncs.com/saas_pic/WechatIMG90.jpeg","textContent":"123","saleType":1,"audioSrc":"","videoSrc":"","price":10,"saleTime":"2018-03-18T19:26:59.000Z","__v":0}}
*************** response log end *******************

[2018-03-20T14:47:59.029] [INFO] resLogger - 
*************** response log start **************
request method:GET
request originalUrl:/sts
request client ip:::ffff:127.0.0.1
request query:{}
response time:692
response body:
{"code":0,"msg":"success","data":{"AccessKeyId":"STS.DGW39Sz5NZoxwWtuYnH1i7JeY","AccessKeySecret":"B116FnN6QbQCDRsdnRxMoxe7dqQqqrk5Y68VAkWQEHad","SecurityToken":"CAIS5wF1q6Ft5B2yfSjIpYTieIPnl+pv7a2TdXHFkVk7RL5F2I/Ouzz2IH1FfXdpB+8WsPszm2xX5/kdlqp6U4cdwrcolgc0vPpt6gqET9frma7ctM4p6vCMHWyUFGSIvqv7aPn4S9XwY+qkb0u++AZ43br9c0fJPTXnS+rr76RqddMKRAK1QCNbDdNNXGtYpdQdKGHaOITGUHeooBKJXRYy4Fci1Tklsf7mnJPD0HeE0g2mkN1yjp/qP52pY/NrOJpCSNqv1IR0DPGcgXcOskYVpPkp0PMYpmaY4cvwAUJc+RaW+FZfGjjI/WQagAEE7R9SSoVRgxTHi1pKL3NH+lQ6ZxvIE4SQSZJSfpxB3AH4RGqwvTM0BuAnT+dksRJKEVlHRsX4uyuo1+kvNMvYmbpr/nJrR0QjTNhfkCxK/7/+u6xw27jKtOxJfoEktGPquxVkH7oIZayMu6TG7GjIME3mCSUc6Tr3SITCgcv5WQ==","Expiration":"2018-03-20T07:47:58Z"}}
*************** response log end *******************

[2018-03-20T14:49:19.015] [INFO] resLogger - 
*************** response log start **************
request method:GET
request originalUrl:/app/info
request client ip:::ffff:127.0.0.1
request query:{}
response time:2
response body:
{"code":0,"msg":"success","data":{"updateTime":"2018-03-10T13:35:58.138Z","createTime":"2018-03-10T13:35:58.138Z","_id":"5aa3df3e18d129fbeef90974","appId":"appXAKRb6caQka5JY2r","phone":123}}
*************** response log end *******************

[2018-03-20T14:49:19.020] [INFO] resLogger - 
*************** response log start **************
request method:GET
request originalUrl:/cms/getResInfo?id=Tt3rhj7eYnMrddKE
request client ip:::ffff:127.0.0.1
request query:{"id":"Tt3rhj7eYnMrddKE"}
response time:2
response body:
{"code":0,"msg":"success","data":{"createTime":"2018-03-19T03:27:39.549Z","_id":"5aaf2e2bcd9ec53f6c65c987","appId":"appXAKRb6caQka5JY2r","type":2,"id":"Tt3rhj7eYnMrddKE","name":"这是音频1","intro":"这是一条音频简介","cover":"http://jserk.oss-cn-shenzhen.aliyuncs.com/saas_pic/WechatIMG90.jpeg","textContent":"123","saleType":1,"audioSrc":"","videoSrc":"","price":10,"saleTime":"2018-03-18T19:26:59.000Z","__v":0}}
*************** response log end *******************

[2018-03-20T14:49:26.742] [INFO] resLogger - 
*************** response log start **************
request method:GET
request originalUrl:/sts
request client ip:::ffff:127.0.0.1
request query:{}
response time:442
response body:
{"code":0,"msg":"success","data":{"AccessKeyId":"STS.Hoehx8PWh6VZ3vmMAKrdcBdbn","AccessKeySecret":"9xbnUuqXtHaVGpP3bMLj4uWRDh6HdqjMAPh2CKrwQbx","SecurityToken":"CAIS5wF1q6Ft5B2yfSjIqazQI8KMvYhJgZSxMVDcqUEefutPraHJjDz2IH1FfXdpB+8WsPszm2xX5/kdlqp6U4cdkeUllgc0vPpt6gqET9frma7ctM4p6vCMHWyUFGSIvqv7aPn4S9XwY+qkb0u++AZ43br9c0fJPTXnS+rr76RqddMKRAK1QCNbDdNNXGtYpdQdKGHaOITGUHeooBKJXRYy4Fci1Tklsf7mnJPD0HeE0g2mkN1yjp/qP52pY/NrOJpCSNqv1IR0DPGcgXcOskYVpPkp0PMYpmaY4cvwAUJc+RaW+FZfGjjI/WQagAFqSdohuvwXbLkSLjGaNfq1r+Ck3DKzvDJcybHmsdQaK3LUB/ogVTG/KHJqVjpgtj52VHOGn+yXHqBpEPbtvol5U7LRWc9M1Fz5Dzop40bSALWeCyqc2+qKtRbskJFfNLsFH3/ngnwJnudCec6jNchk0e7MkYxsKpgWiUTOJ9HH1w==","Expiration":"2018-03-20T07:49:26Z"}}
*************** response log end *******************

[2018-03-20T14:50:11.485] [INFO] resLogger - 
*************** response log start **************
request method:GET
request originalUrl:/app/info
request client ip:::ffff:127.0.0.1
request query:{}
response time:2
response body:
{"code":0,"msg":"success","data":{"updateTime":"2018-03-10T13:35:58.138Z","createTime":"2018-03-10T13:35:58.138Z","_id":"5aa3df3e18d129fbeef90974","appId":"appXAKRb6caQka5JY2r","phone":123}}
*************** response log end *******************

[2018-03-20T14:50:11.490] [INFO] resLogger - 
*************** response log start **************
request method:GET
request originalUrl:/cms/getResInfo?id=Tt3rhj7eYnMrddKE
request client ip:::ffff:127.0.0.1
request query:{"id":"Tt3rhj7eYnMrddKE"}
response time:2
response body:
{"code":0,"msg":"success","data":{"createTime":"2018-03-19T03:27:39.549Z","_id":"5aaf2e2bcd9ec53f6c65c987","appId":"appXAKRb6caQka5JY2r","type":2,"id":"Tt3rhj7eYnMrddKE","name":"这是音频1","intro":"这是一条音频简介","cover":"http://jserk.oss-cn-shenzhen.aliyuncs.com/saas_pic/WechatIMG90.jpeg","textContent":"123","saleType":1,"audioSrc":"","videoSrc":"","price":10,"saleTime":"2018-03-18T19:26:59.000Z","__v":0}}
*************** response log end *******************

[2018-03-20T14:50:17.028] [INFO] resLogger - 
*************** response log start **************
request method:GET
request originalUrl:/sts
request client ip:::ffff:127.0.0.1
request query:{}
response time:489
response body:
{"code":0,"msg":"success","data":{"AccessKeyId":"STS.GUsPUwsi1RPAzkwgED3kYcYQ1","AccessKeySecret":"8gsKjFPGoZ2nFsukGEXe5EvxrEwBnBieexkaaXNGaRrv","SecurityToken":"CAIS5wF1q6Ft5B2yfSjIppbGG+/DnrYQ5ZKqeE3Gg0URP+R1jJz60zz2IH1FfXdpB+8WsPszm2xX5/kdlqp6U4cdhO4glgc0vPpt6gqET9frma7ctM4p6vCMHWyUFGSIvqv7aPn4S9XwY+qkb0u++AZ43br9c0fJPTXnS+rr76RqddMKRAK1QCNbDdNNXGtYpdQdKGHaOITGUHeooBKJXRYy4Fci1Tklsf7mnJPD0HeE0g2mkN1yjp/qP52pY/NrOJpCSNqv1IR0DPGcgXcOskYVpPkp0PMYpmaY4cvwAUJc+RaW+FZfGjjI/WQagAFp8u5dwILgpf5U004PTerNvufqR6WM8EnC54AWyvY2JAzkJSafmNsW5aeWWM+mHU5rDs+msSgsL+VvZ2w881747hhG1nd63kg/I1m+rkBD+6OfJxVA0bZnMxRxWBwcn84elICxo4HpvuOddWPIsQ8cwKLIU+5OMMFocyyNctVzLg==","Expiration":"2018-03-20T07:50:16Z"}}
*************** response log end *******************

[2018-03-20T14:53:11.083] [INFO] resLogger - 
*************** response log start **************
request method:GET
request originalUrl:/sts
request client ip:::ffff:127.0.0.1
request query:{}
response time:428
response body:
{"code":0,"msg":"success","data":{"AccessKeyId":"STS.G2UQ4Gg8pB2Azxw8MbVYMoi4L","AccessKeySecret":"7KkHyDiaznWzYZinZQXPXLTSLkRpBwgHjn1W7SHWzDqZ","SecurityToken":"CAIS5wF1q6Ft5B2yfSjIpvHgGo7ziudR9fCqeF7G3E03WtZhgKyfrjz2IH1FfXdpB+8WsPszm2xX5/kdlqp6U4cdjb47lgc0vPpt6gqET9frma7ctM4p6vCMHWyUFGSIvqv7aPn4S9XwY+qkb0u++AZ43br9c0fJPTXnS+rr76RqddMKRAK1QCNbDdNNXGtYpdQdKGHaOITGUHeooBKJXRYy4Fci1Tklsf7mnJPD0HeE0g2mkN1yjp/qP52pY/NrOJpCSNqv1IR0DPGcgXcOskYVpPkp0PMYpmaY4cvwAUJc+RaW+FZfGjjI/WQagAEitanWp8AB4/2az02+lPD/mzq8c87yldBRYU0x2zLiOGzZqdEoc6yCFbUrZ+ntgGiPx15Fsr/sDRKoJlecQKgL3pbQ5gdGHe8jf5xSlR55EnpiP0Y/oJ75EChqwzrlVH3O2AZzRha8+gIvrHYVMmniIpNsilFo4M17OzS2mXRBkw==","Expiration":"2018-03-20T07:53:10Z"}}
*************** response log end *******************

[2018-03-20T14:54:13.113] [INFO] resLogger - 
*************** response log start **************
request method:GET
request originalUrl:/app/info
request client ip:::ffff:127.0.0.1
request query:{}
response time:2
response body:
{"code":0,"msg":"success","data":{"updateTime":"2018-03-10T13:35:58.138Z","createTime":"2018-03-10T13:35:58.138Z","_id":"5aa3df3e18d129fbeef90974","appId":"appXAKRb6caQka5JY2r","phone":123}}
*************** response log end *******************

[2018-03-20T14:54:13.117] [INFO] resLogger - 
*************** response log start **************
request method:GET
request originalUrl:/cms/getResInfo?id=Tt3rhj7eYnMrddKE
request client ip:::ffff:127.0.0.1
request query:{"id":"Tt3rhj7eYnMrddKE"}
response time:3
response body:
{"code":0,"msg":"success","data":{"createTime":"2018-03-19T03:27:39.549Z","_id":"5aaf2e2bcd9ec53f6c65c987","appId":"appXAKRb6caQka5JY2r","type":2,"id":"Tt3rhj7eYnMrddKE","name":"这是音频1","intro":"这是一条音频简介","cover":"http://jserk.oss-cn-shenzhen.aliyuncs.com/saas_pic/WechatIMG90.jpeg","textContent":"123","saleType":1,"audioSrc":"","videoSrc":"","price":10,"saleTime":"2018-03-18T19:26:59.000Z","__v":0}}
*************** response log end *******************

[2018-03-20T14:54:26.351] [INFO] resLogger - 
*************** response log start **************
request method:GET
request originalUrl:/app/info
request client ip:::ffff:127.0.0.1
request query:{}
response time:3
response body:
{"code":0,"msg":"success","data":{"updateTime":"2018-03-10T13:35:58.138Z","createTime":"2018-03-10T13:35:58.138Z","_id":"5aa3df3e18d129fbeef90974","appId":"appXAKRb6caQka5JY2r","phone":123}}
*************** response log end *******************

[2018-03-20T14:54:26.354] [INFO] resLogger - 
*************** response log start **************
request method:GET
request originalUrl:/cms/getResInfo?id=Tt3rhj7eYnMrddKE
request client ip:::ffff:127.0.0.1
request query:{"id":"Tt3rhj7eYnMrddKE"}
response time:1
response body:
{"code":0,"msg":"success","data":{"createTime":"2018-03-19T03:27:39.549Z","_id":"5aaf2e2bcd9ec53f6c65c987","appId":"appXAKRb6caQka5JY2r","type":2,"id":"Tt3rhj7eYnMrddKE","name":"这是音频1","intro":"这是一条音频简介","cover":"http://jserk.oss-cn-shenzhen.aliyuncs.com/saas_pic/WechatIMG90.jpeg","textContent":"123","saleType":1,"audioSrc":"","videoSrc":"","price":10,"saleTime":"2018-03-18T19:26:59.000Z","__v":0}}
*************** response log end *******************

[2018-03-20T14:55:25.810] [INFO] resLogger - 
*************** response log start **************
request method:GET
request originalUrl:/client/getRes?appId=appXAKRb6caQka5JY2r&&id=Tt3rhj7eYnMrddKE
request client ip:::ffff:127.0.0.1
request query:{"appId":"appXAKRb6caQka5JY2r","id":"Tt3rhj7eYnMrddKE"}
response time:4
response body:
{"code":0,"msg":"success","data":{"createTime":"2018-03-19T03:27:39.549Z","_id":"5aaf2e2bcd9ec53f6c65c987","appId":"appXAKRb6caQka5JY2r","type":2,"id":"Tt3rhj7eYnMrddKE","name":"这是音频1","intro":"这是一条音频简介","cover":"http://jserk.oss-cn-shenzhen.aliyuncs.com/saas_pic/WechatIMG90.jpeg","textContent":"123","saleType":1,"audioSrc":"","videoSrc":"","price":10,"saleTime":"2018-03-18T19:26:59.000Z","__v":0}}
*************** response log end *******************

[2018-03-20T14:56:02.586] [INFO] resLogger - 
*************** response log start **************
request method:GET
request originalUrl:/client/getRes?appId=appXAKRb6caQka5JY2r&&id=Tt3rhj7eYnMrddKE
request client ip:::ffff:127.0.0.1
request query:{"appId":"appXAKRb6caQka5JY2r","id":"Tt3rhj7eYnMrddKE"}
response time:5
response body:
{"code":0,"msg":"success","data":{"createTime":"2018-03-19T03:27:39.549Z","_id":"5aaf2e2bcd9ec53f6c65c987","appId":"appXAKRb6caQka5JY2r","type":2,"id":"Tt3rhj7eYnMrddKE","name":"这是音频1","intro":"这是一条音频简介","cover":"http://jserk.oss-cn-shenzhen.aliyuncs.com/saas_pic/WechatIMG90.jpeg","textContent":"123","saleType":1,"audioSrc":"","videoSrc":"","price":10,"saleTime":"2018-03-18T19:26:59.000Z","__v":0}}
*************** response log end *******************

[2018-03-20T14:56:13.944] [INFO] resLogger - 
*************** response log start **************
request method:GET
request originalUrl:/app/info
request client ip:::ffff:127.0.0.1
request query:{}
response time:5
response body:
{"code":0,"msg":"success","data":{"updateTime":"2018-03-10T13:35:58.138Z","createTime":"2018-03-10T13:35:58.138Z","_id":"5aa3df3e18d129fbeef90974","appId":"appXAKRb6caQka5JY2r","phone":123}}
*************** response log end *******************

[2018-03-20T14:56:13.958] [INFO] resLogger - 
*************** response log start **************
request method:GET
request originalUrl:/cms/getResInfo?id=Tt3rhj7eYnMrddKE
request client ip:::ffff:127.0.0.1
request query:{"id":"Tt3rhj7eYnMrddKE"}
response time:5
response body:
{"code":0,"msg":"success","data":{"createTime":"2018-03-19T03:27:39.549Z","_id":"5aaf2e2bcd9ec53f6c65c987","appId":"appXAKRb6caQka5JY2r","type":2,"id":"Tt3rhj7eYnMrddKE","name":"这是音频1","intro":"这是一条音频简介","cover":"http://jserk.oss-cn-shenzhen.aliyuncs.com/saas_pic/WechatIMG90.jpeg","textContent":"123","saleType":1,"audioSrc":"","videoSrc":"","price":10,"saleTime":"2018-03-18T19:26:59.000Z","__v":0}}
*************** response log end *******************

[2018-03-20T14:56:23.172] [INFO] resLogger - 
*************** response log start **************
request method:GET
request originalUrl:/app/info
request client ip:::ffff:127.0.0.1
request query:{}
response time:1
response body:
{"code":0,"msg":"success","data":{"updateTime":"2018-03-10T13:35:58.138Z","createTime":"2018-03-10T13:35:58.138Z","_id":"5aa3df3e18d129fbeef90974","appId":"appXAKRb6caQka5JY2r","phone":123}}
*************** response log end *******************

[2018-03-20T14:56:25.474] [INFO] resLogger - 
*************** response log start **************
request method:GET
request originalUrl:/cms/getResList?type=1
request client ip:::ffff:127.0.0.1
request query:{"type":"1"}
response time:1
response body:
{"code":0,"msg":"success","data":[{"createTime":"2018-03-19T02:30:51.427Z","_id":"5aaf20db3bd546350926cfbe","appId":"appXAKRb6caQka5JY2r","type":1,"id":"t_Sw2Bb4rDki","name":"123哈哈哈","intro":"123123","cover":"http://jserk.oss-cn-shenzhen.aliyuncs.com/saas_pic/WechatIMG64.jpeg","textContent":"123123123123","saleType":1,"audioSrc":"","videoSrc":"","price":312,"saleTime":"2018-03-17T10:30:27.000Z","__v":0}]}
*************** response log end *******************

[2018-03-20T14:56:26.543] [INFO] resLogger - 
*************** response log start **************
request method:GET
request originalUrl:/cms/getResList?type=2
request client ip:::ffff:127.0.0.1
request query:{"type":"2"}
response time:1
response body:
{"code":0,"msg":"success","data":[{"createTime":"2018-03-19T03:27:39.549Z","_id":"5aaf2e2bcd9ec53f6c65c987","appId":"appXAKRb6caQka5JY2r","type":2,"id":"Tt3rhj7eYnMrddKE","name":"这是音频1","intro":"这是一条音频简介","cover":"http://jserk.oss-cn-shenzhen.aliyuncs.com/saas_pic/WechatIMG90.jpeg","textContent":"123","saleType":1,"audioSrc":"","videoSrc":"","price":10,"saleTime":"2018-03-18T19:26:59.000Z","__v":0}]}
*************** response log end *******************

[2018-03-20T14:56:40.461] [INFO] resLogger - 
*************** response log start **************
request method:GET
request originalUrl:/cms/getResInfo?id=Tt3rhj7eYnMrddKE
request client ip:::ffff:127.0.0.1
request query:{"id":"Tt3rhj7eYnMrddKE"}
response time:2
response body:
{"code":0,"msg":"success","data":{"createTime":"2018-03-19T03:27:39.549Z","_id":"5aaf2e2bcd9ec53f6c65c987","appId":"appXAKRb6caQka5JY2r","type":2,"id":"Tt3rhj7eYnMrddKE","name":"这是音频1","intro":"这是一条音频简介","cover":"http://jserk.oss-cn-shenzhen.aliyuncs.com/saas_pic/WechatIMG90.jpeg","textContent":"123","saleType":1,"audioSrc":"","videoSrc":"","price":10,"saleTime":"2018-03-18T19:26:59.000Z","__v":0}}
*************** response log end *******************

[2018-03-20T14:56:41.581] [INFO] resLogger - 
*************** response log start **************
request method:GET
request originalUrl:/app/info
request client ip:::ffff:127.0.0.1
request query:{}
response time:4
response body:
{"code":0,"msg":"success","data":{"updateTime":"2018-03-10T13:35:58.138Z","createTime":"2018-03-10T13:35:58.138Z","_id":"5aa3df3e18d129fbeef90974","appId":"appXAKRb6caQka5JY2r","phone":123}}
*************** response log end *******************

[2018-03-20T14:56:41.584] [INFO] resLogger - 
*************** response log start **************
request method:GET
request originalUrl:/cms/getResInfo?id=Tt3rhj7eYnMrddKE
request client ip:::ffff:127.0.0.1
request query:{"id":"Tt3rhj7eYnMrddKE"}
response time:2
response body:
{"code":0,"msg":"success","data":{"createTime":"2018-03-19T03:27:39.549Z","_id":"5aaf2e2bcd9ec53f6c65c987","appId":"appXAKRb6caQka5JY2r","type":2,"id":"Tt3rhj7eYnMrddKE","name":"这是音频1","intro":"这是一条音频简介","cover":"http://jserk.oss-cn-shenzhen.aliyuncs.com/saas_pic/WechatIMG90.jpeg","textContent":"123","saleType":1,"audioSrc":"","videoSrc":"","price":10,"saleTime":"2018-03-18T19:26:59.000Z","__v":0}}
*************** response log end *******************

[2018-03-20T14:56:54.408] [INFO] resLogger - 
*************** response log start **************
request method:POST
request originalUrl:/cms/createRes
request client ip:::ffff:127.0.0.1
request body
{"type":2,"isShowBox":false,"id":"Tt3rhj7eYnMrddKE","name":"这是音频哈哈","intro":"这是一条音频简介","cover":"http://jserk.oss-cn-shenzhen.aliyuncs.com/saas_pic/WechatIMG90.jpeg","textContent":"123","saleType":1,"audioSrc":"","videoSrc":"","price":10,"saleTime":"2018-03-18T19:26:59","createTime":"2018-03-19T03:27:39.549Z","_id":"5aaf2e2bcd9ec53f6c65c987","appId":"appXAKRb6caQka5JY2r","__v":0}
response time:34
response body:
{"code":0,"msg":"success","data":{"createTime":"2018-03-19T03:27:39.549Z","_id":"5aaf2e2bcd9ec53f6c65c987","appId":"appXAKRb6caQka5JY2r","type":2,"id":"Tt3rhj7eYnMrddKE","name":"这是音频1","intro":"这是一条音频简介","cover":"http://jserk.oss-cn-shenzhen.aliyuncs.com/saas_pic/WechatIMG90.jpeg","textContent":"123","saleType":1,"audioSrc":"","videoSrc":"","price":10,"saleTime":"2018-03-18T19:26:59.000Z","__v":0}}
*************** response log end *******************

[2018-03-20T14:56:54.547] [INFO] resLogger - 
*************** response log start **************
request method:GET
request originalUrl:/cms/getResList?type=2
request client ip:::ffff:127.0.0.1
request query:{"type":"2"}
response time:3
response body:
{"code":0,"msg":"success","data":[{"createTime":"2018-03-19T03:27:39.549Z","_id":"5aaf2e2bcd9ec53f6c65c987","appId":"appXAKRb6caQka5JY2r","type":2,"id":"Tt3rhj7eYnMrddKE","name":"这是音频哈哈","intro":"这是一条音频简介","cover":"http://jserk.oss-cn-shenzhen.aliyuncs.com/saas_pic/WechatIMG90.jpeg","textContent":"123","saleType":1,"audioSrc":"","videoSrc":"","price":10,"saleTime":"2018-03-18T11:26:59.000Z","__v":0}]}
*************** response log end *******************

[2018-03-20T14:57:01.924] [INFO] resLogger - 
*************** response log start **************
request method:GET
request originalUrl:/cms/getResInfo?id=Tt3rhj7eYnMrddKE
request client ip:::ffff:127.0.0.1
request query:{"id":"Tt3rhj7eYnMrddKE"}
response time:3
response body:
{"code":0,"msg":"success","data":{"createTime":"2018-03-19T03:27:39.549Z","_id":"5aaf2e2bcd9ec53f6c65c987","appId":"appXAKRb6caQka5JY2r","type":2,"id":"Tt3rhj7eYnMrddKE","name":"这是音频哈哈","intro":"这是一条音频简介","cover":"http://jserk.oss-cn-shenzhen.aliyuncs.com/saas_pic/WechatIMG90.jpeg","textContent":"123","saleType":1,"audioSrc":"","videoSrc":"","price":10,"saleTime":"2018-03-18T11:26:59.000Z","__v":0}}
*************** response log end *******************

[2018-03-20T14:57:08.625] [INFO] resLogger - 
*************** response log start **************
request method:GET
request originalUrl:/sts
request client ip:::ffff:127.0.0.1
request query:{}
response time:438
response body:
{"code":0,"msg":"success","data":{"AccessKeyId":"STS.FkSKZqRMcKYdrDti7mvWcYf73","AccessKeySecret":"FAmkEpcuLSM3vENfWEeRc7fKgf6Bz8tRRJyDLiqJ4Mtp","SecurityToken":"CAIS5wF1q6Ft5B2yfSjIp6jmAODFv5JC/JuPcGLFjTc4ethPtqOc0Tz2IH1FfXdpB+8WsPszm2xX5/kdlqp6U4cdqv4Jlgc0vPpt6gqET9frma7ctM4p6vCMHWyUFGSIvqv7aPn4S9XwY+qkb0u++AZ43br9c0fJPTXnS+rr76RqddMKRAK1QCNbDdNNXGtYpdQdKGHaOITGUHeooBKJXRYy4Fci1Tklsf7mnJPD0HeE0g2mkN1yjp/qP52pY/NrOJpCSNqv1IR0DPGcgXcOskYVpPkp0PMYpmaY4cvwAUJc+RaW+FZfGjjI/WQagAELGrLZx2nt6IPOTICd46JOhdTYGxawuq2++TKhCY/AGvPwDXUICRXzm+DsOmF455k+vjCAqJUPYEsUbDpruQgpqmSN8VxKB4It7KLOi1SROvgJhQnL054X+DdfXk072XotRSWoXzeO55OgiwBQIxv/fXNBLAeDLSSdaq8H3UIGBw==","Expiration":"2018-03-20T07:57:08Z"}}
*************** response log end *******************

[2018-03-20T14:57:34.035] [INFO] resLogger - 
*************** response log start **************
request method:POST
request originalUrl:/cms/createRes
request client ip:::ffff:127.0.0.1
request body
{"type":2,"isShowBox":false,"id":"Tt3rhj7eYnMrddKE","name":"这是音频哈哈","intro":"这是一条音频简介","cover":"http://jserk.oss-cn-shenzhen.aliyuncs.com/saas_pic/WechatIMG90.jpeg","textContent":"123","saleType":1,"audioSrc":"http://jserk.oss-cn-shenzhen.aliyuncs.com/saas_audio/C400003Afb7F2LwcmR.mp3","videoSrc":"","price":10,"saleTime":"2018-03-18T11:26:59","createTime":"2018-03-19T03:27:39.549Z","_id":"5aaf2e2bcd9ec53f6c65c987","appId":"appXAKRb6caQka5JY2r","__v":0}
response time:4
response body:
{"code":0,"msg":"success","data":{"createTime":"2018-03-19T03:27:39.549Z","_id":"5aaf2e2bcd9ec53f6c65c987","appId":"appXAKRb6caQka5JY2r","type":2,"id":"Tt3rhj7eYnMrddKE","name":"这是音频哈哈","intro":"这是一条音频简介","cover":"http://jserk.oss-cn-shenzhen.aliyuncs.com/saas_pic/WechatIMG90.jpeg","textContent":"123","saleType":1,"audioSrc":"","videoSrc":"","price":10,"saleTime":"2018-03-18T11:26:59.000Z","__v":0}}
*************** response log end *******************

[2018-03-20T14:57:34.197] [INFO] resLogger - 
*************** response log start **************
request method:GET
request originalUrl:/cms/getResList?type=2
request client ip:::ffff:127.0.0.1
request query:{"type":"2"}
response time:4
response body:
{"code":0,"msg":"success","data":[{"createTime":"2018-03-19T03:27:39.549Z","_id":"5aaf2e2bcd9ec53f6c65c987","appId":"appXAKRb6caQka5JY2r","type":2,"id":"Tt3rhj7eYnMrddKE","name":"这是音频哈哈","intro":"这是一条音频简介","cover":"http://jserk.oss-cn-shenzhen.aliyuncs.com/saas_pic/WechatIMG90.jpeg","textContent":"123","saleType":1,"audioSrc":"http://jserk.oss-cn-shenzhen.aliyuncs.com/saas_audio/C400003Afb7F2LwcmR.mp3","videoSrc":"","price":10,"saleTime":"2018-03-18T03:26:59.000Z","__v":0}]}
*************** response log end *******************

[2018-03-20T14:58:04.201] [INFO] resLogger - 
*************** response log start **************
request method:GET
request originalUrl:/client/getResList?appId=
request client ip:::ffff:127.0.0.1
request query:{"appId":""}
response time:1
response body:
{"code":0,"msg":"success","data":[]}
*************** response log end *******************

[2018-03-20T14:58:19.607] [INFO] resLogger - 
*************** response log start **************
request method:GET
request originalUrl:/client/getResList?appId=
request client ip:::ffff:127.0.0.1
request query:{"appId":""}
response time:1
response body:
{"code":0,"msg":"success","data":[]}
*************** response log end *******************

[2018-03-20T14:58:54.097] [INFO] resLogger - 
*************** response log start **************
request method:GET
request originalUrl:/client/getResList?appId=appXAKRb6caQka5JY2r
request client ip:::ffff:127.0.0.1
request query:{"appId":"appXAKRb6caQka5JY2r"}
response time:2
response body:
{"code":0,"msg":"success","data":[{"createTime":"2018-03-19T02:30:51.427Z","_id":"5aaf20db3bd546350926cfbe","appId":"appXAKRb6caQka5JY2r","type":1,"id":"t_Sw2Bb4rDki","name":"123哈哈哈","intro":"123123","cover":"http://jserk.oss-cn-shenzhen.aliyuncs.com/saas_pic/WechatIMG64.jpeg","textContent":"123123123123","saleType":1,"audioSrc":"","videoSrc":"","price":312,"saleTime":"2018-03-17T10:30:27.000Z","__v":0},{"createTime":"2018-03-19T03:27:39.549Z","_id":"5aaf2e2bcd9ec53f6c65c987","appId":"appXAKRb6caQka5JY2r","type":2,"id":"Tt3rhj7eYnMrddKE","name":"这是音频哈哈","intro":"这是一条音频简介","cover":"http://jserk.oss-cn-shenzhen.aliyuncs.com/saas_pic/WechatIMG90.jpeg","textContent":"123","saleType":1,"audioSrc":"http://jserk.oss-cn-shenzhen.aliyuncs.com/saas_audio/C400003Afb7F2LwcmR.mp3","videoSrc":"","price":10,"saleTime":"2018-03-18T03:26:59.000Z","__v":0},{"createTime":"2018-03-19T03:33:12.833Z","_id":"5aaf2f78cd9ec53f6c65c988","appId":"appXAKRb6caQka5JY2r","type":3,"id":"QGk83ydhy4pJxSs3","name":"这是一条视频","intro":"这是视频简介","cover":"http://jserk.oss-cn-shenzhen.aliyuncs.com/saas_pic/WechatIMG57.jpeg","textContent":"123","saleType":0,"audioSrc":"","videoSrc":"http://jserk.oss-cn-shenzhen.aliyuncs.com/saas_video/bannerVideo.mp4","price":0,"saleTime":"2018-03-18T19:32:45.000Z","__v":0}]}
*************** response log end *******************

[2018-03-20T14:58:58.937] [INFO] resLogger - 
*************** response log start **************
request method:GET
request originalUrl:/client/getRes?appId=appXAKRb6caQka5JY2r&&id=Tt3rhj7eYnMrddKE
request client ip:::ffff:127.0.0.1
request query:{"appId":"appXAKRb6caQka5JY2r","id":"Tt3rhj7eYnMrddKE"}
response time:3
response body:
{"code":0,"msg":"success","data":{"createTime":"2018-03-19T03:27:39.549Z","_id":"5aaf2e2bcd9ec53f6c65c987","appId":"appXAKRb6caQka5JY2r","type":2,"id":"Tt3rhj7eYnMrddKE","name":"这是音频哈哈","intro":"这是一条音频简介","cover":"http://jserk.oss-cn-shenzhen.aliyuncs.com/saas_pic/WechatIMG90.jpeg","textContent":"123","saleType":1,"audioSrc":"http://jserk.oss-cn-shenzhen.aliyuncs.com/saas_audio/C400003Afb7F2LwcmR.mp3","videoSrc":"","price":10,"saleTime":"2018-03-18T03:26:59.000Z","__v":0}}
*************** response log end *******************

