[2018-03-18T11:01:19.522] [INFO] resLogger - 
*************** response log start **************
request method:GET
request originalUrl:/sts
request client ip:::1
request query:{}
response time:5
response body:
undefined
*************** response log end *******************

[2018-03-18T11:01:51.506] [INFO] resLogger - 
*************** response log start **************
request method:GET
request originalUrl:/sts
request client ip:::1
request query:{}
response time:9
response body:
{"code":1,"msg":"failed"}
*************** response log end *******************

[2018-03-18T11:04:47.328] [INFO] resLogger - 
*************** response log start **************
request method:GET
request originalUrl:/sts
request client ip:::1
request query:{}
response time:6
response body:
{"code":1,"msg":"failed"}
*************** response log end *******************

[2018-03-18T11:05:04.725] [INFO] resLogger - 
*************** response log start **************
request method:GET
request originalUrl:/sts
request client ip:::1
request query:{}
response time:9
response body:
{"code":1,"msg":"failed"}
*************** response log end *******************

[2018-03-18T11:06:10.569] [INFO] resLogger - 
*************** response log start **************
request method:GET
request originalUrl:/sts
request client ip:::1
request query:{}
response time:6
response body:
{"code":1,"msg":"failed"}
*************** response log end *******************

[2018-03-18T11:07:40.441] [INFO] resLogger - 
*************** response log start **************
request method:GET
request originalUrl:/sts
request client ip:::1
request query:{}
response time:22
response body:
undefined
*************** response log end *******************

[2018-03-18T11:13:23.048] [INFO] resLogger - 
*************** response log start **************
request method:GET
request originalUrl:/sts
request client ip:::1
request query:{}
response time:24
response body:
undefined
*************** response log end *******************

[2018-03-18T11:15:48.552] [INFO] resLogger - 
*************** response log start **************
request method:GET
request originalUrl:/sts
request client ip:::1
request query:{}
response time:25
response body:
undefined
*************** response log end *******************

[2018-03-18T11:18:54.294] [INFO] resLogger - 
*************** response log start **************
request method:GET
request originalUrl:/sts
request client ip:::1
request query:{}
response time:22
response body:
undefined
*************** response log end *******************

[2018-03-18T11:19:24.585] [INFO] resLogger - 
*************** response log start **************
request method:GET
request originalUrl:/sts
request client ip:::1
request query:{}
response time:26
response body:
undefined
*************** response log end *******************

[2018-03-18T11:20:46.251] [INFO] resLogger - 
*************** response log start **************
request method:GET
request originalUrl:/sts
request client ip:::1
request query:{}
response time:365
response body:
{"code":0,"msg":"success","data":{"AccessKeyId":"STS.BfoaW5CoopCUtQCihGmCaXqE1","AccessKeySecret":"EmHmshmX5Kv1PCssnMN3iDLXYeJA8b9eBSWXnjR8cZER","SecurityToken":"CAIS5wF1q6Ft5B2yfSjIo6XaKu2BrrBOx4G+dnfyjWgSYcxNt7Tu0zz2IH1FfXdpB+8WsPszm2xX5/kdlqp6U4cd7p92vwA0vPpt6gqET9frma7ctM4p6vCMHWyUFGSIvqv7aPn4S9XwY+qkb0u++AZ43br9c0fJPTXnS+rr76RqddMKRAK1QCNbDdNNXGtYpdQdKGHaOITGUHeooBKJXRYy4Fci1Tklsf7mnJPD0HeE0g2mkN1yjp/qP52pY/NrOJpCSNqv1IR0DPGcgXcOskYVpPkp0PMYpmaY4cvwAUJc+RaW+FZfGjjI/WQagAFIHd495EmX5kbjLT1/9LdKv6ZFLFqEBCRZAZ5s1CWxfLQ81ZREd5svoqcppb/4yCiRbkOB1D2iPHLSlXHF7iWn/pSYs6ZYBlA7LsCleoAr/WLxXEu4+Xne4RsJmX8YfWDJr78B7GomP7YYM/Sjza1zZwqCR/fkzVubrZUD9O1+mQ==","Expiration":"2018-03-18T04:20:46Z"}}
*************** response log end *******************

