[2017-12-18T09:37:56.188] [INFO] resLogger - 
*************** response log start **************
request method:GET
request originalUrl:/robots.txt
request client ip:::ffff:127.0.0.1
request query:{}
response time:1
response body:
undefined
*************** response log end *******************

[2017-12-18T09:37:56.963] [INFO] resLogger - 
*************** response log start **************
request method:GET
request originalUrl:/user/info
request client ip:::ffff:127.0.0.1
request query:{}
response time:1
response body:
undefined
*************** response log end *******************

[2017-12-18T09:38:05.316] [INFO] resLogger - 
*************** response log start **************
request method:GET
request originalUrl:/user/list
request client ip:::1
request query:{}
response time:1
response body:
undefined
*************** response log end *******************

[2017-12-18T09:38:05.320] [INFO] resLogger - 
*************** response log start **************
request method:GET
request originalUrl:/robots.txt
request client ip:::1
request query:{}
response time:0
response body:
undefined
*************** response log end *******************

[2017-12-18T09:38:13.884] [INFO] resLogger - 
*************** response log start **************
request method:GET
request originalUrl:/
request client ip:::1
request query:{}
response time:486
response body:
"<!DOCTYPE html><html><head><title>Hello Koa 2!</title><link rel=\"stylesheet\" href=\"/stylesheets/style.css\"></head><body><h1>Hello Koa 2!</h1><p>Welcome to Hello Koa 2!</p></body></html>"
*************** response log end *******************

[2017-12-18T09:38:53.844] [INFO] resLogger - 
*************** response log start **************
request method:GET
request originalUrl:/user/info
request client ip:::ffff:127.0.0.1
request query:{}
response time:4
response body:
{"code":1}
*************** response log end *******************

