[2017-12-28T16:05:14.242] [INFO] resLogger - 
*************** response log start **************
request method:GET
request originalUrl:/user/list
request client ip:::1
request query:{}
response time:21
response body:
{"code":0,"msg":"success","data":[]}
*************** response log end *******************

[2017-12-28T16:05:25.821] [INFO] resLogger - 
*************** response log start **************
request method:GET
request originalUrl:/user/list?type=boss
request client ip:::1
request query:{"type":"boss"}
response time:7
response body:
{"code":0,"msg":"success","data":[{"_id":"5a37af4df2e8472b52a6b36e","user":"kboss","pwd":"bdc009b66b98f0abfe8fda8f53338e22","type":"boss","__v":0,"title":"123","avatar":"pic1","company":"1231","money":"23","desc":"123"},{"_id":"5a37b25df2e8472b52a6b370","user":"redux","pwd":"bdc009b66b98f0abfe8fda8f53338e22","type":"boss","__v":0,"title":"前端开发","desc":"asd","company":"asd","money":"asd","avatar":"pic2"},{"_id":"5a41f6e65521b9d177862f78","user":"boss","pwd":"bdc009b66b98f0abfe8fda8f53338e22","type":"boss","__v":0,"title":"全栈开发","desc":"熟悉react\n熟悉koa开发\n熟悉后端数据库","company":"言至网络工作室","money":"10k-15k","avatar":"pic3"},{"_id":"5a4216da69a459ffe27e7253","user":"123","pwd":"bdc009b66b98f0abfe8fda8f53338e22","type":"boss","__v":0,"title":"123","desc":"123","company":"123","money":"123","avatar":"pic2"}]}
*************** response log end *******************

[2017-12-28T16:07:23.657] [INFO] resLogger - 
*************** response log start **************
request method:GET
request originalUrl:/
request client ip:::1
request query:{}
response time:545
response body:
"<!DOCTYPE html><html><head><title>Hello Koa 2!</title><link rel=\"stylesheet\" href=\"/stylesheets/style.css\"></head><body><h1>Hello Koa 2!</h1><p>Welcome to Hello Koa 2!</p></body></html>"
*************** response log end *******************

[2017-12-28T16:38:13.694] [INFO] resLogger - 
*************** response log start **************
request method:GET
request originalUrl:/
request client ip:::1
request query:{}
response time:550
response body:
"<!DOCTYPE html><html><head><title>Hello Koa 2!</title><link rel=\"stylesheet\" href=\"/stylesheets/style.css\"></head><body><h1>Hello Koa 2!</h1><p>Welcome to Hello Koa 2!</p></body></html>"
*************** response log end *******************

