[2018-03-10T19:30:24.929] [INFO] resLogger - 
*************** response log start **************
request method:GET
request originalUrl:/app/getApp
request client ip:::1
request query:{}
response time:12
response body:
{"appname":"阿，洗吧","age":30}
*************** response log end *******************

[2018-03-10T19:47:40.717] [INFO] resLogger - 
*************** response log start **************
request method:POST
request originalUrl:/app/register
request client ip:::1
request body
{}
response time:1
response body:
{"code":1,"msg":"传入的参数必须都不为空"}
*************** response log end *******************

[2018-03-10T19:48:21.340] [INFO] resLogger - 
*************** response log start **************
request method:POST
request originalUrl:/app/register
request client ip:::1
request body
{}
response time:1
response body:
{"code":1,"msg":"传入的参数必须都不为空"}
*************** response log end *******************

[2018-03-10T19:48:46.860] [INFO] resLogger - 
*************** response log start **************
request method:POST
request originalUrl:/app/register
request client ip:::1
request body
{}
response time:8
response body:
{"code":1,"msg":"传入的参数必须都不为空"}
*************** response log end *******************

[2018-03-10T19:49:42.083] [INFO] resLogger - 
*************** response log start **************
request method:POST
request originalUrl:/app/register?phone=15877650331&pwd=123456
request client ip:::1
request body
{}
response time:1
response body:
{"code":1,"msg":"传入的参数必须都不为空"}
*************** response log end *******************

[2018-03-10T19:51:25.899] [INFO] resLogger - 
*************** response log start **************
request method:POST
request originalUrl:/app/register?phone=15877650331&pwd=123456
request client ip:::1
request body
{}
response time:12
response body:
{"code":1,"msg":"传入的参数必须都不为空"}
*************** response log end *******************

[2018-03-10T19:52:08.584] [INFO] resLogger - 
*************** response log start **************
request method:POST
request originalUrl:/app/register?phone=15877650331&pwd=123456
request client ip:::1
request body
{}
response time:2
response body:
{"code":1,"msg":"传入的参数必须都不为空"}
*************** response log end *******************

[2018-03-10T19:54:39.291] [INFO] resLogger - 
*************** response log start **************
request method:POST
request originalUrl:/app/register?phone=15877650331&pwd=123456
request client ip:::1
request body
{}
response time:20
response body:
{"code":1,"msg":"传入的参数必须都不为空"}
*************** response log end *******************

[2018-03-10T19:55:59.247] [INFO] resLogger - 
*************** response log start **************
request method:POST
request originalUrl:/app/register?phone=15877650331&pwd=123456
request client ip:::1
request body
{}
response time:12
response body:
{"code":1,"msg":"传入的参数必须都不为空"}
*************** response log end *******************

[2018-03-10T19:57:10.606] [INFO] resLogger - 
*************** response log start **************
request method:POST
request originalUrl:/app/register?phone=15877650331&pwd=123456
request client ip:::1
request body
{}
response time:4
response body:
{"code":1,"msg":"传入的参数必须都不为空"}
*************** response log end *******************

[2018-03-10T19:57:23.159] [INFO] resLogger - 
*************** response log start **************
request method:POST
request originalUrl:/app/register?phone=15877650331&pwd=123456
request client ip:::1
request body
{"phone":"158"}
response time:2
response body:
{"code":1,"msg":"传入的参数必须都不为空"}
*************** response log end *******************

[2018-03-10T19:57:56.653] [INFO] resLogger - 
*************** response log start **************
request method:POST
request originalUrl:/app/register
request client ip:::1
request body
{}
response time:0
response body:
{"code":1,"msg":"传入的参数必须都不为空"}
*************** response log end *******************

[2018-03-10T19:59:07.900] [INFO] resLogger - 
*************** response log start **************
request method:POST
request originalUrl:/app/register
request client ip:::1
request body
{"phone":"15877650331","pwd":"123456"}
response time:4
response body:
undefined
*************** response log end *******************

[2018-03-10T19:59:53.127] [INFO] resLogger - 
*************** response log start **************
request method:POST
request originalUrl:/app/register
request client ip:::1
request body
{"phone":"15877650331","pwd":"123456"}
response time:9
response body:
{"code":0,"msg":"成功"}
*************** response log end *******************

