[2018-03-21T00:25:08.238] [INFO] resLogger - 
*************** response log start **************
request method:POST
request originalUrl:/api/app/login
request client ip:::ffff:127.0.0.1
request body
{"phone":"123456","pwd":"123456"}
response time:4
response body:
{"code":1,"msg":"用户名或密码错误"}
*************** response log end *******************

[2018-03-21T00:27:14.989] [INFO] resLogger - 
*************** response log start **************
request method:POST
request originalUrl:/api/app/register
request client ip:::ffff:127.0.0.1
request body
{"phone":"12345","pwd":"12345"}
response time:7
response body:
{"code":2,"msg":"账号已注册"}
*************** response log end *******************

[2018-03-21T00:27:18.344] [INFO] resLogger - 
*************** response log start **************
request method:POST
request originalUrl:/api/app/register
request client ip:::ffff:127.0.0.1
request body
{"phone":"123456","pwd":"12345"}
response time:24
response body:
{"code":0,"msg":"success","data":{}}
*************** response log end *******************

