[2017-12-26T14:01:20.568] [INFO] resLogger - 
*************** response log start **************
request method:GET
request originalUrl:/user/info
request client ip:::ffff:127.0.0.1
request query:{}
response time:3
response body:
{"code":0,"msg":"success","data":{"_id":"5a41dbab5521b9d177862f77","user":"jserk","type":"genius","title":"前端开发","desc":"熟悉vue\n熟悉jq\n熟悉css3\n有php，mysql，vue全家桶开发经验","money":"","avatar":"pic3"}}
*************** response log end *******************

[2017-12-26T14:01:20.576] [INFO] resLogger - 
*************** response log start **************
request method:GET
request originalUrl:/user/list?type=genius
request client ip:::ffff:127.0.0.1
request query:{"type":"genius"}
response time:3
response body:
{"code":0,"msg":"success","data":[{"_id":"5a37af70f2e8472b52a6b36f","user":"kgenius","pwd":"bdc009b66b98f0abfe8fda8f53338e22","type":"genius","__v":0,"title":"123","avatar":"pic2","desc":"123"},{"_id":"5a40bd252281afbdf739da1e","user":"kg","pwd":"8546a6f819303e121ce28b55e123bc97","type":"genius","__v":0,"title":"前端","avatar":"pic2","desc":"QQWeb"},{"_id":"5a40d8e62281afbdf739da1f","user":"kggg","pwd":"bdc009b66b98f0abfe8fda8f53338e22","type":"genius","__v":0,"title":"123","desc":"123","money":"","avatar":"pic5"},{"_id":"5a41dbab5521b9d177862f77","user":"jserk","pwd":"bdc009b66b98f0abfe8fda8f53338e22","type":"genius","__v":0,"title":"前端开发","desc":"熟悉vue\n熟悉jq\n熟悉css3\n有php，mysql，vue全家桶开发经验","money":"","avatar":"pic3"}]}
*************** response log end *******************

[2017-12-26T14:01:57.183] [INFO] resLogger - 
*************** response log start **************
request method:GET
request originalUrl:/user/info
request client ip:::ffff:127.0.0.1
request query:{}
response time:2
response body:
{"code":0,"msg":"success","data":{"_id":"5a41dbab5521b9d177862f77","user":"jserk","type":"genius","title":"前端开发","desc":"熟悉vue\n熟悉jq\n熟悉css3\n有php，mysql，vue全家桶开发经验","money":"","avatar":"pic3"}}
*************** response log end *******************

[2017-12-26T14:01:57.185] [INFO] resLogger - 
*************** response log start **************
request method:GET
request originalUrl:/user/list?type=genius
request client ip:::ffff:127.0.0.1
request query:{"type":"genius"}
response time:4
response body:
{"code":0,"msg":"success","data":[{"_id":"5a37af70f2e8472b52a6b36f","user":"kgenius","pwd":"bdc009b66b98f0abfe8fda8f53338e22","type":"genius","__v":0,"title":"123","avatar":"pic2","desc":"123"},{"_id":"5a40bd252281afbdf739da1e","user":"kg","pwd":"8546a6f819303e121ce28b55e123bc97","type":"genius","__v":0,"title":"前端","avatar":"pic2","desc":"QQWeb"},{"_id":"5a40d8e62281afbdf739da1f","user":"kggg","pwd":"bdc009b66b98f0abfe8fda8f53338e22","type":"genius","__v":0,"title":"123","desc":"123","money":"","avatar":"pic5"},{"_id":"5a41dbab5521b9d177862f77","user":"jserk","pwd":"bdc009b66b98f0abfe8fda8f53338e22","type":"genius","__v":0,"title":"前端开发","desc":"熟悉vue\n熟悉jq\n熟悉css3\n有php，mysql，vue全家桶开发经验","money":"","avatar":"pic3"}]}
*************** response log end *******************

[2017-12-26T14:02:01.789] [INFO] resLogger - 
*************** response log start **************
request method:GET
request originalUrl:/user/info
request client ip:::ffff:127.0.0.1
request query:{}
response time:3
response body:
{"code":0,"msg":"success","data":{"_id":"5a41dbab5521b9d177862f77","user":"jserk","type":"genius","title":"前端开发","desc":"熟悉vue\n熟悉jq\n熟悉css3\n有php，mysql，vue全家桶开发经验","money":"","avatar":"pic3"}}
*************** response log end *******************

[2017-12-26T14:02:01.791] [INFO] resLogger - 
*************** response log start **************
request method:GET
request originalUrl:/user/list?type=genius
request client ip:::ffff:127.0.0.1
request query:{"type":"genius"}
response time:4
response body:
{"code":0,"msg":"success","data":[{"_id":"5a37af70f2e8472b52a6b36f","user":"kgenius","pwd":"bdc009b66b98f0abfe8fda8f53338e22","type":"genius","__v":0,"title":"123","avatar":"pic2","desc":"123"},{"_id":"5a40bd252281afbdf739da1e","user":"kg","pwd":"8546a6f819303e121ce28b55e123bc97","type":"genius","__v":0,"title":"前端","avatar":"pic2","desc":"QQWeb"},{"_id":"5a40d8e62281afbdf739da1f","user":"kggg","pwd":"bdc009b66b98f0abfe8fda8f53338e22","type":"genius","__v":0,"title":"123","desc":"123","money":"","avatar":"pic5"},{"_id":"5a41dbab5521b9d177862f77","user":"jserk","pwd":"bdc009b66b98f0abfe8fda8f53338e22","type":"genius","__v":0,"title":"前端开发","desc":"熟悉vue\n熟悉jq\n熟悉css3\n有php，mysql，vue全家桶开发经验","money":"","avatar":"pic3"}]}
*************** response log end *******************

[2017-12-26T14:02:09.252] [INFO] resLogger - 
*************** response log start **************
request method:GET
request originalUrl:/user/info
request client ip:::ffff:127.0.0.1
request query:{}
response time:3
response body:
{"code":0,"msg":"success","data":{"_id":"5a41dbab5521b9d177862f77","user":"jserk","type":"genius","title":"前端开发","desc":"熟悉vue\n熟悉jq\n熟悉css3\n有php，mysql，vue全家桶开发经验","money":"","avatar":"pic3"}}
*************** response log end *******************

[2017-12-26T14:02:09.255] [INFO] resLogger - 
*************** response log start **************
request method:GET
request originalUrl:/user/list?type=boss
request client ip:::ffff:127.0.0.1
request query:{"type":"boss"}
response time:5
response body:
{"code":0,"msg":"success","data":[{"_id":"5a37af4df2e8472b52a6b36e","user":"kboss","pwd":"bdc009b66b98f0abfe8fda8f53338e22","type":"boss","__v":0,"title":"123","avatar":"pic1","company":"1231","money":"23","desc":"123"},{"_id":"5a37b25df2e8472b52a6b370","user":"redux","pwd":"bdc009b66b98f0abfe8fda8f53338e22","type":"boss","__v":0,"title":"前端开发","desc":"asd","company":"asd","money":"asd","avatar":"pic2"}]}
*************** response log end *******************

[2017-12-26T14:02:27.102] [INFO] resLogger - 
*************** response log start **************
request method:GET
request originalUrl:/user/info
request client ip:::ffff:127.0.0.1
request query:{}
response time:2
response body:
{"code":0,"msg":"success","data":{"_id":"5a41dbab5521b9d177862f77","user":"jserk","type":"genius","title":"前端开发","desc":"熟悉vue\n熟悉jq\n熟悉css3\n有php，mysql，vue全家桶开发经验","money":"","avatar":"pic3"}}
*************** response log end *******************

[2017-12-26T14:02:27.105] [INFO] resLogger - 
*************** response log start **************
request method:GET
request originalUrl:/user/list?type=boss
request client ip:::ffff:127.0.0.1
request query:{"type":"boss"}
response time:4
response body:
{"code":0,"msg":"success","data":[{"_id":"5a37af4df2e8472b52a6b36e","user":"kboss","pwd":"bdc009b66b98f0abfe8fda8f53338e22","type":"boss","__v":0,"title":"123","avatar":"pic1","company":"1231","money":"23","desc":"123"},{"_id":"5a37b25df2e8472b52a6b370","user":"redux","pwd":"bdc009b66b98f0abfe8fda8f53338e22","type":"boss","__v":0,"title":"前端开发","desc":"asd","company":"asd","money":"asd","avatar":"pic2"}]}
*************** response log end *******************

[2017-12-26T14:02:37.280] [INFO] resLogger - 
*************** response log start **************
request method:GET
request originalUrl:/user/info
request client ip:::ffff:127.0.0.1
request query:{}
response time:5
response body:
{"code":0,"msg":"success","data":{"_id":"5a41dbab5521b9d177862f77","user":"jserk","type":"genius","title":"前端开发","desc":"熟悉vue\n熟悉jq\n熟悉css3\n有php，mysql，vue全家桶开发经验","money":"","avatar":"pic3"}}
*************** response log end *******************

[2017-12-26T14:02:37.284] [INFO] resLogger - 
*************** response log start **************
request method:GET
request originalUrl:/user/list?type=boss
request client ip:::ffff:127.0.0.1
request query:{"type":"boss"}
response time:7
response body:
{"code":0,"msg":"success","data":[{"_id":"5a37af4df2e8472b52a6b36e","user":"kboss","pwd":"bdc009b66b98f0abfe8fda8f53338e22","type":"boss","__v":0,"title":"123","avatar":"pic1","company":"1231","money":"23","desc":"123"},{"_id":"5a37b25df2e8472b52a6b370","user":"redux","pwd":"bdc009b66b98f0abfe8fda8f53338e22","type":"boss","__v":0,"title":"前端开发","desc":"asd","company":"asd","money":"asd","avatar":"pic2"}]}
*************** response log end *******************

[2017-12-26T14:07:30.019] [INFO] resLogger - 
*************** response log start **************
request method:GET
request originalUrl:/user/info
request client ip:::ffff:127.0.0.1
request query:{}
response time:2
response body:
{"code":0,"msg":"success","data":{"_id":"5a41dbab5521b9d177862f77","user":"jserk","type":"genius","title":"前端开发","desc":"熟悉vue\n熟悉jq\n熟悉css3\n有php，mysql，vue全家桶开发经验","money":"","avatar":"pic3"}}
*************** response log end *******************

[2017-12-26T14:07:30.022] [INFO] resLogger - 
*************** response log start **************
request method:GET
request originalUrl:/user/list?type=boss
request client ip:::ffff:127.0.0.1
request query:{"type":"boss"}
response time:5
response body:
{"code":0,"msg":"success","data":[{"_id":"5a37af4df2e8472b52a6b36e","user":"kboss","pwd":"bdc009b66b98f0abfe8fda8f53338e22","type":"boss","__v":0,"title":"123","avatar":"pic1","company":"1231","money":"23","desc":"123"},{"_id":"5a37b25df2e8472b52a6b370","user":"redux","pwd":"bdc009b66b98f0abfe8fda8f53338e22","type":"boss","__v":0,"title":"前端开发","desc":"asd","company":"asd","money":"asd","avatar":"pic2"}]}
*************** response log end *******************

[2017-12-26T14:09:57.414] [INFO] resLogger - 
*************** response log start **************
request method:GET
request originalUrl:/user/info
request client ip:::ffff:127.0.0.1
request query:{}
response time:3
response body:
{"code":0,"msg":"success","data":{"_id":"5a41dbab5521b9d177862f77","user":"jserk","type":"genius","title":"前端开发","desc":"熟悉vue\n熟悉jq\n熟悉css3\n有php，mysql，vue全家桶开发经验","money":"","avatar":"pic3"}}
*************** response log end *******************

[2017-12-26T14:09:57.424] [INFO] resLogger - 
*************** response log start **************
request method:GET
request originalUrl:/user/list?type=boss
request client ip:::ffff:127.0.0.1
request query:{"type":"boss"}
response time:2
response body:
{"code":0,"msg":"success","data":[{"_id":"5a37af4df2e8472b52a6b36e","user":"kboss","pwd":"bdc009b66b98f0abfe8fda8f53338e22","type":"boss","__v":0,"title":"123","avatar":"pic1","company":"1231","money":"23","desc":"123"},{"_id":"5a37b25df2e8472b52a6b370","user":"redux","pwd":"bdc009b66b98f0abfe8fda8f53338e22","type":"boss","__v":0,"title":"前端开发","desc":"asd","company":"asd","money":"asd","avatar":"pic2"}]}
*************** response log end *******************

[2017-12-26T14:11:18.600] [INFO] resLogger - 
*************** response log start **************
request method:GET
request originalUrl:/user/info
request client ip:::ffff:127.0.0.1
request query:{}
response time:2
response body:
{"code":0,"msg":"success","data":{"_id":"5a41dbab5521b9d177862f77","user":"jserk","type":"genius","title":"前端开发","desc":"熟悉vue\n熟悉jq\n熟悉css3\n有php，mysql，vue全家桶开发经验","money":"","avatar":"pic3"}}
*************** response log end *******************

[2017-12-26T14:11:18.608] [INFO] resLogger - 
*************** response log start **************
request method:GET
request originalUrl:/user/list?type=boss
request client ip:::ffff:127.0.0.1
request query:{"type":"boss"}
response time:3
response body:
{"code":0,"msg":"success","data":[{"_id":"5a37af4df2e8472b52a6b36e","user":"kboss","pwd":"bdc009b66b98f0abfe8fda8f53338e22","type":"boss","__v":0,"title":"123","avatar":"pic1","company":"1231","money":"23","desc":"123"},{"_id":"5a37b25df2e8472b52a6b370","user":"redux","pwd":"bdc009b66b98f0abfe8fda8f53338e22","type":"boss","__v":0,"title":"前端开发","desc":"asd","company":"asd","money":"asd","avatar":"pic2"}]}
*************** response log end *******************

[2017-12-26T14:14:39.069] [INFO] resLogger - 
*************** response log start **************
request method:GET
request originalUrl:/user/info
request client ip:::ffff:127.0.0.1
request query:{}
response time:2
response body:
{"code":0,"msg":"success","data":{"_id":"5a41dbab5521b9d177862f77","user":"jserk","type":"genius","title":"前端开发","desc":"熟悉vue\n熟悉jq\n熟悉css3\n有php，mysql，vue全家桶开发经验","money":"","avatar":"pic3"}}
*************** response log end *******************

[2017-12-26T14:14:39.075] [INFO] resLogger - 
*************** response log start **************
request method:GET
request originalUrl:/user/list?type=boss
request client ip:::ffff:127.0.0.1
request query:{"type":"boss"}
response time:3
response body:
{"code":0,"msg":"success","data":[{"_id":"5a37af4df2e8472b52a6b36e","user":"kboss","pwd":"bdc009b66b98f0abfe8fda8f53338e22","type":"boss","__v":0,"title":"123","avatar":"pic1","company":"1231","money":"23","desc":"123"},{"_id":"5a37b25df2e8472b52a6b370","user":"redux","pwd":"bdc009b66b98f0abfe8fda8f53338e22","type":"boss","__v":0,"title":"前端开发","desc":"asd","company":"asd","money":"asd","avatar":"pic2"}]}
*************** response log end *******************

[2017-12-26T14:17:59.186] [INFO] resLogger - 
*************** response log start **************
request method:GET
request originalUrl:/user/info
request client ip:::ffff:127.0.0.1
request query:{}
response time:4
response body:
{"code":0,"msg":"success","data":{"_id":"5a41dbab5521b9d177862f77","user":"jserk","type":"genius","title":"前端开发","desc":"熟悉vue\n熟悉jq\n熟悉css3\n有php，mysql，vue全家桶开发经验","money":"","avatar":"pic3"}}
*************** response log end *******************

[2017-12-26T14:17:59.188] [INFO] resLogger - 
*************** response log start **************
request method:GET
request originalUrl:/user/list?type=boss
request client ip:::ffff:127.0.0.1
request query:{"type":"boss"}
response time:5
response body:
{"code":0,"msg":"success","data":[{"_id":"5a37af4df2e8472b52a6b36e","user":"kboss","pwd":"bdc009b66b98f0abfe8fda8f53338e22","type":"boss","__v":0,"title":"123","avatar":"pic1","company":"1231","money":"23","desc":"123"},{"_id":"5a37b25df2e8472b52a6b370","user":"redux","pwd":"bdc009b66b98f0abfe8fda8f53338e22","type":"boss","__v":0,"title":"前端开发","desc":"asd","company":"asd","money":"asd","avatar":"pic2"}]}
*************** response log end *******************

[2017-12-26T14:18:50.242] [INFO] resLogger - 
*************** response log start **************
request method:GET
request originalUrl:/user/info
request client ip:::ffff:127.0.0.1
request query:{}
response time:2
response body:
{"code":0,"msg":"success","data":{"_id":"5a41dbab5521b9d177862f77","user":"jserk","type":"genius","title":"前端开发","desc":"熟悉vue\n熟悉jq\n熟悉css3\n有php，mysql，vue全家桶开发经验","money":"","avatar":"pic3"}}
*************** response log end *******************

[2017-12-26T14:18:50.249] [INFO] resLogger - 
*************** response log start **************
request method:GET
request originalUrl:/user/list?type=boss
request client ip:::ffff:127.0.0.1
request query:{"type":"boss"}
response time:5
response body:
{"code":0,"msg":"success","data":[{"_id":"5a37af4df2e8472b52a6b36e","user":"kboss","pwd":"bdc009b66b98f0abfe8fda8f53338e22","type":"boss","__v":0,"title":"123","avatar":"pic1","company":"1231","money":"23","desc":"123"},{"_id":"5a37b25df2e8472b52a6b370","user":"redux","pwd":"bdc009b66b98f0abfe8fda8f53338e22","type":"boss","__v":0,"title":"前端开发","desc":"asd","company":"asd","money":"asd","avatar":"pic2"}]}
*************** response log end *******************

[2017-12-26T14:19:11.102] [INFO] resLogger - 
*************** response log start **************
request method:GET
request originalUrl:/user/list?type=boss
request client ip:::ffff:127.0.0.1
request query:{"type":"boss"}
response time:5
response body:
{"code":0,"msg":"success","data":[{"_id":"5a37af4df2e8472b52a6b36e","user":"kboss","pwd":"bdc009b66b98f0abfe8fda8f53338e22","type":"boss","__v":0,"title":"123","avatar":"pic1","company":"1231","money":"23","desc":"123"},{"_id":"5a37b25df2e8472b52a6b370","user":"redux","pwd":"bdc009b66b98f0abfe8fda8f53338e22","type":"boss","__v":0,"title":"前端开发","desc":"asd","company":"asd","money":"asd","avatar":"pic2"}]}
*************** response log end *******************

[2017-12-26T14:20:16.140] [INFO] resLogger - 
*************** response log start **************
request method:GET
request originalUrl:/user/info
request client ip:::ffff:127.0.0.1
request query:{}
response time:3
response body:
{"code":0,"msg":"success","data":{"_id":"5a41dbab5521b9d177862f77","user":"jserk","type":"genius","title":"前端开发","desc":"熟悉vue\n熟悉jq\n熟悉css3\n有php，mysql，vue全家桶开发经验","money":"","avatar":"pic3"}}
*************** response log end *******************

[2017-12-26T14:20:16.141] [INFO] resLogger - 
*************** response log start **************
request method:GET
request originalUrl:/user/list?type=boss
request client ip:::ffff:127.0.0.1
request query:{"type":"boss"}
response time:4
response body:
{"code":0,"msg":"success","data":[{"_id":"5a37af4df2e8472b52a6b36e","user":"kboss","pwd":"bdc009b66b98f0abfe8fda8f53338e22","type":"boss","__v":0,"title":"123","avatar":"pic1","company":"1231","money":"23","desc":"123"},{"_id":"5a37b25df2e8472b52a6b370","user":"redux","pwd":"bdc009b66b98f0abfe8fda8f53338e22","type":"boss","__v":0,"title":"前端开发","desc":"asd","company":"asd","money":"asd","avatar":"pic2"}]}
*************** response log end *******************

[2017-12-26T14:20:36.301] [INFO] resLogger - 
*************** response log start **************
request method:GET
request originalUrl:/user/info
request client ip:::ffff:127.0.0.1
request query:{}
response time:0
response body:
{"code":1,"msg":"cookies已过期，进入登录状态"}
*************** response log end *******************

[2017-12-26T14:20:36.305] [INFO] resLogger - 
*************** response log start **************
request method:GET
request originalUrl:/user/list?type=boss
request client ip:::ffff:127.0.0.1
request query:{"type":"boss"}
response time:2
response body:
{"code":0,"msg":"success","data":[{"_id":"5a37af4df2e8472b52a6b36e","user":"kboss","pwd":"bdc009b66b98f0abfe8fda8f53338e22","type":"boss","__v":0,"title":"123","avatar":"pic1","company":"1231","money":"23","desc":"123"},{"_id":"5a37b25df2e8472b52a6b370","user":"redux","pwd":"bdc009b66b98f0abfe8fda8f53338e22","type":"boss","__v":0,"title":"前端开发","desc":"asd","company":"asd","money":"asd","avatar":"pic2"}]}
*************** response log end *******************

[2017-12-26T14:20:43.423] [INFO] resLogger - 
*************** response log start **************
request method:POST
request originalUrl:/user/login
request client ip:::ffff:127.0.0.1
request body
{"user":"kboss","pwd":"123"}
response time:2
response body:
{"code":0,"msg":"success","data":{"_id":"5a37af4df2e8472b52a6b36e","user":"kboss","type":"boss","title":"123","avatar":"pic1","company":"1231","money":"23","desc":"123"}}
*************** response log end *******************

[2017-12-26T14:20:43.500] [INFO] resLogger - 
*************** response log start **************
request method:GET
request originalUrl:/user/list?type=genius
request client ip:::ffff:127.0.0.1
request query:{"type":"genius"}
response time:2
response body:
{"code":0,"msg":"success","data":[{"_id":"5a37af70f2e8472b52a6b36f","user":"kgenius","pwd":"bdc009b66b98f0abfe8fda8f53338e22","type":"genius","__v":0,"title":"123","avatar":"pic2","desc":"123"},{"_id":"5a40bd252281afbdf739da1e","user":"kg","pwd":"8546a6f819303e121ce28b55e123bc97","type":"genius","__v":0,"title":"前端","avatar":"pic2","desc":"QQWeb"},{"_id":"5a40d8e62281afbdf739da1f","user":"kggg","pwd":"bdc009b66b98f0abfe8fda8f53338e22","type":"genius","__v":0,"title":"123","desc":"123","money":"","avatar":"pic5"},{"_id":"5a41dbab5521b9d177862f77","user":"jserk","pwd":"bdc009b66b98f0abfe8fda8f53338e22","type":"genius","__v":0,"title":"前端开发","desc":"熟悉vue\n熟悉jq\n熟悉css3\n有php，mysql，vue全家桶开发经验","money":"","avatar":"pic3"}]}
*************** response log end *******************

[2017-12-26T14:20:46.969] [INFO] resLogger - 
*************** response log start **************
request method:GET
request originalUrl:/user/info
request client ip:::ffff:127.0.0.1
request query:{}
response time:1
response body:
{"code":0,"msg":"success","data":{"_id":"5a37af4df2e8472b52a6b36e","user":"kboss","type":"boss","title":"123","avatar":"pic1","company":"1231","money":"23","desc":"123"}}
*************** response log end *******************

[2017-12-26T14:20:46.977] [INFO] resLogger - 
*************** response log start **************
request method:GET
request originalUrl:/user/list?type=genius
request client ip:::ffff:127.0.0.1
request query:{"type":"genius"}
response time:5
response body:
{"code":0,"msg":"success","data":[{"_id":"5a37af70f2e8472b52a6b36f","user":"kgenius","pwd":"bdc009b66b98f0abfe8fda8f53338e22","type":"genius","__v":0,"title":"123","avatar":"pic2","desc":"123"},{"_id":"5a40bd252281afbdf739da1e","user":"kg","pwd":"8546a6f819303e121ce28b55e123bc97","type":"genius","__v":0,"title":"前端","avatar":"pic2","desc":"QQWeb"},{"_id":"5a40d8e62281afbdf739da1f","user":"kggg","pwd":"bdc009b66b98f0abfe8fda8f53338e22","type":"genius","__v":0,"title":"123","desc":"123","money":"","avatar":"pic5"},{"_id":"5a41dbab5521b9d177862f77","user":"jserk","pwd":"bdc009b66b98f0abfe8fda8f53338e22","type":"genius","__v":0,"title":"前端开发","desc":"熟悉vue\n熟悉jq\n熟悉css3\n有php，mysql，vue全家桶开发经验","money":"","avatar":"pic3"}]}
*************** response log end *******************

[2017-12-26T14:30:57.013] [INFO] resLogger - 
*************** response log start **************
request method:GET
request originalUrl:/user/info
request client ip:::ffff:127.0.0.1
request query:{}
response time:3
response body:
{"code":0,"msg":"success","data":{"_id":"5a37af4df2e8472b52a6b36e","user":"kboss","type":"boss","title":"123","avatar":"pic1","company":"1231","money":"23","desc":"123"}}
*************** response log end *******************

[2017-12-26T14:30:57.015] [INFO] resLogger - 
*************** response log start **************
request method:GET
request originalUrl:/user/list?type=genius
request client ip:::ffff:127.0.0.1
request query:{"type":"genius"}
response time:4
response body:
{"code":0,"msg":"success","data":[{"_id":"5a37af70f2e8472b52a6b36f","user":"kgenius","pwd":"bdc009b66b98f0abfe8fda8f53338e22","type":"genius","__v":0,"title":"123","avatar":"pic2","desc":"123"},{"_id":"5a40bd252281afbdf739da1e","user":"kg","pwd":"8546a6f819303e121ce28b55e123bc97","type":"genius","__v":0,"title":"前端","avatar":"pic2","desc":"QQWeb"},{"_id":"5a40d8e62281afbdf739da1f","user":"kggg","pwd":"bdc009b66b98f0abfe8fda8f53338e22","type":"genius","__v":0,"title":"123","desc":"123","money":"","avatar":"pic5"},{"_id":"5a41dbab5521b9d177862f77","user":"jserk","pwd":"bdc009b66b98f0abfe8fda8f53338e22","type":"genius","__v":0,"title":"前端开发","desc":"熟悉vue\n熟悉jq\n熟悉css3\n有php，mysql，vue全家桶开发经验","money":"","avatar":"pic3"}]}
*************** response log end *******************

[2017-12-26T14:37:27.303] [INFO] resLogger - 
*************** response log start **************
request method:GET
request originalUrl:/user/info
request client ip:::ffff:127.0.0.1
request query:{}
response time:2
response body:
{"code":0,"msg":"success","data":{"_id":"5a37af4df2e8472b52a6b36e","user":"kboss","type":"boss","title":"123","avatar":"pic1","company":"1231","money":"23","desc":"123"}}
*************** response log end *******************

[2017-12-26T14:38:31.308] [INFO] resLogger - 
*************** response log start **************
request method:GET
request originalUrl:/user/info
request client ip:::ffff:127.0.0.1
request query:{}
response time:1
response body:
{"code":0,"msg":"success","data":{"_id":"5a37af4df2e8472b52a6b36e","user":"kboss","type":"boss","title":"123","avatar":"pic1","company":"1231","money":"23","desc":"123"}}
*************** response log end *******************

[2017-12-26T14:51:56.816] [INFO] resLogger - 
*************** response log start **************
request method:GET
request originalUrl:/user/info
request client ip:::ffff:127.0.0.1
request query:{}
response time:2
response body:
{"code":0,"msg":"success","data":{"_id":"5a37af4df2e8472b52a6b36e","user":"kboss","type":"boss","title":"123","avatar":"pic1","company":"1231","money":"23","desc":"123"}}
*************** response log end *******************

[2017-12-26T14:53:25.384] [INFO] resLogger - 
*************** response log start **************
request method:GET
request originalUrl:/user/info
request client ip:::ffff:127.0.0.1
request query:{}
response time:2
response body:
{"code":0,"msg":"success","data":{"_id":"5a37af4df2e8472b52a6b36e","user":"kboss","type":"boss","title":"123","avatar":"pic1","company":"1231","money":"23","desc":"123"}}
*************** response log end *******************

[2017-12-26T14:53:38.010] [INFO] resLogger - 
*************** response log start **************
request method:GET
request originalUrl:/user/info
request client ip:::ffff:127.0.0.1
request query:{}
response time:2
response body:
{"code":0,"msg":"success","data":{"_id":"5a37af4df2e8472b52a6b36e","user":"kboss","type":"boss","title":"123","avatar":"pic1","company":"1231","money":"23","desc":"123"}}
*************** response log end *******************

[2017-12-26T14:53:49.039] [INFO] resLogger - 
*************** response log start **************
request method:GET
request originalUrl:/user/info
request client ip:::ffff:127.0.0.1
request query:{}
response time:4
response body:
{"code":0,"msg":"success","data":{"_id":"5a37af4df2e8472b52a6b36e","user":"kboss","type":"boss","title":"123","avatar":"pic1","company":"1231","money":"23","desc":"123"}}
*************** response log end *******************

[2017-12-26T14:54:53.912] [INFO] resLogger - 
*************** response log start **************
request method:GET
request originalUrl:/user/info
request client ip:::ffff:127.0.0.1
request query:{}
response time:3
response body:
{"code":0,"msg":"success","data":{"_id":"5a37af4df2e8472b52a6b36e","user":"kboss","type":"boss","title":"123","avatar":"pic1","company":"1231","money":"23","desc":"123"}}
*************** response log end *******************

[2017-12-26T14:56:37.860] [INFO] resLogger - 
*************** response log start **************
request method:GET
request originalUrl:/user/info
request client ip:::ffff:127.0.0.1
request query:{}
response time:3
response body:
{"code":0,"msg":"success","data":{"_id":"5a37af4df2e8472b52a6b36e","user":"kboss","type":"boss","title":"123","avatar":"pic1","company":"1231","money":"23","desc":"123"}}
*************** response log end *******************

