[2018-03-20T21:11:44.530] [INFO] resLogger - 
*************** response log start **************
request method:GET
request originalUrl:/api/cms/getResInfo?type=1&&id=t_zNd78pPxjs
request client ip:::1
request query:{"type":"1","id":"t_zNd78pPxjs"}
response time:18
response body:
{"code":0,"msg":"success","data":null}
*************** response log end *******************

[2018-03-20T21:16:01.140] [INFO] resLogger - 
*************** response log start **************
request method:POST
request originalUrl:/api/app/login
request client ip:::ffff:127.0.0.1
request body
{"phone":"123","pwd":"123"}
response time:13
response body:
{"code":0,"msg":"success","data":{"updateTime":"2018-03-10T13:35:58.138Z","createTime":"2018-03-10T13:35:58.138Z","_id":"5aa3df3e18d129fbeef90974","appId":"appXAKRb6caQka5JY2r","phone":123}}
*************** response log end *******************

[2018-03-20T21:16:04.539] [INFO] resLogger - 
*************** response log start **************
request method:GET
request originalUrl:/api/cms/getResList?type=1
request client ip:::ffff:127.0.0.1
request query:{"type":"1"}
response time:7
response body:
{"code":0,"msg":"success","data":[{"createTime":"2018-03-19T02:30:51.427Z","_id":"5aaf20db3bd546350926cfbe","appId":"appXAKRb6caQka5JY2r","type":1,"id":"t_Sw2Bb4rDki","name":"123哈哈哈","intro":"123123","cover":"http://jserk.oss-cn-shenzhen.aliyuncs.com/saas_pic/WechatIMG64.jpeg","textContent":"123123123123","saleType":1,"audioSrc":"","videoSrc":"","price":312,"saleTime":"2018-03-17T10:30:27.000Z","__v":0}]}
*************** response log end *******************

[2018-03-20T21:17:58.995] [INFO] resLogger - 
*************** response log start **************
request method:GET
request originalUrl:/api/app/info
request client ip:::ffff:127.0.0.1
request query:{}
response time:14
response body:
{"code":0,"msg":"success","data":{"updateTime":"2018-03-10T13:35:58.138Z","createTime":"2018-03-10T13:35:58.138Z","_id":"5aa3df3e18d129fbeef90974","appId":"appXAKRb6caQka5JY2r","phone":123}}
*************** response log end *******************

[2018-03-20T21:18:43.400] [INFO] resLogger - 
*************** response log start **************
request method:GET
request originalUrl:/api/app/info
request client ip:::ffff:127.0.0.1
request query:{}
response time:2
response body:
{"code":0,"msg":"success","data":{"updateTime":"2018-03-10T13:35:58.138Z","createTime":"2018-03-10T13:35:58.138Z","_id":"5aa3df3e18d129fbeef90974","appId":"appXAKRb6caQka5JY2r","phone":123}}
*************** response log end *******************

[2018-03-20T21:18:43.423] [INFO] resLogger - 
*************** response log start **************
request method:GET
request originalUrl:/api/cms/getResInfo?id=t_Sw2Bb4rDki
request client ip:::ffff:127.0.0.1
request query:{"id":"t_Sw2Bb4rDki"}
response time:5
response body:
{"code":0,"msg":"success","data":{"createTime":"2018-03-19T02:30:51.427Z","_id":"5aaf20db3bd546350926cfbe","appId":"appXAKRb6caQka5JY2r","type":1,"id":"t_Sw2Bb4rDki","name":"123哈哈哈","intro":"123123","cover":"http://jserk.oss-cn-shenzhen.aliyuncs.com/saas_pic/WechatIMG64.jpeg","textContent":"123123123123","saleType":1,"audioSrc":"","videoSrc":"","price":312,"saleTime":"2018-03-17T10:30:27.000Z","__v":0}}
*************** response log end *******************

[2018-03-20T21:18:58.216] [INFO] resLogger - 
*************** response log start **************
request method:GET
request originalUrl:/api/client/getResList?appId=appXAKRb6caQka5JY2r
request client ip:::ffff:127.0.0.1
request query:{"appId":"appXAKRb6caQka5JY2r"}
response time:6
response body:
{"code":0,"msg":"success","data":[{"createTime":"2018-03-19T02:30:51.427Z","_id":"5aaf20db3bd546350926cfbe","appId":"appXAKRb6caQka5JY2r","type":1,"id":"t_Sw2Bb4rDki","name":"123哈哈哈","intro":"123123","cover":"http://jserk.oss-cn-shenzhen.aliyuncs.com/saas_pic/WechatIMG64.jpeg","textContent":"123123123123","saleType":1,"audioSrc":"","videoSrc":"","price":312,"saleTime":"2018-03-17T10:30:27.000Z","__v":0},{"createTime":"2018-03-19T03:27:39.549Z","_id":"5aaf2e2bcd9ec53f6c65c987","appId":"appXAKRb6caQka5JY2r","type":2,"id":"Tt3rhj7eYnMrddKE","name":"这是音频哈哈","intro":"这是一条音频简介","cover":"http://jserk.oss-cn-shenzhen.aliyuncs.com/saas_pic/WechatIMG45.png","textContent":"123","saleType":1,"audioSrc":"http://jserk.oss-cn-shenzhen.aliyuncs.com/saas_audio/C400003Afb7F2LwcmR.mp3","videoSrc":"","price":10,"saleTime":"2018-03-17T19:26:59.000Z","__v":0},{"createTime":"2018-03-19T03:33:12.833Z","_id":"5aaf2f78cd9ec53f6c65c988","appId":"appXAKRb6caQka5JY2r","type":3,"id":"QGk83ydhy4pJxSs3","name":"这是一条视频","intro":"这是视频简介","cover":"http://jserk.oss-cn-shenzhen.aliyuncs.com/saas_pic/WechatIMG57.jpeg","textContent":"123","saleType":0,"audioSrc":"","videoSrc":"http://jserk.oss-cn-shenzhen.aliyuncs.com/saas_video/bannerVideo.mp4","price":0,"saleTime":"2018-03-18T19:32:45.000Z","__v":0}]}
*************** response log end *******************

[2018-03-20T21:19:02.113] [INFO] resLogger - 
*************** response log start **************
request method:GET
request originalUrl:/api/client/getRes?appId=appXAKRb6caQka5JY2r&&id=Tt3rhj7eYnMrddKE
request client ip:::ffff:127.0.0.1
request query:{"appId":"appXAKRb6caQka5JY2r","id":"Tt3rhj7eYnMrddKE"}
response time:8
response body:
{"code":0,"msg":"success","data":{"createTime":"2018-03-19T03:27:39.549Z","_id":"5aaf2e2bcd9ec53f6c65c987","appId":"appXAKRb6caQka5JY2r","type":2,"id":"Tt3rhj7eYnMrddKE","name":"这是音频哈哈","intro":"这是一条音频简介","cover":"http://jserk.oss-cn-shenzhen.aliyuncs.com/saas_pic/WechatIMG45.png","textContent":"123","saleType":1,"audioSrc":"http://jserk.oss-cn-shenzhen.aliyuncs.com/saas_audio/C400003Afb7F2LwcmR.mp3","videoSrc":"","price":10,"saleTime":"2018-03-17T19:26:59.000Z","__v":0}}
*************** response log end *******************

[2018-03-20T21:19:05.654] [INFO] resLogger - 
*************** response log start **************
request method:GET
request originalUrl:/api/client/getResList?appId=appXAKRb6caQka5JY2r
request client ip:::ffff:127.0.0.1
request query:{"appId":"appXAKRb6caQka5JY2r"}
response time:2
response body:
{"code":0,"msg":"success","data":[{"createTime":"2018-03-19T02:30:51.427Z","_id":"5aaf20db3bd546350926cfbe","appId":"appXAKRb6caQka5JY2r","type":1,"id":"t_Sw2Bb4rDki","name":"123哈哈哈","intro":"123123","cover":"http://jserk.oss-cn-shenzhen.aliyuncs.com/saas_pic/WechatIMG64.jpeg","textContent":"123123123123","saleType":1,"audioSrc":"","videoSrc":"","price":312,"saleTime":"2018-03-17T10:30:27.000Z","__v":0},{"createTime":"2018-03-19T03:27:39.549Z","_id":"5aaf2e2bcd9ec53f6c65c987","appId":"appXAKRb6caQka5JY2r","type":2,"id":"Tt3rhj7eYnMrddKE","name":"这是音频哈哈","intro":"这是一条音频简介","cover":"http://jserk.oss-cn-shenzhen.aliyuncs.com/saas_pic/WechatIMG45.png","textContent":"123","saleType":1,"audioSrc":"http://jserk.oss-cn-shenzhen.aliyuncs.com/saas_audio/C400003Afb7F2LwcmR.mp3","videoSrc":"","price":10,"saleTime":"2018-03-17T19:26:59.000Z","__v":0},{"createTime":"2018-03-19T03:33:12.833Z","_id":"5aaf2f78cd9ec53f6c65c988","appId":"appXAKRb6caQka5JY2r","type":3,"id":"QGk83ydhy4pJxSs3","name":"这是一条视频","intro":"这是视频简介","cover":"http://jserk.oss-cn-shenzhen.aliyuncs.com/saas_pic/WechatIMG57.jpeg","textContent":"123","saleType":0,"audioSrc":"","videoSrc":"http://jserk.oss-cn-shenzhen.aliyuncs.com/saas_video/bannerVideo.mp4","price":0,"saleTime":"2018-03-18T19:32:45.000Z","__v":0}]}
*************** response log end *******************

