[2018-03-19T15:00:15.606] [INFO] resLogger - 
*************** response log start **************
request method:GET
request originalUrl:/app/info
request client ip:::ffff:127.0.0.1
request query:{}
response time:1
response body:
{"code":0,"msg":"success","data":{"updateTime":"2018-03-10T13:35:58.138Z","createTime":"2018-03-10T13:35:58.138Z","_id":"5aa3df3e18d129fbeef90974","appId":"appXAKRb6caQka5JY2r","phone":123}}
*************** response log end *******************

[2018-03-19T15:00:15.632] [INFO] resLogger - 
*************** response log start **************
request method:GET
request originalUrl:/cms/getResInfo?id=QGk83ydhy4pJxSs3
request client ip:::ffff:127.0.0.1
request query:{"id":"QGk83ydhy4pJxSs3"}
response time:2
response body:
{"code":0,"msg":"success","data":{"createTime":"2018-03-19T03:33:12.833Z","_id":"5aaf2f78cd9ec53f6c65c988","appId":"appXAKRb6caQka5JY2r","type":3,"id":"QGk83ydhy4pJxSs3","name":"这是一条视频","intro":"这是视频简介","cover":"http://jserk.oss-cn-shenzhen.aliyuncs.com/saas_pic/WechatIMG57.jpeg","textContent":"123","saleType":0,"audioSrc":"","videoSrc":"","price":0,"saleTime":"2018-03-19T03:32:45.000Z","__v":0}}
*************** response log end *******************

[2018-03-19T15:00:39.608] [INFO] resLogger - 
*************** response log start **************
request method:GET
request originalUrl:/sts
request client ip:::ffff:127.0.0.1
request query:{}
response time:376
response body:
{"code":0,"msg":"success","data":{"AccessKeyId":"STS.FedY8vqCyxP4qy1STUZM77ec6","AccessKeySecret":"6x3YgxW6hkG85H1PgVQ7ddBno8Rq5xUq3fwcvAtPaqi9","SecurityToken":"CAIS5wF1q6Ft5B2yfSjIp6bREoLCnJxYz5Lfc1+At1QAVsIb2KDI1Dz2IH1FfXdpB+8WsPszm2xX5/kdlqp6U4cdn7c17wA0vPpt6gqET9frma7ctM4p6vCMHWyUFGSIvqv7aPn4S9XwY+qkb0u++AZ43br9c0fJPTXnS+rr76RqddMKRAK1QCNbDdNNXGtYpdQdKGHaOITGUHeooBKJXRYy4Fci1Tklsf7mnJPD0HeE0g2mkN1yjp/qP52pY/NrOJpCSNqv1IR0DPGcgXcOskYVpPkp0PMYpmaY4cvwAUJc+RaW+FZfGjjI/WQagAFs3sOM6JzxWcj02FQMENMWMSDH8NX9a3NGP2XVl8Reh7LKWnJTlDahXG9IcqZ4hn7Opu+qOtfP0kBQbPRnHi8GOQi1cCshx8ttMLTq+MjII5aMMVAMa3adIeDMeiPFU5gymi9XdpNA04lwkvyOlKOGF5NWlDV4E05/q+FCECeyIA==","Expiration":"2018-03-19T08:00:39Z"}}
*************** response log end *******************

[2018-03-19T15:00:49.087] [INFO] resLogger - 
*************** response log start **************
request method:GET
request originalUrl:/sts
request client ip:::ffff:127.0.0.1
request query:{}
response time:319
response body:
{"code":0,"msg":"success","data":{"AccessKeyId":"STS.KqDEupPCjZFUnUeEiPw7AsnHc","AccessKeySecret":"3tSwJNwLdkhWxjP3jVBFZYewkYxHfDA2C56WRfAqyNZ9","SecurityToken":"CAIS5wF1q6Ft5B2yfSjIqrLxDs/EvZxL7YS+bHPUoWkFe7htnKvjgTz2IH1FfXdpB+8WsPszm2xX5/kdlqp6U4cdkfk17wA0vPpt6gqET9frma7ctM4p6vCMHWyUFGSIvqv7aPn4S9XwY+qkb0u++AZ43br9c0fJPTXnS+rr76RqddMKRAK1QCNbDdNNXGtYpdQdKGHaOITGUHeooBKJXRYy4Fci1Tklsf7mnJPD0HeE0g2mkN1yjp/qP52pY/NrOJpCSNqv1IR0DPGcgXcOskYVpPkp0PMYpmaY4cvwAUJc+RaW+FZfGjjI/WQagAFNKYvDQRRCTDByyCWJ8c0RO2R/TzFuB9+JXvHK1VjOe0wJS44rH7C8X3X8wY2SPlVoPhqORUl5ibbvL+QLQujR1tBPCgqA2OI9R8UepxJYKQ5O340U2TqJ54sOlbhfKMO+xNjSqXLmHImBJszMFjwE2qHfT/fTEbCSnMgS0rY8eQ==","Expiration":"2018-03-19T08:00:48Z"}}
*************** response log end *******************

[2018-03-19T15:01:14.649] [INFO] resLogger - 
*************** response log start **************
request method:GET
request originalUrl:/app/info
request client ip:::ffff:127.0.0.1
request query:{}
response time:2
response body:
{"code":0,"msg":"success","data":{"updateTime":"2018-03-10T13:35:58.138Z","createTime":"2018-03-10T13:35:58.138Z","_id":"5aa3df3e18d129fbeef90974","appId":"appXAKRb6caQka5JY2r","phone":123}}
*************** response log end *******************

[2018-03-19T15:01:14.665] [INFO] resLogger - 
*************** response log start **************
request method:GET
request originalUrl:/cms/getResInfo?id=QGk83ydhy4pJxSs3
request client ip:::ffff:127.0.0.1
request query:{"id":"QGk83ydhy4pJxSs3"}
response time:2
response body:
{"code":0,"msg":"success","data":{"createTime":"2018-03-19T03:33:12.833Z","_id":"5aaf2f78cd9ec53f6c65c988","appId":"appXAKRb6caQka5JY2r","type":3,"id":"QGk83ydhy4pJxSs3","name":"这是一条视频","intro":"这是视频简介","cover":"http://jserk.oss-cn-shenzhen.aliyuncs.com/saas_pic/WechatIMG57.jpeg","textContent":"123","saleType":0,"audioSrc":"","videoSrc":"","price":0,"saleTime":"2018-03-19T03:32:45.000Z","__v":0}}
*************** response log end *******************

[2018-03-19T15:01:22.082] [INFO] resLogger - 
*************** response log start **************
request method:GET
request originalUrl:/sts
request client ip:::ffff:127.0.0.1
request query:{}
response time:370
response body:
{"code":0,"msg":"success","data":{"AccessKeyId":"STS.HHr2avvvyRA556uXnoKQKX2EC","AccessKeySecret":"12nvKKGFrQCueYErdFJWkXEeVAyvHGw9F3ebw7wjGA3","SecurityToken":"CAIS5wF1q6Ft5B2yfSjIqYvHedvCm6lY5YPeNxDEvG46R95nt/fuoTz2IH1FfXdpB+8WsPszm2xX5/kdlqp6U4cdg/s37wA0vPpt6gqET9frma7ctM4p6vCMHWyUFGSIvqv7aPn4S9XwY+qkb0u++AZ43br9c0fJPTXnS+rr76RqddMKRAK1QCNbDdNNXGtYpdQdKGHaOITGUHeooBKJXRYy4Fci1Tklsf7mnJPD0HeE0g2mkN1yjp/qP52pY/NrOJpCSNqv1IR0DPGcgXcOskYVpPkp0PMYpmaY4cvwAUJc+RaW+FZfGjjI/WQagAE/g64Kzzcp+T3MNO32teQ/mS7mX1P95RuRilIjsFwwYl00S7QYJtTZCvhG+ORvOLd1WJru2lLFlrku08UydG0nuLaloUgL7gCsCgvz7mP1BpqOUkcCd5A2/MJqLMk4SZCr0cvobzVGlK1T6A0QI1WuTP3H48cEzn5VVK7bKfwXOw==","Expiration":"2018-03-19T08:01:21Z"}}
*************** response log end *******************

[2018-03-19T15:01:46.533] [INFO] resLogger - 
*************** response log start **************
request method:GET
request originalUrl:/sts
request client ip:::ffff:127.0.0.1
request query:{}
response time:287
response body:
{"code":0,"msg":"success","data":{"AccessKeyId":"STS.FE8vQfESsnzCP5AXHD5R4gUxL","AccessKeySecret":"C3hrAwh7h6GH8jZSet9pr5BvRHfUkfEywJinzCcziKCU","SecurityToken":"CAIS5wF1q6Ft5B2yfSjIp4aNPevSqIxS2bioUhPwvEgROd0YiJDTrjz2IH1FfXdpB+8WsPszm2xX5/kdlqp6U4cdl7ox7wA0vPpt6gqET9frma7ctM4p6vCMHWyUFGSIvqv7aPn4S9XwY+qkb0u++AZ43br9c0fJPTXnS+rr76RqddMKRAK1QCNbDdNNXGtYpdQdKGHaOITGUHeooBKJXRYy4Fci1Tklsf7mnJPD0HeE0g2mkN1yjp/qP52pY/NrOJpCSNqv1IR0DPGcgXcOskYVpPkp0PMYpmaY4cvwAUJc+RaW+FZfGjjI/WQagAEAsmi6DnpKGUghEJvsvQQeiWhuUiJehsOQ2duhVHAdtZrLo0HUOoZw+bPscg/ok6O7IEEhqWjPyAJMTS2mEf8mxrvnuUglO2efJKWyn7ve3a4gDpYLRBHBo7plL33gdbWbEEAm2GSSCUBrsQeMvBvwsupWlVdtolHJH8XixZNMEA==","Expiration":"2018-03-19T08:01:46Z"}}
*************** response log end *******************

[2018-03-19T15:03:22.466] [INFO] resLogger - 
*************** response log start **************
request method:GET
request originalUrl:/app/info
request client ip:::ffff:127.0.0.1
request query:{}
response time:2
response body:
{"code":0,"msg":"success","data":{"updateTime":"2018-03-10T13:35:58.138Z","createTime":"2018-03-10T13:35:58.138Z","_id":"5aa3df3e18d129fbeef90974","appId":"appXAKRb6caQka5JY2r","phone":123}}
*************** response log end *******************

[2018-03-19T15:03:22.469] [INFO] resLogger - 
*************** response log start **************
request method:GET
request originalUrl:/cms/getResInfo?id=QGk83ydhy4pJxSs3
request client ip:::ffff:127.0.0.1
request query:{"id":"QGk83ydhy4pJxSs3"}
response time:3
response body:
{"code":0,"msg":"success","data":{"createTime":"2018-03-19T03:33:12.833Z","_id":"5aaf2f78cd9ec53f6c65c988","appId":"appXAKRb6caQka5JY2r","type":3,"id":"QGk83ydhy4pJxSs3","name":"这是一条视频","intro":"这是视频简介","cover":"http://jserk.oss-cn-shenzhen.aliyuncs.com/saas_pic/WechatIMG57.jpeg","textContent":"123","saleType":0,"audioSrc":"","videoSrc":"","price":0,"saleTime":"2018-03-19T03:32:45.000Z","__v":0}}
*************** response log end *******************

[2018-03-19T15:03:40.609] [INFO] resLogger - 
*************** response log start **************
request method:GET
request originalUrl:/app/info
request client ip:::ffff:127.0.0.1
request query:{}
response time:2
response body:
{"code":0,"msg":"success","data":{"updateTime":"2018-03-10T13:35:58.138Z","createTime":"2018-03-10T13:35:58.138Z","_id":"5aa3df3e18d129fbeef90974","appId":"appXAKRb6caQka5JY2r","phone":123}}
*************** response log end *******************

[2018-03-19T15:03:40.611] [INFO] resLogger - 
*************** response log start **************
request method:GET
request originalUrl:/cms/getResInfo?id=QGk83ydhy4pJxSs3
request client ip:::ffff:127.0.0.1
request query:{"id":"QGk83ydhy4pJxSs3"}
response time:3
response body:
{"code":0,"msg":"success","data":{"createTime":"2018-03-19T03:33:12.833Z","_id":"5aaf2f78cd9ec53f6c65c988","appId":"appXAKRb6caQka5JY2r","type":3,"id":"QGk83ydhy4pJxSs3","name":"这是一条视频","intro":"这是视频简介","cover":"http://jserk.oss-cn-shenzhen.aliyuncs.com/saas_pic/WechatIMG57.jpeg","textContent":"123","saleType":0,"audioSrc":"","videoSrc":"","price":0,"saleTime":"2018-03-19T03:32:45.000Z","__v":0}}
*************** response log end *******************

[2018-03-19T15:03:47.788] [INFO] resLogger - 
*************** response log start **************
request method:GET
request originalUrl:/sts
request client ip:::ffff:127.0.0.1
request query:{}
response time:322
response body:
{"code":0,"msg":"success","data":{"AccessKeyId":"STS.Jnm9ZewXVe1MiwUwdQrsh47Aj","AccessKeySecret":"EtNXEhdQkMNnjhcC6qTHniSZaEY7zznS8JvyxmufZjzY","SecurityToken":"CAIS5wF1q6Ft5B2yfSjIq63YcuDRmod30vOma1Hkk2QEfvxE2/LqiDz2IH1FfXdpB+8WsPszm2xX5/kdlqp6U4cdz/UI7wA0vPpt6gqET9frma7ctM4p6vCMHWyUFGSIvqv7aPn4S9XwY+qkb0u++AZ43br9c0fJPTXnS+rr76RqddMKRAK1QCNbDdNNXGtYpdQdKGHaOITGUHeooBKJXRYy4Fci1Tklsf7mnJPD0HeE0g2mkN1yjp/qP52pY/NrOJpCSNqv1IR0DPGcgXcOskYVpPkp0PMYpmaY4cvwAUJc+RaW+FZfGjjI/WQagAE/RAlub2hqoppB9wSwbojlyKi5I0+VGG+f5YGSnNhn3ceph99AWUarOLhuXP0J0jDn1ImBy1wQVCW5QqmzSPTNTQqYHxsWESHtctQWkhNK3FCyZA6OcCvJvaK0VioqQ3i5YyUJ3Yfg4r+/5QaIcyIr9QaN292oZxfZeni1aremHw==","Expiration":"2018-03-19T08:03:47Z"}}
*************** response log end *******************

[2018-03-19T15:06:27.465] [INFO] resLogger - 
*************** response log start **************
request method:GET
request originalUrl:/app/info
request client ip:::ffff:127.0.0.1
request query:{}
response time:2
response body:
{"code":0,"msg":"success","data":{"updateTime":"2018-03-10T13:35:58.138Z","createTime":"2018-03-10T13:35:58.138Z","_id":"5aa3df3e18d129fbeef90974","appId":"appXAKRb6caQka5JY2r","phone":123}}
*************** response log end *******************

[2018-03-19T15:06:27.483] [INFO] resLogger - 
*************** response log start **************
request method:GET
request originalUrl:/cms/getResInfo?id=QGk83ydhy4pJxSs3
request client ip:::ffff:127.0.0.1
request query:{"id":"QGk83ydhy4pJxSs3"}
response time:2
response body:
{"code":0,"msg":"success","data":{"createTime":"2018-03-19T03:33:12.833Z","_id":"5aaf2f78cd9ec53f6c65c988","appId":"appXAKRb6caQka5JY2r","type":3,"id":"QGk83ydhy4pJxSs3","name":"这是一条视频","intro":"这是视频简介","cover":"http://jserk.oss-cn-shenzhen.aliyuncs.com/saas_pic/WechatIMG57.jpeg","textContent":"123","saleType":0,"audioSrc":"","videoSrc":"","price":0,"saleTime":"2018-03-19T03:32:45.000Z","__v":0}}
*************** response log end *******************

[2018-03-19T15:06:46.760] [INFO] resLogger - 
*************** response log start **************
request method:GET
request originalUrl:/app/info
request client ip:::ffff:127.0.0.1
request query:{}
response time:2
response body:
{"code":0,"msg":"success","data":{"updateTime":"2018-03-10T13:35:58.138Z","createTime":"2018-03-10T13:35:58.138Z","_id":"5aa3df3e18d129fbeef90974","appId":"appXAKRb6caQka5JY2r","phone":123}}
*************** response log end *******************

[2018-03-19T15:06:46.776] [INFO] resLogger - 
*************** response log start **************
request method:GET
request originalUrl:/cms/getResInfo?id=QGk83ydhy4pJxSs3
request client ip:::ffff:127.0.0.1
request query:{"id":"QGk83ydhy4pJxSs3"}
response time:2
response body:
{"code":0,"msg":"success","data":{"createTime":"2018-03-19T03:33:12.833Z","_id":"5aaf2f78cd9ec53f6c65c988","appId":"appXAKRb6caQka5JY2r","type":3,"id":"QGk83ydhy4pJxSs3","name":"这是一条视频","intro":"这是视频简介","cover":"http://jserk.oss-cn-shenzhen.aliyuncs.com/saas_pic/WechatIMG57.jpeg","textContent":"123","saleType":0,"audioSrc":"","videoSrc":"","price":0,"saleTime":"2018-03-19T03:32:45.000Z","__v":0}}
*************** response log end *******************

[2018-03-19T15:06:51.746] [INFO] resLogger - 
*************** response log start **************
request method:GET
request originalUrl:/sts
request client ip:::ffff:127.0.0.1
request query:{}
response time:375
response body:
{"code":0,"msg":"success","data":{"AccessKeyId":"STS.C9aSSUU4Fuxwdd1bcpftwo65y","AccessKeySecret":"HD6qdFBQtA1FgTrVT34CCS4YxLiVBEjaKuBxxa3Hv3q2","SecurityToken":"CAIS5wF1q6Ft5B2yfSjIovrUGOnhuOtnwrqcZkKAhmMlavtbgPOemzz2IH1FfXdpB+8WsPszm2xX5/kdlqp6U4cdw8oD7wA0vPpt6gqET9frma7ctM4p6vCMHWyUFGSIvqv7aPn4S9XwY+qkb0u++AZ43br9c0fJPTXnS+rr76RqddMKRAK1QCNbDdNNXGtYpdQdKGHaOITGUHeooBKJXRYy4Fci1Tklsf7mnJPD0HeE0g2mkN1yjp/qP52pY/NrOJpCSNqv1IR0DPGcgXcOskYVpPkp0PMYpmaY4cvwAUJc+RaW+FZfGjjI/WQagAGI3Wu/olh216dLXju8zL9eB4jjI+d0Wy0JbeewfnCsf6Wl1975WYhEMX58xPFl4wSSRaYmylzhr7Hhg4P0aLxCrs1gtGreTZzz0X32HQoroF/9WoSTqNm/cRLcHV9jiTbZpG8qQl2Ewi29Zhcf+i50cYGrGUcKdZMmuBRfU58p0g==","Expiration":"2018-03-19T08:06:51Z"}}
*************** response log end *******************

[2018-03-19T15:07:58.768] [INFO] resLogger - 
*************** response log start **************
request method:GET
request originalUrl:/app/info
request client ip:::ffff:127.0.0.1
request query:{}
response time:2
response body:
{"code":0,"msg":"success","data":{"updateTime":"2018-03-10T13:35:58.138Z","createTime":"2018-03-10T13:35:58.138Z","_id":"5aa3df3e18d129fbeef90974","appId":"appXAKRb6caQka5JY2r","phone":123}}
*************** response log end *******************

[2018-03-19T15:07:58.810] [INFO] resLogger - 
*************** response log start **************
request method:GET
request originalUrl:/cms/getResInfo?id=QGk83ydhy4pJxSs3
request client ip:::ffff:127.0.0.1
request query:{"id":"QGk83ydhy4pJxSs3"}
response time:2
response body:
{"code":0,"msg":"success","data":{"createTime":"2018-03-19T03:33:12.833Z","_id":"5aaf2f78cd9ec53f6c65c988","appId":"appXAKRb6caQka5JY2r","type":3,"id":"QGk83ydhy4pJxSs3","name":"这是一条视频","intro":"这是视频简介","cover":"http://jserk.oss-cn-shenzhen.aliyuncs.com/saas_pic/WechatIMG57.jpeg","textContent":"123","saleType":0,"audioSrc":"","videoSrc":"","price":0,"saleTime":"2018-03-19T03:32:45.000Z","__v":0}}
*************** response log end *******************

[2018-03-19T15:08:16.194] [INFO] resLogger - 
*************** response log start **************
request method:GET
request originalUrl:/app/info
request client ip:::ffff:127.0.0.1
request query:{}
response time:2
response body:
{"code":0,"msg":"success","data":{"updateTime":"2018-03-10T13:35:58.138Z","createTime":"2018-03-10T13:35:58.138Z","_id":"5aa3df3e18d129fbeef90974","appId":"appXAKRb6caQka5JY2r","phone":123}}
*************** response log end *******************

[2018-03-19T15:08:16.204] [INFO] resLogger - 
*************** response log start **************
request method:GET
request originalUrl:/cms/getResInfo?id=QGk83ydhy4pJxSs3
request client ip:::ffff:127.0.0.1
request query:{"id":"QGk83ydhy4pJxSs3"}
response time:2
response body:
{"code":0,"msg":"success","data":{"createTime":"2018-03-19T03:33:12.833Z","_id":"5aaf2f78cd9ec53f6c65c988","appId":"appXAKRb6caQka5JY2r","type":3,"id":"QGk83ydhy4pJxSs3","name":"这是一条视频","intro":"这是视频简介","cover":"http://jserk.oss-cn-shenzhen.aliyuncs.com/saas_pic/WechatIMG57.jpeg","textContent":"123","saleType":0,"audioSrc":"","videoSrc":"","price":0,"saleTime":"2018-03-19T03:32:45.000Z","__v":0}}
*************** response log end *******************

[2018-03-19T15:08:38.337] [INFO] resLogger - 
*************** response log start **************
request method:GET
request originalUrl:/sts
request client ip:::ffff:127.0.0.1
request query:{}
response time:335
response body:
{"code":0,"msg":"success","data":{"AccessKeyId":"STS.K81EwaXcdYfmRPHnBSc5atbiK","AccessKeySecret":"Hqe3c4ZY3uRJ4VzTEap5PwbDxNNtpBErK8wZzZfUpSGC","SecurityToken":"CAIS5wF1q6Ft5B2yfSjIqvuEDs3VtbxF7qSGUHb5ikIGb7pNm6fCqTz2IH1FfXdpB+8WsPszm2xX5/kdlqp6U4cd+osa7wA0vPpt6gqET9frma7ctM4p6vCMHWyUFGSIvqv7aPn4S9XwY+qkb0u++AZ43br9c0fJPTXnS+rr76RqddMKRAK1QCNbDdNNXGtYpdQdKGHaOITGUHeooBKJXRYy4Fci1Tklsf7mnJPD0HeE0g2mkN1yjp/qP52pY/NrOJpCSNqv1IR0DPGcgXcOskYVpPkp0PMYpmaY4cvwAUJc+RaW+FZfGjjI/WQagAEV3op0biNSVHsuqN4KIDl5FZL5iXw9JG/0aslqXrY5mI7V78JdwrjzWJuelFvthB4y/hqSmj+K7x76pUjjIu1S4oVnuiIHg1dmP0bKkBi2pnuom/kX1X7RyJfYONsjewXt/fP4v7ZBqL89dr50P9P+1jFpJUhsUceM8fvft8CuyQ==","Expiration":"2018-03-19T08:08:38Z"}}
*************** response log end *******************

[2018-03-19T15:11:16.766] [INFO] resLogger - 
*************** response log start **************
request method:GET
request originalUrl:/app/info
request client ip:::ffff:127.0.0.1
request query:{}
response time:2
response body:
{"code":0,"msg":"success","data":{"updateTime":"2018-03-10T13:35:58.138Z","createTime":"2018-03-10T13:35:58.138Z","_id":"5aa3df3e18d129fbeef90974","appId":"appXAKRb6caQka5JY2r","phone":123}}
*************** response log end *******************

[2018-03-19T15:11:16.772] [INFO] resLogger - 
*************** response log start **************
request method:GET
request originalUrl:/cms/getResInfo?id=QGk83ydhy4pJxSs3
request client ip:::ffff:127.0.0.1
request query:{"id":"QGk83ydhy4pJxSs3"}
response time:2
response body:
{"code":0,"msg":"success","data":{"createTime":"2018-03-19T03:33:12.833Z","_id":"5aaf2f78cd9ec53f6c65c988","appId":"appXAKRb6caQka5JY2r","type":3,"id":"QGk83ydhy4pJxSs3","name":"这是一条视频","intro":"这是视频简介","cover":"http://jserk.oss-cn-shenzhen.aliyuncs.com/saas_pic/WechatIMG57.jpeg","textContent":"123","saleType":0,"audioSrc":"","videoSrc":"","price":0,"saleTime":"2018-03-19T03:32:45.000Z","__v":0}}
*************** response log end *******************

[2018-03-19T15:11:30.144] [INFO] resLogger - 
*************** response log start **************
request method:GET
request originalUrl:/sts
request client ip:::ffff:127.0.0.1
request query:{}
response time:332
response body:
{"code":0,"msg":"success","data":{"AccessKeyId":"STS.HLfZpUx9po2GgZQMJaGfzaw8N","AccessKeySecret":"EvwtYFWDqdfUa91WSoZRL7wx6GnWtrUPT2kx5tWJC7Sn","SecurityToken":"CAIS5wF1q6Ft5B2yfSjIqY/TEcrhleZR2PCsZXzgqUo0S+lWjrKTrDz2IH1FfXdpB+8WsPszm2xX5/kdlqp6U4cdyMls7wA0vPpt6gqET9frma7ctM4p6vCMHWyUFGSIvqv7aPn4S9XwY+qkb0u++AZ43br9c0fJPTXnS+rr76RqddMKRAK1QCNbDdNNXGtYpdQdKGHaOITGUHeooBKJXRYy4Fci1Tklsf7mnJPD0HeE0g2mkN1yjp/qP52pY/NrOJpCSNqv1IR0DPGcgXcOskYVpPkp0PMYpmaY4cvwAUJc+RaW+FZfGjjI/WQagAEoK3czwb1icmex+iMnPctjfmVpa4s64QKAXAVTouxPICmcG1E7XOXqOCH/oqzekqRJ0NNLQV0jMCOnV+GKxLpQjOBB0BJ6z7gxYpxeP4khV2joBPBkN5p6Glsia71Ud6NcP/dz1hnZFnuzvUg9rlJsfaBAam5K/9y/6Gx0s2WHrg==","Expiration":"2018-03-19T08:11:29Z"}}
*************** response log end *******************

[2018-03-19T15:11:59.568] [INFO] resLogger - 
*************** response log start **************
request method:POST
request originalUrl:/cms/createRes
request client ip:::ffff:127.0.0.1
request body
{"type":3,"id":"QGk83ydhy4pJxSs3","name":"这是一条视频","intro":"这是视频简介","cover":"http://jserk.oss-cn-shenzhen.aliyuncs.com/saas_pic/WechatIMG57.jpeg","textContent":"123","saleType":0,"audioSrc":"","videoSrc":"http://jserk.oss-cn-shenzhen.aliyuncs.com/saas_video/bannerVideo.mp4","price":0,"saleTime":"2018-03-19T03:32:45","createTime":"2018-03-19T03:33:12.833Z","_id":"5aaf2f78cd9ec53f6c65c988","appId":"appXAKRb6caQka5JY2r","__v":0}
response time:22
response body:
{"code":0,"msg":"success","data":{"createTime":"2018-03-19T03:33:12.833Z","_id":"5aaf2f78cd9ec53f6c65c988","appId":"appXAKRb6caQka5JY2r","type":3,"id":"QGk83ydhy4pJxSs3","name":"这是一条视频","intro":"这是视频简介","cover":"http://jserk.oss-cn-shenzhen.aliyuncs.com/saas_pic/WechatIMG57.jpeg","textContent":"123","saleType":0,"audioSrc":"","videoSrc":"","price":0,"saleTime":"2018-03-19T03:32:45.000Z","__v":0}}
*************** response log end *******************

[2018-03-19T15:11:59.834] [INFO] resLogger - 
*************** response log start **************
request method:GET
request originalUrl:/cms/getResList?type=3
request client ip:::ffff:127.0.0.1
request query:{"type":"3"}
response time:4
response body:
{"code":0,"msg":"success","data":[{"createTime":"2018-03-19T03:33:12.833Z","_id":"5aaf2f78cd9ec53f6c65c988","appId":"appXAKRb6caQka5JY2r","type":3,"id":"QGk83ydhy4pJxSs3","name":"这是一条视频","intro":"这是视频简介","cover":"http://jserk.oss-cn-shenzhen.aliyuncs.com/saas_pic/WechatIMG57.jpeg","textContent":"123","saleType":0,"audioSrc":"","videoSrc":"http://jserk.oss-cn-shenzhen.aliyuncs.com/saas_video/bannerVideo.mp4","price":0,"saleTime":"2018-03-18T19:32:45.000Z","__v":0}]}
*************** response log end *******************

[2018-03-19T15:12:58.289] [INFO] resLogger - 
*************** response log start **************
request method:GET
request originalUrl:/app/info
request client ip:::ffff:127.0.0.1
request query:{}
response time:2
response body:
{"code":0,"msg":"success","data":{"updateTime":"2018-03-10T13:35:58.138Z","createTime":"2018-03-10T13:35:58.138Z","_id":"5aa3df3e18d129fbeef90974","appId":"appXAKRb6caQka5JY2r","phone":123}}
*************** response log end *******************

[2018-03-19T15:12:58.306] [INFO] resLogger - 
*************** response log start **************
request method:GET
request originalUrl:/cms/getResList?type=3
request client ip:::ffff:127.0.0.1
request query:{"type":"3"}
response time:2
response body:
{"code":0,"msg":"success","data":[{"createTime":"2018-03-19T03:33:12.833Z","_id":"5aaf2f78cd9ec53f6c65c988","appId":"appXAKRb6caQka5JY2r","type":3,"id":"QGk83ydhy4pJxSs3","name":"这是一条视频","intro":"这是视频简介","cover":"http://jserk.oss-cn-shenzhen.aliyuncs.com/saas_pic/WechatIMG57.jpeg","textContent":"123","saleType":0,"audioSrc":"","videoSrc":"http://jserk.oss-cn-shenzhen.aliyuncs.com/saas_video/bannerVideo.mp4","price":0,"saleTime":"2018-03-18T19:32:45.000Z","__v":0}]}
*************** response log end *******************

[2018-03-19T15:13:18.092] [INFO] resLogger - 
*************** response log start **************
request method:GET
request originalUrl:/app/info
request client ip:::ffff:127.0.0.1
request query:{}
response time:3
response body:
{"code":0,"msg":"success","data":{"updateTime":"2018-03-10T13:35:58.138Z","createTime":"2018-03-10T13:35:58.138Z","_id":"5aa3df3e18d129fbeef90974","appId":"appXAKRb6caQka5JY2r","phone":123}}
*************** response log end *******************

[2018-03-19T15:13:18.096] [INFO] resLogger - 
*************** response log start **************
request method:GET
request originalUrl:/cms/getResList?type=3
request client ip:::ffff:127.0.0.1
request query:{"type":"3"}
response time:3
response body:
{"code":0,"msg":"success","data":[{"createTime":"2018-03-19T03:33:12.833Z","_id":"5aaf2f78cd9ec53f6c65c988","appId":"appXAKRb6caQka5JY2r","type":3,"id":"QGk83ydhy4pJxSs3","name":"这是一条视频","intro":"这是视频简介","cover":"http://jserk.oss-cn-shenzhen.aliyuncs.com/saas_pic/WechatIMG57.jpeg","textContent":"123","saleType":0,"audioSrc":"","videoSrc":"http://jserk.oss-cn-shenzhen.aliyuncs.com/saas_video/bannerVideo.mp4","price":0,"saleTime":"2018-03-18T19:32:45.000Z","__v":0}]}
*************** response log end *******************

[2018-03-19T15:18:17.392] [INFO] resLogger - 
*************** response log start **************
request method:GET
request originalUrl:/app/info
request client ip:::ffff:127.0.0.1
request query:{}
response time:2
response body:
{"code":0,"msg":"success","data":{"updateTime":"2018-03-10T13:35:58.138Z","createTime":"2018-03-10T13:35:58.138Z","_id":"5aa3df3e18d129fbeef90974","appId":"appXAKRb6caQka5JY2r","phone":123}}
*************** response log end *******************

[2018-03-19T15:18:17.394] [INFO] resLogger - 
*************** response log start **************
request method:GET
request originalUrl:/cms/getResList?type=3
request client ip:::ffff:127.0.0.1
request query:{"type":"3"}
response time:3
response body:
{"code":0,"msg":"success","data":[{"createTime":"2018-03-19T03:33:12.833Z","_id":"5aaf2f78cd9ec53f6c65c988","appId":"appXAKRb6caQka5JY2r","type":3,"id":"QGk83ydhy4pJxSs3","name":"这是一条视频","intro":"这是视频简介","cover":"http://jserk.oss-cn-shenzhen.aliyuncs.com/saas_pic/WechatIMG57.jpeg","textContent":"123","saleType":0,"audioSrc":"","videoSrc":"http://jserk.oss-cn-shenzhen.aliyuncs.com/saas_video/bannerVideo.mp4","price":0,"saleTime":"2018-03-18T19:32:45.000Z","__v":0}]}
*************** response log end *******************

[2018-03-19T15:26:43.653] [INFO] resLogger - 
*************** response log start **************
request method:GET
request originalUrl:/app/info
request client ip:::ffff:127.0.0.1
request query:{}
response time:2
response body:
{"code":0,"msg":"success","data":{"updateTime":"2018-03-10T13:35:58.138Z","createTime":"2018-03-10T13:35:58.138Z","_id":"5aa3df3e18d129fbeef90974","appId":"appXAKRb6caQka5JY2r","phone":123}}
*************** response log end *******************

[2018-03-19T15:26:43.667] [INFO] resLogger - 
*************** response log start **************
request method:GET
request originalUrl:/cms/getResList?type=3
request client ip:::ffff:127.0.0.1
request query:{"type":"3"}
response time:2
response body:
{"code":0,"msg":"success","data":[{"createTime":"2018-03-19T03:33:12.833Z","_id":"5aaf2f78cd9ec53f6c65c988","appId":"appXAKRb6caQka5JY2r","type":3,"id":"QGk83ydhy4pJxSs3","name":"这是一条视频","intro":"这是视频简介","cover":"http://jserk.oss-cn-shenzhen.aliyuncs.com/saas_pic/WechatIMG57.jpeg","textContent":"123","saleType":0,"audioSrc":"","videoSrc":"http://jserk.oss-cn-shenzhen.aliyuncs.com/saas_video/bannerVideo.mp4","price":0,"saleTime":"2018-03-18T19:32:45.000Z","__v":0}]}
*************** response log end *******************

[2018-03-19T15:33:06.688] [INFO] resLogger - 
*************** response log start **************
request method:GET
request originalUrl:/app/info
request client ip:::ffff:127.0.0.1
request query:{}
response time:3
response body:
{"code":0,"msg":"success","data":{"updateTime":"2018-03-10T13:35:58.138Z","createTime":"2018-03-10T13:35:58.138Z","_id":"5aa3df3e18d129fbeef90974","appId":"appXAKRb6caQka5JY2r","phone":123}}
*************** response log end *******************

[2018-03-19T15:33:06.738] [INFO] resLogger - 
*************** response log start **************
request method:GET
request originalUrl:/cms/getResList?type=3
request client ip:::ffff:127.0.0.1
request query:{"type":"3"}
response time:2
response body:
{"code":0,"msg":"success","data":[{"createTime":"2018-03-19T03:33:12.833Z","_id":"5aaf2f78cd9ec53f6c65c988","appId":"appXAKRb6caQka5JY2r","type":3,"id":"QGk83ydhy4pJxSs3","name":"这是一条视频","intro":"这是视频简介","cover":"http://jserk.oss-cn-shenzhen.aliyuncs.com/saas_pic/WechatIMG57.jpeg","textContent":"123","saleType":0,"audioSrc":"","videoSrc":"http://jserk.oss-cn-shenzhen.aliyuncs.com/saas_video/bannerVideo.mp4","price":0,"saleTime":"2018-03-18T19:32:45.000Z","__v":0}]}
*************** response log end *******************

[2018-03-19T15:33:11.247] [INFO] resLogger - 
*************** response log start **************
request method:GET
request originalUrl:/app/info
request client ip:::ffff:127.0.0.1
request query:{}
response time:2
response body:
{"code":0,"msg":"success","data":{"updateTime":"2018-03-10T13:35:58.138Z","createTime":"2018-03-10T13:35:58.138Z","_id":"5aa3df3e18d129fbeef90974","appId":"appXAKRb6caQka5JY2r","phone":123}}
*************** response log end *******************

[2018-03-19T15:33:11.248] [INFO] resLogger - 
*************** response log start **************
request method:GET
request originalUrl:/cms/getResList?type=3
request client ip:::ffff:127.0.0.1
request query:{"type":"3"}
response time:2
response body:
{"code":0,"msg":"success","data":[{"createTime":"2018-03-19T03:33:12.833Z","_id":"5aaf2f78cd9ec53f6c65c988","appId":"appXAKRb6caQka5JY2r","type":3,"id":"QGk83ydhy4pJxSs3","name":"这是一条视频","intro":"这是视频简介","cover":"http://jserk.oss-cn-shenzhen.aliyuncs.com/saas_pic/WechatIMG57.jpeg","textContent":"123","saleType":0,"audioSrc":"","videoSrc":"http://jserk.oss-cn-shenzhen.aliyuncs.com/saas_video/bannerVideo.mp4","price":0,"saleTime":"2018-03-18T19:32:45.000Z","__v":0}]}
*************** response log end *******************

[2018-03-19T15:34:48.506] [INFO] resLogger - 
*************** response log start **************
request method:GET
request originalUrl:/app/info
request client ip:::ffff:127.0.0.1
request query:{}
response time:2
response body:
{"code":0,"msg":"success","data":{"updateTime":"2018-03-10T13:35:58.138Z","createTime":"2018-03-10T13:35:58.138Z","_id":"5aa3df3e18d129fbeef90974","appId":"appXAKRb6caQka5JY2r","phone":123}}
*************** response log end *******************

[2018-03-19T15:34:48.509] [INFO] resLogger - 
*************** response log start **************
request method:GET
request originalUrl:/cms/getResList?type=3
request client ip:::ffff:127.0.0.1
request query:{"type":"3"}
response time:1
response body:
{"code":0,"msg":"success","data":[{"createTime":"2018-03-19T03:33:12.833Z","_id":"5aaf2f78cd9ec53f6c65c988","appId":"appXAKRb6caQka5JY2r","type":3,"id":"QGk83ydhy4pJxSs3","name":"这是一条视频","intro":"这是视频简介","cover":"http://jserk.oss-cn-shenzhen.aliyuncs.com/saas_pic/WechatIMG57.jpeg","textContent":"123","saleType":0,"audioSrc":"","videoSrc":"http://jserk.oss-cn-shenzhen.aliyuncs.com/saas_video/bannerVideo.mp4","price":0,"saleTime":"2018-03-18T19:32:45.000Z","__v":0}]}
*************** response log end *******************

[2018-03-19T15:35:18.986] [INFO] resLogger - 
*************** response log start **************
request method:GET
request originalUrl:/app/info
request client ip:::ffff:127.0.0.1
request query:{}
response time:2
response body:
{"code":0,"msg":"success","data":{"updateTime":"2018-03-10T13:35:58.138Z","createTime":"2018-03-10T13:35:58.138Z","_id":"5aa3df3e18d129fbeef90974","appId":"appXAKRb6caQka5JY2r","phone":123}}
*************** response log end *******************

[2018-03-19T15:35:18.994] [INFO] resLogger - 
*************** response log start **************
request method:GET
request originalUrl:/cms/getResList?type=3
request client ip:::ffff:127.0.0.1
request query:{"type":"3"}
response time:1
response body:
{"code":0,"msg":"success","data":[{"createTime":"2018-03-19T03:33:12.833Z","_id":"5aaf2f78cd9ec53f6c65c988","appId":"appXAKRb6caQka5JY2r","type":3,"id":"QGk83ydhy4pJxSs3","name":"这是一条视频","intro":"这是视频简介","cover":"http://jserk.oss-cn-shenzhen.aliyuncs.com/saas_pic/WechatIMG57.jpeg","textContent":"123","saleType":0,"audioSrc":"","videoSrc":"http://jserk.oss-cn-shenzhen.aliyuncs.com/saas_video/bannerVideo.mp4","price":0,"saleTime":"2018-03-18T19:32:45.000Z","__v":0}]}
*************** response log end *******************

[2018-03-19T15:35:47.344] [INFO] resLogger - 
*************** response log start **************
request method:GET
request originalUrl:/app/info
request client ip:::ffff:127.0.0.1
request query:{}
response time:2
response body:
{"code":0,"msg":"success","data":{"updateTime":"2018-03-10T13:35:58.138Z","createTime":"2018-03-10T13:35:58.138Z","_id":"5aa3df3e18d129fbeef90974","appId":"appXAKRb6caQka5JY2r","phone":123}}
*************** response log end *******************

[2018-03-19T15:35:47.350] [INFO] resLogger - 
*************** response log start **************
request method:GET
request originalUrl:/cms/getResList?type=3
request client ip:::ffff:127.0.0.1
request query:{"type":"3"}
response time:2
response body:
{"code":0,"msg":"success","data":[{"createTime":"2018-03-19T03:33:12.833Z","_id":"5aaf2f78cd9ec53f6c65c988","appId":"appXAKRb6caQka5JY2r","type":3,"id":"QGk83ydhy4pJxSs3","name":"这是一条视频","intro":"这是视频简介","cover":"http://jserk.oss-cn-shenzhen.aliyuncs.com/saas_pic/WechatIMG57.jpeg","textContent":"123","saleType":0,"audioSrc":"","videoSrc":"http://jserk.oss-cn-shenzhen.aliyuncs.com/saas_video/bannerVideo.mp4","price":0,"saleTime":"2018-03-18T19:32:45.000Z","__v":0}]}
*************** response log end *******************

[2018-03-19T15:39:55.992] [INFO] resLogger - 
*************** response log start **************
request method:GET
request originalUrl:/app/info
request client ip:::ffff:127.0.0.1
request query:{}
response time:2
response body:
{"code":0,"msg":"success","data":{"updateTime":"2018-03-10T13:35:58.138Z","createTime":"2018-03-10T13:35:58.138Z","_id":"5aa3df3e18d129fbeef90974","appId":"appXAKRb6caQka5JY2r","phone":123}}
*************** response log end *******************

[2018-03-19T15:40:07.763] [INFO] resLogger - 
*************** response log start **************
request method:GET
request originalUrl:/app/info
request client ip:::ffff:127.0.0.1
request query:{}
response time:2
response body:
{"code":0,"msg":"success","data":{"updateTime":"2018-03-10T13:35:58.138Z","createTime":"2018-03-10T13:35:58.138Z","_id":"5aa3df3e18d129fbeef90974","appId":"appXAKRb6caQka5JY2r","phone":123}}
*************** response log end *******************

[2018-03-19T15:44:49.126] [INFO] resLogger - 
*************** response log start **************
request method:GET
request originalUrl:/app/info
request client ip:::ffff:127.0.0.1
request query:{}
response time:1
response body:
{"code":0,"msg":"success","data":{"updateTime":"2018-03-10T13:35:58.138Z","createTime":"2018-03-10T13:35:58.138Z","_id":"5aa3df3e18d129fbeef90974","appId":"appXAKRb6caQka5JY2r","phone":123}}
*************** response log end *******************

[2018-03-19T15:46:41.443] [INFO] resLogger - 
*************** response log start **************
request method:GET
request originalUrl:/app/info
request client ip:::ffff:127.0.0.1
request query:{}
response time:3
response body:
{"code":0,"msg":"success","data":{"updateTime":"2018-03-10T13:35:58.138Z","createTime":"2018-03-10T13:35:58.138Z","_id":"5aa3df3e18d129fbeef90974","appId":"appXAKRb6caQka5JY2r","phone":123}}
*************** response log end *******************

[2018-03-19T15:47:10.987] [INFO] resLogger - 
*************** response log start **************
request method:GET
request originalUrl:/app/info
request client ip:::ffff:127.0.0.1
request query:{}
response time:1
response body:
{"code":0,"msg":"success","data":{"updateTime":"2018-03-10T13:35:58.138Z","createTime":"2018-03-10T13:35:58.138Z","_id":"5aa3df3e18d129fbeef90974","appId":"appXAKRb6caQka5JY2r","phone":123}}
*************** response log end *******************

[2018-03-19T15:48:35.819] [INFO] resLogger - 
*************** response log start **************
request method:GET
request originalUrl:/app/info
request client ip:::ffff:127.0.0.1
request query:{}
response time:2
response body:
{"code":0,"msg":"success","data":{"updateTime":"2018-03-10T13:35:58.138Z","createTime":"2018-03-10T13:35:58.138Z","_id":"5aa3df3e18d129fbeef90974","appId":"appXAKRb6caQka5JY2r","phone":123}}
*************** response log end *******************

[2018-03-19T15:50:34.003] [INFO] resLogger - 
*************** response log start **************
request method:GET
request originalUrl:/app/info
request client ip:::ffff:127.0.0.1
request query:{}
response time:6
response body:
{"code":0,"msg":"success","data":{"updateTime":"2018-03-10T13:35:58.138Z","createTime":"2018-03-10T13:35:58.138Z","_id":"5aa3df3e18d129fbeef90974","appId":"appXAKRb6caQka5JY2r","phone":123}}
*************** response log end *******************

