[2018-03-17T21:16:44.036] [INFO] resLogger - 
*************** response log start **************
request method:POST
request originalUrl:/cms/createRes
request client ip:::ffff:127.0.0.1
request body
{"type":1,"name":"这是图文","intro":"这是简介","cover":"","textContent":"哈哈啊","saleType":0,"price":"1.1","saleTime":"2018-05-25T10:30"}
response time:21
response body:
{"code":1,"msg":"failed"}
*************** response log end *******************

[2018-03-17T21:18:05.264] [INFO] resLogger - 
*************** response log start **************
request method:POST
request originalUrl:/cms/createRes
request client ip:::ffff:127.0.0.1
request body
{"type":1,"name":"这是图文","intro":"这是简介","cover":"","textContent":"哈哈啊","saleType":0,"audioSrc":"","videoSrc":"","price":"1.1","saleTime":"2018-05-25T10:30"}
response time:32
response body:
{"code":0,"msg":"success","data":{"appId":"appXAKRb6caQka5JY2r","type":1,"name":"这是图文","intro":"这是简介","cover":"","textContent":"哈哈啊","saleType":false,"price":1.1,"saleTime":"2018-05-25T02:30:00.000Z","id":"t_zNd78pPxjs","createTime":"2018-03-17T13:18:05.239Z","_id":"5aad158db5ec4cc49cb4dc2f","__v":0}}
*************** response log end *******************

[2018-03-17T21:18:45.449] [INFO] resLogger - 
*************** response log start **************
request method:POST
request originalUrl:/cms/createRes
request client ip:::ffff:127.0.0.1
request body
{"type":1,"name":"这是图文12312","intro":"这是简介222","cover":"","textContent":"哈哈啊2123123123","saleType":0,"audioSrc":"","videoSrc":"","price":"1.12","saleTime":"2018-05-25T10:30"}
response time:12
response body:
{"code":0,"msg":"success","data":{"appId":"appXAKRb6caQka5JY2r","type":1,"name":"这是图文12312","intro":"这是简介222","cover":"","textContent":"哈哈啊2123123123","saleType":false,"price":1.12,"saleTime":"2018-05-25T02:30:00.000Z","id":"t_RiNZMXtNFr","createTime":"2018-03-17T13:18:45.438Z","_id":"5aad15b5b5ec4cc49cb4dc30","__v":0}}
*************** response log end *******************

[2018-03-17T21:18:56.904] [INFO] resLogger - 
*************** response log start **************
request method:POST
request originalUrl:/cms/createRes
request client ip:::ffff:127.0.0.1
request body
{"type":1,"name":"3123这321图文12312","intro":"这是简介222","cover":"","textContent":"哈哈啊21231oo23123","saleType":0,"audioSrc":"","videoSrc":"","price":"1.122","saleTime":"2018-05-25T10:30"}
response time:4
response body:
{"code":0,"msg":"success","data":{"appId":"appXAKRb6caQka5JY2r","type":1,"name":"3123这321图文12312","intro":"这是简介222","cover":"","textContent":"哈哈啊21231oo23123","saleType":false,"price":1.122,"saleTime":"2018-05-25T02:30:00.000Z","id":"t_3Nb5CtBEwX","createTime":"2018-03-17T13:18:56.901Z","_id":"5aad15c0b5ec4cc49cb4dc31","__v":0}}
*************** response log end *******************

[2018-03-17T21:21:26.781] [INFO] resLogger - 
*************** response log start **************
request method:GET
request originalUrl:/app/info
request client ip:::ffff:127.0.0.1
request query:{}
response time:49
response body:
{"code":0,"msg":"success","data":{"updateTime":"2018-03-10T13:35:58.138Z","createTime":"2018-03-10T13:35:58.138Z","_id":"5aa3df3e18d129fbeef90974","appId":"appXAKRb6caQka5JY2r","phone":123}}
*************** response log end *******************

[2018-03-17T21:22:49.290] [INFO] resLogger - 
*************** response log start **************
request method:GET
request originalUrl:/app/info
request client ip:::ffff:127.0.0.1
request query:{}
response time:5
response body:
{"code":0,"msg":"success","data":{"updateTime":"2018-03-10T13:35:58.138Z","createTime":"2018-03-10T13:35:58.138Z","_id":"5aa3df3e18d129fbeef90974","appId":"appXAKRb6caQka5JY2r","phone":123}}
*************** response log end *******************

[2018-03-17T21:23:08.439] [INFO] resLogger - 
*************** response log start **************
request method:GET
request originalUrl:/app/info
request client ip:::ffff:127.0.0.1
request query:{}
response time:2
response body:
{"code":0,"msg":"success","data":{"updateTime":"2018-03-10T13:35:58.138Z","createTime":"2018-03-10T13:35:58.138Z","_id":"5aa3df3e18d129fbeef90974","appId":"appXAKRb6caQka5JY2r","phone":123}}
*************** response log end *******************

[2018-03-17T21:24:25.518] [INFO] resLogger - 
*************** response log start **************
request method:GET
request originalUrl:/app/info
request client ip:::ffff:127.0.0.1
request query:{}
response time:34
response body:
{"code":0,"msg":"success","data":{"updateTime":"2018-03-10T13:35:58.138Z","createTime":"2018-03-10T13:35:58.138Z","_id":"5aa3df3e18d129fbeef90974","appId":"appXAKRb6caQka5JY2r","phone":123}}
*************** response log end *******************

[2018-03-17T21:24:25.536] [INFO] resLogger - 
*************** response log start **************
request method:GET
request originalUrl:/cms/getResList?type=1
request client ip:::ffff:127.0.0.1
request query:{"type":"1"}
response time:36
response body:
{"code":0,"msg":"success","data":[{"createTime":"2018-03-17T13:18:05.239Z","_id":"5aad158db5ec4cc49cb4dc2f","appId":"appXAKRb6caQka5JY2r","type":1,"name":"这是图文","intro":"这是简介","cover":"","textContent":"哈哈啊","saleType":false,"price":1.1,"saleTime":"2018-05-25T02:30:00.000Z","id":"t_zNd78pPxjs","__v":0},{"createTime":"2018-03-17T13:18:45.438Z","_id":"5aad15b5b5ec4cc49cb4dc30","appId":"appXAKRb6caQka5JY2r","type":1,"name":"这是图文12312","intro":"这是简介222","cover":"","textContent":"哈哈啊2123123123","saleType":false,"price":1.12,"saleTime":"2018-05-25T02:30:00.000Z","id":"t_RiNZMXtNFr","__v":0},{"createTime":"2018-03-17T13:18:56.901Z","_id":"5aad15c0b5ec4cc49cb4dc31","appId":"appXAKRb6caQka5JY2r","type":1,"name":"3123这321图文12312","intro":"这是简介222","cover":"","textContent":"哈哈啊21231oo23123","saleType":false,"price":1.122,"saleTime":"2018-05-25T02:30:00.000Z","id":"t_3Nb5CtBEwX","__v":0}]}
*************** response log end *******************

[2018-03-17T21:29:24.159] [INFO] resLogger - 
*************** response log start **************
request method:GET
request originalUrl:/app/info
request client ip:::ffff:127.0.0.1
request query:{}
response time:5
response body:
{"code":0,"msg":"success","data":{"updateTime":"2018-03-10T13:35:58.138Z","createTime":"2018-03-10T13:35:58.138Z","_id":"5aa3df3e18d129fbeef90974","appId":"appXAKRb6caQka5JY2r","phone":123}}
*************** response log end *******************

[2018-03-17T21:29:24.166] [INFO] resLogger - 
*************** response log start **************
request method:GET
request originalUrl:/cms/getResList?type=1
request client ip:::ffff:127.0.0.1
request query:{"type":"1"}
response time:10
response body:
{"code":0,"msg":"success","data":[{"createTime":"2018-03-17T13:18:05.239Z","_id":"5aad158db5ec4cc49cb4dc2f","appId":"appXAKRb6caQka5JY2r","type":1,"name":"这是图文","intro":"这是简介","cover":"","textContent":"哈哈啊","saleType":false,"price":1.1,"saleTime":"2018-05-25T02:30:00.000Z","id":"t_zNd78pPxjs","__v":0},{"createTime":"2018-03-17T13:18:45.438Z","_id":"5aad15b5b5ec4cc49cb4dc30","appId":"appXAKRb6caQka5JY2r","type":1,"name":"这是图文12312","intro":"这是简介222","cover":"","textContent":"哈哈啊2123123123","saleType":false,"price":1.12,"saleTime":"2018-05-25T02:30:00.000Z","id":"t_RiNZMXtNFr","__v":0},{"createTime":"2018-03-17T13:18:56.901Z","_id":"5aad15c0b5ec4cc49cb4dc31","appId":"appXAKRb6caQka5JY2r","type":1,"name":"3123这321图文12312","intro":"这是简介222","cover":"","textContent":"哈哈啊21231oo23123","saleType":false,"price":1.122,"saleTime":"2018-05-25T02:30:00.000Z","id":"t_3Nb5CtBEwX","__v":0}]}
*************** response log end *******************

[2018-03-17T21:31:05.654] [INFO] resLogger - 
*************** response log start **************
request method:GET
request originalUrl:/app/info
request client ip:::ffff:127.0.0.1
request query:{}
response time:18
response body:
{"code":0,"msg":"success","data":{"updateTime":"2018-03-10T13:35:58.138Z","createTime":"2018-03-10T13:35:58.138Z","_id":"5aa3df3e18d129fbeef90974","appId":"appXAKRb6caQka5JY2r","phone":123}}
*************** response log end *******************

[2018-03-17T21:32:03.509] [INFO] resLogger - 
*************** response log start **************
request method:GET
request originalUrl:/app/info
request client ip:::ffff:127.0.0.1
request query:{}
response time:3
response body:
{"code":0,"msg":"success","data":{"updateTime":"2018-03-10T13:35:58.138Z","createTime":"2018-03-10T13:35:58.138Z","_id":"5aa3df3e18d129fbeef90974","appId":"appXAKRb6caQka5JY2r","phone":123}}
*************** response log end *******************

[2018-03-17T21:32:06.583] [INFO] resLogger - 
*************** response log start **************
request method:GET
request originalUrl:/app/info
request client ip:::ffff:127.0.0.1
request query:{}
response time:2
response body:
{"code":0,"msg":"success","data":{"updateTime":"2018-03-10T13:35:58.138Z","createTime":"2018-03-10T13:35:58.138Z","_id":"5aa3df3e18d129fbeef90974","appId":"appXAKRb6caQka5JY2r","phone":123}}
*************** response log end *******************

[2018-03-17T21:32:14.560] [INFO] resLogger - 
*************** response log start **************
request method:GET
request originalUrl:/cms/getResList?type=1
request client ip:::ffff:127.0.0.1
request query:{"type":"1"}
response time:5
response body:
{"code":0,"msg":"success","data":[{"createTime":"2018-03-17T13:18:05.239Z","_id":"5aad158db5ec4cc49cb4dc2f","appId":"appXAKRb6caQka5JY2r","type":1,"name":"这是图文","intro":"这是简介","cover":"","textContent":"哈哈啊","saleType":false,"price":1.1,"saleTime":"2018-05-25T02:30:00.000Z","id":"t_zNd78pPxjs","__v":0},{"createTime":"2018-03-17T13:18:45.438Z","_id":"5aad15b5b5ec4cc49cb4dc30","appId":"appXAKRb6caQka5JY2r","type":1,"name":"这是图文12312","intro":"这是简介222","cover":"","textContent":"哈哈啊2123123123","saleType":false,"price":1.12,"saleTime":"2018-05-25T02:30:00.000Z","id":"t_RiNZMXtNFr","__v":0},{"createTime":"2018-03-17T13:18:56.901Z","_id":"5aad15c0b5ec4cc49cb4dc31","appId":"appXAKRb6caQka5JY2r","type":1,"name":"3123这321图文12312","intro":"这是简介222","cover":"","textContent":"哈哈啊21231oo23123","saleType":false,"price":1.122,"saleTime":"2018-05-25T02:30:00.000Z","id":"t_3Nb5CtBEwX","__v":0}]}
*************** response log end *******************

[2018-03-17T21:34:45.279] [INFO] resLogger - 
*************** response log start **************
request method:GET
request originalUrl:/app/info
request client ip:::ffff:127.0.0.1
request query:{}
response time:2
response body:
{"code":0,"msg":"success","data":{"updateTime":"2018-03-10T13:35:58.138Z","createTime":"2018-03-10T13:35:58.138Z","_id":"5aa3df3e18d129fbeef90974","appId":"appXAKRb6caQka5JY2r","phone":123}}
*************** response log end *******************

[2018-03-17T21:34:53.739] [INFO] resLogger - 
*************** response log start **************
request method:GET
request originalUrl:/cms/getResList?type=1
request client ip:::ffff:127.0.0.1
request query:{"type":"1"}
response time:2
response body:
{"code":0,"msg":"success","data":[{"createTime":"2018-03-17T13:18:05.239Z","_id":"5aad158db5ec4cc49cb4dc2f","appId":"appXAKRb6caQka5JY2r","type":1,"name":"这是图文","intro":"这是简介","cover":"","textContent":"哈哈啊","saleType":false,"price":1.1,"saleTime":"2018-05-25T02:30:00.000Z","id":"t_zNd78pPxjs","__v":0},{"createTime":"2018-03-17T13:18:45.438Z","_id":"5aad15b5b5ec4cc49cb4dc30","appId":"appXAKRb6caQka5JY2r","type":1,"name":"这是图文12312","intro":"这是简介222","cover":"","textContent":"哈哈啊2123123123","saleType":false,"price":1.12,"saleTime":"2018-05-25T02:30:00.000Z","id":"t_RiNZMXtNFr","__v":0},{"createTime":"2018-03-17T13:18:56.901Z","_id":"5aad15c0b5ec4cc49cb4dc31","appId":"appXAKRb6caQka5JY2r","type":1,"name":"3123这321图文12312","intro":"这是简介222","cover":"","textContent":"哈哈啊21231oo23123","saleType":false,"price":1.122,"saleTime":"2018-05-25T02:30:00.000Z","id":"t_3Nb5CtBEwX","__v":0}]}
*************** response log end *******************

[2018-03-17T21:35:52.259] [INFO] resLogger - 
*************** response log start **************
request method:GET
request originalUrl:/app/info
request client ip:::ffff:127.0.0.1
request query:{}
response time:3
response body:
{"code":0,"msg":"success","data":{"updateTime":"2018-03-10T13:35:58.138Z","createTime":"2018-03-10T13:35:58.138Z","_id":"5aa3df3e18d129fbeef90974","appId":"appXAKRb6caQka5JY2r","phone":123}}
*************** response log end *******************

[2018-03-17T21:35:55.202] [INFO] resLogger - 
*************** response log start **************
request method:GET
request originalUrl:/cms/getResList?type=1
request client ip:::ffff:127.0.0.1
request query:{"type":"1"}
response time:3
response body:
{"code":0,"msg":"success","data":[{"createTime":"2018-03-17T13:18:05.239Z","_id":"5aad158db5ec4cc49cb4dc2f","appId":"appXAKRb6caQka5JY2r","type":1,"name":"这是图文","intro":"这是简介","cover":"","textContent":"哈哈啊","saleType":false,"price":1.1,"saleTime":"2018-05-25T02:30:00.000Z","id":"t_zNd78pPxjs","__v":0},{"createTime":"2018-03-17T13:18:45.438Z","_id":"5aad15b5b5ec4cc49cb4dc30","appId":"appXAKRb6caQka5JY2r","type":1,"name":"这是图文12312","intro":"这是简介222","cover":"","textContent":"哈哈啊2123123123","saleType":false,"price":1.12,"saleTime":"2018-05-25T02:30:00.000Z","id":"t_RiNZMXtNFr","__v":0},{"createTime":"2018-03-17T13:18:56.901Z","_id":"5aad15c0b5ec4cc49cb4dc31","appId":"appXAKRb6caQka5JY2r","type":1,"name":"3123这321图文12312","intro":"这是简介222","cover":"","textContent":"哈哈啊21231oo23123","saleType":false,"price":1.122,"saleTime":"2018-05-25T02:30:00.000Z","id":"t_3Nb5CtBEwX","__v":0}]}
*************** response log end *******************

[2018-03-17T21:38:23.774] [INFO] resLogger - 
*************** response log start **************
request method:GET
request originalUrl:/app/info
request client ip:::ffff:127.0.0.1
request query:{}
response time:20
response body:
{"code":0,"msg":"success","data":{"updateTime":"2018-03-10T13:35:58.138Z","createTime":"2018-03-10T13:35:58.138Z","_id":"5aa3df3e18d129fbeef90974","appId":"appXAKRb6caQka5JY2r","phone":123}}
*************** response log end *******************

[2018-03-17T21:38:27.917] [INFO] resLogger - 
*************** response log start **************
request method:GET
request originalUrl:/cms/getResList?type=1
request client ip:::ffff:127.0.0.1
request query:{"type":"1"}
response time:2
response body:
{"code":0,"msg":"success","data":[{"createTime":"2018-03-17T13:18:05.239Z","_id":"5aad158db5ec4cc49cb4dc2f","appId":"appXAKRb6caQka5JY2r","type":1,"name":"这是图文","intro":"这是简介","cover":"","textContent":"哈哈啊","saleType":false,"price":1.1,"saleTime":"2018-05-25T02:30:00.000Z","id":"t_zNd78pPxjs","__v":0},{"createTime":"2018-03-17T13:18:45.438Z","_id":"5aad15b5b5ec4cc49cb4dc30","appId":"appXAKRb6caQka5JY2r","type":1,"name":"这是图文12312","intro":"这是简介222","cover":"","textContent":"哈哈啊2123123123","saleType":false,"price":1.12,"saleTime":"2018-05-25T02:30:00.000Z","id":"t_RiNZMXtNFr","__v":0},{"createTime":"2018-03-17T13:18:56.901Z","_id":"5aad15c0b5ec4cc49cb4dc31","appId":"appXAKRb6caQka5JY2r","type":1,"name":"3123这321图文12312","intro":"这是简介222","cover":"","textContent":"哈哈啊21231oo23123","saleType":false,"price":1.122,"saleTime":"2018-05-25T02:30:00.000Z","id":"t_3Nb5CtBEwX","__v":0}]}
*************** response log end *******************

