[2018-03-18T16:01:17.906] [INFO] resLogger - 
*************** response log start **************
request method:GET
request originalUrl:/app/info
request client ip:::ffff:127.0.0.1
request query:{}
response time:4
response body:
{"code":0,"msg":"success","data":{"updateTime":"2018-03-10T13:35:58.138Z","createTime":"2018-03-10T13:35:58.138Z","_id":"5aa3df3e18d129fbeef90974","appId":"appXAKRb6caQka5JY2r","phone":123}}
*************** response log end *******************

[2018-03-18T16:01:54.827] [INFO] resLogger - 
*************** response log start **************
request method:GET
request originalUrl:/app/info
request client ip:::ffff:127.0.0.1
request query:{}
response time:1
response body:
{"code":0,"msg":"success","data":{"updateTime":"2018-03-10T13:35:58.138Z","createTime":"2018-03-10T13:35:58.138Z","_id":"5aa3df3e18d129fbeef90974","appId":"appXAKRb6caQka5JY2r","phone":123}}
*************** response log end *******************

[2018-03-18T16:01:58.432] [INFO] resLogger - 
*************** response log start **************
request method:GET
request originalUrl:/cms/getResList?type=1
request client ip:::ffff:127.0.0.1
request query:{"type":"1"}
response time:3
response body:
{"code":0,"msg":"success","data":[{"createTime":"2018-03-17T13:18:05.239Z","_id":"5aad158db5ec4cc49cb4dc2f","appId":"appXAKRb6caQka5JY2r","type":1,"name":"这是图文","intro":"这是简介","cover":"","textContent":"哈哈啊","saleType":false,"price":1.1,"saleTime":"2018-05-25T02:30:00.000Z","id":"t_zNd78pPxjs","__v":0},{"createTime":"2018-03-17T13:18:45.438Z","_id":"5aad15b5b5ec4cc49cb4dc30","appId":"appXAKRb6caQka5JY2r","type":1,"name":"这是图文12312","intro":"这是简介222","cover":"","textContent":"哈哈啊2123123123","saleType":false,"price":1.12,"saleTime":"2018-05-25T02:30:00.000Z","id":"t_RiNZMXtNFr","__v":0},{"createTime":"2018-03-17T13:18:56.901Z","_id":"5aad15c0b5ec4cc49cb4dc31","appId":"appXAKRb6caQka5JY2r","type":1,"name":"3123这321图文12312","intro":"这是简介222","cover":"","textContent":"哈哈啊21231oo23123","saleType":false,"price":1.122,"saleTime":"2018-05-25T02:30:00.000Z","id":"t_3Nb5CtBEwX","__v":0},{"createTime":"2018-03-18T01:28:31.663Z","_id":"5aadc0bf3064eac5b7a921ae","appId":"appXAKRb6caQka5JY2r","type":1,"name":"222","intro":"123","cover":"","textContent":"222","saleType":true,"price":0.01,"saleTime":"2018-03-18T01:24:18.000Z","id":"t_aitGJbJjb8","__v":0},{"createTime":"2018-03-18T01:28:45.627Z","_id":"5aadc0cd3064eac5b7a921af","appId":"appXAKRb6caQka5JY2r","type":1,"name":"222","intro":"123","cover":"","textContent":"222","saleType":true,"price":0.01,"saleTime":"2018-03-18T13:24:18.000Z","id":"t_wxknfj7MDy","__v":0},{"createTime":"2018-03-18T06:52:07.670Z","_id":"5aae0c97fd7050ea7586232b","appId":"appXAKRb6caQka5JY2r","type":1,"name":"图文","intro":"123123","cover":"http://jserk.oss-cn-shenzhen.aliyuncs.com/saas_pic/timg.jpeg","textContent":"123","saleType":true,"price":0.01,"saleTime":"2018-03-18T06:51:41.000Z","id":"t_273G7EnfXp","__v":0}]}
*************** response log end *******************

[2018-03-18T16:03:26.111] [INFO] resLogger - 
*************** response log start **************
request method:GET
request originalUrl:/app/info
request client ip:::ffff:127.0.0.1
request query:{}
response time:7
response body:
{"code":0,"msg":"success","data":{"updateTime":"2018-03-10T13:35:58.138Z","createTime":"2018-03-10T13:35:58.138Z","_id":"5aa3df3e18d129fbeef90974","appId":"appXAKRb6caQka5JY2r","phone":123}}
*************** response log end *******************

[2018-03-18T16:03:26.117] [INFO] resLogger - 
*************** response log start **************
request method:GET
request originalUrl:/cms/getResList?type=1
request client ip:::ffff:127.0.0.1
request query:{"type":"1"}
response time:4
response body:
{"code":0,"msg":"success","data":[{"createTime":"2018-03-17T13:18:05.239Z","_id":"5aad158db5ec4cc49cb4dc2f","appId":"appXAKRb6caQka5JY2r","type":1,"name":"这是图文","intro":"这是简介","cover":"","textContent":"哈哈啊","saleType":false,"price":1.1,"saleTime":"2018-05-25T02:30:00.000Z","id":"t_zNd78pPxjs","__v":0},{"createTime":"2018-03-17T13:18:45.438Z","_id":"5aad15b5b5ec4cc49cb4dc30","appId":"appXAKRb6caQka5JY2r","type":1,"name":"这是图文12312","intro":"这是简介222","cover":"","textContent":"哈哈啊2123123123","saleType":false,"price":1.12,"saleTime":"2018-05-25T02:30:00.000Z","id":"t_RiNZMXtNFr","__v":0},{"createTime":"2018-03-17T13:18:56.901Z","_id":"5aad15c0b5ec4cc49cb4dc31","appId":"appXAKRb6caQka5JY2r","type":1,"name":"3123这321图文12312","intro":"这是简介222","cover":"","textContent":"哈哈啊21231oo23123","saleType":false,"price":1.122,"saleTime":"2018-05-25T02:30:00.000Z","id":"t_3Nb5CtBEwX","__v":0},{"createTime":"2018-03-18T01:28:31.663Z","_id":"5aadc0bf3064eac5b7a921ae","appId":"appXAKRb6caQka5JY2r","type":1,"name":"222","intro":"123","cover":"","textContent":"222","saleType":true,"price":0.01,"saleTime":"2018-03-18T01:24:18.000Z","id":"t_aitGJbJjb8","__v":0},{"createTime":"2018-03-18T01:28:45.627Z","_id":"5aadc0cd3064eac5b7a921af","appId":"appXAKRb6caQka5JY2r","type":1,"name":"222","intro":"123","cover":"","textContent":"222","saleType":true,"price":0.01,"saleTime":"2018-03-18T13:24:18.000Z","id":"t_wxknfj7MDy","__v":0},{"createTime":"2018-03-18T06:52:07.670Z","_id":"5aae0c97fd7050ea7586232b","appId":"appXAKRb6caQka5JY2r","type":1,"name":"图文","intro":"123123","cover":"http://jserk.oss-cn-shenzhen.aliyuncs.com/saas_pic/timg.jpeg","textContent":"123","saleType":true,"price":0.01,"saleTime":"2018-03-18T06:51:41.000Z","id":"t_273G7EnfXp","__v":0}]}
*************** response log end *******************

[2018-03-18T16:04:01.522] [INFO] resLogger - 
*************** response log start **************
request method:GET
request originalUrl:/app/info
request client ip:::ffff:127.0.0.1
request query:{}
response time:2
response body:
{"code":0,"msg":"success","data":{"updateTime":"2018-03-10T13:35:58.138Z","createTime":"2018-03-10T13:35:58.138Z","_id":"5aa3df3e18d129fbeef90974","appId":"appXAKRb6caQka5JY2r","phone":123}}
*************** response log end *******************

[2018-03-18T16:04:02.412] [INFO] resLogger - 
*************** response log start **************
request method:GET
request originalUrl:/cms/getResList?type=1
request client ip:::ffff:127.0.0.1
request query:{"type":"1"}
response time:2
response body:
{"code":0,"msg":"success","data":[{"createTime":"2018-03-17T13:18:05.239Z","_id":"5aad158db5ec4cc49cb4dc2f","appId":"appXAKRb6caQka5JY2r","type":1,"name":"这是图文","intro":"这是简介","cover":"","textContent":"哈哈啊","saleType":false,"price":1.1,"saleTime":"2018-05-25T02:30:00.000Z","id":"t_zNd78pPxjs","__v":0},{"createTime":"2018-03-17T13:18:45.438Z","_id":"5aad15b5b5ec4cc49cb4dc30","appId":"appXAKRb6caQka5JY2r","type":1,"name":"这是图文12312","intro":"这是简介222","cover":"","textContent":"哈哈啊2123123123","saleType":false,"price":1.12,"saleTime":"2018-05-25T02:30:00.000Z","id":"t_RiNZMXtNFr","__v":0},{"createTime":"2018-03-17T13:18:56.901Z","_id":"5aad15c0b5ec4cc49cb4dc31","appId":"appXAKRb6caQka5JY2r","type":1,"name":"3123这321图文12312","intro":"这是简介222","cover":"","textContent":"哈哈啊21231oo23123","saleType":false,"price":1.122,"saleTime":"2018-05-25T02:30:00.000Z","id":"t_3Nb5CtBEwX","__v":0},{"createTime":"2018-03-18T01:28:31.663Z","_id":"5aadc0bf3064eac5b7a921ae","appId":"appXAKRb6caQka5JY2r","type":1,"name":"222","intro":"123","cover":"","textContent":"222","saleType":true,"price":0.01,"saleTime":"2018-03-18T01:24:18.000Z","id":"t_aitGJbJjb8","__v":0},{"createTime":"2018-03-18T01:28:45.627Z","_id":"5aadc0cd3064eac5b7a921af","appId":"appXAKRb6caQka5JY2r","type":1,"name":"222","intro":"123","cover":"","textContent":"222","saleType":true,"price":0.01,"saleTime":"2018-03-18T13:24:18.000Z","id":"t_wxknfj7MDy","__v":0},{"createTime":"2018-03-18T06:52:07.670Z","_id":"5aae0c97fd7050ea7586232b","appId":"appXAKRb6caQka5JY2r","type":1,"name":"图文","intro":"123123","cover":"http://jserk.oss-cn-shenzhen.aliyuncs.com/saas_pic/timg.jpeg","textContent":"123","saleType":true,"price":0.01,"saleTime":"2018-03-18T06:51:41.000Z","id":"t_273G7EnfXp","__v":0}]}
*************** response log end *******************

[2018-03-18T16:05:43.978] [INFO] resLogger - 
*************** response log start **************
request method:GET
request originalUrl:/app/info
request client ip:::ffff:127.0.0.1
request query:{}
response time:29
response body:
{"code":0,"msg":"success","data":{"updateTime":"2018-03-10T13:35:58.138Z","createTime":"2018-03-10T13:35:58.138Z","_id":"5aa3df3e18d129fbeef90974","appId":"appXAKRb6caQka5JY2r","phone":123}}
*************** response log end *******************

[2018-03-18T16:06:45.040] [INFO] resLogger - 
*************** response log start **************
request method:GET
request originalUrl:/app/info
request client ip:::ffff:127.0.0.1
request query:{}
response time:1
response body:
{"code":0,"msg":"success","data":{"updateTime":"2018-03-10T13:35:58.138Z","createTime":"2018-03-10T13:35:58.138Z","_id":"5aa3df3e18d129fbeef90974","appId":"appXAKRb6caQka5JY2r","phone":123}}
*************** response log end *******************

[2018-03-18T16:07:20.962] [INFO] resLogger - 
*************** response log start **************
request method:GET
request originalUrl:/app/info
request client ip:::ffff:127.0.0.1
request query:{}
response time:2
response body:
{"code":0,"msg":"success","data":{"updateTime":"2018-03-10T13:35:58.138Z","createTime":"2018-03-10T13:35:58.138Z","_id":"5aa3df3e18d129fbeef90974","appId":"appXAKRb6caQka5JY2r","phone":123}}
*************** response log end *******************

[2018-03-18T16:33:31.422] [INFO] resLogger - 
*************** response log start **************
request method:GET
request originalUrl:/app/info
request client ip:::ffff:127.0.0.1
request query:{}
response time:22
response body:
{"code":0,"msg":"success","data":{"updateTime":"2018-03-10T13:35:58.138Z","createTime":"2018-03-10T13:35:58.138Z","_id":"5aa3df3e18d129fbeef90974","appId":"appXAKRb6caQka5JY2r","phone":123}}
*************** response log end *******************

[2018-03-18T16:35:12.494] [INFO] resLogger - 
*************** response log start **************
request method:GET
request originalUrl:/app/info
request client ip:::ffff:127.0.0.1
request query:{}
response time:33
response body:
{"code":0,"msg":"success","data":{"updateTime":"2018-03-10T13:35:58.138Z","createTime":"2018-03-10T13:35:58.138Z","_id":"5aa3df3e18d129fbeef90974","appId":"appXAKRb6caQka5JY2r","phone":123}}
*************** response log end *******************

[2018-03-18T16:36:01.081] [INFO] resLogger - 
*************** response log start **************
request method:GET
request originalUrl:/app/info
request client ip:::ffff:127.0.0.1
request query:{}
response time:2
response body:
{"code":0,"msg":"success","data":{"updateTime":"2018-03-10T13:35:58.138Z","createTime":"2018-03-10T13:35:58.138Z","_id":"5aa3df3e18d129fbeef90974","appId":"appXAKRb6caQka5JY2r","phone":123}}
*************** response log end *******************

[2018-03-18T16:36:24.950] [INFO] resLogger - 
*************** response log start **************
request method:GET
request originalUrl:/app/info
request client ip:::ffff:127.0.0.1
request query:{}
response time:1
response body:
{"code":0,"msg":"success","data":{"updateTime":"2018-03-10T13:35:58.138Z","createTime":"2018-03-10T13:35:58.138Z","_id":"5aa3df3e18d129fbeef90974","appId":"appXAKRb6caQka5JY2r","phone":123}}
*************** response log end *******************

[2018-03-18T16:39:55.919] [INFO] resLogger - 
*************** response log start **************
request method:GET
request originalUrl:/app/info
request client ip:::ffff:127.0.0.1
request query:{}
response time:25
response body:
{"code":0,"msg":"success","data":{"updateTime":"2018-03-10T13:35:58.138Z","createTime":"2018-03-10T13:35:58.138Z","_id":"5aa3df3e18d129fbeef90974","appId":"appXAKRb6caQka5JY2r","phone":123}}
*************** response log end *******************

[2018-03-18T16:40:34.001] [INFO] resLogger - 
*************** response log start **************
request method:GET
request originalUrl:/cms/getResInfo?type=1
request client ip:::1
request query:{"type":"1"}
response time:5
response body:
{"code":0,"msg":"success"}
*************** response log end *******************

[2018-03-18T16:42:19.963] [INFO] resLogger - 
*************** response log start **************
request method:GET
request originalUrl:/cms/getResInfo?type=1
request client ip:::1
request query:{"type":"1"}
response time:8
response body:
{"code":0,"msg":"success"}
*************** response log end *******************

[2018-03-18T16:42:34.732] [INFO] resLogger - 
*************** response log start **************
request method:GET
request originalUrl:/cms/getResInfo?type=1&&id=123
request client ip:::1
request query:{"type":"1","id":"123"}
response time:2
response body:
{"code":0,"msg":"success"}
*************** response log end *******************

[2018-03-18T16:47:36.791] [INFO] resLogger - 
*************** response log start **************
request method:GET
request originalUrl:/cms/getResInfo?type=1&&id=123
request client ip:::1
request query:{"type":"1","id":"123"}
response time:5
response body:
{"code":0,"msg":"success"}
*************** response log end *******************

[2018-03-18T16:47:38.930] [INFO] resLogger - 
*************** response log start **************
request method:GET
request originalUrl:/cms/getResInfo?type=1&&id=123
request client ip:::1
request query:{"type":"1","id":"123"}
response time:2
response body:
{"code":0,"msg":"success"}
*************** response log end *******************

[2018-03-18T16:47:40.531] [INFO] resLogger - 
*************** response log start **************
request method:GET
request originalUrl:/cms/getResInfo?type=1&&id=123
request client ip:::1
request query:{"type":"1","id":"123"}
response time:2
response body:
{"code":0,"msg":"success"}
*************** response log end *******************

[2018-03-18T16:47:44.324] [INFO] resLogger - 
*************** response log start **************
request method:GET
request originalUrl:/cms/getResInfo?type=1&&id=12323234
request client ip:::1
request query:{"type":"1","id":"12323234"}
response time:1
response body:
{"code":0,"msg":"success"}
*************** response log end *******************

[2018-03-18T16:48:16.853] [INFO] resLogger - 
*************** response log start **************
request method:GET
request originalUrl:/cms/getResInfo?type=1&&id=12323234t_zNd78pPxjs
request client ip:::1
request query:{"type":"1","id":"12323234t_zNd78pPxjs"}
response time:1
response body:
{"code":0,"msg":"success"}
*************** response log end *******************

[2018-03-18T16:48:26.218] [INFO] resLogger - 
*************** response log start **************
request method:GET
request originalUrl:/cms/getResInfo?type=1&&id=t_zNd78pPxjs
request client ip:::1
request query:{"type":"1","id":"t_zNd78pPxjs"}
response time:0
response body:
{"code":0,"msg":"success"}
*************** response log end *******************

[2018-03-18T16:48:28.447] [INFO] resLogger - 
*************** response log start **************
request method:GET
request originalUrl:/cms/getResInfo?type=1&&id=t_zNd78pPxjs
request client ip:::1
request query:{"type":"1","id":"t_zNd78pPxjs"}
response time:3
response body:
{"code":0,"msg":"success"}
*************** response log end *******************

[2018-03-18T16:48:47.096] [INFO] resLogger - 
*************** response log start **************
request method:GET
request originalUrl:/cms/getResInfo?type=1&&id=t_zNd78pPxjs
request client ip:::1
request query:{"type":"1","id":"t_zNd78pPxjs"}
response time:6
response body:
{"code":0,"msg":"success","data":{}}
*************** response log end *******************

[2018-03-18T16:49:24.706] [INFO] resLogger - 
*************** response log start **************
request method:GET
request originalUrl:/cms/getResInfo?type=1&&id=t_zNd78pPxjs
request client ip:::1
request query:{"type":"1","id":"t_zNd78pPxjs"}
response time:4
response body:
undefined
*************** response log end *******************

[2018-03-18T16:50:17.517] [INFO] resLogger - 
*************** response log start **************
request method:GET
request originalUrl:/cms/getResInfo?type=1&&id=t_zNd78pPxjs
request client ip:::1
request query:{"type":"1","id":"t_zNd78pPxjs"}
response time:6
response body:
undefined
*************** response log end *******************

[2018-03-18T16:50:44.319] [INFO] resLogger - 
*************** response log start **************
request method:GET
request originalUrl:/cms/getResInfo?type=1&&id=t_zNd78pPxjs
request client ip:::1
request query:{"type":"1","id":"t_zNd78pPxjs"}
response time:7
response body:
{"code":0,"msg":"success","data":{}}
*************** response log end *******************

[2018-03-18T16:51:06.221] [INFO] resLogger - 
*************** response log start **************
request method:GET
request originalUrl:/cms/getResInfo?type=1&&id=t_zNd78pPxjs
request client ip:::1
request query:{"type":"1","id":"t_zNd78pPxjs"}
response time:4
response body:
{"code":0,"msg":"success","data":{}}
*************** response log end *******************

[2018-03-18T16:51:23.752] [INFO] resLogger - 
*************** response log start **************
request method:GET
request originalUrl:/cms/getResInfo?type=1&&id=t_zNd78pPxjs
request client ip:::1
request query:{"type":"1","id":"t_zNd78pPxjs"}
response time:20
response body:
{"code":0,"msg":"success","data":[]}
*************** response log end *******************

[2018-03-18T16:51:53.206] [INFO] resLogger - 
*************** response log start **************
request method:GET
request originalUrl:/cms/getResInfo?type=1&&id=t_zNd78pPxjs
request client ip:::1
request query:{"type":"1","id":"t_zNd78pPxjs"}
response time:20
response body:
{"code":0,"msg":"success","data":[{"createTime":"2018-03-17T13:18:05.239Z","_id":"5aad158db5ec4cc49cb4dc2f","appId":"appXAKRb6caQka5JY2r","type":1,"name":"这是图文","intro":"这是简介","cover":"","textContent":"哈哈啊","saleType":false,"price":1.1,"saleTime":"2018-05-25T02:30:00.000Z","id":"t_zNd78pPxjs","__v":0}]}
*************** response log end *******************

[2018-03-18T16:52:03.879] [INFO] resLogger - 
*************** response log start **************
request method:GET
request originalUrl:/cms/getResInfo?type=1&&id=t_zNd78pPxjs
request client ip:::1
request query:{"type":"1","id":"t_zNd78pPxjs"}
response time:25
response body:
{"code":0,"msg":"success","data":{"createTime":"2018-03-17T13:18:05.239Z","_id":"5aad158db5ec4cc49cb4dc2f","appId":"appXAKRb6caQka5JY2r","type":1,"name":"这是图文","intro":"这是简介","cover":"","textContent":"哈哈啊","saleType":false,"price":1.1,"saleTime":"2018-05-25T02:30:00.000Z","id":"t_zNd78pPxjs","__v":0}}
*************** response log end *******************

[2018-03-18T16:54:15.286] [INFO] resLogger - 
*************** response log start **************
request method:GET
request originalUrl:/app/info
request client ip:::ffff:127.0.0.1
request query:{}
response time:49
response body:
{"code":0,"msg":"success","data":{"updateTime":"2018-03-10T13:35:58.138Z","createTime":"2018-03-10T13:35:58.138Z","_id":"5aa3df3e18d129fbeef90974","appId":"appXAKRb6caQka5JY2r","phone":123}}
*************** response log end *******************

[2018-03-18T16:54:55.283] [INFO] resLogger - 
*************** response log start **************
request method:GET
request originalUrl:/app/info
request client ip:::ffff:127.0.0.1
request query:{}
response time:12
response body:
{"code":0,"msg":"success","data":{"updateTime":"2018-03-10T13:35:58.138Z","createTime":"2018-03-10T13:35:58.138Z","_id":"5aa3df3e18d129fbeef90974","appId":"appXAKRb6caQka5JY2r","phone":123}}
*************** response log end *******************

[2018-03-18T16:56:08.838] [INFO] resLogger - 
*************** response log start **************
request method:GET
request originalUrl:/app/info
request client ip:::ffff:127.0.0.1
request query:{}
response time:5
response body:
{"code":0,"msg":"success","data":{"updateTime":"2018-03-10T13:35:58.138Z","createTime":"2018-03-10T13:35:58.138Z","_id":"5aa3df3e18d129fbeef90974","appId":"appXAKRb6caQka5JY2r","phone":123}}
*************** response log end *******************

[2018-03-18T16:57:25.349] [INFO] resLogger - 
*************** response log start **************
request method:GET
request originalUrl:/app/info
request client ip:::ffff:127.0.0.1
request query:{}
response time:8
response body:
{"code":0,"msg":"success","data":{"updateTime":"2018-03-10T13:35:58.138Z","createTime":"2018-03-10T13:35:58.138Z","_id":"5aa3df3e18d129fbeef90974","appId":"appXAKRb6caQka5JY2r","phone":123}}
*************** response log end *******************

[2018-03-18T16:57:36.648] [INFO] resLogger - 
*************** response log start **************
request method:GET
request originalUrl:/app/info
request client ip:::ffff:127.0.0.1
request query:{}
response time:2
response body:
{"code":0,"msg":"success","data":{"updateTime":"2018-03-10T13:35:58.138Z","createTime":"2018-03-10T13:35:58.138Z","_id":"5aa3df3e18d129fbeef90974","appId":"appXAKRb6caQka5JY2r","phone":123}}
*************** response log end *******************

[2018-03-18T16:58:17.159] [INFO] resLogger - 
*************** response log start **************
request method:GET
request originalUrl:/app/info
request client ip:::ffff:127.0.0.1
request query:{}
response time:11
response body:
{"code":0,"msg":"success","data":{"updateTime":"2018-03-10T13:35:58.138Z","createTime":"2018-03-10T13:35:58.138Z","_id":"5aa3df3e18d129fbeef90974","appId":"appXAKRb6caQka5JY2r","phone":123}}
*************** response log end *******************

[2018-03-18T16:58:37.345] [INFO] resLogger - 
*************** response log start **************
request method:GET
request originalUrl:/app/info
request client ip:::ffff:127.0.0.1
request query:{}
response time:3
response body:
{"code":0,"msg":"success","data":{"updateTime":"2018-03-10T13:35:58.138Z","createTime":"2018-03-10T13:35:58.138Z","_id":"5aa3df3e18d129fbeef90974","appId":"appXAKRb6caQka5JY2r","phone":123}}
*************** response log end *******************

