[2017-12-18T20:03:05.948] [INFO] resLogger - 
*************** response log start **************
request method:POST
request originalUrl:/user/update
request client ip:::ffff:127.0.0.1
request body
{"title":"qweqwe","avatar":"pic4","company":"qwe","money":"qwe","desc":"qwe"}
response time:25
response body:
{"code":0,"data":{"title":"qweqwe","avatar":"pic4","company":"qwe","money":"qwe","desc":"qwe","user":"kb","type":"boss"}}
*************** response log end *******************

[2017-12-18T20:05:20.306] [INFO] resLogger - 
*************** response log start **************
request method:GET
request originalUrl:/user/info
request client ip:::ffff:127.0.0.1
request query:{}
response time:30
response body:
{"code":0,"msg":"success","data":{"_id":"5a37a9a9e1feb026f9796456","user":"kb","type":"boss","title":"qweqwe","desc":"qwe","company":"qwe","money":"qwe","avatar":"pic4"}}
*************** response log end *******************

[2017-12-18T20:05:29.491] [INFO] resLogger - 
*************** response log start **************
request method:POST
request originalUrl:/user/login
request client ip:::ffff:127.0.0.1
request body
{"user":"kb","pwd":"123"}
response time:8
response body:
{"code":0,"msg":"success","data":{"_id":"5a37a9a9e1feb026f9796456","user":"kb","type":"boss","title":"qweqwe","desc":"qwe","company":"qwe","money":"qwe","avatar":"pic4"}}
*************** response log end *******************

[2017-12-18T20:05:55.215] [INFO] resLogger - 
*************** response log start **************
request method:GET
request originalUrl:/user/info
request client ip:::ffff:127.0.0.1
request query:{}
response time:3
response body:
{"code":0,"msg":"success","data":{"_id":"5a37a9a9e1feb026f9796456","user":"kb","type":"boss","title":"qweqwe","desc":"qwe","company":"qwe","money":"qwe","avatar":"pic4"}}
*************** response log end *******************

[2017-12-18T20:06:05.764] [INFO] resLogger - 
*************** response log start **************
request method:GET
request originalUrl:/user/list
request client ip:::1
request query:{}
response time:8
response body:
[{"_id":"5a3730c10f424405f140abc1","user":"kerwin","pwd":"bdc009b66b98f0abfe8fda8f53338e22","type":"genius","__v":0},{"_id":"5a3730da0f424405f140abc2","user":"kerwin2","pwd":"66fefc086c4f7cce9844cb297fdde3b4","type":"boss","__v":0},{"_id":"5a3743b559794d118f8b37c9","user":"kkkkk","pwd":"bdc009b66b98f0abfe8fda8f53338e22","type":"genius","__v":0},{"_id":"5a377b3859794d118f8b37ca","user":"kboss","pwd":"8546a6f819303e121ce28b55e123bc97","type":"boss","__v":0,"title":"123","avatar":"pic2","company":"123","money":"123","desc":"123"},{"_id":"5a37a72ae1feb026f9796455","user":"kgenius","pwd":"bdc009b66b98f0abfe8fda8f53338e22","type":"genius","__v":0,"title":"123","avatar":"pic1","desc":"123"},{"_id":"5a37a9a9e1feb026f9796456","user":"kb","pwd":"bdc009b66b98f0abfe8fda8f53338e22","type":"boss","__v":0,"title":"qweqwe","desc":"qwe","company":"qwe","money":"qwe","avatar":"pic4"}]
*************** response log end *******************

[2017-12-18T20:06:05.765] [INFO] resLogger - 
*************** response log start **************
request method:GET
request originalUrl:/robots.txt
request client ip:::1
request query:{}
response time:0
response body:
undefined
*************** response log end *******************

[2017-12-18T20:06:13.128] [INFO] resLogger - 
*************** response log start **************
request method:GET
request originalUrl:/user/deleteAll
request client ip:::1
request query:{}
response time:10
response body:
{"n":6,"ok":1}
*************** response log end *******************

[2017-12-18T20:06:17.527] [INFO] resLogger - 
*************** response log start **************
request method:GET
request originalUrl:/user/list
request client ip:::1
request query:{}
response time:2
response body:
[]
*************** response log end *******************

[2017-12-18T20:06:37.424] [INFO] resLogger - 
*************** response log start **************
request method:POST
request originalUrl:/user/register
request client ip:::ffff:127.0.0.1
request body
{"user":"kboss","pwd":"123","type":"boss"}
response time:27
response body:
{"code":0,"msg":"success","data":{"user":"kboss","type":"boss","_id":"5a37af4df2e8472b52a6b36e"}}
*************** response log end *******************

[2017-12-18T20:06:44.889] [INFO] resLogger - 
*************** response log start **************
request method:POST
request originalUrl:/user/update
request client ip:::ffff:127.0.0.1
request body
{"title":"123","avatar":"pic1","company":"1231","money":"23","desc":"123"}
response time:10
response body:
{"code":0,"data":{"title":"123","avatar":"pic1","company":"1231","money":"23","desc":"123","user":"kboss","type":"boss"}}
*************** response log end *******************

[2017-12-18T20:07:12.231] [INFO] resLogger - 
*************** response log start **************
request method:POST
request originalUrl:/user/register
request client ip:::ffff:127.0.0.1
request body
{"user":"kgenius","pwd":"123","type":"genius"}
response time:6
response body:
{"code":0,"msg":"success","data":{"user":"kgenius","type":"genius","_id":"5a37af70f2e8472b52a6b36f"}}
*************** response log end *******************

[2017-12-18T20:07:35.098] [INFO] resLogger - 
*************** response log start **************
request method:GET
request originalUrl:/user/info
request client ip:::ffff:127.0.0.1
request query:{}
response time:4
response body:
{"code":0,"msg":"success","data":{"_id":"5a37af70f2e8472b52a6b36f","user":"kgenius","type":"genius"}}
*************** response log end *******************

[2017-12-18T20:08:10.392] [INFO] resLogger - 
*************** response log start **************
request method:GET
request originalUrl:/user/info
request client ip:::ffff:127.0.0.1
request query:{}
response time:1
response body:
{"code":0,"msg":"success","data":{"_id":"5a37af70f2e8472b52a6b36f","user":"kgenius","type":"genius"}}
*************** response log end *******************

[2017-12-18T20:08:22.515] [INFO] resLogger - 
*************** response log start **************
request method:GET
request originalUrl:/user/info
request client ip:::ffff:127.0.0.1
request query:{}
response time:2
response body:
{"code":0,"msg":"success","data":{"_id":"5a37af70f2e8472b52a6b36f","user":"kgenius","type":"genius"}}
*************** response log end *******************

[2017-12-18T20:08:26.670] [INFO] resLogger - 
*************** response log start **************
request method:POST
request originalUrl:/user/update
request client ip:::ffff:127.0.0.1
request body
{"title":"123","avatar":"pic2","desc":"123"}
response time:3
response body:
{"code":0,"data":{"title":"123","avatar":"pic2","desc":"123","user":"kgenius","type":"genius"}}
*************** response log end *******************

[2017-12-18T20:09:18.285] [INFO] resLogger - 
*************** response log start **************
request method:GET
request originalUrl:/user/info
request client ip:::ffff:127.0.0.1
request query:{}
response time:1
response body:
{"code":0,"msg":"success","data":{"_id":"5a37af70f2e8472b52a6b36f","user":"kgenius","type":"genius","title":"123","avatar":"pic2","desc":"123"}}
*************** response log end *******************

[2017-12-18T20:11:47.294] [INFO] resLogger - 
*************** response log start **************
request method:GET
request originalUrl:/user/info
request client ip:::ffff:127.0.0.1
request query:{}
response time:3
response body:
{"code":0,"msg":"success","data":{"_id":"5a37af70f2e8472b52a6b36f","user":"kgenius","type":"genius","title":"123","avatar":"pic2","desc":"123"}}
*************** response log end *******************

[2017-12-18T20:13:05.736] [INFO] resLogger - 
*************** response log start **************
request method:GET
request originalUrl:/user/info
request client ip:::ffff:127.0.0.1
request query:{}
response time:2
response body:
{"code":0,"msg":"success","data":{"_id":"5a37af70f2e8472b52a6b36f","user":"kgenius","type":"genius","title":"123","avatar":"pic2","desc":"123"}}
*************** response log end *******************

[2017-12-18T20:13:17.006] [INFO] resLogger - 
*************** response log start **************
request method:GET
request originalUrl:/user/info
request client ip:::ffff:127.0.0.1
request query:{}
response time:2
response body:
{"code":0,"msg":"success","data":{"_id":"5a37af70f2e8472b52a6b36f","user":"kgenius","type":"genius","title":"123","avatar":"pic2","desc":"123"}}
*************** response log end *******************

[2017-12-18T20:14:02.871] [INFO] resLogger - 
*************** response log start **************
request method:GET
request originalUrl:/user/info
request client ip:::ffff:127.0.0.1
request query:{}
response time:2
response body:
{"code":0,"msg":"success","data":{"_id":"5a37af70f2e8472b52a6b36f","user":"kgenius","type":"genius","title":"123","avatar":"pic2","desc":"123"}}
*************** response log end *******************

[2017-12-18T20:15:04.947] [INFO] resLogger - 
*************** response log start **************
request method:GET
request originalUrl:/user/info
request client ip:::ffff:127.0.0.1
request query:{}
response time:6
response body:
{"code":0,"msg":"success","data":{"_id":"5a37af70f2e8472b52a6b36f","user":"kgenius","type":"genius","title":"123","avatar":"pic2","desc":"123"}}
*************** response log end *******************

[2017-12-18T20:15:21.686] [INFO] resLogger - 
*************** response log start **************
request method:GET
request originalUrl:/user/info
request client ip:::ffff:127.0.0.1
request query:{}
response time:1
response body:
{"code":0,"msg":"success","data":{"_id":"5a37af70f2e8472b52a6b36f","user":"kgenius","type":"genius","title":"123","avatar":"pic2","desc":"123"}}
*************** response log end *******************

[2017-12-18T20:18:20.606] [INFO] resLogger - 
*************** response log start **************
request method:GET
request originalUrl:/user/info
request client ip:::ffff:127.0.0.1
request query:{}
response time:10
response body:
{"code":0,"msg":"success","data":{"_id":"5a37af70f2e8472b52a6b36f","user":"kgenius","type":"genius","title":"123","avatar":"pic2","desc":"123"}}
*************** response log end *******************

[2017-12-18T20:18:50.704] [INFO] resLogger - 
*************** response log start **************
request method:GET
request originalUrl:/user/info
request client ip:::ffff:127.0.0.1
request query:{}
response time:1
response body:
{"code":0,"msg":"success","data":{"_id":"5a37af70f2e8472b52a6b36f","user":"kgenius","type":"genius","title":"123","avatar":"pic2","desc":"123"}}
*************** response log end *******************

[2017-12-18T20:19:24.458] [INFO] resLogger - 
*************** response log start **************
request method:GET
request originalUrl:/user/info
request client ip:::ffff:127.0.0.1
request query:{}
response time:9
response body:
{"code":0,"msg":"success","data":{"_id":"5a37af70f2e8472b52a6b36f","user":"kgenius","type":"genius","title":"123","avatar":"pic2","desc":"123"}}
*************** response log end *******************

[2017-12-18T20:19:41.782] [INFO] resLogger - 
*************** response log start **************
request method:POST
request originalUrl:/user/register
request client ip:::ffff:127.0.0.1
request body
{"user":"redux","pwd":"123","type":"boss"}
response time:8
response body:
{"code":0,"msg":"success","data":{"user":"redux","type":"boss","_id":"5a37b25df2e8472b52a6b370"}}
*************** response log end *******************

[2017-12-18T20:20:35.954] [INFO] resLogger - 
*************** response log start **************
request method:GET
request originalUrl:/user/info
request client ip:::ffff:127.0.0.1
request query:{}
response time:2
response body:
{"code":0,"msg":"success","data":{"_id":"5a37b25df2e8472b52a6b370","user":"redux","type":"boss"}}
*************** response log end *******************

[2017-12-18T20:21:38.559] [INFO] resLogger - 
*************** response log start **************
request method:POST
request originalUrl:/user/login
request client ip:::ffff:127.0.0.1
request body
{"user":"redux","pwd":"123"}
response time:3
response body:
{"code":0,"msg":"success","data":{"_id":"5a37b25df2e8472b52a6b370","user":"redux","type":"boss"}}
*************** response log end *******************

[2017-12-18T20:21:59.917] [INFO] resLogger - 
*************** response log start **************
request method:GET
request originalUrl:/user/info
request client ip:::ffff:127.0.0.1
request query:{}
response time:2
response body:
{"code":0,"msg":"success","data":{"_id":"5a37b25df2e8472b52a6b370","user":"redux","type":"boss"}}
*************** response log end *******************

[2017-12-18T20:23:35.405] [INFO] resLogger - 
*************** response log start **************
request method:GET
request originalUrl:/user/info
request client ip:::ffff:127.0.0.1
request query:{}
response time:3
response body:
{"code":0,"msg":"success","data":{"_id":"5a37b25df2e8472b52a6b370","user":"redux","type":"boss"}}
*************** response log end *******************

[2017-12-18T20:23:51.341] [INFO] resLogger - 
*************** response log start **************
request method:GET
request originalUrl:/user/info
request client ip:::ffff:127.0.0.1
request query:{}
response time:1
response body:
{"code":0,"msg":"success","data":{"_id":"5a37b25df2e8472b52a6b370","user":"redux","type":"boss"}}
*************** response log end *******************

[2017-12-18T20:23:59.214] [INFO] resLogger - 
*************** response log start **************
request method:GET
request originalUrl:/user/info
request client ip:::ffff:127.0.0.1
request query:{}
response time:2
response body:
{"code":0,"msg":"success","data":{"_id":"5a37b25df2e8472b52a6b370","user":"redux","type":"boss"}}
*************** response log end *******************

[2017-12-18T20:24:16.305] [INFO] resLogger - 
*************** response log start **************
request method:GET
request originalUrl:/user/info
request client ip:::ffff:127.0.0.1
request query:{}
response time:1
response body:
{"code":0,"msg":"success","data":{"_id":"5a37b25df2e8472b52a6b370","user":"redux","type":"boss"}}
*************** response log end *******************

[2017-12-18T20:24:26.855] [INFO] resLogger - 
*************** response log start **************
request method:GET
request originalUrl:/user/info
request client ip:::ffff:127.0.0.1
request query:{}
response time:2
response body:
{"code":0,"msg":"success","data":{"_id":"5a37b25df2e8472b52a6b370","user":"redux","type":"boss"}}
*************** response log end *******************

[2017-12-18T20:24:33.405] [INFO] resLogger - 
*************** response log start **************
request method:GET
request originalUrl:/user/info
request client ip:::ffff:127.0.0.1
request query:{}
response time:2
response body:
{"code":0,"msg":"success","data":{"_id":"5a37b25df2e8472b52a6b370","user":"redux","type":"boss"}}
*************** response log end *******************

