[2018-03-19T10:10:35.925] [INFO] resLogger - 
*************** response log start **************
request method:GET
request originalUrl:/app/info
request client ip:::ffff:127.0.0.1
request query:{}
response time:28
response body:
{"code":0,"msg":"success","data":{"updateTime":"2018-03-10T13:35:58.138Z","createTime":"2018-03-10T13:35:58.138Z","_id":"5aa3df3e18d129fbeef90974","appId":"appXAKRb6caQka5JY2r","phone":123}}
*************** response log end *******************

[2018-03-19T10:10:35.944] [INFO] resLogger - 
*************** response log start **************
request method:GET
request originalUrl:/cms/getResList?type=1
request client ip:::ffff:127.0.0.1
request query:{"type":"1"}
response time:10
response body:
{"code":0,"msg":"success","data":[]}
*************** response log end *******************

[2018-03-19T10:13:58.076] [INFO] resLogger - 
*************** response log start **************
request method:GET
request originalUrl:/app/info
request client ip:::ffff:127.0.0.1
request query:{}
response time:4
response body:
{"code":0,"msg":"success","data":{"updateTime":"2018-03-10T13:35:58.138Z","createTime":"2018-03-10T13:35:58.138Z","_id":"5aa3df3e18d129fbeef90974","appId":"appXAKRb6caQka5JY2r","phone":123}}
*************** response log end *******************

[2018-03-19T10:14:28.387] [INFO] resLogger - 
*************** response log start **************
request method:GET
request originalUrl:/app/info
request client ip:::ffff:127.0.0.1
request query:{}
response time:2
response body:
{"code":0,"msg":"success","data":{"updateTime":"2018-03-10T13:35:58.138Z","createTime":"2018-03-10T13:35:58.138Z","_id":"5aa3df3e18d129fbeef90974","appId":"appXAKRb6caQka5JY2r","phone":123}}
*************** response log end *******************

[2018-03-19T10:14:49.515] [INFO] resLogger - 
*************** response log start **************
request method:GET
request originalUrl:/sts
request client ip:::ffff:127.0.0.1
request query:{}
response time:502
response body:
{"code":0,"msg":"success","data":{"AccessKeyId":"STS.BvG6aKN5pZGPewvewuzLdipi2","AccessKeySecret":"83ynvuTpFLxM2NSGYaxFexbYdmVmKTQwiKGx7YGSFrd6","SecurityToken":"CAIS5wF1q6Ft5B2yfSjIo7Xyfdv/o+pR7YW7Z1HHgXcgdsNIhrXC0Dz2IH1FfXdpB+8WsPszm2xX5/kdlqp6U4cd+Jcu5wA0vPpt6gqET9frma7ctM4p6vCMHWyUFGSIvqv7aPn4S9XwY+qkb0u++AZ43br9c0fJPTXnS+rr76RqddMKRAK1QCNbDdNNXGtYpdQdKGHaOITGUHeooBKJXRYy4Fci1Tklsf7mnJPD0HeE0g2mkN1yjp/qP52pY/NrOJpCSNqv1IR0DPGcgXcOskYVpPkp0PMYpmaY4cvwAUJc+RaW+FZfGjjI/WQagAGrzkWQIfxkxmZd+q+jgJM1/3R1A+DehRyrJxE7kBDewqXTaSJU0Ooo0+rNYnmOUX7Gw05mJ4NmXL8ytQibgTWjcS6WVXxFkNEqiREE4Z9N6BkUuJBRjDWfc2iBJi8rXXvagvA7e0CQj6TbCK+0cVnnQCbgPbY4PWZlkxFDeqUXAQ==","Expiration":"2018-03-19T03:14:49Z"}}
*************** response log end *******************

[2018-03-19T10:17:52.216] [INFO] resLogger - 
*************** response log start **************
request method:GET
request originalUrl:/app/info
request client ip:::ffff:127.0.0.1
request query:{}
response time:2
response body:
{"code":0,"msg":"success","data":{"updateTime":"2018-03-10T13:35:58.138Z","createTime":"2018-03-10T13:35:58.138Z","_id":"5aa3df3e18d129fbeef90974","appId":"appXAKRb6caQka5JY2r","phone":123}}
*************** response log end *******************

[2018-03-19T10:18:07.866] [INFO] resLogger - 
*************** response log start **************
request method:GET
request originalUrl:/app/info
request client ip:::ffff:127.0.0.1
request query:{}
response time:2
response body:
{"code":0,"msg":"success","data":{"updateTime":"2018-03-10T13:35:58.138Z","createTime":"2018-03-10T13:35:58.138Z","_id":"5aa3df3e18d129fbeef90974","appId":"appXAKRb6caQka5JY2r","phone":123}}
*************** response log end *******************

[2018-03-19T10:18:19.175] [INFO] resLogger - 
*************** response log start **************
request method:GET
request originalUrl:/sts
request client ip:::ffff:127.0.0.1
request query:{}
response time:309
response body:
{"code":0,"msg":"success","data":{"AccessKeyId":"STS.GLK97rbHFJ82jYB2RWNE8qYTh","AccessKeySecret":"9PXVqdEPyfpBQhf2AmuKBcPDS9pCczoB3Y3Vafk8QpWB","SecurityToken":"CAIS5wF1q6Ft5B2yfSjIpo/+co3Gj5dn/frZaH/z1lICQsoUnpz/ijz2IH1FfXdpB+8WsPszm2xX5/kdlqp6U4cd1b0j5wA0vPpt6gqET9frma7ctM4p6vCMHWyUFGSIvqv7aPn4S9XwY+qkb0u++AZ43br9c0fJPTXnS+rr76RqddMKRAK1QCNbDdNNXGtYpdQdKGHaOITGUHeooBKJXRYy4Fci1Tklsf7mnJPD0HeE0g2mkN1yjp/qP52pY/NrOJpCSNqv1IR0DPGcgXcOskYVpPkp0PMYpmaY4cvwAUJc+RaW+FZfGjjI/WQagAGZCzXy2OF/RVM7BXYVbPRt8OQyDVKpqWVohQvx4dp/1hDeikYx6a0IspksOCls0uFNe0MN1ovIAJL0xD3V8s+10sznp87DJwr5tUMvW8JKpiDTGuhCST2pA/tgs6DDsjlzNAmxREfcMqiKQ5LLfIKwjJ3R8iQaT5rwQnULAkZT3Q==","Expiration":"2018-03-19T03:18:19Z"}}
*************** response log end *******************

[2018-03-19T10:18:31.633] [INFO] resLogger - 
*************** response log start **************
request method:POST
request originalUrl:/cms/createRes
request client ip:::ffff:127.0.0.1
request body
{"type":1,"name":"123","intro":"123","cover":"","textContent":"123","saleType":1,"audioSrc":"","videoSrc":"","price":"123","saleTime":""}
response time:94
response body:
{"code":0,"msg":"success","data":{"appId":"appXAKRb6caQka5JY2r","type":1,"name":"123","intro":"123","cover":"","textContent":"123","saleType":1,"price":123,"saleTime":null,"id":"t_Qsnizsc7Bn","createTime":"2018-03-19T02:18:31.544Z","_id":"5aaf1df7048eba32dad841d7","__v":0}}
*************** response log end *******************

[2018-03-19T10:18:31.877] [INFO] resLogger - 
*************** response log start **************
request method:GET
request originalUrl:/cms/getResList?type=1
request client ip:::ffff:127.0.0.1
request query:{"type":"1"}
response time:4
response body:
{"code":0,"msg":"success","data":[{"createTime":"2018-03-19T02:18:31.544Z","_id":"5aaf1df7048eba32dad841d7","appId":"appXAKRb6caQka5JY2r","type":1,"name":"123","intro":"123","cover":"","textContent":"123","saleType":1,"price":123,"saleTime":null,"id":"t_Qsnizsc7Bn","__v":0}]}
*************** response log end *******************

[2018-03-19T10:19:20.847] [INFO] resLogger - 
*************** response log start **************
request method:GET
request originalUrl:/app/info
request client ip:::ffff:127.0.0.1
request query:{}
response time:26
response body:
{"code":0,"msg":"success","data":{"updateTime":"2018-03-10T13:35:58.138Z","createTime":"2018-03-10T13:35:58.138Z","_id":"5aa3df3e18d129fbeef90974","appId":"appXAKRb6caQka5JY2r","phone":123}}
*************** response log end *******************

[2018-03-19T10:19:20.862] [INFO] resLogger - 
*************** response log start **************
request method:GET
request originalUrl:/cms/getResInfo?type=1&&id=t_Qsnizsc7Bn
request client ip:::ffff:127.0.0.1
request query:{"type":"1","id":"t_Qsnizsc7Bn"}
response time:5
response body:
{"code":0,"msg":"success","data":{"createTime":"2018-03-19T02:18:31.544Z","_id":"5aaf1df7048eba32dad841d7","appId":"appXAKRb6caQka5JY2r","type":1,"name":"123","intro":"123","cover":"","textContent":"123","saleType":1,"price":123,"saleTime":null,"id":"t_Qsnizsc7Bn","__v":0}}
*************** response log end *******************

[2018-03-19T10:20:10.990] [INFO] resLogger - 
*************** response log start **************
request method:GET
request originalUrl:/app/info
request client ip:::ffff:127.0.0.1
request query:{}
response time:31
response body:
{"code":0,"msg":"success","data":{"updateTime":"2018-03-10T13:35:58.138Z","createTime":"2018-03-10T13:35:58.138Z","_id":"5aa3df3e18d129fbeef90974","appId":"appXAKRb6caQka5JY2r","phone":123}}
*************** response log end *******************

[2018-03-19T10:20:11.008] [INFO] resLogger - 
*************** response log start **************
request method:GET
request originalUrl:/cms/getResInfo?type=1&&id=t_Qsnizsc7Bn
request client ip:::ffff:127.0.0.1
request query:{"type":"1","id":"t_Qsnizsc7Bn"}
response time:35
response body:
{"code":0,"msg":"success","data":{"createTime":"2018-03-19T02:18:31.544Z","_id":"5aaf1df7048eba32dad841d7","appId":"appXAKRb6caQka5JY2r","type":1,"name":"123","intro":"123","cover":"","textContent":"123","saleType":1,"price":123,"saleTime":null,"id":"t_Qsnizsc7Bn","__v":0}}
*************** response log end *******************

[2018-03-19T10:20:49.507] [INFO] resLogger - 
*************** response log start **************
request method:GET
request originalUrl:/app/info
request client ip:::ffff:127.0.0.1
request query:{}
response time:28
response body:
{"code":0,"msg":"success","data":{"updateTime":"2018-03-10T13:35:58.138Z","createTime":"2018-03-10T13:35:58.138Z","_id":"5aa3df3e18d129fbeef90974","appId":"appXAKRb6caQka5JY2r","phone":123}}
*************** response log end *******************

[2018-03-19T10:20:49.525] [INFO] resLogger - 
*************** response log start **************
request method:GET
request originalUrl:/cms/getResInfo?type=1&&id=t_Qsnizsc7Bn
request client ip:::ffff:127.0.0.1
request query:{"type":"1","id":"t_Qsnizsc7Bn"}
response time:8
response body:
{"code":0,"msg":"success","data":{"createTime":"2018-03-19T02:18:31.544Z","_id":"5aaf1df7048eba32dad841d7","appId":"appXAKRb6caQka5JY2r","type":1,"name":"123","intro":"123","cover":"","textContent":"123","saleType":1,"price":123,"saleTime":null,"id":"t_Qsnizsc7Bn","__v":0}}
*************** response log end *******************

[2018-03-19T10:22:33.390] [INFO] resLogger - 
*************** response log start **************
request method:GET
request originalUrl:/app/info
request client ip:::ffff:127.0.0.1
request query:{}
response time:26
response body:
{"code":0,"msg":"success","data":{"updateTime":"2018-03-10T13:35:58.138Z","createTime":"2018-03-10T13:35:58.138Z","_id":"5aa3df3e18d129fbeef90974","appId":"appXAKRb6caQka5JY2r","phone":123}}
*************** response log end *******************

[2018-03-19T10:22:33.408] [INFO] resLogger - 
*************** response log start **************
request method:GET
request originalUrl:/cms/getResInfo?id=t_Qsnizsc7Bn
request client ip:::ffff:127.0.0.1
request query:{"id":"t_Qsnizsc7Bn"}
response time:7
response body:
{"code":0,"msg":"success","data":{"createTime":"2018-03-19T02:18:31.544Z","_id":"5aaf1df7048eba32dad841d7","appId":"appXAKRb6caQka5JY2r","type":1,"name":"123","intro":"123","cover":"","textContent":"123","saleType":1,"price":123,"saleTime":null,"id":"t_Qsnizsc7Bn","__v":0}}
*************** response log end *******************

[2018-03-19T10:22:54.281] [INFO] resLogger - 
*************** response log start **************
request method:GET
request originalUrl:/app/info
request client ip:::ffff:127.0.0.1
request query:{}
response time:5
response body:
{"code":0,"msg":"success","data":{"updateTime":"2018-03-10T13:35:58.138Z","createTime":"2018-03-10T13:35:58.138Z","_id":"5aa3df3e18d129fbeef90974","appId":"appXAKRb6caQka5JY2r","phone":123}}
*************** response log end *******************

[2018-03-19T10:22:54.287] [INFO] resLogger - 
*************** response log start **************
request method:GET
request originalUrl:/cms/getResInfo?id=t_Qsnizsc7Bn
request client ip:::ffff:127.0.0.1
request query:{"id":"t_Qsnizsc7Bn"}
response time:8
response body:
{"code":0,"msg":"success","data":{"createTime":"2018-03-19T02:18:31.544Z","_id":"5aaf1df7048eba32dad841d7","appId":"appXAKRb6caQka5JY2r","type":1,"name":"123","intro":"123","cover":"","textContent":"123","saleType":1,"price":123,"saleTime":null,"id":"t_Qsnizsc7Bn","__v":0}}
*************** response log end *******************

[2018-03-19T10:24:13.495] [INFO] resLogger - 
*************** response log start **************
request method:GET
request originalUrl:/app/info
request client ip:::ffff:127.0.0.1
request query:{}
response time:2
response body:
{"code":0,"msg":"success","data":{"updateTime":"2018-03-10T13:35:58.138Z","createTime":"2018-03-10T13:35:58.138Z","_id":"5aa3df3e18d129fbeef90974","appId":"appXAKRb6caQka5JY2r","phone":123}}
*************** response log end *******************

[2018-03-19T10:24:13.500] [INFO] resLogger - 
*************** response log start **************
request method:GET
request originalUrl:/cms/getResInfo?id=t_Qsnizsc7Bn
request client ip:::ffff:127.0.0.1
request query:{"id":"t_Qsnizsc7Bn"}
response time:2
response body:
{"code":0,"msg":"success","data":{"createTime":"2018-03-19T02:18:31.544Z","_id":"5aaf1df7048eba32dad841d7","appId":"appXAKRb6caQka5JY2r","type":1,"name":"123","intro":"123","cover":"","textContent":"123","saleType":1,"price":123,"saleTime":null,"id":"t_Qsnizsc7Bn","__v":0}}
*************** response log end *******************

[2018-03-19T10:25:52.632] [INFO] resLogger - 
*************** response log start **************
request method:GET
request originalUrl:/app/info
request client ip:::ffff:127.0.0.1
request query:{}
response time:2
response body:
{"code":0,"msg":"success","data":{"updateTime":"2018-03-10T13:35:58.138Z","createTime":"2018-03-10T13:35:58.138Z","_id":"5aa3df3e18d129fbeef90974","appId":"appXAKRb6caQka5JY2r","phone":123}}
*************** response log end *******************

[2018-03-19T10:25:52.671] [INFO] resLogger - 
*************** response log start **************
request method:GET
request originalUrl:/cms/getResInfo?id=t_Qsnizsc7Bn
request client ip:::ffff:127.0.0.1
request query:{"id":"t_Qsnizsc7Bn"}
response time:2
response body:
{"code":0,"msg":"success","data":{"createTime":"2018-03-19T02:18:31.544Z","_id":"5aaf1df7048eba32dad841d7","appId":"appXAKRb6caQka5JY2r","type":1,"name":"123","intro":"123","cover":"","textContent":"123","saleType":1,"price":123,"saleTime":null,"id":"t_Qsnizsc7Bn","__v":0}}
*************** response log end *******************

[2018-03-19T10:26:49.217] [INFO] resLogger - 
*************** response log start **************
request method:GET
request originalUrl:/app/info
request client ip:::ffff:127.0.0.1
request query:{}
response time:2
response body:
{"code":0,"msg":"success","data":{"updateTime":"2018-03-10T13:35:58.138Z","createTime":"2018-03-10T13:35:58.138Z","_id":"5aa3df3e18d129fbeef90974","appId":"appXAKRb6caQka5JY2r","phone":123}}
*************** response log end *******************

[2018-03-19T10:26:49.256] [INFO] resLogger - 
*************** response log start **************
request method:GET
request originalUrl:/cms/getResInfo?id=t_Qsnizsc7Bn
request client ip:::ffff:127.0.0.1
request query:{"id":"t_Qsnizsc7Bn"}
response time:2
response body:
{"code":0,"msg":"success","data":{"createTime":"2018-03-19T02:18:31.544Z","_id":"5aaf1df7048eba32dad841d7","appId":"appXAKRb6caQka5JY2r","type":1,"name":"123","intro":"123","cover":"","textContent":"123","saleType":1,"price":123,"saleTime":null,"id":"t_Qsnizsc7Bn","__v":0}}
*************** response log end *******************

[2018-03-19T10:28:42.673] [INFO] resLogger - 
*************** response log start **************
request method:GET
request originalUrl:/app/info
request client ip:::ffff:127.0.0.1
request query:{}
response time:2
response body:
{"code":0,"msg":"success","data":{"updateTime":"2018-03-10T13:35:58.138Z","createTime":"2018-03-10T13:35:58.138Z","_id":"5aa3df3e18d129fbeef90974","appId":"appXAKRb6caQka5JY2r","phone":123}}
*************** response log end *******************

[2018-03-19T10:28:42.693] [INFO] resLogger - 
*************** response log start **************
request method:GET
request originalUrl:/cms/getResInfo?id=t_Qsnizsc7Bn
request client ip:::ffff:127.0.0.1
request query:{"id":"t_Qsnizsc7Bn"}
response time:2
response body:
{"code":0,"msg":"success","data":{"createTime":"2018-03-19T02:18:31.544Z","_id":"5aaf1df7048eba32dad841d7","appId":"appXAKRb6caQka5JY2r","type":1,"name":"123","intro":"123","cover":"","textContent":"123","saleType":1,"price":123,"saleTime":null,"id":"t_Qsnizsc7Bn","__v":0}}
*************** response log end *******************

[2018-03-19T10:29:46.717] [INFO] resLogger - 
*************** response log start **************
request method:GET
request originalUrl:/app/info
request client ip:::ffff:127.0.0.1
request query:{}
response time:2
response body:
{"code":0,"msg":"success","data":{"updateTime":"2018-03-10T13:35:58.138Z","createTime":"2018-03-10T13:35:58.138Z","_id":"5aa3df3e18d129fbeef90974","appId":"appXAKRb6caQka5JY2r","phone":123}}
*************** response log end *******************

[2018-03-19T10:29:46.725] [INFO] resLogger - 
*************** response log start **************
request method:GET
request originalUrl:/cms/getResInfo?id=t_Qsnizsc7Bn
request client ip:::ffff:127.0.0.1
request query:{"id":"t_Qsnizsc7Bn"}
response time:3
response body:
{"code":0,"msg":"success","data":{"createTime":"2018-03-19T02:18:31.544Z","_id":"5aaf1df7048eba32dad841d7","appId":"appXAKRb6caQka5JY2r","type":1,"name":"123","intro":"123","cover":"","textContent":"123","saleType":1,"price":123,"saleTime":null,"id":"t_Qsnizsc7Bn","__v":0}}
*************** response log end *******************

[2018-03-19T10:30:08.545] [INFO] resLogger - 
*************** response log start **************
request method:GET
request originalUrl:/app/info
request client ip:::ffff:127.0.0.1
request query:{}
response time:2
response body:
{"code":0,"msg":"success","data":{"updateTime":"2018-03-10T13:35:58.138Z","createTime":"2018-03-10T13:35:58.138Z","_id":"5aa3df3e18d129fbeef90974","appId":"appXAKRb6caQka5JY2r","phone":123}}
*************** response log end *******************

[2018-03-19T10:30:08.552] [INFO] resLogger - 
*************** response log start **************
request method:GET
request originalUrl:/cms/getResInfo?id=t_Qsnizsc7Bn
request client ip:::ffff:127.0.0.1
request query:{"id":"t_Qsnizsc7Bn"}
response time:3
response body:
{"code":0,"msg":"success","data":{"createTime":"2018-03-19T02:18:31.544Z","_id":"5aaf1df7048eba32dad841d7","appId":"appXAKRb6caQka5JY2r","type":1,"name":"123","intro":"123","cover":"","textContent":"123","saleType":1,"price":123,"saleTime":null,"id":"t_Qsnizsc7Bn","__v":0}}
*************** response log end *******************

[2018-03-19T10:30:22.813] [INFO] resLogger - 
*************** response log start **************
request method:GET
request originalUrl:/cms/getResList?type=1
request client ip:::ffff:127.0.0.1
request query:{"type":"1"}
response time:3
response body:
{"code":0,"msg":"success","data":[]}
*************** response log end *******************

[2018-03-19T10:30:28.165] [INFO] resLogger - 
*************** response log start **************
request method:GET
request originalUrl:/app/info
request client ip:::ffff:127.0.0.1
request query:{}
response time:2
response body:
{"code":0,"msg":"success","data":{"updateTime":"2018-03-10T13:35:58.138Z","createTime":"2018-03-10T13:35:58.138Z","_id":"5aa3df3e18d129fbeef90974","appId":"appXAKRb6caQka5JY2r","phone":123}}
*************** response log end *******************

[2018-03-19T10:30:37.734] [INFO] resLogger - 
*************** response log start **************
request method:GET
request originalUrl:/sts
request client ip:::ffff:127.0.0.1
request query:{}
response time:427
response body:
{"code":0,"msg":"success","data":{"AccessKeyId":"STS.MmnKLX2ecHADw4qjvNBKhbP33","AccessKeySecret":"DiZqFZWRBELcjVb7xK2N7iSXhkHJNUxKpooXoSGiYrBi","SecurityToken":"CAIS5wF1q6Ft5B2yfSjIrK7bAPbs37pC/4OvdRLAjnYbTsREjZWY0Tz2IH1FfXdpB+8WsPszm2xX5/kdlqp6U4cdyIcQ5wA0vPpt6gqET9frma7ctM4p6vCMHWyUFGSIvqv7aPn4S9XwY+qkb0u++AZ43br9c0fJPTXnS+rr76RqddMKRAK1QCNbDdNNXGtYpdQdKGHaOITGUHeooBKJXRYy4Fci1Tklsf7mnJPD0HeE0g2mkN1yjp/qP52pY/NrOJpCSNqv1IR0DPGcgXcOskYVpPkp0PMYpmaY4cvwAUJc+RaW+FZfGjjI/WQagAFHUoCJ4jdMoANbSWmVu1W7Ey+UkhhP4q+zHHb2gXn40tpJf7egM1HTuyhfr/lUeC9iphrb31wGUD4TlEgKh5/I0AdR68ORdbe2tlcID6AQ4w4QOiqlhKbfOeFuGwgCWm7nvbulp+z+BKDK6BH0tLoiq8xBmJ5eudSGJNs+UL4cEA==","Expiration":"2018-03-19T03:30:37Z"}}
*************** response log end *******************

[2018-03-19T10:30:51.447] [INFO] resLogger - 
*************** response log start **************
request method:POST
request originalUrl:/cms/createRes
request client ip:::ffff:127.0.0.1
request body
{"type":1,"id":"","name":"123","intro":"123","cover":"","textContent":"123","saleType":1,"audioSrc":"","videoSrc":"","price":"312","saleTime":"2018-03-19T10:30:27"}
response time:24
response body:
{"code":0,"msg":"success","data":{"appId":"appXAKRb6caQka5JY2r","type":1,"id":"t_Sw2Bb4rDki","name":"123","intro":"123","cover":"","textContent":"123","saleType":1,"audioSrc":"","videoSrc":"","price":312,"saleTime":"2018-03-19T02:30:27.000Z","createTime":"2018-03-19T02:30:51.427Z","_id":"5aaf20db3bd546350926cfbe","__v":0}}
*************** response log end *******************

[2018-03-19T10:30:51.603] [INFO] resLogger - 
*************** response log start **************
request method:GET
request originalUrl:/cms/getResList?type=1
request client ip:::ffff:127.0.0.1
request query:{"type":"1"}
response time:3
response body:
{"code":0,"msg":"success","data":[{"createTime":"2018-03-19T02:30:51.427Z","_id":"5aaf20db3bd546350926cfbe","appId":"appXAKRb6caQka5JY2r","type":1,"id":"t_Sw2Bb4rDki","name":"123","intro":"123","cover":"","textContent":"123","saleType":1,"audioSrc":"","videoSrc":"","price":312,"saleTime":"2018-03-19T02:30:27.000Z","__v":0}]}
*************** response log end *******************

[2018-03-19T10:30:55.040] [INFO] resLogger - 
*************** response log start **************
request method:GET
request originalUrl:/cms/getResInfo?id=t_Sw2Bb4rDki
request client ip:::ffff:127.0.0.1
request query:{"id":"t_Sw2Bb4rDki"}
response time:6
response body:
{"code":0,"msg":"success","data":{"createTime":"2018-03-19T02:30:51.427Z","_id":"5aaf20db3bd546350926cfbe","appId":"appXAKRb6caQka5JY2r","type":1,"id":"t_Sw2Bb4rDki","name":"123","intro":"123","cover":"","textContent":"123","saleType":1,"audioSrc":"","videoSrc":"","price":312,"saleTime":"2018-03-19T02:30:27.000Z","__v":0}}
*************** response log end *******************

[2018-03-19T10:31:27.052] [INFO] resLogger - 
*************** response log start **************
request method:GET
request originalUrl:/sts
request client ip:::ffff:127.0.0.1
request query:{}
response time:345
response body:
{"code":0,"msg":"success","data":{"AccessKeyId":"STS.M8QEFdsb51Dqts8DHTgHAKU9G","AccessKeySecret":"9w9C6inMMW6phwqN1DSwUN1Zk5of64KDK7sUSsApGsVB","SecurityToken":"CAIS5wF1q6Ft5B2yfSjIrPvkDvzQnr0UhoaadlWJoEgBa8dtpJCSpTz2IH1FfXdpB+8WsPszm2xX5/kdlqp6U4cdv4ET5wA0vPpt6gqET9frma7ctM4p6vCMHWyUFGSIvqv7aPn4S9XwY+qkb0u++AZ43br9c0fJPTXnS+rr76RqddMKRAK1QCNbDdNNXGtYpdQdKGHaOITGUHeooBKJXRYy4Fci1Tklsf7mnJPD0HeE0g2mkN1yjp/qP52pY/NrOJpCSNqv1IR0DPGcgXcOskYVpPkp0PMYpmaY4cvwAUJc+RaW+FZfGjjI/WQagAGDl8h2SEqcB04b4D0jE3nnk12EC01i/6VS8UoPy7UbwA4NmZVf7goBKkr77/pSzfXg6yqcDdxLyxbw+hPFAmCrA/7Lw5XPkiqlk3XLFkpN1NhjR0qFc123Vn0hTmLAX+fQYJy4u6oVHwIlCR1aaqkmGXDu44I/PF+upppn/8HAUQ==","Expiration":"2018-03-19T03:31:26Z"}}
*************** response log end *******************

[2018-03-19T10:32:16.747] [INFO] resLogger - 
*************** response log start **************
request method:GET
request originalUrl:/app/info
request client ip:::ffff:127.0.0.1
request query:{}
response time:2
response body:
{"code":0,"msg":"success","data":{"updateTime":"2018-03-10T13:35:58.138Z","createTime":"2018-03-10T13:35:58.138Z","_id":"5aa3df3e18d129fbeef90974","appId":"appXAKRb6caQka5JY2r","phone":123}}
*************** response log end *******************

[2018-03-19T10:32:16.760] [INFO] resLogger - 
*************** response log start **************
request method:GET
request originalUrl:/cms/getResInfo?id=t_Sw2Bb4rDki
request client ip:::ffff:127.0.0.1
request query:{"id":"t_Sw2Bb4rDki"}
response time:3
response body:
{"code":0,"msg":"success","data":{"createTime":"2018-03-19T02:30:51.427Z","_id":"5aaf20db3bd546350926cfbe","appId":"appXAKRb6caQka5JY2r","type":1,"id":"t_Sw2Bb4rDki","name":"123","intro":"123","cover":"","textContent":"123","saleType":1,"audioSrc":"","videoSrc":"","price":312,"saleTime":"2018-03-19T02:30:27.000Z","__v":0}}
*************** response log end *******************

[2018-03-19T10:32:23.234] [INFO] resLogger - 
*************** response log start **************
request method:GET
request originalUrl:/sts
request client ip:::ffff:127.0.0.1
request query:{}
response time:363
response body:
{"code":0,"msg":"success","data":{"AccessKeyId":"STS.Biwx2XTB626yMNk6FDxdohgZ4","AccessKeySecret":"GXmww8vB1ACcd7xU8j4GzTkKL8ohCuQ992iXeUBmZY7y","SecurityToken":"CAIS5wF1q6Ft5B2yfSjIo6rCM4jsuZ0XhfSST2ja0kYRdOtDh6Lx1jz2IH1FfXdpB+8WsPszm2xX5/kdlqp6U4cduPhu5wA0vPpt6gqET9frma7ctM4p6vCMHWyUFGSIvqv7aPn4S9XwY+qkb0u++AZ43br9c0fJPTXnS+rr76RqddMKRAK1QCNbDdNNXGtYpdQdKGHaOITGUHeooBKJXRYy4Fci1Tklsf7mnJPD0HeE0g2mkN1yjp/qP52pY/NrOJpCSNqv1IR0DPGcgXcOskYVpPkp0PMYpmaY4cvwAUJc+RaW+FZfGjjI/WQagAFdTugP0AsEOs7LOh8pJbkXEp+qEErALyzEPodMqti0oAUPkFXmcDEElSrHQ+hJCjGAAphiQGsPfnamJG0VtMT1alibELC0aLPqjnOSzRaXAD9QehSNMZ6P6kHFhMqVbSP3AIGBjR4GL2efyagIaYAoKBd3pFryVeFWlPPMR6pu6A==","Expiration":"2018-03-19T03:32:23Z"}}
*************** response log end *******************

[2018-03-19T10:33:32.237] [INFO] resLogger - 
*************** response log start **************
request method:GET
request originalUrl:/app/info
request client ip:::ffff:127.0.0.1
request query:{}
response time:3
response body:
{"code":0,"msg":"success","data":{"updateTime":"2018-03-10T13:35:58.138Z","createTime":"2018-03-10T13:35:58.138Z","_id":"5aa3df3e18d129fbeef90974","appId":"appXAKRb6caQka5JY2r","phone":123}}
*************** response log end *******************

[2018-03-19T10:33:32.252] [INFO] resLogger - 
*************** response log start **************
request method:GET
request originalUrl:/cms/getResInfo?id=t_Sw2Bb4rDki
request client ip:::ffff:127.0.0.1
request query:{"id":"t_Sw2Bb4rDki"}
response time:3
response body:
{"code":0,"msg":"success","data":{"createTime":"2018-03-19T02:30:51.427Z","_id":"5aaf20db3bd546350926cfbe","appId":"appXAKRb6caQka5JY2r","type":1,"id":"t_Sw2Bb4rDki","name":"123","intro":"123","cover":"","textContent":"123","saleType":1,"audioSrc":"","videoSrc":"","price":312,"saleTime":"2018-03-19T02:30:27.000Z","__v":0}}
*************** response log end *******************

[2018-03-19T10:33:37.180] [INFO] resLogger - 
*************** response log start **************
request method:GET
request originalUrl:/sts
request client ip:::ffff:127.0.0.1
request query:{}
response time:302
response body:
{"code":0,"msg":"success","data":{"AccessKeyId":"STS.H2hkLetsQZv4HcAYsXxuNW5cg","AccessKeySecret":"7bCrjxM3LzvsH3znPpoqMT46DDbjtxqXt92auNKRexWg","SecurityToken":"CAIS5wF1q6Ft5B2yfSjIqfHdIPbRmaxw7bTfSkXwvXMNdPpiuPDIhTz2IH1FfXdpB+8WsPszm2xX5/kdlqp6U4cdx7lr5wA0vPpt6gqET9frma7ctM4p6vCMHWyUFGSIvqv7aPn4S9XwY+qkb0u++AZ43br9c0fJPTXnS+rr76RqddMKRAK1QCNbDdNNXGtYpdQdKGHaOITGUHeooBKJXRYy4Fci1Tklsf7mnJPD0HeE0g2mkN1yjp/qP52pY/NrOJpCSNqv1IR0DPGcgXcOskYVpPkp0PMYpmaY4cvwAUJc+RaW+FZfGjjI/WQagAGCg/ofKUJxOx39sjHWJe3fVgNysleSO0JtF4G4I6Kgk4zhM2G40awqsjLvstG3YBCIiE5iQg16vHiMeVkmeHmfCd3/73NtRf6iQD6HL1Te5JpQzdt1cB0SyNZWI4qatqXQunpwYOTlx407BWDxQSeMUXNpPbes0n6d//PNttBnmA==","Expiration":"2018-03-19T03:33:37Z"}}
*************** response log end *******************

[2018-03-19T10:33:52.207] [INFO] resLogger - 
*************** response log start **************
request method:GET
request originalUrl:/app/info
request client ip:::ffff:127.0.0.1
request query:{}
response time:2
response body:
{"code":0,"msg":"success","data":{"updateTime":"2018-03-10T13:35:58.138Z","createTime":"2018-03-10T13:35:58.138Z","_id":"5aa3df3e18d129fbeef90974","appId":"appXAKRb6caQka5JY2r","phone":123}}
*************** response log end *******************

[2018-03-19T10:33:52.215] [INFO] resLogger - 
*************** response log start **************
request method:GET
request originalUrl:/cms/getResInfo?id=t_Sw2Bb4rDki
request client ip:::ffff:127.0.0.1
request query:{"id":"t_Sw2Bb4rDki"}
response time:2
response body:
{"code":0,"msg":"success","data":{"createTime":"2018-03-19T02:30:51.427Z","_id":"5aaf20db3bd546350926cfbe","appId":"appXAKRb6caQka5JY2r","type":1,"id":"t_Sw2Bb4rDki","name":"123","intro":"123","cover":"","textContent":"123","saleType":1,"audioSrc":"","videoSrc":"","price":312,"saleTime":"2018-03-19T02:30:27.000Z","__v":0}}
*************** response log end *******************

[2018-03-19T10:33:56.206] [INFO] resLogger - 
*************** response log start **************
request method:GET
request originalUrl:/sts
request client ip:::ffff:127.0.0.1
request query:{}
response time:271
response body:
{"code":0,"msg":"success","data":{"AccessKeyId":"STS.N1DVya89NVenKKonZKaKv5qzi","AccessKeySecret":"3Tt49MW8NLJ2UQfi7DeRTgEDRWywpoPnxeGsZgA4bDWh","SecurityToken":"CAIS5wF1q6Ft5B2yfSjIr/LxHcPV1eZv4aeFSW3eiloebcRa2rTRizz2IH1FfXdpB+8WsPszm2xX5/kdlqp6U4cd7JZk5wA0vPpt6gqET9frma7ctM4p6vCMHWyUFGSIvqv7aPn4S9XwY+qkb0u++AZ43br9c0fJPTXnS+rr76RqddMKRAK1QCNbDdNNXGtYpdQdKGHaOITGUHeooBKJXRYy4Fci1Tklsf7mnJPD0HeE0g2mkN1yjp/qP52pY/NrOJpCSNqv1IR0DPGcgXcOskYVpPkp0PMYpmaY4cvwAUJc+RaW+FZfGjjI/WQagAGG173tS+KTXXGym4Zt6QreoQ0LmM+H7JJdSGmyxHcveD+ENU/12jS3weihsbv4/wGcWFW7DxmuHixcK3tRUP792Kargz4Tjt4yIi6xWfSAcw5bE7BUx6DtqoxdZ1ZQCKgzL7bF0IK0BJizumF3n/etEmhrfnq/7zXLcnKyGtZBfg==","Expiration":"2018-03-19T03:33:56Z"}}
*************** response log end *******************

[2018-03-19T10:34:27.867] [INFO] resLogger - 
*************** response log start **************
request method:GET
request originalUrl:/app/info
request client ip:::ffff:127.0.0.1
request query:{}
response time:2
response body:
{"code":0,"msg":"success","data":{"updateTime":"2018-03-10T13:35:58.138Z","createTime":"2018-03-10T13:35:58.138Z","_id":"5aa3df3e18d129fbeef90974","appId":"appXAKRb6caQka5JY2r","phone":123}}
*************** response log end *******************

[2018-03-19T10:34:27.871] [INFO] resLogger - 
*************** response log start **************
request method:GET
request originalUrl:/cms/getResInfo?id=t_Sw2Bb4rDki
request client ip:::ffff:127.0.0.1
request query:{"id":"t_Sw2Bb4rDki"}
response time:2
response body:
{"code":0,"msg":"success","data":{"createTime":"2018-03-19T02:30:51.427Z","_id":"5aaf20db3bd546350926cfbe","appId":"appXAKRb6caQka5JY2r","type":1,"id":"t_Sw2Bb4rDki","name":"123","intro":"123","cover":"","textContent":"123","saleType":1,"audioSrc":"","videoSrc":"","price":312,"saleTime":"2018-03-19T02:30:27.000Z","__v":0}}
*************** response log end *******************

[2018-03-19T10:34:54.252] [INFO] resLogger - 
*************** response log start **************
request method:GET
request originalUrl:/app/info
request client ip:::ffff:127.0.0.1
request query:{}
response time:2
response body:
{"code":0,"msg":"success","data":{"updateTime":"2018-03-10T13:35:58.138Z","createTime":"2018-03-10T13:35:58.138Z","_id":"5aa3df3e18d129fbeef90974","appId":"appXAKRb6caQka5JY2r","phone":123}}
*************** response log end *******************

[2018-03-19T10:34:54.256] [INFO] resLogger - 
*************** response log start **************
request method:GET
request originalUrl:/cms/getResInfo?id=t_Sw2Bb4rDki
request client ip:::ffff:127.0.0.1
request query:{"id":"t_Sw2Bb4rDki"}
response time:2
response body:
{"code":0,"msg":"success","data":{"createTime":"2018-03-19T02:30:51.427Z","_id":"5aaf20db3bd546350926cfbe","appId":"appXAKRb6caQka5JY2r","type":1,"id":"t_Sw2Bb4rDki","name":"123","intro":"123","cover":"","textContent":"123","saleType":1,"audioSrc":"","videoSrc":"","price":312,"saleTime":"2018-03-19T02:30:27.000Z","__v":0}}
*************** response log end *******************

[2018-03-19T10:34:59.690] [INFO] resLogger - 
*************** response log start **************
request method:GET
request originalUrl:/sts
request client ip:::ffff:127.0.0.1
request query:{}
response time:307
response body:
{"code":0,"msg":"success","data":{"AccessKeyId":"STS.JsUb5WpEZdJ7SMZkyQ1JBSZYb","AccessKeySecret":"6aCwuiK9SqC5YGsGSpuWvbBT4mnm7RiafcwYLNmWaJMU","SecurityToken":"CAIS5wF1q6Ft5B2yfSjIq7DgKY/jnZp704jcUWvrj3kEPcVuvJ/ygDz2IH1FfXdpB+8WsPszm2xX5/kdlqp6U4cdmIZg5wA0vPpt6gqET9frma7ctM4p6vCMHWyUFGSIvqv7aPn4S9XwY+qkb0u++AZ43br9c0fJPTXnS+rr76RqddMKRAK1QCNbDdNNXGtYpdQdKGHaOITGUHeooBKJXRYy4Fci1Tklsf7mnJPD0HeE0g2mkN1yjp/qP52pY/NrOJpCSNqv1IR0DPGcgXcOskYVpPkp0PMYpmaY4cvwAUJc+RaW+FZfGjjI/WQagAE5jrR797Cgo/Q6UIzFX2bDssAkZjB+FBbxCCCb+BDPYlEizthhlU+2Sd50nyOFxIMPdJgdZ/V5ItFc97F9/AiClBhVlRLFkoOTtUVJx1Qv0ocJNTJcE5wS7y5kN0hd/g3W9MtwIuujEctxp73RHgDa4RpjOqhbaUu4tZjmz9q2Xw==","Expiration":"2018-03-19T03:34:59Z"}}
*************** response log end *******************

[2018-03-19T10:36:48.451] [INFO] resLogger - 
*************** response log start **************
request method:GET
request originalUrl:/app/info
request client ip:::ffff:127.0.0.1
request query:{}
response time:2
response body:
{"code":0,"msg":"success","data":{"updateTime":"2018-03-10T13:35:58.138Z","createTime":"2018-03-10T13:35:58.138Z","_id":"5aa3df3e18d129fbeef90974","appId":"appXAKRb6caQka5JY2r","phone":123}}
*************** response log end *******************

[2018-03-19T10:36:48.461] [INFO] resLogger - 
*************** response log start **************
request method:GET
request originalUrl:/cms/getResInfo?id=t_Sw2Bb4rDki
request client ip:::ffff:127.0.0.1
request query:{"id":"t_Sw2Bb4rDki"}
response time:2
response body:
{"code":0,"msg":"success","data":{"createTime":"2018-03-19T02:30:51.427Z","_id":"5aaf20db3bd546350926cfbe","appId":"appXAKRb6caQka5JY2r","type":1,"id":"t_Sw2Bb4rDki","name":"123","intro":"123","cover":"","textContent":"123","saleType":1,"audioSrc":"","videoSrc":"","price":312,"saleTime":"2018-03-19T02:30:27.000Z","__v":0}}
*************** response log end *******************

[2018-03-19T10:36:54.449] [INFO] resLogger - 
*************** response log start **************
request method:GET
request originalUrl:/sts
request client ip:::ffff:127.0.0.1
request query:{}
response time:321
response body:
{"code":0,"msg":"success","data":{"AccessKeyId":"STS.CRjEbVME8DrafmZids7gTGr6S","AccessKeySecret":"6amx76NYKjQkeQ4ppFPErUiXNwUEDNCbcP6aM8f55gbz","SecurityToken":"CAIS5wF1q6Ft5B2yfSjIopHfDtjioJoZ87CKZEvrjWQmO+h4qLedsTz2IH1FfXdpB+8WsPszm2xX5/kdlqp6U4cdrod/5wA0vPpt6gqET9frma7ctM4p6vCMHWyUFGSIvqv7aPn4S9XwY+qkb0u++AZ43br9c0fJPTXnS+rr76RqddMKRAK1QCNbDdNNXGtYpdQdKGHaOITGUHeooBKJXRYy4Fci1Tklsf7mnJPD0HeE0g2mkN1yjp/qP52pY/NrOJpCSNqv1IR0DPGcgXcOskYVpPkp0PMYpmaY4cvwAUJc+RaW+FZfGjjI/WQagAEVNujjLsx71Ac1FWNV9jHIO1XgkFtdETJeiS5fNQBe8s2YxvCPwnVfZFs36+fOJr9x2HjoVA6/8L7Rn+GEPkU7W+TMei4PRdUfwK95onL9fqz7L3NmAFLZaZrbkKR8hdOgreNhfdjrUoQYkZkUTkjDStACPvFCZGLeByZQ2mSrYA==","Expiration":"2018-03-19T03:36:54Z"}}
*************** response log end *******************

[2018-03-19T10:38:12.404] [INFO] resLogger - 
*************** response log start **************
request method:GET
request originalUrl:/app/info
request client ip:::ffff:127.0.0.1
request query:{}
response time:5
response body:
{"code":0,"msg":"success","data":{"updateTime":"2018-03-10T13:35:58.138Z","createTime":"2018-03-10T13:35:58.138Z","_id":"5aa3df3e18d129fbeef90974","appId":"appXAKRb6caQka5JY2r","phone":123}}
*************** response log end *******************

[2018-03-19T10:38:12.432] [INFO] resLogger - 
*************** response log start **************
request method:GET
request originalUrl:/cms/getResInfo?id=t_Sw2Bb4rDki
request client ip:::ffff:127.0.0.1
request query:{"id":"t_Sw2Bb4rDki"}
response time:2
response body:
{"code":0,"msg":"success","data":{"createTime":"2018-03-19T02:30:51.427Z","_id":"5aaf20db3bd546350926cfbe","appId":"appXAKRb6caQka5JY2r","type":1,"id":"t_Sw2Bb4rDki","name":"123","intro":"123","cover":"","textContent":"123","saleType":1,"audioSrc":"","videoSrc":"","price":312,"saleTime":"2018-03-19T02:30:27.000Z","__v":0}}
*************** response log end *******************

[2018-03-19T10:38:16.842] [INFO] resLogger - 
*************** response log start **************
request method:GET
request originalUrl:/sts
request client ip:::ffff:127.0.0.1
request query:{}
response time:307
response body:
{"code":0,"msg":"success","data":{"AccessKeyId":"STS.Cp9jN8b2HF5ZaFVkjX4E9bXAU","AccessKeySecret":"wKE5v6VXchoAesRR9PALX37WSgdyvjxff8jn7owQg6o","SecurityToken":"CAIS5wF1q6Ft5B2yfSjIorOMIfSMj+1p8fexY2Dnj2oNOMoVjZ3qtzz2IH1FfXdpB+8WsPszm2xX5/kdlqp6U4cd5oJ05wA0vPpt6gqET9frma7ctM4p6vCMHWyUFGSIvqv7aPn4S9XwY+qkb0u++AZ43br9c0fJPTXnS+rr76RqddMKRAK1QCNbDdNNXGtYpdQdKGHaOITGUHeooBKJXRYy4Fci1Tklsf7mnJPD0HeE0g2mkN1yjp/qP52pY/NrOJpCSNqv1IR0DPGcgXcOskYVpPkp0PMYpmaY4cvwAUJc+RaW+FZfGjjI/WQagAGC9ru4fMHGxS94XfbsHA9tft19xi0XspX0W7m/g7JTiT8Uc9QTgDXoL8l5hP3RjXTE4dkE9fDtcnZgq+FGLxrfhjj9jMhv37uGnAx7b1Oi90H6S8x1JNTxhIu0SkVWMZFELF8Gog3jVZQLvYrHpkevQDFEVPl7l9+cpfhGWpwlEg==","Expiration":"2018-03-19T03:38:16Z"}}
*************** response log end *******************

[2018-03-19T10:38:28.228] [INFO] resLogger - 
*************** response log start **************
request method:POST
request originalUrl:/cms/createRes
request client ip:::ffff:127.0.0.1
request body
{"type":1,"id":"t_Sw2Bb4rDki","name":"123","intro":"123","cover":"http://jserk.oss-cn-shenzhen.aliyuncs.com/saas_pic/timg.jpeg","textContent":"123","saleType":1,"audioSrc":"","videoSrc":"","price":312,"saleTime":"2018-03-19T02:30:27","createTime":"2018-03-19T02:30:51.427Z","_id":"5aaf20db3bd546350926cfbe","appId":"appXAKRb6caQka5JY2r","__v":0}
response time:14
response body:
{"code":1,"msg":"failed"}
*************** response log end *******************

[2018-03-19T10:40:00.599] [INFO] resLogger - 
*************** response log start **************
request method:POST
request originalUrl:/cms/createRes
request client ip:::ffff:127.0.0.1
request body
{"type":1,"id":"t_Sw2Bb4rDki","name":"123","intro":"123","cover":"http://jserk.oss-cn-shenzhen.aliyuncs.com/saas_pic/timg.jpeg","textContent":"123","saleType":1,"audioSrc":"","videoSrc":"","price":312,"saleTime":"2018-03-19T02:30:27","createTime":"2018-03-19T02:30:51.427Z","_id":"5aaf20db3bd546350926cfbe","appId":"appXAKRb6caQka5JY2r","__v":0}
response time:26
response body:
{"code":1,"msg":"failed"}
*************** response log end *******************

[2018-03-19T10:41:41.400] [INFO] resLogger - 
*************** response log start **************
request method:POST
request originalUrl:/cms/createRes
request client ip:::ffff:127.0.0.1
request body
{"type":1,"id":"t_Sw2Bb4rDki","name":"123","intro":"123","cover":"http://jserk.oss-cn-shenzhen.aliyuncs.com/saas_pic/timg.jpeg","textContent":"123","saleType":1,"audioSrc":"","videoSrc":"","price":312,"saleTime":"2018-03-19T02:30:27","createTime":"2018-03-19T02:30:51.427Z","_id":"5aaf20db3bd546350926cfbe","appId":"appXAKRb6caQka5JY2r","__v":0}
response time:6
response body:
undefined
*************** response log end *******************

[2018-03-19T10:44:53.005] [INFO] resLogger - 
*************** response log start **************
request method:POST
request originalUrl:/cms/createRes
request client ip:::ffff:127.0.0.1
request body
{"type":1,"id":"t_Sw2Bb4rDki","name":"123","intro":"123","cover":"http://jserk.oss-cn-shenzhen.aliyuncs.com/saas_pic/timg.jpeg","textContent":"123","saleType":1,"audioSrc":"","videoSrc":"","price":312,"saleTime":"2018-03-19T02:30:27","createTime":"2018-03-19T02:30:51.427Z","_id":"5aaf20db3bd546350926cfbe","appId":"appXAKRb6caQka5JY2r","__v":0}
response time:10
response body:
undefined
*************** response log end *******************

[2018-03-19T10:45:25.941] [INFO] resLogger - 
*************** response log start **************
request method:POST
request originalUrl:/cms/createRes
request client ip:::ffff:127.0.0.1
request body
{"type":1,"id":"t_Sw2Bb4rDki","name":"123","intro":"123","cover":"http://jserk.oss-cn-shenzhen.aliyuncs.com/saas_pic/timg.jpeg","textContent":"123","saleType":1,"audioSrc":"","videoSrc":"","price":312,"saleTime":"2018-03-19T02:30:27","createTime":"2018-03-19T02:30:51.427Z","_id":"5aaf20db3bd546350926cfbe","appId":"appXAKRb6caQka5JY2r","__v":0}
response time:15
response body:
undefined
*************** response log end *******************

[2018-03-19T10:47:10.772] [INFO] resLogger - 
*************** response log start **************
request method:POST
request originalUrl:/cms/createRes
request client ip:::ffff:127.0.0.1
request body
{"type":1,"id":"t_Sw2Bb4rDki","name":"123","intro":"123","cover":"http://jserk.oss-cn-shenzhen.aliyuncs.com/saas_pic/timg.jpeg","textContent":"123","saleType":1,"audioSrc":"","videoSrc":"","price":312,"saleTime":"2018-03-19T02:30:27","createTime":"2018-03-19T02:30:51.427Z","_id":"5aaf20db3bd546350926cfbe","appId":"appXAKRb6caQka5JY2r","__v":0}
response time:20
response body:
undefined
*************** response log end *******************

[2018-03-19T10:47:41.878] [INFO] resLogger - 
*************** response log start **************
request method:POST
request originalUrl:/cms/createRes
request client ip:::ffff:127.0.0.1
request body
{"type":1,"id":"t_Sw2Bb4rDki","name":"123","intro":"123","cover":"http://jserk.oss-cn-shenzhen.aliyuncs.com/saas_pic/timg.jpeg","textContent":"123","saleType":1,"audioSrc":"","videoSrc":"","price":312,"saleTime":"2018-03-19T02:30:27","createTime":"2018-03-19T02:30:51.427Z","_id":"5aaf20db3bd546350926cfbe","appId":"appXAKRb6caQka5JY2r","__v":0}
response time:13
response body:
undefined
*************** response log end *******************

[2018-03-19T10:48:09.210] [INFO] resLogger - 
*************** response log start **************
request method:POST
request originalUrl:/cms/createRes
request client ip:::ffff:127.0.0.1
request body
{"type":1,"id":"t_Sw2Bb4rDki","name":"123","intro":"123","cover":"http://jserk.oss-cn-shenzhen.aliyuncs.com/saas_pic/timg.jpeg","textContent":"123","saleType":1,"audioSrc":"","videoSrc":"","price":312,"saleTime":"2018-03-19T02:30:27","createTime":"2018-03-19T02:30:51.427Z","_id":"5aaf20db3bd546350926cfbe","appId":"appXAKRb6caQka5JY2r","__v":0}
response time:34
response body:
undefined
*************** response log end *******************

[2018-03-19T10:48:44.108] [INFO] resLogger - 
*************** response log start **************
request method:POST
request originalUrl:/cms/createRes
request client ip:::ffff:127.0.0.1
request body
{"type":1,"id":"t_Sw2Bb4rDki","name":"123","intro":"123","cover":"http://jserk.oss-cn-shenzhen.aliyuncs.com/saas_pic/timg.jpeg","textContent":"123","saleType":1,"audioSrc":"","videoSrc":"","price":312,"saleTime":"2018-03-19T02:30:27","createTime":"2018-03-19T02:30:51.427Z","_id":"5aaf20db3bd546350926cfbe","appId":"appXAKRb6caQka5JY2r","__v":0}
response time:34
response body:
undefined
*************** response log end *******************

[2018-03-19T10:48:57.628] [INFO] resLogger - 
*************** response log start **************
request method:GET
request originalUrl:/app/info
request client ip:::ffff:127.0.0.1
request query:{}
response time:16
response body:
{"code":0,"msg":"success","data":{"updateTime":"2018-03-10T13:35:58.138Z","createTime":"2018-03-10T13:35:58.138Z","_id":"5aa3df3e18d129fbeef90974","appId":"appXAKRb6caQka5JY2r","phone":123}}
*************** response log end *******************

[2018-03-19T10:48:57.637] [INFO] resLogger - 
*************** response log start **************
request method:GET
request originalUrl:/cms/getResInfo?id=t_Sw2Bb4rDki
request client ip:::ffff:127.0.0.1
request query:{"id":"t_Sw2Bb4rDki"}
response time:19
response body:
{"code":0,"msg":"success","data":{"createTime":"2018-03-19T02:30:51.427Z","_id":"5aaf20db3bd546350926cfbe","appId":"appXAKRb6caQka5JY2r","type":1,"id":"t_Sw2Bb4rDki","name":"123","intro":"123","cover":"http://jserk.oss-cn-shenzhen.aliyuncs.com/saas_pic/timg.jpeg","textContent":"123","saleType":1,"audioSrc":"","videoSrc":"","price":312,"saleTime":"2018-03-18T18:30:27.000Z","__v":0}}
*************** response log end *******************

[2018-03-19T10:49:31.908] [INFO] resLogger - 
*************** response log start **************
request method:GET
request originalUrl:/app/info
request client ip:::ffff:127.0.0.1
request query:{}
response time:29
response body:
{"code":0,"msg":"success","data":{"updateTime":"2018-03-10T13:35:58.138Z","createTime":"2018-03-10T13:35:58.138Z","_id":"5aa3df3e18d129fbeef90974","appId":"appXAKRb6caQka5JY2r","phone":123}}
*************** response log end *******************

[2018-03-19T10:49:31.928] [INFO] resLogger - 
*************** response log start **************
request method:GET
request originalUrl:/cms/getResInfo?id=t_Sw2Bb4rDki
request client ip:::ffff:127.0.0.1
request query:{"id":"t_Sw2Bb4rDki"}
response time:10
response body:
{"code":0,"msg":"success","data":{"createTime":"2018-03-19T02:30:51.427Z","_id":"5aaf20db3bd546350926cfbe","appId":"appXAKRb6caQka5JY2r","type":1,"id":"t_Sw2Bb4rDki","name":"123","intro":"123","cover":"http://jserk.oss-cn-shenzhen.aliyuncs.com/saas_pic/timg.jpeg","textContent":"123","saleType":1,"audioSrc":"","videoSrc":"","price":312,"saleTime":"2018-03-18T18:30:27.000Z","__v":0}}
*************** response log end *******************

[2018-03-19T10:50:17.190] [INFO] resLogger - 
*************** response log start **************
request method:GET
request originalUrl:/cms/getResInfo?id=t_Sw2Bb4rDki
request client ip:::ffff:127.0.0.1
request query:{"id":"t_Sw2Bb4rDki"}
response time:3
response body:
{"code":0,"msg":"success","data":{"createTime":"2018-03-19T02:30:51.427Z","_id":"5aaf20db3bd546350926cfbe","appId":"appXAKRb6caQka5JY2r","type":1,"id":"t_Sw2Bb4rDki","name":"123","intro":"123","cover":"http://jserk.oss-cn-shenzhen.aliyuncs.com/saas_pic/timg.jpeg","textContent":"123","saleType":1,"audioSrc":"","videoSrc":"","price":312,"saleTime":"2018-03-18T18:30:27.000Z","__v":0}}
*************** response log end *******************

[2018-03-19T10:50:17.195] [INFO] resLogger - 
*************** response log start **************
request method:GET
request originalUrl:/app/info
request client ip:::ffff:127.0.0.1
request query:{}
response time:3
response body:
{"code":0,"msg":"success","data":{"updateTime":"2018-03-10T13:35:58.138Z","createTime":"2018-03-10T13:35:58.138Z","_id":"5aa3df3e18d129fbeef90974","appId":"appXAKRb6caQka5JY2r","phone":123}}
*************** response log end *******************

[2018-03-19T10:51:33.048] [INFO] resLogger - 
*************** response log start **************
request method:GET
request originalUrl:/app/info
request client ip:::ffff:127.0.0.1
request query:{}
response time:4
response body:
{"code":0,"msg":"success","data":{"updateTime":"2018-03-10T13:35:58.138Z","createTime":"2018-03-10T13:35:58.138Z","_id":"5aa3df3e18d129fbeef90974","appId":"appXAKRb6caQka5JY2r","phone":123}}
*************** response log end *******************

[2018-03-19T10:51:33.052] [INFO] resLogger - 
*************** response log start **************
request method:GET
request originalUrl:/cms/getResInfo?id=t_Sw2Bb4rDki
request client ip:::ffff:127.0.0.1
request query:{"id":"t_Sw2Bb4rDki"}
response time:3
response body:
{"code":0,"msg":"success","data":{"createTime":"2018-03-19T02:30:51.427Z","_id":"5aaf20db3bd546350926cfbe","appId":"appXAKRb6caQka5JY2r","type":1,"id":"t_Sw2Bb4rDki","name":"123","intro":"123","cover":"http://jserk.oss-cn-shenzhen.aliyuncs.com/saas_pic/timg.jpeg","textContent":"123","saleType":1,"audioSrc":"","videoSrc":"","price":312,"saleTime":"2018-03-18T18:30:27.000Z","__v":0}}
*************** response log end *******************

[2018-03-19T10:51:40.139] [INFO] resLogger - 
*************** response log start **************
request method:GET
request originalUrl:/sts
request client ip:::ffff:127.0.0.1
request query:{}
response time:385
response body:
{"code":0,"msg":"success","data":{"AccessKeyId":"STS.GZH4YjqQatiA4BQFC4ScUiesa","AccessKeySecret":"5t4Rutgk44RL7vTV1rVdDgm4HShyQUKxuiAk1uNX89J8","SecurityToken":"CAIS5wF1q6Ft5B2yfSjIppn9f+PenI5Aw6uqNmTgokNhX+x5hqDYgzz2IH1FfXdpB+8WsPszm2xX5/kdlqp6U4cdn44l5gA0vPpt6gqET9frma7ctM4p6vCMHWyUFGSIvqv7aPn4S9XwY+qkb0u++AZ43br9c0fJPTXnS+rr76RqddMKRAK1QCNbDdNNXGtYpdQdKGHaOITGUHeooBKJXRYy4Fci1Tklsf7mnJPD0HeE0g2mkN1yjp/qP52pY/NrOJpCSNqv1IR0DPGcgXcOskYVpPkp0PMYpmaY4cvwAUJc+RaW+FZfGjjI/WQagAFFNIog31KyNCExD6u6X64rjpauzZsIGUqiZEvHw6g4lddwvFhx+dFxaVryJgTTHEi/umGPS71mtUso22ewgvLSVqE1ik+AMxgCYom/Cf3nXXLxyYiwFSOrJacIDo0yvt28pMBUIyOeGkoKlo+RkccmSgIMC8jrWWY5dijn5+APRA==","Expiration":"2018-03-19T03:51:40Z"}}
*************** response log end *******************

[2018-03-19T10:52:27.238] [INFO] resLogger - 
*************** response log start **************
request method:GET
request originalUrl:/sts
request client ip:::ffff:127.0.0.1
request query:{}
response time:349
response body:
{"code":0,"msg":"success","data":{"AccessKeyId":"STS.MBskhqPhjBJTrY6TV2mnq3X5q","AccessKeySecret":"FZHuiuLAn74hm58Xwt9W8zVUZEh44FkUhN8hnXNmayKe","SecurityToken":"CAIS5wF1q6Ft5B2yfSjIrIHGINLFvbdL9Yi/cH+HsFZnYeFd3J2ekzz2IH1FfXdpB+8WsPszm2xX5/kdlqp6U4cdg74g5gA0vPpt6gqET9frma7ctM4p6vCMHWyUFGSIvqv7aPn4S9XwY+qkb0u++AZ43br9c0fJPTXnS+rr76RqddMKRAK1QCNbDdNNXGtYpdQdKGHaOITGUHeooBKJXRYy4Fci1Tklsf7mnJPD0HeE0g2mkN1yjp/qP52pY/NrOJpCSNqv1IR0DPGcgXcOskYVpPkp0PMYpmaY4cvwAUJc+RaW+FZfGjjI/WQagAFPz5MaFqJ7IqD4iSh1Cv7nEEQ18CuwYadwIIobi86QGOxyjWLPMRQtdG3T2+1iLn784KrEy6T0d4heYrT7jDc868t0saSvXivSpBy74+L27bf/IRKzPkXJB6yA4ptfs8628LsRkeMHOxpVABg83ZaNvQwWaVyYLKnYYW1GypicVA==","Expiration":"2018-03-19T03:52:27Z"}}
*************** response log end *******************

[2018-03-19T10:52:48.397] [INFO] resLogger - 
*************** response log start **************
request method:GET
request originalUrl:/sts
request client ip:::ffff:127.0.0.1
request query:{}
response time:293
response body:
{"code":0,"msg":"success","data":{"AccessKeyId":"STS.HTRwB8g43Uvwm558gScHpxrqj","AccessKeySecret":"GYrhDLGaaikGtod6MeifaAeAXSDoUckH4m8PuQnSbvam","SecurityToken":"CAIS5wF1q6Ft5B2yfSjIqZfnPPiMiusS4rScbxOE3GcGb8dcl7faiDz2IH1FfXdpB+8WsPszm2xX5/kdlqp6U4cdzJsh5gA0vPpt6gqET9frma7ctM4p6vCMHWyUFGSIvqv7aPn4S9XwY+qkb0u++AZ43br9c0fJPTXnS+rr76RqddMKRAK1QCNbDdNNXGtYpdQdKGHaOITGUHeooBKJXRYy4Fci1Tklsf7mnJPD0HeE0g2mkN1yjp/qP52pY/NrOJpCSNqv1IR0DPGcgXcOskYVpPkp0PMYpmaY4cvwAUJc+RaW+FZfGjjI/WQagAGNTDtGgUo0g5gfSrBfFQv/HLD1G5gvbl6e1Oz50QiB4Mc897jdMvAtYGHjRTHIdx4g1rcXxwPlawAC2iUENiE67F9PYPIOnElprwDofrzxVykuMVHDpc/QJtH5sib2CSo/QAfC4CluLxShtWntq0CjNATIeDeAt+HA3wBi5bo+EA==","Expiration":"2018-03-19T03:52:48Z"}}
*************** response log end *******************

[2018-03-19T10:53:34.630] [INFO] resLogger - 
*************** response log start **************
request method:GET
request originalUrl:/sts
request client ip:::ffff:127.0.0.1
request query:{}
response time:298
response body:
{"code":0,"msg":"success","data":{"AccessKeyId":"STS.GMNfu795qx1ErWHb2e1BsQhoE","AccessKeySecret":"DCyG77rH8DFEM8fEGZjU5NJtdmhCqGLK25kwVGKLKVYR","SecurityToken":"CAIS5wF1q6Ft5B2yfSjIpo77Lc+D1OpQz/OucHH5hjIwPc1fvq3Epzz2IH1FfXdpB+8WsPszm2xX5/kdlqp6U4cdrI085gA0vPpt6gqET9frma7ctM4p6vCMHWyUFGSIvqv7aPn4S9XwY+qkb0u++AZ43br9c0fJPTXnS+rr76RqddMKRAK1QCNbDdNNXGtYpdQdKGHaOITGUHeooBKJXRYy4Fci1Tklsf7mnJPD0HeE0g2mkN1yjp/qP52pY/NrOJpCSNqv1IR0DPGcgXcOskYVpPkp0PMYpmaY4cvwAUJc+RaW+FZfGjjI/WQagAF5dx9+CpEBMhiYS/eTJVPSUyZXEByLFsjJZOxCm7F52oJVh8/B5VPUJo7b0/NXKxGh9BcKX+qn9vkV6iW14t7v8F3cvYVSVxD5c1VI2rXWG8wS7IoJ03vPgIGmYFDm1q9B6YdI1fcJQ6QjtBnPxZA1c/SK7yDsUuL/l4B2U//RLg==","Expiration":"2018-03-19T03:53:34Z"}}
*************** response log end *******************

