[2018-03-17T19:52:47.610] [INFO] resLogger - 
*************** response log start **************
request method:POST
request originalUrl:/cms/createRes
request client ip:::ffff:127.0.0.1
request body
{"type":1,"name":"123","intro":"123","cover":"","textContent":"123","saleType":0,"audioSrc":"","videoSrc":"","price":"123","saleTime":"2018-05-24T10:30"}
response time:3
response body:
{"code":0,"msg":"success"}
*************** response log end *******************

[2018-03-17T19:53:57.899] [INFO] resLogger - 
*************** response log start **************
request method:POST
request originalUrl:/cms/createRes
request client ip:::ffff:127.0.0.1
request body
{"type":1,"name":"123","intro":"123","cover":"","textContent":"123","saleType":0,"audioSrc":"","videoSrc":"","price":"123","saleTime":"2018-05-24T10:30"}
response time:4
response body:
undefined
*************** response log end *******************

[2018-03-17T19:55:15.696] [INFO] resLogger - 
*************** response log start **************
request method:POST
request originalUrl:/cms/createRes
request client ip:::ffff:127.0.0.1
request body
{"type":1,"name":"123","intro":"123","cover":"","textContent":"123","saleType":0,"audioSrc":"","videoSrc":"","price":"123","saleTime":"2018-05-24T10:30"}
response time:32
response body:
undefined
*************** response log end *******************

[2018-03-17T19:55:58.859] [INFO] resLogger - 
*************** response log start **************
request method:POST
request originalUrl:/cms/createRes
request client ip:::ffff:127.0.0.1
request body
{"type":1,"name":"123","intro":"123","cover":"","textContent":"123","saleType":0,"audioSrc":"","videoSrc":"","price":"123","saleTime":"2018-05-24T10:30"}
response time:7
response body:
{"code":0,"msg":"success","data":{}}
*************** response log end *******************

[2018-03-17T19:57:12.716] [INFO] resLogger - 
*************** response log start **************
request method:POST
request originalUrl:/cms/createRes
request client ip:::ffff:127.0.0.1
request body
{"type":1,"name":"123","intro":"123","cover":"","textContent":"123","saleType":0,"audioSrc":"","videoSrc":"","price":"123","saleTime":"2018-05-24T10:30"}
response time:6
response body:
{"code":0,"msg":"success","data":{}}
*************** response log end *******************

[2018-03-17T19:57:32.607] [INFO] resLogger - 
*************** response log start **************
request method:POST
request originalUrl:/cms/createRes
request client ip:::ffff:127.0.0.1
request body
{"type":1,"name":"123","intro":"123","cover":"","textContent":"123","saleType":0,"audioSrc":"","videoSrc":"","price":"123","saleTime":"2018-05-24T10:30"}
response time:4
response body:
undefined
*************** response log end *******************

[2018-03-17T19:59:47.591] [INFO] resLogger - 
*************** response log start **************
request method:POST
request originalUrl:/cms/createRes
request client ip:::ffff:127.0.0.1
request body
{"type":1,"name":"123","intro":"123","cover":"","textContent":"123","saleType":0,"audioSrc":"","videoSrc":"","price":"123","saleTime":"2018-05-24T10:30"}
response time:5
response body:
undefined
*************** response log end *******************

