[2017-12-25T19:02:20.786] [INFO] resLogger - 
*************** response log start **************
request method:GET
request originalUrl:/user/info
request client ip:::ffff:127.0.0.1
request query:{}
response time:1
response body:
{"code":0,"msg":"success","data":{"_id":"5a40d8e62281afbdf739da1f","user":"kggg","type":"genius","title":"123","desc":"123","money":"","avatar":"pic5"}}
*************** response log end *******************

[2017-12-25T19:03:33.287] [INFO] resLogger - 
*************** response log start **************
request method:GET
request originalUrl:/user/info
request client ip:::ffff:127.0.0.1
request query:{}
response time:2
response body:
{"code":0,"msg":"success","data":{"_id":"5a40d8e62281afbdf739da1f","user":"kggg","type":"genius","title":"123","desc":"123","money":"","avatar":"pic5"}}
*************** response log end *******************

[2017-12-25T19:03:52.370] [INFO] resLogger - 
*************** response log start **************
request method:GET
request originalUrl:/user/info
request client ip:::ffff:127.0.0.1
request query:{}
response time:3
response body:
{"code":0,"msg":"success","data":{"_id":"5a40d8e62281afbdf739da1f","user":"kggg","type":"genius","title":"123","desc":"123","money":"","avatar":"pic5"}}
*************** response log end *******************

[2017-12-25T19:09:07.763] [INFO] resLogger - 
*************** response log start **************
request method:GET
request originalUrl:/robots.txt
request client ip:::ffff:127.0.0.1
request query:{}
response time:0
response body:
undefined
*************** response log end *******************

[2017-12-25T19:09:08.597] [INFO] resLogger - 
*************** response log start **************
request method:GET
request originalUrl:/user/info
request client ip:::ffff:127.0.0.1
request query:{}
response time:2
response body:
{"code":0,"msg":"success","data":{"_id":"5a40d8e62281afbdf739da1f","user":"kggg","type":"genius","title":"123","desc":"123","money":"","avatar":"pic5"}}
*************** response log end *******************

[2017-12-25T19:09:45.641] [INFO] resLogger - 
*************** response log start **************
request method:GET
request originalUrl:/
request client ip:::1
request query:{}
response time:570
response body:
"<!DOCTYPE html><html><head><title>Hello Koa 2!</title><link rel=\"stylesheet\" href=\"/stylesheets/style.css\"></head><body><h1>Hello Koa 2!</h1><p>Welcome to Hello Koa 2!</p></body></html>"
*************** response log end *******************

[2017-12-25T19:09:45.645] [INFO] resLogger - 
*************** response log start **************
request method:GET
request originalUrl:/robots.txt
request client ip:::1
request query:{}
response time:0
response body:
undefined
*************** response log end *******************

[2017-12-25T19:09:46.067] [INFO] resLogger - 
*************** response log start **************
request method:GET
request originalUrl:/favicon.ico
request client ip:::1
request query:{}
response time:0
response body:
undefined
*************** response log end *******************

[2017-12-25T19:09:49.653] [INFO] resLogger - 
*************** response log start **************
request method:GET
request originalUrl:/user/list
request client ip:::1
request query:{}
response time:10
response body:
[{"_id":"5a37af4df2e8472b52a6b36e","user":"kboss","pwd":"bdc009b66b98f0abfe8fda8f53338e22","type":"boss","__v":0,"title":"123","avatar":"pic1","company":"1231","money":"23","desc":"123"},{"_id":"5a37af70f2e8472b52a6b36f","user":"kgenius","pwd":"bdc009b66b98f0abfe8fda8f53338e22","type":"genius","__v":0,"title":"123","avatar":"pic2","desc":"123"},{"_id":"5a37b25df2e8472b52a6b370","user":"redux","pwd":"bdc009b66b98f0abfe8fda8f53338e22","type":"boss","__v":0,"title":"前端开发","desc":"asd","company":"asd","money":"asd","avatar":"pic2"},{"_id":"5a40bd252281afbdf739da1e","user":"kg","pwd":"8546a6f819303e121ce28b55e123bc97","type":"genius","__v":0,"title":"前端","avatar":"pic2","desc":"QQWeb"},{"_id":"5a40d8e62281afbdf739da1f","user":"kggg","pwd":"bdc009b66b98f0abfe8fda8f53338e22","type":"genius","__v":0,"title":"123","desc":"123","money":"","avatar":"pic5"}]
*************** response log end *******************

[2017-12-25T19:12:38.960] [INFO] resLogger - 
*************** response log start **************
request method:GET
request originalUrl:/user/list?type=boss
request client ip:::1
request query:{"type":"boss"}
response time:18
response body:
[]
*************** response log end *******************

[2017-12-25T19:12:58.698] [INFO] resLogger - 
*************** response log start **************
request method:GET
request originalUrl:/user/list
request client ip:::1
request query:{}
response time:3
response body:
[]
*************** response log end *******************

[2017-12-25T19:13:33.352] [INFO] resLogger - 
*************** response log start **************
request method:GET
request originalUrl:/user/list
request client ip:::1
request query:{}
response time:18
response body:
[]
*************** response log end *******************

[2017-12-25T19:13:37.979] [INFO] resLogger - 
*************** response log start **************
request method:GET
request originalUrl:/user/list
request client ip:::1
request query:{}
response time:2
response body:
[]
*************** response log end *******************

[2017-12-25T19:13:52.725] [INFO] resLogger - 
*************** response log start **************
request method:GET
request originalUrl:/user/info
request client ip:::1
request query:{}
response time:11
response body:
{"code":0,"msg":"success","data":{"_id":"5a40d8e62281afbdf739da1f","user":"kggg","type":"genius","title":"123","desc":"123","money":"","avatar":"pic5"}}
*************** response log end *******************

[2017-12-25T19:14:04.189] [INFO] resLogger - 
*************** response log start **************
request method:GET
request originalUrl:/user/list?type=boss
request client ip:::1
request query:{"type":"boss"}
response time:2
response body:
[]
*************** response log end *******************

[2017-12-25T19:14:28.635] [INFO] resLogger - 
*************** response log start **************
request method:GET
request originalUrl:/user/list?type=boss
request client ip:::1
request query:{"type":"boss"}
response time:16
response body:
[]
*************** response log end *******************

[2017-12-25T19:14:51.033] [INFO] resLogger - 
*************** response log start **************
request method:GET
request originalUrl:/user/list?type=boss
request client ip:::1
request query:{"type":"boss"}
response time:20
response body:
[]
*************** response log end *******************

[2017-12-25T19:15:55.308] [INFO] resLogger - 
*************** response log start **************
request method:GET
request originalUrl:/user/list?type=boss
request client ip:::1
request query:{"type":"boss"}
response time:31
response body:
[{"_id":"5a37af4df2e8472b52a6b36e","user":"kboss","pwd":"bdc009b66b98f0abfe8fda8f53338e22","type":"boss","__v":0,"title":"123","avatar":"pic1","company":"1231","money":"23","desc":"123"},{"_id":"5a37b25df2e8472b52a6b370","user":"redux","pwd":"bdc009b66b98f0abfe8fda8f53338e22","type":"boss","__v":0,"title":"前端开发","desc":"asd","company":"asd","money":"asd","avatar":"pic2"}]
*************** response log end *******************

[2017-12-25T19:16:06.650] [INFO] resLogger - 
*************** response log start **************
request method:GET
request originalUrl:/user/list?type=genius
request client ip:::1
request query:{"type":"genius"}
response time:6
response body:
[{"_id":"5a37af70f2e8472b52a6b36f","user":"kgenius","pwd":"bdc009b66b98f0abfe8fda8f53338e22","type":"genius","__v":0,"title":"123","avatar":"pic2","desc":"123"},{"_id":"5a40bd252281afbdf739da1e","user":"kg","pwd":"8546a6f819303e121ce28b55e123bc97","type":"genius","__v":0,"title":"前端","avatar":"pic2","desc":"QQWeb"},{"_id":"5a40d8e62281afbdf739da1f","user":"kggg","pwd":"bdc009b66b98f0abfe8fda8f53338e22","type":"genius","__v":0,"title":"123","desc":"123","money":"","avatar":"pic5"}]
*************** response log end *******************

[2017-12-25T19:16:12.300] [INFO] resLogger - 
*************** response log start **************
request method:GET
request originalUrl:/user/list
request client ip:::1
request query:{}
response time:3
response body:
[]
*************** response log end *******************

[2017-12-25T19:16:16.885] [INFO] resLogger - 
*************** response log start **************
request method:GET
request originalUrl:/user/list?type=boss
request client ip:::1
request query:{"type":"boss"}
response time:4
response body:
[{"_id":"5a37af4df2e8472b52a6b36e","user":"kboss","pwd":"bdc009b66b98f0abfe8fda8f53338e22","type":"boss","__v":0,"title":"123","avatar":"pic1","company":"1231","money":"23","desc":"123"},{"_id":"5a37b25df2e8472b52a6b370","user":"redux","pwd":"bdc009b66b98f0abfe8fda8f53338e22","type":"boss","__v":0,"title":"前端开发","desc":"asd","company":"asd","money":"asd","avatar":"pic2"}]
*************** response log end *******************

[2017-12-25T19:17:14.918] [INFO] resLogger - 
*************** response log start **************
request method:GET
request originalUrl:/user/list?type=boss
request client ip:::1
request query:{"type":"boss"}
response time:41
response body:
[{"_id":"5a37af4df2e8472b52a6b36e","user":"kboss","pwd":"bdc009b66b98f0abfe8fda8f53338e22","type":"boss","__v":0,"title":"123","avatar":"pic1","company":"1231","money":"23","desc":"123"},{"_id":"5a37b25df2e8472b52a6b370","user":"redux","pwd":"bdc009b66b98f0abfe8fda8f53338e22","type":"boss","__v":0,"title":"前端开发","desc":"asd","company":"asd","money":"asd","avatar":"pic2"}]
*************** response log end *******************

[2017-12-25T19:17:19.388] [INFO] resLogger - 
*************** response log start **************
request method:GET
request originalUrl:/user/list
request client ip:::1
request query:{}
response time:4
response body:
[]
*************** response log end *******************

[2017-12-25T19:19:08.999] [INFO] resLogger - 
*************** response log start **************
request method:GET
request originalUrl:/user/list
request client ip:::1
request query:{}
response time:18
response body:
[]
*************** response log end *******************

[2017-12-25T19:19:24.626] [INFO] resLogger - 
*************** response log start **************
request method:GET
request originalUrl:/user/list
request client ip:::1
request query:{}
response time:23
response body:
[]
*************** response log end *******************

[2017-12-25T19:20:53.384] [INFO] resLogger - 
*************** response log start **************
request method:GET
request originalUrl:/user/list?type=boss
request client ip:::1
request query:{"type":"boss"}
response time:13
response body:
[{"_id":"5a37af4df2e8472b52a6b36e","user":"kboss","pwd":"bdc009b66b98f0abfe8fda8f53338e22","type":"boss","__v":0,"title":"123","avatar":"pic1","company":"1231","money":"23","desc":"123"},{"_id":"5a37b25df2e8472b52a6b370","user":"redux","pwd":"bdc009b66b98f0abfe8fda8f53338e22","type":"boss","__v":0,"title":"前端开发","desc":"asd","company":"asd","money":"asd","avatar":"pic2"}]
*************** response log end *******************

[2017-12-25T19:25:03.695] [INFO] resLogger - 
*************** response log start **************
request method:GET
request originalUrl:/user/info
request client ip:::ffff:127.0.0.1
request query:{}
response time:7
response body:
{"code":0,"msg":"success","data":{"_id":"5a40d8e62281afbdf739da1f","user":"kggg","type":"genius","title":"123","desc":"123","money":"","avatar":"pic5"}}
*************** response log end *******************

[2017-12-25T19:25:15.850] [INFO] resLogger - 
*************** response log start **************
request method:GET
request originalUrl:/user/info
request client ip:::ffff:127.0.0.1
request query:{}
response time:3
response body:
{"code":0,"msg":"success","data":{"_id":"5a40d8e62281afbdf739da1f","user":"kggg","type":"genius","title":"123","desc":"123","money":"","avatar":"pic5"}}
*************** response log end *******************

[2017-12-25T19:25:15.869] [INFO] resLogger - 
*************** response log start **************
request method:GET
request originalUrl:/user/list?type=genius
request client ip:::ffff:127.0.0.1
request query:{"type":"genius"}
response time:6
response body:
[{"_id":"5a37af70f2e8472b52a6b36f","user":"kgenius","pwd":"bdc009b66b98f0abfe8fda8f53338e22","type":"genius","__v":0,"title":"123","avatar":"pic2","desc":"123"},{"_id":"5a40bd252281afbdf739da1e","user":"kg","pwd":"8546a6f819303e121ce28b55e123bc97","type":"genius","__v":0,"title":"前端","avatar":"pic2","desc":"QQWeb"},{"_id":"5a40d8e62281afbdf739da1f","user":"kggg","pwd":"bdc009b66b98f0abfe8fda8f53338e22","type":"genius","__v":0,"title":"123","desc":"123","money":"","avatar":"pic5"}]
*************** response log end *******************

[2017-12-25T19:26:37.642] [INFO] resLogger - 
*************** response log start **************
request method:GET
request originalUrl:/user/info
request client ip:::ffff:127.0.0.1
request query:{}
response time:2
response body:
{"code":0,"msg":"success","data":{"_id":"5a40d8e62281afbdf739da1f","user":"kggg","type":"genius","title":"123","desc":"123","money":"","avatar":"pic5"}}
*************** response log end *******************

[2017-12-25T19:26:37.662] [INFO] resLogger - 
*************** response log start **************
request method:GET
request originalUrl:/user/list?type=genius
request client ip:::ffff:127.0.0.1
request query:{"type":"genius"}
response time:4
response body:
[{"_id":"5a37af70f2e8472b52a6b36f","user":"kgenius","pwd":"bdc009b66b98f0abfe8fda8f53338e22","type":"genius","__v":0,"title":"123","avatar":"pic2","desc":"123"},{"_id":"5a40bd252281afbdf739da1e","user":"kg","pwd":"8546a6f819303e121ce28b55e123bc97","type":"genius","__v":0,"title":"前端","avatar":"pic2","desc":"QQWeb"},{"_id":"5a40d8e62281afbdf739da1f","user":"kggg","pwd":"bdc009b66b98f0abfe8fda8f53338e22","type":"genius","__v":0,"title":"123","desc":"123","money":"","avatar":"pic5"}]
*************** response log end *******************

[2017-12-25T19:26:57.909] [INFO] resLogger - 
*************** response log start **************
request method:GET
request originalUrl:/user/info
request client ip:::ffff:127.0.0.1
request query:{}
response time:2
response body:
{"code":0,"msg":"success","data":{"_id":"5a40d8e62281afbdf739da1f","user":"kggg","type":"genius","title":"123","desc":"123","money":"","avatar":"pic5"}}
*************** response log end *******************

[2017-12-25T19:26:57.922] [INFO] resLogger - 
*************** response log start **************
request method:GET
request originalUrl:/user/list?type=genius
request client ip:::ffff:127.0.0.1
request query:{"type":"genius"}
response time:3
response body:
[{"_id":"5a37af70f2e8472b52a6b36f","user":"kgenius","pwd":"bdc009b66b98f0abfe8fda8f53338e22","type":"genius","__v":0,"title":"123","avatar":"pic2","desc":"123"},{"_id":"5a40bd252281afbdf739da1e","user":"kg","pwd":"8546a6f819303e121ce28b55e123bc97","type":"genius","__v":0,"title":"前端","avatar":"pic2","desc":"QQWeb"},{"_id":"5a40d8e62281afbdf739da1f","user":"kggg","pwd":"bdc009b66b98f0abfe8fda8f53338e22","type":"genius","__v":0,"title":"123","desc":"123","money":"","avatar":"pic5"}]
*************** response log end *******************

[2017-12-25T19:28:27.717] [INFO] resLogger - 
*************** response log start **************
request method:GET
request originalUrl:/user/list?type=boss
request client ip:::1
request query:{"type":"boss"}
response time:19
response body:
{"code":0,"msg":"success","data":[{"_id":"5a37af4df2e8472b52a6b36e","user":"kboss","pwd":"bdc009b66b98f0abfe8fda8f53338e22","type":"boss","__v":0,"title":"123","avatar":"pic1","company":"1231","money":"23","desc":"123"},{"_id":"5a37b25df2e8472b52a6b370","user":"redux","pwd":"bdc009b66b98f0abfe8fda8f53338e22","type":"boss","__v":0,"title":"前端开发","desc":"asd","company":"asd","money":"asd","avatar":"pic2"}]}
*************** response log end *******************

[2017-12-25T19:28:53.763] [INFO] resLogger - 
*************** response log start **************
request method:GET
request originalUrl:/user/info
request client ip:::ffff:127.0.0.1
request query:{}
response time:9
response body:
{"code":0,"msg":"success","data":{"_id":"5a40d8e62281afbdf739da1f","user":"kggg","type":"genius","title":"123","desc":"123","money":"","avatar":"pic5"}}
*************** response log end *******************

[2017-12-25T19:28:53.769] [INFO] resLogger - 
*************** response log start **************
request method:GET
request originalUrl:/user/list?type=genius
request client ip:::ffff:127.0.0.1
request query:{"type":"genius"}
response time:3
response body:
{"code":0,"msg":"success","data":[{"_id":"5a37af70f2e8472b52a6b36f","user":"kgenius","pwd":"bdc009b66b98f0abfe8fda8f53338e22","type":"genius","__v":0,"title":"123","avatar":"pic2","desc":"123"},{"_id":"5a40bd252281afbdf739da1e","user":"kg","pwd":"8546a6f819303e121ce28b55e123bc97","type":"genius","__v":0,"title":"前端","avatar":"pic2","desc":"QQWeb"},{"_id":"5a40d8e62281afbdf739da1f","user":"kggg","pwd":"bdc009b66b98f0abfe8fda8f53338e22","type":"genius","__v":0,"title":"123","desc":"123","money":"","avatar":"pic5"}]}
*************** response log end *******************

[2017-12-25T19:31:20.821] [INFO] resLogger - 
*************** response log start **************
request method:GET
request originalUrl:/user/info
request client ip:::ffff:127.0.0.1
request query:{}
response time:3
response body:
{"code":0,"msg":"success","data":{"_id":"5a40d8e62281afbdf739da1f","user":"kggg","type":"genius","title":"123","desc":"123","money":"","avatar":"pic5"}}
*************** response log end *******************

[2017-12-25T19:31:20.845] [INFO] resLogger - 
*************** response log start **************
request method:GET
request originalUrl:/user/list?type=genius
request client ip:::ffff:127.0.0.1
request query:{"type":"genius"}
response time:3
response body:
{"code":0,"msg":"success","data":[{"_id":"5a37af70f2e8472b52a6b36f","user":"kgenius","pwd":"bdc009b66b98f0abfe8fda8f53338e22","type":"genius","__v":0,"title":"123","avatar":"pic2","desc":"123"},{"_id":"5a40bd252281afbdf739da1e","user":"kg","pwd":"8546a6f819303e121ce28b55e123bc97","type":"genius","__v":0,"title":"前端","avatar":"pic2","desc":"QQWeb"},{"_id":"5a40d8e62281afbdf739da1f","user":"kggg","pwd":"bdc009b66b98f0abfe8fda8f53338e22","type":"genius","__v":0,"title":"123","desc":"123","money":"","avatar":"pic5"}]}
*************** response log end *******************

[2017-12-25T19:34:36.846] [INFO] resLogger - 
*************** response log start **************
request method:GET
request originalUrl:/user/info
request client ip:::ffff:127.0.0.1
request query:{}
response time:2
response body:
{"code":0,"msg":"success","data":{"_id":"5a40d8e62281afbdf739da1f","user":"kggg","type":"genius","title":"123","desc":"123","money":"","avatar":"pic5"}}
*************** response log end *******************

[2017-12-25T19:38:40.358] [INFO] resLogger - 
*************** response log start **************
request method:GET
request originalUrl:/user/info
request client ip:::ffff:127.0.0.1
request query:{}
response time:2
response body:
{"code":0,"msg":"success","data":{"_id":"5a40d8e62281afbdf739da1f","user":"kggg","type":"genius","title":"123","desc":"123","money":"","avatar":"pic5"}}
*************** response log end *******************

[2017-12-25T19:39:55.380] [INFO] resLogger - 
*************** response log start **************
request method:GET
request originalUrl:/user/info
request client ip:::ffff:127.0.0.1
request query:{}
response time:2
response body:
{"code":0,"msg":"success","data":{"_id":"5a40d8e62281afbdf739da1f","user":"kggg","type":"genius","title":"123","desc":"123","money":"","avatar":"pic5"}}
*************** response log end *******************

[2017-12-25T19:39:55.397] [INFO] resLogger - 
*************** response log start **************
request method:GET
request originalUrl:/user/list?type=genius
request client ip:::ffff:127.0.0.1
request query:{"type":"genius"}
response time:6
response body:
{"code":0,"msg":"success","data":[{"_id":"5a37af70f2e8472b52a6b36f","user":"kgenius","pwd":"bdc009b66b98f0abfe8fda8f53338e22","type":"genius","__v":0,"title":"123","avatar":"pic2","desc":"123"},{"_id":"5a40bd252281afbdf739da1e","user":"kg","pwd":"8546a6f819303e121ce28b55e123bc97","type":"genius","__v":0,"title":"前端","avatar":"pic2","desc":"QQWeb"},{"_id":"5a40d8e62281afbdf739da1f","user":"kggg","pwd":"bdc009b66b98f0abfe8fda8f53338e22","type":"genius","__v":0,"title":"123","desc":"123","money":"","avatar":"pic5"}]}
*************** response log end *******************

[2017-12-25T19:41:21.074] [INFO] resLogger - 
*************** response log start **************
request method:GET
request originalUrl:/user/info
request client ip:::ffff:127.0.0.1
request query:{}
response time:7
response body:
{"code":0,"msg":"success","data":{"_id":"5a40d8e62281afbdf739da1f","user":"kggg","type":"genius","title":"123","desc":"123","money":"","avatar":"pic5"}}
*************** response log end *******************

[2017-12-25T19:41:21.080] [INFO] resLogger - 
*************** response log start **************
request method:GET
request originalUrl:/user/list?type=genius
request client ip:::ffff:127.0.0.1
request query:{"type":"genius"}
response time:10
response body:
{"code":0,"msg":"success","data":[{"_id":"5a37af70f2e8472b52a6b36f","user":"kgenius","pwd":"bdc009b66b98f0abfe8fda8f53338e22","type":"genius","__v":0,"title":"123","avatar":"pic2","desc":"123"},{"_id":"5a40bd252281afbdf739da1e","user":"kg","pwd":"8546a6f819303e121ce28b55e123bc97","type":"genius","__v":0,"title":"前端","avatar":"pic2","desc":"QQWeb"},{"_id":"5a40d8e62281afbdf739da1f","user":"kggg","pwd":"bdc009b66b98f0abfe8fda8f53338e22","type":"genius","__v":0,"title":"123","desc":"123","money":"","avatar":"pic5"}]}
*************** response log end *******************

[2017-12-25T19:41:26.810] [INFO] resLogger - 
*************** response log start **************
request method:GET
request originalUrl:/user/info
request client ip:::ffff:127.0.0.1
request query:{}
response time:3
response body:
{"code":0,"msg":"success","data":{"_id":"5a40d8e62281afbdf739da1f","user":"kggg","type":"genius","title":"123","desc":"123","money":"","avatar":"pic5"}}
*************** response log end *******************

[2017-12-25T19:41:26.824] [INFO] resLogger - 
*************** response log start **************
request method:GET
request originalUrl:/user/list?type=genius
request client ip:::ffff:127.0.0.1
request query:{"type":"genius"}
response time:3
response body:
{"code":0,"msg":"success","data":[{"_id":"5a37af70f2e8472b52a6b36f","user":"kgenius","pwd":"bdc009b66b98f0abfe8fda8f53338e22","type":"genius","__v":0,"title":"123","avatar":"pic2","desc":"123"},{"_id":"5a40bd252281afbdf739da1e","user":"kg","pwd":"8546a6f819303e121ce28b55e123bc97","type":"genius","__v":0,"title":"前端","avatar":"pic2","desc":"QQWeb"},{"_id":"5a40d8e62281afbdf739da1f","user":"kggg","pwd":"bdc009b66b98f0abfe8fda8f53338e22","type":"genius","__v":0,"title":"123","desc":"123","money":"","avatar":"pic5"}]}
*************** response log end *******************

[2017-12-25T19:42:41.623] [INFO] resLogger - 
*************** response log start **************
request method:GET
request originalUrl:/user/info
request client ip:::ffff:127.0.0.1
request query:{}
response time:2
response body:
{"code":0,"msg":"success","data":{"_id":"5a40d8e62281afbdf739da1f","user":"kggg","type":"genius","title":"123","desc":"123","money":"","avatar":"pic5"}}
*************** response log end *******************

[2017-12-25T19:42:41.633] [INFO] resLogger - 
*************** response log start **************
request method:GET
request originalUrl:/user/list?type=genius
request client ip:::ffff:127.0.0.1
request query:{"type":"genius"}
response time:9
response body:
{"code":0,"msg":"success","data":[{"_id":"5a37af70f2e8472b52a6b36f","user":"kgenius","pwd":"bdc009b66b98f0abfe8fda8f53338e22","type":"genius","__v":0,"title":"123","avatar":"pic2","desc":"123"},{"_id":"5a40bd252281afbdf739da1e","user":"kg","pwd":"8546a6f819303e121ce28b55e123bc97","type":"genius","__v":0,"title":"前端","avatar":"pic2","desc":"QQWeb"},{"_id":"5a40d8e62281afbdf739da1f","user":"kggg","pwd":"bdc009b66b98f0abfe8fda8f53338e22","type":"genius","__v":0,"title":"123","desc":"123","money":"","avatar":"pic5"}]}
*************** response log end *******************

[2017-12-25T19:43:10.409] [INFO] resLogger - 
*************** response log start **************
request method:GET
request originalUrl:/user/info
request client ip:::ffff:127.0.0.1
request query:{}
response time:2
response body:
{"code":0,"msg":"success","data":{"_id":"5a40d8e62281afbdf739da1f","user":"kggg","type":"genius","title":"123","desc":"123","money":"","avatar":"pic5"}}
*************** response log end *******************

[2017-12-25T19:43:10.412] [INFO] resLogger - 
*************** response log start **************
request method:GET
request originalUrl:/user/list?type=genius
request client ip:::ffff:127.0.0.1
request query:{"type":"genius"}
response time:2
response body:
{"code":0,"msg":"success","data":[{"_id":"5a37af70f2e8472b52a6b36f","user":"kgenius","pwd":"bdc009b66b98f0abfe8fda8f53338e22","type":"genius","__v":0,"title":"123","avatar":"pic2","desc":"123"},{"_id":"5a40bd252281afbdf739da1e","user":"kg","pwd":"8546a6f819303e121ce28b55e123bc97","type":"genius","__v":0,"title":"前端","avatar":"pic2","desc":"QQWeb"},{"_id":"5a40d8e62281afbdf739da1f","user":"kggg","pwd":"bdc009b66b98f0abfe8fda8f53338e22","type":"genius","__v":0,"title":"123","desc":"123","money":"","avatar":"pic5"}]}
*************** response log end *******************

[2017-12-25T19:45:14.884] [INFO] resLogger - 
*************** response log start **************
request method:GET
request originalUrl:/user/list?type=genius
request client ip:::1
request query:{"type":"genius"}
response time:2
response body:
{"code":0,"msg":"success","data":[{"_id":"5a37af70f2e8472b52a6b36f","user":"kgenius","pwd":"bdc009b66b98f0abfe8fda8f53338e22","type":"genius","__v":0,"title":"123","avatar":"pic2","desc":"123"},{"_id":"5a40bd252281afbdf739da1e","user":"kg","pwd":"8546a6f819303e121ce28b55e123bc97","type":"genius","__v":0,"title":"前端","avatar":"pic2","desc":"QQWeb"},{"_id":"5a40d8e62281afbdf739da1f","user":"kggg","pwd":"bdc009b66b98f0abfe8fda8f53338e22","type":"genius","__v":0,"title":"123","desc":"123","money":"","avatar":"pic5"}]}
*************** response log end *******************

[2017-12-25T19:48:13.319] [INFO] resLogger - 
*************** response log start **************
request method:GET
request originalUrl:/user/info
request client ip:::ffff:127.0.0.1
request query:{}
response time:2
response body:
{"code":0,"msg":"success","data":{"_id":"5a40d8e62281afbdf739da1f","user":"kggg","type":"genius","title":"123","desc":"123","money":"","avatar":"pic5"}}
*************** response log end *******************

[2017-12-25T19:48:13.321] [INFO] resLogger - 
*************** response log start **************
request method:GET
request originalUrl:/user/list?type=genius
request client ip:::ffff:127.0.0.1
request query:{"type":"genius"}
response time:3
response body:
{"code":0,"msg":"success","data":[{"_id":"5a37af70f2e8472b52a6b36f","user":"kgenius","pwd":"bdc009b66b98f0abfe8fda8f53338e22","type":"genius","__v":0,"title":"123","avatar":"pic2","desc":"123"},{"_id":"5a40bd252281afbdf739da1e","user":"kg","pwd":"8546a6f819303e121ce28b55e123bc97","type":"genius","__v":0,"title":"前端","avatar":"pic2","desc":"QQWeb"},{"_id":"5a40d8e62281afbdf739da1f","user":"kggg","pwd":"bdc009b66b98f0abfe8fda8f53338e22","type":"genius","__v":0,"title":"123","desc":"123","money":"","avatar":"pic5"}]}
*************** response log end *******************

[2017-12-25T19:48:20.843] [INFO] resLogger - 
*************** response log start **************
request method:GET
request originalUrl:/user/info
request client ip:::ffff:127.0.0.1
request query:{}
response time:3
response body:
{"code":0,"msg":"success","data":{"_id":"5a40d8e62281afbdf739da1f","user":"kggg","type":"genius","title":"123","desc":"123","money":"","avatar":"pic5"}}
*************** response log end *******************

[2017-12-25T19:48:20.845] [INFO] resLogger - 
*************** response log start **************
request method:GET
request originalUrl:/user/list?type=genius
request client ip:::ffff:127.0.0.1
request query:{"type":"genius"}
response time:4
response body:
{"code":0,"msg":"success","data":[{"_id":"5a37af70f2e8472b52a6b36f","user":"kgenius","pwd":"bdc009b66b98f0abfe8fda8f53338e22","type":"genius","__v":0,"title":"123","avatar":"pic2","desc":"123"},{"_id":"5a40bd252281afbdf739da1e","user":"kg","pwd":"8546a6f819303e121ce28b55e123bc97","type":"genius","__v":0,"title":"前端","avatar":"pic2","desc":"QQWeb"},{"_id":"5a40d8e62281afbdf739da1f","user":"kggg","pwd":"bdc009b66b98f0abfe8fda8f53338e22","type":"genius","__v":0,"title":"123","desc":"123","money":"","avatar":"pic5"}]}
*************** response log end *******************

[2017-12-25T19:49:10.125] [INFO] resLogger - 
*************** response log start **************
request method:GET
request originalUrl:/user/info
request client ip:::ffff:127.0.0.1
request query:{}
response time:2
response body:
{"code":0,"msg":"success","data":{"_id":"5a40d8e62281afbdf739da1f","user":"kggg","type":"genius","title":"123","desc":"123","money":"","avatar":"pic5"}}
*************** response log end *******************

[2017-12-25T19:49:10.127] [INFO] resLogger - 
*************** response log start **************
request method:GET
request originalUrl:/user/list?type=genius
request client ip:::ffff:127.0.0.1
request query:{"type":"genius"}
response time:3
response body:
{"code":0,"msg":"success","data":[{"_id":"5a37af70f2e8472b52a6b36f","user":"kgenius","pwd":"bdc009b66b98f0abfe8fda8f53338e22","type":"genius","__v":0,"title":"123","avatar":"pic2","desc":"123"},{"_id":"5a40bd252281afbdf739da1e","user":"kg","pwd":"8546a6f819303e121ce28b55e123bc97","type":"genius","__v":0,"title":"前端","avatar":"pic2","desc":"QQWeb"},{"_id":"5a40d8e62281afbdf739da1f","user":"kggg","pwd":"bdc009b66b98f0abfe8fda8f53338e22","type":"genius","__v":0,"title":"123","desc":"123","money":"","avatar":"pic5"}]}
*************** response log end *******************

[2017-12-25T19:50:57.233] [INFO] resLogger - 
*************** response log start **************
request method:GET
request originalUrl:/user/info
request client ip:::ffff:127.0.0.1
request query:{}
response time:2
response body:
{"code":0,"msg":"success","data":{"_id":"5a40d8e62281afbdf739da1f","user":"kggg","type":"genius","title":"123","desc":"123","money":"","avatar":"pic5"}}
*************** response log end *******************

[2017-12-25T19:50:57.238] [INFO] resLogger - 
*************** response log start **************
request method:GET
request originalUrl:/user/list?type=genius
request client ip:::ffff:127.0.0.1
request query:{"type":"genius"}
response time:3
response body:
{"code":0,"msg":"success","data":[{"_id":"5a37af70f2e8472b52a6b36f","user":"kgenius","pwd":"bdc009b66b98f0abfe8fda8f53338e22","type":"genius","__v":0,"title":"123","avatar":"pic2","desc":"123"},{"_id":"5a40bd252281afbdf739da1e","user":"kg","pwd":"8546a6f819303e121ce28b55e123bc97","type":"genius","__v":0,"title":"前端","avatar":"pic2","desc":"QQWeb"},{"_id":"5a40d8e62281afbdf739da1f","user":"kggg","pwd":"bdc009b66b98f0abfe8fda8f53338e22","type":"genius","__v":0,"title":"123","desc":"123","money":"","avatar":"pic5"}]}
*************** response log end *******************

[2017-12-25T19:51:09.313] [INFO] resLogger - 
*************** response log start **************
request method:GET
request originalUrl:/user/info
request client ip:::ffff:127.0.0.1
request query:{}
response time:2
response body:
{"code":0,"msg":"success","data":{"_id":"5a40d8e62281afbdf739da1f","user":"kggg","type":"genius","title":"123","desc":"123","money":"","avatar":"pic5"}}
*************** response log end *******************

[2017-12-25T19:51:09.316] [INFO] resLogger - 
*************** response log start **************
request method:GET
request originalUrl:/user/list?type=genius
request client ip:::ffff:127.0.0.1
request query:{"type":"genius"}
response time:4
response body:
{"code":0,"msg":"success","data":[{"_id":"5a37af70f2e8472b52a6b36f","user":"kgenius","pwd":"bdc009b66b98f0abfe8fda8f53338e22","type":"genius","__v":0,"title":"123","avatar":"pic2","desc":"123"},{"_id":"5a40bd252281afbdf739da1e","user":"kg","pwd":"8546a6f819303e121ce28b55e123bc97","type":"genius","__v":0,"title":"前端","avatar":"pic2","desc":"QQWeb"},{"_id":"5a40d8e62281afbdf739da1f","user":"kggg","pwd":"bdc009b66b98f0abfe8fda8f53338e22","type":"genius","__v":0,"title":"123","desc":"123","money":"","avatar":"pic5"}]}
*************** response log end *******************

[2017-12-25T19:51:42.327] [INFO] resLogger - 
*************** response log start **************
request method:GET
request originalUrl:/user/info
request client ip:::ffff:127.0.0.1
request query:{}
response time:1
response body:
{"code":0,"msg":"success","data":{"_id":"5a40d8e62281afbdf739da1f","user":"kggg","type":"genius","title":"123","desc":"123","money":"","avatar":"pic5"}}
*************** response log end *******************

[2017-12-25T19:51:42.331] [INFO] resLogger - 
*************** response log start **************
request method:GET
request originalUrl:/user/list?type=genius
request client ip:::ffff:127.0.0.1
request query:{"type":"genius"}
response time:4
response body:
{"code":0,"msg":"success","data":[{"_id":"5a37af70f2e8472b52a6b36f","user":"kgenius","pwd":"bdc009b66b98f0abfe8fda8f53338e22","type":"genius","__v":0,"title":"123","avatar":"pic2","desc":"123"},{"_id":"5a40bd252281afbdf739da1e","user":"kg","pwd":"8546a6f819303e121ce28b55e123bc97","type":"genius","__v":0,"title":"前端","avatar":"pic2","desc":"QQWeb"},{"_id":"5a40d8e62281afbdf739da1f","user":"kggg","pwd":"bdc009b66b98f0abfe8fda8f53338e22","type":"genius","__v":0,"title":"123","desc":"123","money":"","avatar":"pic5"}]}
*************** response log end *******************

[2017-12-25T19:52:19.572] [INFO] resLogger - 
*************** response log start **************
request method:GET
request originalUrl:/user/info
request client ip:::ffff:127.0.0.1
request query:{}
response time:2
response body:
{"code":0,"msg":"success","data":{"_id":"5a40d8e62281afbdf739da1f","user":"kggg","type":"genius","title":"123","desc":"123","money":"","avatar":"pic5"}}
*************** response log end *******************

[2017-12-25T19:52:19.577] [INFO] resLogger - 
*************** response log start **************
request method:GET
request originalUrl:/user/list?type=genius
request client ip:::ffff:127.0.0.1
request query:{"type":"genius"}
response time:3
response body:
{"code":0,"msg":"success","data":[{"_id":"5a37af70f2e8472b52a6b36f","user":"kgenius","pwd":"bdc009b66b98f0abfe8fda8f53338e22","type":"genius","__v":0,"title":"123","avatar":"pic2","desc":"123"},{"_id":"5a40bd252281afbdf739da1e","user":"kg","pwd":"8546a6f819303e121ce28b55e123bc97","type":"genius","__v":0,"title":"前端","avatar":"pic2","desc":"QQWeb"},{"_id":"5a40d8e62281afbdf739da1f","user":"kggg","pwd":"bdc009b66b98f0abfe8fda8f53338e22","type":"genius","__v":0,"title":"123","desc":"123","money":"","avatar":"pic5"}]}
*************** response log end *******************

[2017-12-25T19:53:51.977] [INFO] resLogger - 
*************** response log start **************
request method:GET
request originalUrl:/user/info
request client ip:::ffff:127.0.0.1
request query:{}
response time:3
response body:
{"code":0,"msg":"success","data":{"_id":"5a40d8e62281afbdf739da1f","user":"kggg","type":"genius","title":"123","desc":"123","money":"","avatar":"pic5"}}
*************** response log end *******************

[2017-12-25T19:53:51.980] [INFO] resLogger - 
*************** response log start **************
request method:GET
request originalUrl:/user/list?type=genius
request client ip:::ffff:127.0.0.1
request query:{"type":"genius"}
response time:4
response body:
{"code":0,"msg":"success","data":[{"_id":"5a37af70f2e8472b52a6b36f","user":"kgenius","pwd":"bdc009b66b98f0abfe8fda8f53338e22","type":"genius","__v":0,"title":"123","avatar":"pic2","desc":"123"},{"_id":"5a40bd252281afbdf739da1e","user":"kg","pwd":"8546a6f819303e121ce28b55e123bc97","type":"genius","__v":0,"title":"前端","avatar":"pic2","desc":"QQWeb"},{"_id":"5a40d8e62281afbdf739da1f","user":"kggg","pwd":"bdc009b66b98f0abfe8fda8f53338e22","type":"genius","__v":0,"title":"123","desc":"123","money":"","avatar":"pic5"}]}
*************** response log end *******************

[2017-12-25T19:54:59.458] [INFO] resLogger - 
*************** response log start **************
request method:GET
request originalUrl:/user/info
request client ip:::ffff:127.0.0.1
request query:{}
response time:4
response body:
{"code":0,"msg":"success","data":{"_id":"5a40d8e62281afbdf739da1f","user":"kggg","type":"genius","title":"123","desc":"123","money":"","avatar":"pic5"}}
*************** response log end *******************

[2017-12-25T19:54:59.460] [INFO] resLogger - 
*************** response log start **************
request method:GET
request originalUrl:/user/list?type=genius
request client ip:::ffff:127.0.0.1
request query:{"type":"genius"}
response time:4
response body:
{"code":0,"msg":"success","data":[{"_id":"5a37af70f2e8472b52a6b36f","user":"kgenius","pwd":"bdc009b66b98f0abfe8fda8f53338e22","type":"genius","__v":0,"title":"123","avatar":"pic2","desc":"123"},{"_id":"5a40bd252281afbdf739da1e","user":"kg","pwd":"8546a6f819303e121ce28b55e123bc97","type":"genius","__v":0,"title":"前端","avatar":"pic2","desc":"QQWeb"},{"_id":"5a40d8e62281afbdf739da1f","user":"kggg","pwd":"bdc009b66b98f0abfe8fda8f53338e22","type":"genius","__v":0,"title":"123","desc":"123","money":"","avatar":"pic5"}]}
*************** response log end *******************

[2017-12-25T19:55:03.489] [INFO] resLogger - 
*************** response log start **************
request method:GET
request originalUrl:/user/info
request client ip:::ffff:127.0.0.1
request query:{}
response time:3
response body:
{"code":0,"msg":"success","data":{"_id":"5a40d8e62281afbdf739da1f","user":"kggg","type":"genius","title":"123","desc":"123","money":"","avatar":"pic5"}}
*************** response log end *******************

[2017-12-25T19:55:03.492] [INFO] resLogger - 
*************** response log start **************
request method:GET
request originalUrl:/user/list?type=genius
request client ip:::ffff:127.0.0.1
request query:{"type":"genius"}
response time:3
response body:
{"code":0,"msg":"success","data":[{"_id":"5a37af70f2e8472b52a6b36f","user":"kgenius","pwd":"bdc009b66b98f0abfe8fda8f53338e22","type":"genius","__v":0,"title":"123","avatar":"pic2","desc":"123"},{"_id":"5a40bd252281afbdf739da1e","user":"kg","pwd":"8546a6f819303e121ce28b55e123bc97","type":"genius","__v":0,"title":"前端","avatar":"pic2","desc":"QQWeb"},{"_id":"5a40d8e62281afbdf739da1f","user":"kggg","pwd":"bdc009b66b98f0abfe8fda8f53338e22","type":"genius","__v":0,"title":"123","desc":"123","money":"","avatar":"pic5"}]}
*************** response log end *******************

[2017-12-25T19:55:36.369] [INFO] resLogger - 
*************** response log start **************
request method:GET
request originalUrl:/user/info
request client ip:::ffff:127.0.0.1
request query:{}
response time:2
response body:
{"code":0,"msg":"success","data":{"_id":"5a40d8e62281afbdf739da1f","user":"kggg","type":"genius","title":"123","desc":"123","money":"","avatar":"pic5"}}
*************** response log end *******************

[2017-12-25T19:55:36.371] [INFO] resLogger - 
*************** response log start **************
request method:GET
request originalUrl:/user/list?type=genius
request client ip:::ffff:127.0.0.1
request query:{"type":"genius"}
response time:3
response body:
{"code":0,"msg":"success","data":[{"_id":"5a37af70f2e8472b52a6b36f","user":"kgenius","pwd":"bdc009b66b98f0abfe8fda8f53338e22","type":"genius","__v":0,"title":"123","avatar":"pic2","desc":"123"},{"_id":"5a40bd252281afbdf739da1e","user":"kg","pwd":"8546a6f819303e121ce28b55e123bc97","type":"genius","__v":0,"title":"前端","avatar":"pic2","desc":"QQWeb"},{"_id":"5a40d8e62281afbdf739da1f","user":"kggg","pwd":"bdc009b66b98f0abfe8fda8f53338e22","type":"genius","__v":0,"title":"123","desc":"123","money":"","avatar":"pic5"}]}
*************** response log end *******************

