[2017-12-18T17:38:12.921] [INFO] resLogger - 
*************** response log start **************
request method:GET
request originalUrl:/user/info
request client ip:::ffff:127.0.0.1
request query:{}
response time:20
response body:
{"code":0,"msg":"success","data":{"_id":"5a377b3859794d118f8b37ca","user":"kboss","type":"boss"}}
*************** response log end *******************

[2017-12-18T17:40:25.488] [INFO] resLogger - 
*************** response log start **************
request method:GET
request originalUrl:/user/info
request client ip:::ffff:127.0.0.1
request query:{}
response time:2
response body:
{"code":0,"msg":"success","data":{"_id":"5a377b3859794d118f8b37ca","user":"kboss","type":"boss"}}
*************** response log end *******************

[2017-12-18T17:45:01.497] [INFO] resLogger - 
*************** response log start **************
request method:GET
request originalUrl:/robots.txt
request client ip:::ffff:127.0.0.1
request query:{}
response time:0
response body:
undefined
*************** response log end *******************

[2017-12-18T17:50:28.913] [INFO] resLogger - 
*************** response log start **************
request method:GET
request originalUrl:/user/info
request client ip:::ffff:127.0.0.1
request query:{}
response time:2
response body:
{"code":0,"msg":"success","data":{"_id":"5a377b3859794d118f8b37ca","user":"kboss","type":"boss"}}
*************** response log end *******************

[2017-12-18T17:52:27.100] [INFO] resLogger - 
*************** response log start **************
request method:GET
request originalUrl:/user/info
request client ip:::ffff:127.0.0.1
request query:{}
response time:2
response body:
{"code":0,"msg":"success","data":{"_id":"5a377b3859794d118f8b37ca","user":"kboss","type":"boss"}}
*************** response log end *******************

[2017-12-18T17:52:49.934] [INFO] resLogger - 
*************** response log start **************
request method:GET
request originalUrl:/user/info
request client ip:::ffff:127.0.0.1
request query:{}
response time:2
response body:
{"code":0,"msg":"success","data":{"_id":"5a377b3859794d118f8b37ca","user":"kboss","type":"boss"}}
*************** response log end *******************

[2017-12-18T17:54:42.810] [INFO] resLogger - 
*************** response log start **************
request method:GET
request originalUrl:/user/info
request client ip:::ffff:127.0.0.1
request query:{}
response time:1
response body:
{"code":0,"msg":"success","data":{"_id":"5a377b3859794d118f8b37ca","user":"kboss","type":"boss"}}
*************** response log end *******************

[2017-12-18T17:54:52.656] [INFO] resLogger - 
*************** response log start **************
request method:GET
request originalUrl:/user/info
request client ip:::ffff:127.0.0.1
request query:{}
response time:1
response body:
{"code":0,"msg":"success","data":{"_id":"5a377b3859794d118f8b37ca","user":"kboss","type":"boss"}}
*************** response log end *******************

[2017-12-18T17:56:27.854] [INFO] resLogger - 
*************** response log start **************
request method:GET
request originalUrl:/user/info
request client ip:::ffff:127.0.0.1
request query:{}
response time:2
response body:
{"code":0,"msg":"success","data":{"_id":"5a377b3859794d118f8b37ca","user":"kboss","type":"boss"}}
*************** response log end *******************

[2017-12-18T17:56:37.980] [INFO] resLogger - 
*************** response log start **************
request method:GET
request originalUrl:/user/info
request client ip:::ffff:127.0.0.1
request query:{}
response time:2
response body:
{"code":0,"msg":"success","data":{"_id":"5a377b3859794d118f8b37ca","user":"kboss","type":"boss"}}
*************** response log end *******************

[2017-12-18T17:57:11.140] [INFO] resLogger - 
*************** response log start **************
request method:GET
request originalUrl:/user/info
request client ip:::ffff:127.0.0.1
request query:{}
response time:1
response body:
{"code":0,"msg":"success","data":{"_id":"5a377b3859794d118f8b37ca","user":"kboss","type":"boss"}}
*************** response log end *******************

[2017-12-18T17:57:51.704] [INFO] resLogger - 
*************** response log start **************
request method:GET
request originalUrl:/user/info
request client ip:::ffff:127.0.0.1
request query:{}
response time:1
response body:
{"code":0,"msg":"success","data":{"_id":"5a377b3859794d118f8b37ca","user":"kboss","type":"boss"}}
*************** response log end *******************

