[2018-03-11T16:02:48.993] [INFO] resLogger - 
*************** response log start **************
request method:POST
request originalUrl:/app/register
request client ip:::ffff:127.0.0.1
request body
{"phone":"12345","pwd":"12345"}
response time:50
response body:
{"code":0,"msg":"success","data":{"_id":"5aa4e2a8ab3f8c133ac1673c"}}
*************** response log end *******************

[2018-03-11T16:03:31.949] [INFO] resLogger - 
*************** response log start **************
request method:POST
request originalUrl:/app/login
request client ip:::1
request body
{"phone":"123","pwd":"123"}
response time:13
response body:
{"code":0,"msg":"success","data":{"updateTime":"2018-03-10T13:35:58.138Z","createTime":"2018-03-10T13:35:58.138Z","_id":"5aa3df3e18d129fbeef90974","appId":"appXAKRb6caQka5JY2r","phone":123}}
*************** response log end *******************

[2018-03-11T16:05:07.738] [INFO] resLogger - 
*************** response log start **************
request method:POST
request originalUrl:/app/register
request client ip:::ffff:127.0.0.1
request body
{"phone":"123","pwd":"123"}
response time:10
response body:
{"code":2,"msg":"账号已注册"}
*************** response log end *******************

[2018-03-11T16:10:31.754] [INFO] resLogger - 
*************** response log start **************
request method:POST
request originalUrl:/app/login
request client ip:::ffff:127.0.0.1
request body
{"phone":"123","pwd":"123"}
response time:17
response body:
{"code":0,"msg":"success","data":{"updateTime":"2018-03-10T13:35:58.138Z","createTime":"2018-03-10T13:35:58.138Z","_id":"5aa3df3e18d129fbeef90974","appId":"appXAKRb6caQka5JY2r","phone":123}}
*************** response log end *******************

[2018-03-11T16:26:07.398] [INFO] resLogger - 
*************** response log start **************
request method:POST
request originalUrl:/app/register
request client ip:::ffff:127.0.0.1
request body
{"phone":"123","pwd":"123"}
response time:13
response body:
{"code":2,"msg":"账号已注册"}
*************** response log end *******************

[2018-03-11T16:27:12.128] [INFO] resLogger - 
*************** response log start **************
request method:POST
request originalUrl:/app/register
request client ip:::ffff:127.0.0.1
request body
{"phone":"123","pwd":"123"}
response time:1
response body:
{"code":2,"msg":"账号已注册"}
*************** response log end *******************

[2018-03-11T16:27:17.976] [INFO] resLogger - 
*************** response log start **************
request method:POST
request originalUrl:/app/login
request client ip:::ffff:127.0.0.1
request body
{"phone":"123","pwd":"123"}
response time:3
response body:
{"code":0,"msg":"success","data":{"updateTime":"2018-03-10T13:35:58.138Z","createTime":"2018-03-10T13:35:58.138Z","_id":"5aa3df3e18d129fbeef90974","appId":"appXAKRb6caQka5JY2r","phone":123}}
*************** response log end *******************

[2018-03-11T16:29:02.059] [INFO] resLogger - 
*************** response log start **************
request method:POST
request originalUrl:/app/login
request client ip:::ffff:127.0.0.1
request body
{"phone":"123","pwd":"123"}
response time:5
response body:
{"code":0,"msg":"success","data":{"updateTime":"2018-03-10T13:35:58.138Z","createTime":"2018-03-10T13:35:58.138Z","_id":"5aa3df3e18d129fbeef90974","appId":"appXAKRb6caQka5JY2r","phone":123}}
*************** response log end *******************

[2018-03-11T16:29:45.211] [INFO] resLogger - 
*************** response log start **************
request method:POST
request originalUrl:/app/login
request client ip:::ffff:127.0.0.1
request body
{"phone":"123","pwd":"123"}
response time:2
response body:
{"code":0,"msg":"success","data":{"updateTime":"2018-03-10T13:35:58.138Z","createTime":"2018-03-10T13:35:58.138Z","_id":"5aa3df3e18d129fbeef90974","appId":"appXAKRb6caQka5JY2r","phone":123}}
*************** response log end *******************

[2018-03-11T16:33:21.647] [INFO] resLogger - 
*************** response log start **************
request method:POST
request originalUrl:/app/login
request client ip:::ffff:127.0.0.1
request body
{"phone":"123","pwd":"123"}
response time:5
response body:
{"code":0,"msg":"success","data":{"updateTime":"2018-03-10T13:35:58.138Z","createTime":"2018-03-10T13:35:58.138Z","_id":"5aa3df3e18d129fbeef90974","appId":"appXAKRb6caQka5JY2r","phone":123}}
*************** response log end *******************

[2018-03-11T16:33:33.505] [INFO] resLogger - 
*************** response log start **************
request method:POST
request originalUrl:/app/login
request client ip:::ffff:127.0.0.1
request body
{"phone":"123","pwd":"123"}
response time:3
response body:
{"code":0,"msg":"success","data":{"updateTime":"2018-03-10T13:35:58.138Z","createTime":"2018-03-10T13:35:58.138Z","_id":"5aa3df3e18d129fbeef90974","appId":"appXAKRb6caQka5JY2r","phone":123}}
*************** response log end *******************

