[2018-03-19T11:08:56.450] [INFO] resLogger - 
*************** response log start **************
request method:GET
request originalUrl:/app/info
request client ip:::ffff:127.0.0.1
request query:{}
response time:4
response body:
{"code":0,"msg":"success","data":{"updateTime":"2018-03-10T13:35:58.138Z","createTime":"2018-03-10T13:35:58.138Z","_id":"5aa3df3e18d129fbeef90974","appId":"appXAKRb6caQka5JY2r","phone":123}}
*************** response log end *******************

[2018-03-19T11:08:56.459] [INFO] resLogger - 
*************** response log start **************
request method:GET
request originalUrl:/cms/getResInfo?id=t_Sw2Bb4rDki
request client ip:::ffff:127.0.0.1
request query:{"id":"t_Sw2Bb4rDki"}
response time:3
response body:
{"code":0,"msg":"success","data":{"createTime":"2018-03-19T02:30:51.427Z","_id":"5aaf20db3bd546350926cfbe","appId":"appXAKRb6caQka5JY2r","type":1,"id":"t_Sw2Bb4rDki","name":"123","intro":"123","cover":"http://jserk.oss-cn-shenzhen.aliyuncs.com/saas_pic/timg.jpeg","textContent":"123","saleType":1,"audioSrc":"","videoSrc":"","price":312,"saleTime":"2018-03-18T18:30:27.000Z","__v":0}}
*************** response log end *******************

[2018-03-19T11:09:03.510] [INFO] resLogger - 
*************** response log start **************
request method:GET
request originalUrl:/sts
request client ip:::ffff:127.0.0.1
request query:{}
response time:436
response body:
{"code":0,"msg":"success","data":{"AccessKeyId":"STS.FJvxctS8vea2yq8frsgJx8K43","AccessKeySecret":"GDJ654GTKKNRyY2nmgSsGC2y5BVT9iD9q9LdVpPZiehA","SecurityToken":"CAIS5wF1q6Ft5B2yfSjIp4nDM9nAvudX0qPZe1eJgnIma8VU146f0Tz2IH1FfXdpB+8WsPszm2xX5/kdlqp6U4cd8aVl5gA0vPpt6gqET9frma7ctM4p6vCMHWyUFGSIvqv7aPn4S9XwY+qkb0u++AZ43br9c0fJPTXnS+rr76RqddMKRAK1QCNbDdNNXGtYpdQdKGHaOITGUHeooBKJXRYy4Fci1Tklsf7mnJPD0HeE0g2mkN1yjp/qP52pY/NrOJpCSNqv1IR0DPGcgXcOskYVpPkp0PMYpmaY4cvwAUJc+RaW+FZfGjjI/WQagAEU8GFjLzd3ruiDC+1k4hSIYS7bg1tqGVJnAL86+cnZwjH/ssIXc7vxs1ViQ3l3go55uWhreUlPy1TZZ1DMw5rohGJJHWkaGtUo9l3B1PL5lgsPq4dipWCMtbD975b6POKUCH6l5tC/13Nc/kwS3fC7aqr7HMh4Fc9CzpAlaN14qg==","Expiration":"2018-03-19T04:09:03Z"}}
*************** response log end *******************

[2018-03-19T11:09:17.245] [INFO] resLogger - 
*************** response log start **************
request method:GET
request originalUrl:/sts
request client ip:::ffff:127.0.0.1
request query:{}
response time:282
response body:
{"code":0,"msg":"success","data":{"AccessKeyId":"STS.Bf5LMmDUzhzPtgJKkEpzgzP85","AccessKeySecret":"EVQh86CPX9tXkHZ94XJuFEfWZbEiwQjhWQ6xzXqGeTUq","SecurityToken":"CAIS5wF1q6Ft5B2yfSjIo6WAB/fZqYpb37i7dkH7r2sQfPVLlZWT1zz2IH1FfXdpB+8WsPszm2xX5/kdlqp6U4cducll5gA0vPpt6gqET9frma7ctM4p6vCMHWyUFGSIvqv7aPn4S9XwY+qkb0u++AZ43br9c0fJPTXnS+rr76RqddMKRAK1QCNbDdNNXGtYpdQdKGHaOITGUHeooBKJXRYy4Fci1Tklsf7mnJPD0HeE0g2mkN1yjp/qP52pY/NrOJpCSNqv1IR0DPGcgXcOskYVpPkp0PMYpmaY4cvwAUJc+RaW+FZfGjjI/WQagAFTsNNH/ftRLrKgOoUWIBzMlpR6elU6XBa9dtTs2Crk2nMUaxjTKZCSi+fXhuhtHkSVteZ7Bqicp9fl5QWNb0ZNownYlUeTJ6SmCDU+EvUe/n8O9JuRXZf70xEFpfjhxXVUJcRQvkWNp5MC2mAcj3clQ6SLfaY7tKW5jtexKwJXpA==","Expiration":"2018-03-19T04:09:17Z"}}
*************** response log end *******************

[2018-03-19T11:09:27.305] [INFO] resLogger - 
*************** response log start **************
request method:GET
request originalUrl:/sts
request client ip:::ffff:127.0.0.1
request query:{}
response time:292
response body:
{"code":0,"msg":"success","data":{"AccessKeyId":"STS.GHWqXcNk8DAupfrwasDNywiEg","AccessKeySecret":"FvLwBqCfi7uk5jmbqq4TCV2wXLDwr7dFMPqVf9xBSUX4","SecurityToken":"CAIS5wF1q6Ft5B2yfSjIpoviOuLXo7QZ84OeckDDk2EmSMFVmKzuhTz2IH1FfXdpB+8WsPszm2xX5/kdlqp6U4cdyp9m5gA0vPpt6gqET9frma7ctM4p6vCMHWyUFGSIvqv7aPn4S9XwY+qkb0u++AZ43br9c0fJPTXnS+rr76RqddMKRAK1QCNbDdNNXGtYpdQdKGHaOITGUHeooBKJXRYy4Fci1Tklsf7mnJPD0HeE0g2mkN1yjp/qP52pY/NrOJpCSNqv1IR0DPGcgXcOskYVpPkp0PMYpmaY4cvwAUJc+RaW+FZfGjjI/WQagAGSzCyWis2pCh652rC6btYdSY4FC2qBhIspa+eLEFiaHAuWvRKRDR7+vLjTrUJaROOprhI0eH7OIz8sYh2AgPqK/gPiWyWV267pGb6zCx3qpQtltNrCfk6DiCIP8hD8gHtBMFE3BJeCeVEoBj3atigGc5KS4PGWeuZQSHXW+Oo4zA==","Expiration":"2018-03-19T04:09:27Z"}}
*************** response log end *******************

[2018-03-19T11:14:07.261] [INFO] resLogger - 
*************** response log start **************
request method:GET
request originalUrl:/app/info
request client ip:::ffff:127.0.0.1
request query:{}
response time:3
response body:
{"code":0,"msg":"success","data":{"updateTime":"2018-03-10T13:35:58.138Z","createTime":"2018-03-10T13:35:58.138Z","_id":"5aa3df3e18d129fbeef90974","appId":"appXAKRb6caQka5JY2r","phone":123}}
*************** response log end *******************

[2018-03-19T11:14:07.272] [INFO] resLogger - 
*************** response log start **************
request method:GET
request originalUrl:/cms/getResInfo?id=t_Sw2Bb4rDki
request client ip:::ffff:127.0.0.1
request query:{"id":"t_Sw2Bb4rDki"}
response time:14
response body:
{"code":0,"msg":"success","data":{"createTime":"2018-03-19T02:30:51.427Z","_id":"5aaf20db3bd546350926cfbe","appId":"appXAKRb6caQka5JY2r","type":1,"id":"t_Sw2Bb4rDki","name":"123","intro":"123","cover":"http://jserk.oss-cn-shenzhen.aliyuncs.com/saas_pic/timg.jpeg","textContent":"123","saleType":1,"audioSrc":"","videoSrc":"","price":312,"saleTime":"2018-03-18T18:30:27.000Z","__v":0}}
*************** response log end *******************

[2018-03-19T11:14:12.749] [INFO] resLogger - 
*************** response log start **************
request method:GET
request originalUrl:/sts
request client ip:::ffff:127.0.0.1
request query:{}
response time:322
response body:
{"code":0,"msg":"success","data":{"AccessKeyId":"STS.Fqdf1Zp24yeVs2wp6aWi1DVT7","AccessKeySecret":"3kQZZGawAocn72BZ2ikPRWUBe9TFCGcn3zVJUMnj9r8H","SecurityToken":"CAIS5wF1q6Ft5B2yfSjIp7LRLYvune0Vzqe9cRTGlDY0W+Ydq5P/1Tz2IH1FfXdpB+8WsPszm2xX5/kdlqp6U4cdwdV35gA0vPpt6gqET9frma7ctM4p6vCMHWyUFGSIvqv7aPn4S9XwY+qkb0u++AZ43br9c0fJPTXnS+rr76RqddMKRAK1QCNbDdNNXGtYpdQdKGHaOITGUHeooBKJXRYy4Fci1Tklsf7mnJPD0HeE0g2mkN1yjp/qP52pY/NrOJpCSNqv1IR0DPGcgXcOskYVpPkp0PMYpmaY4cvwAUJc+RaW+FZfGjjI/WQagAGZOSQ7p76NVDmzhHGkzq/uTnkD+LgkfpFqzuD5nHEEPaNPkJNntBRVbg9MmqxAMw52iWB22SeEoYEtGnGboRaI859eTisZ0D00GI9waWS8O2ry+sP/odSYUZnFWZ8H+54M3ZK+QoDkw20qkZpkXcaOxf7rI+ggxL1pv7QyiE1DIA==","Expiration":"2018-03-19T04:14:12Z"}}
*************** response log end *******************

[2018-03-19T11:14:39.724] [INFO] resLogger - 
*************** response log start **************
request method:GET
request originalUrl:/app/info
request client ip:::ffff:127.0.0.1
request query:{}
response time:5
response body:
{"code":0,"msg":"success","data":{"updateTime":"2018-03-10T13:35:58.138Z","createTime":"2018-03-10T13:35:58.138Z","_id":"5aa3df3e18d129fbeef90974","appId":"appXAKRb6caQka5JY2r","phone":123}}
*************** response log end *******************

[2018-03-19T11:14:39.730] [INFO] resLogger - 
*************** response log start **************
request method:GET
request originalUrl:/cms/getResInfo?id=t_Sw2Bb4rDki
request client ip:::ffff:127.0.0.1
request query:{"id":"t_Sw2Bb4rDki"}
response time:3
response body:
{"code":0,"msg":"success","data":{"createTime":"2018-03-19T02:30:51.427Z","_id":"5aaf20db3bd546350926cfbe","appId":"appXAKRb6caQka5JY2r","type":1,"id":"t_Sw2Bb4rDki","name":"123","intro":"123","cover":"http://jserk.oss-cn-shenzhen.aliyuncs.com/saas_pic/timg.jpeg","textContent":"123","saleType":1,"audioSrc":"","videoSrc":"","price":312,"saleTime":"2018-03-18T18:30:27.000Z","__v":0}}
*************** response log end *******************

[2018-03-19T11:14:44.509] [INFO] resLogger - 
*************** response log start **************
request method:GET
request originalUrl:/sts
request client ip:::ffff:127.0.0.1
request query:{}
response time:302
response body:
{"code":0,"msg":"success","data":{"AccessKeyId":"STS.HzRvH3B9gzo2fMmsz3XHS9brk","AccessKeySecret":"GuPwoQjnNNwSDGCAJgUY5CQ9PLocNV4CTMjBYz2WKjWr","SecurityToken":"CAIS5wF1q6Ft5B2yfSjIqbnnPfKHr+ZGza3ZZGvcl3pmVMd/1qfZiTz2IH1FfXdpB+8WsPszm2xX5/kdlqp6U4cdys1x5gA0vPpt6gqET9frma7ctM4p6vCMHWyUFGSIvqv7aPn4S9XwY+qkb0u++AZ43br9c0fJPTXnS+rr76RqddMKRAK1QCNbDdNNXGtYpdQdKGHaOITGUHeooBKJXRYy4Fci1Tklsf7mnJPD0HeE0g2mkN1yjp/qP52pY/NrOJpCSNqv1IR0DPGcgXcOskYVpPkp0PMYpmaY4cvwAUJc+RaW+FZfGjjI/WQagAEKQXZW40H1fdlM9OAOaP8UtikP95TS1vx28zyx0fFPD9icvQLCswbvgNdEJ5MzOzVLOwfhK07IfEKql2ZwFKWjXuh/sqUhtHeFQW7sVtTsFtGRlXDKfwAJ2SSEWFHUxFDWhNwtNXVH5GgddgBaysnOd2m69a6gLfgml7ZmMpLa8g==","Expiration":"2018-03-19T04:14:44Z"}}
*************** response log end *******************

[2018-03-19T11:15:05.526] [INFO] resLogger - 
*************** response log start **************
request method:GET
request originalUrl:/app/info
request client ip:::ffff:127.0.0.1
request query:{}
response time:3
response body:
{"code":0,"msg":"success","data":{"updateTime":"2018-03-10T13:35:58.138Z","createTime":"2018-03-10T13:35:58.138Z","_id":"5aa3df3e18d129fbeef90974","appId":"appXAKRb6caQka5JY2r","phone":123}}
*************** response log end *******************

[2018-03-19T11:15:05.530] [INFO] resLogger - 
*************** response log start **************
request method:GET
request originalUrl:/cms/getResInfo?id=t_Sw2Bb4rDki
request client ip:::ffff:127.0.0.1
request query:{"id":"t_Sw2Bb4rDki"}
response time:3
response body:
{"code":0,"msg":"success","data":{"createTime":"2018-03-19T02:30:51.427Z","_id":"5aaf20db3bd546350926cfbe","appId":"appXAKRb6caQka5JY2r","type":1,"id":"t_Sw2Bb4rDki","name":"123","intro":"123","cover":"http://jserk.oss-cn-shenzhen.aliyuncs.com/saas_pic/timg.jpeg","textContent":"123","saleType":1,"audioSrc":"","videoSrc":"","price":312,"saleTime":"2018-03-18T18:30:27.000Z","__v":0}}
*************** response log end *******************

[2018-03-19T11:15:11.969] [INFO] resLogger - 
*************** response log start **************
request method:GET
request originalUrl:/sts
request client ip:::ffff:127.0.0.1
request query:{}
response time:351
response body:
{"code":0,"msg":"success","data":{"AccessKeyId":"STS.F6ervvTPYS7uKsCWESQ76qpMm","AccessKeySecret":"HeGYbUqTJ1xavmJvYvJ4R8k4bhhR8yM8Sx3UiCWZa4xL","SecurityToken":"CAIS5wF1q6Ft5B2yfSjIp/XQOczCuY945PWeSVXys0UGXbganrXmjzz2IH1FfXdpB+8WsPszm2xX5/kdlqp6U4cdhuRz5gA0vPpt6gqET9frma7ctM4p6vCMHWyUFGSIvqv7aPn4S9XwY+qkb0u++AZ43br9c0fJPTXnS+rr76RqddMKRAK1QCNbDdNNXGtYpdQdKGHaOITGUHeooBKJXRYy4Fci1Tklsf7mnJPD0HeE0g2mkN1yjp/qP52pY/NrOJpCSNqv1IR0DPGcgXcOskYVpPkp0PMYpmaY4cvwAUJc+RaW+FZfGjjI/WQagAGxTdkqjlvbLOEEFT6eo2StLPVftWatx8TObImL1Epr0kuzSYGed1adlWEIHQAmdctpdKHTQN5WKDTqzpO6aKtUoV8SODi6cIcNOhO2vVvQvqbKF1NxY6pMGyu4YTb08gn+GDWsJz3vXwHmxU6nMzAAdgdY65/C91z2po/vZ0S9DA==","Expiration":"2018-03-19T04:15:11Z"}}
*************** response log end *******************

[2018-03-19T11:15:15.650] [INFO] resLogger - 
*************** response log start **************
request method:POST
request originalUrl:/cms/createRes
request client ip:::ffff:127.0.0.1
request body
{"type":1,"id":"t_Sw2Bb4rDki","name":"123","intro":"123","cover":"http://jserk.oss-cn-shenzhen.aliyuncs.com/saas_pic/WechatIMG64.jpeg","textContent":"123","saleType":1,"audioSrc":"","videoSrc":"","price":312,"saleTime":"2018-03-18T18:30:27","createTime":"2018-03-19T02:30:51.427Z","_id":"5aaf20db3bd546350926cfbe","appId":"appXAKRb6caQka5JY2r","__v":0}
response time:13
response body:
{"code":0,"msg":"success","data":{"createTime":"2018-03-19T02:30:51.427Z","_id":"5aaf20db3bd546350926cfbe","appId":"appXAKRb6caQka5JY2r","type":1,"id":"t_Sw2Bb4rDki","name":"123","intro":"123","cover":"http://jserk.oss-cn-shenzhen.aliyuncs.com/saas_pic/timg.jpeg","textContent":"123","saleType":1,"audioSrc":"","videoSrc":"","price":312,"saleTime":"2018-03-18T18:30:27.000Z","__v":0}}
*************** response log end *******************

[2018-03-19T11:15:15.854] [INFO] resLogger - 
*************** response log start **************
request method:GET
request originalUrl:/cms/getResList?type=1
request client ip:::ffff:127.0.0.1
request query:{"type":"1"}
response time:4
response body:
{"code":0,"msg":"success","data":[{"createTime":"2018-03-19T02:30:51.427Z","_id":"5aaf20db3bd546350926cfbe","appId":"appXAKRb6caQka5JY2r","type":1,"id":"t_Sw2Bb4rDki","name":"123","intro":"123","cover":"http://jserk.oss-cn-shenzhen.aliyuncs.com/saas_pic/WechatIMG64.jpeg","textContent":"123","saleType":1,"audioSrc":"","videoSrc":"","price":312,"saleTime":"2018-03-18T10:30:27.000Z","__v":0}]}
*************** response log end *******************

[2018-03-19T11:15:17.851] [INFO] resLogger - 
*************** response log start **************
request method:GET
request originalUrl:/cms/getResInfo?id=t_Sw2Bb4rDki
request client ip:::ffff:127.0.0.1
request query:{"id":"t_Sw2Bb4rDki"}
response time:4
response body:
{"code":0,"msg":"success","data":{"createTime":"2018-03-19T02:30:51.427Z","_id":"5aaf20db3bd546350926cfbe","appId":"appXAKRb6caQka5JY2r","type":1,"id":"t_Sw2Bb4rDki","name":"123","intro":"123","cover":"http://jserk.oss-cn-shenzhen.aliyuncs.com/saas_pic/WechatIMG64.jpeg","textContent":"123","saleType":1,"audioSrc":"","videoSrc":"","price":312,"saleTime":"2018-03-18T10:30:27.000Z","__v":0}}
*************** response log end *******************

[2018-03-19T11:17:12.979] [INFO] resLogger - 
*************** response log start **************
request method:GET
request originalUrl:/app/info
request client ip:::ffff:127.0.0.1
request query:{}
response time:1
response body:
{"code":0,"msg":"success","data":{"updateTime":"2018-03-10T13:35:58.138Z","createTime":"2018-03-10T13:35:58.138Z","_id":"5aa3df3e18d129fbeef90974","appId":"appXAKRb6caQka5JY2r","phone":123}}
*************** response log end *******************

[2018-03-19T11:17:13.002] [INFO] resLogger - 
*************** response log start **************
request method:GET
request originalUrl:/cms/getResInfo?id=t_Sw2Bb4rDki
request client ip:::ffff:127.0.0.1
request query:{"id":"t_Sw2Bb4rDki"}
response time:2
response body:
{"code":0,"msg":"success","data":{"createTime":"2018-03-19T02:30:51.427Z","_id":"5aaf20db3bd546350926cfbe","appId":"appXAKRb6caQka5JY2r","type":1,"id":"t_Sw2Bb4rDki","name":"123","intro":"123","cover":"http://jserk.oss-cn-shenzhen.aliyuncs.com/saas_pic/WechatIMG64.jpeg","textContent":"123","saleType":1,"audioSrc":"","videoSrc":"","price":312,"saleTime":"2018-03-18T10:30:27.000Z","__v":0}}
*************** response log end *******************

[2018-03-19T11:17:22.090] [INFO] resLogger - 
*************** response log start **************
request method:POST
request originalUrl:/cms/createRes
request client ip:::ffff:127.0.0.1
request body
{"type":1,"id":"t_Sw2Bb4rDki","name":"123","intro":"123","cover":"http://jserk.oss-cn-shenzhen.aliyuncs.com/saas_pic/WechatIMG64.jpeg","textContent":"123123123123","saleType":1,"audioSrc":"","videoSrc":"","price":312,"saleTime":"2018-03-18T10:30:27","createTime":"2018-03-19T02:30:51.427Z","_id":"5aaf20db3bd546350926cfbe","appId":"appXAKRb6caQka5JY2r","__v":0}
response time:3
response body:
{"code":0,"msg":"success","data":{"createTime":"2018-03-19T02:30:51.427Z","_id":"5aaf20db3bd546350926cfbe","appId":"appXAKRb6caQka5JY2r","type":1,"id":"t_Sw2Bb4rDki","name":"123","intro":"123","cover":"http://jserk.oss-cn-shenzhen.aliyuncs.com/saas_pic/WechatIMG64.jpeg","textContent":"123","saleType":1,"audioSrc":"","videoSrc":"","price":312,"saleTime":"2018-03-18T10:30:27.000Z","__v":0}}
*************** response log end *******************

[2018-03-19T11:17:22.297] [INFO] resLogger - 
*************** response log start **************
request method:GET
request originalUrl:/cms/getResList?type=1
request client ip:::ffff:127.0.0.1
request query:{"type":"1"}
response time:2
response body:
{"code":0,"msg":"success","data":[{"createTime":"2018-03-19T02:30:51.427Z","_id":"5aaf20db3bd546350926cfbe","appId":"appXAKRb6caQka5JY2r","type":1,"id":"t_Sw2Bb4rDki","name":"123","intro":"123","cover":"http://jserk.oss-cn-shenzhen.aliyuncs.com/saas_pic/WechatIMG64.jpeg","textContent":"123123123123","saleType":1,"audioSrc":"","videoSrc":"","price":312,"saleTime":"2018-03-18T02:30:27.000Z","__v":0}]}
*************** response log end *******************

[2018-03-19T11:17:24.853] [INFO] resLogger - 
*************** response log start **************
request method:GET
request originalUrl:/cms/getResInfo?id=t_Sw2Bb4rDki
request client ip:::ffff:127.0.0.1
request query:{"id":"t_Sw2Bb4rDki"}
response time:3
response body:
{"code":0,"msg":"success","data":{"createTime":"2018-03-19T02:30:51.427Z","_id":"5aaf20db3bd546350926cfbe","appId":"appXAKRb6caQka5JY2r","type":1,"id":"t_Sw2Bb4rDki","name":"123","intro":"123","cover":"http://jserk.oss-cn-shenzhen.aliyuncs.com/saas_pic/WechatIMG64.jpeg","textContent":"123123123123","saleType":1,"audioSrc":"","videoSrc":"","price":312,"saleTime":"2018-03-18T02:30:27.000Z","__v":0}}
*************** response log end *******************

[2018-03-19T11:17:35.235] [INFO] resLogger - 
*************** response log start **************
request method:POST
request originalUrl:/cms/createRes
request client ip:::ffff:127.0.0.1
request body
{"type":1,"createTime":"2018-03-19T02:30:51.427Z","_id":"5aaf20db3bd546350926cfbe","appId":"appXAKRb6caQka5JY2r","id":"t_Sw2Bb4rDki","name":"123哈哈哈","intro":"123123","cover":"http://jserk.oss-cn-shenzhen.aliyuncs.com/saas_pic/WechatIMG64.jpeg","textContent":"123123123123","saleType":1,"audioSrc":"","videoSrc":"","price":312,"saleTime":"2018-03-18T02:30:27","__v":0}
response time:4
response body:
{"code":0,"msg":"success","data":{"createTime":"2018-03-19T02:30:51.427Z","_id":"5aaf20db3bd546350926cfbe","appId":"appXAKRb6caQka5JY2r","type":1,"id":"t_Sw2Bb4rDki","name":"123","intro":"123","cover":"http://jserk.oss-cn-shenzhen.aliyuncs.com/saas_pic/WechatIMG64.jpeg","textContent":"123123123123","saleType":1,"audioSrc":"","videoSrc":"","price":312,"saleTime":"2018-03-18T02:30:27.000Z","__v":0}}
*************** response log end *******************

[2018-03-19T11:17:35.373] [INFO] resLogger - 
*************** response log start **************
request method:GET
request originalUrl:/cms/getResList?type=1
request client ip:::ffff:127.0.0.1
request query:{"type":"1"}
response time:1
response body:
{"code":0,"msg":"success","data":[{"createTime":"2018-03-19T02:30:51.427Z","_id":"5aaf20db3bd546350926cfbe","appId":"appXAKRb6caQka5JY2r","type":1,"id":"t_Sw2Bb4rDki","name":"123哈哈哈","intro":"123123","cover":"http://jserk.oss-cn-shenzhen.aliyuncs.com/saas_pic/WechatIMG64.jpeg","textContent":"123123123123","saleType":1,"audioSrc":"","videoSrc":"","price":312,"saleTime":"2018-03-17T18:30:27.000Z","__v":0}]}
*************** response log end *******************

[2018-03-19T11:17:44.475] [INFO] resLogger - 
*************** response log start **************
request method:GET
request originalUrl:/cms/getResInfo?id=t_Sw2Bb4rDki
request client ip:::ffff:127.0.0.1
request query:{"id":"t_Sw2Bb4rDki"}
response time:2
response body:
{"code":0,"msg":"success","data":{"createTime":"2018-03-19T02:30:51.427Z","_id":"5aaf20db3bd546350926cfbe","appId":"appXAKRb6caQka5JY2r","type":1,"id":"t_Sw2Bb4rDki","name":"123哈哈哈","intro":"123123","cover":"http://jserk.oss-cn-shenzhen.aliyuncs.com/saas_pic/WechatIMG64.jpeg","textContent":"123123123123","saleType":1,"audioSrc":"","videoSrc":"","price":312,"saleTime":"2018-03-17T18:30:27.000Z","__v":0}}
*************** response log end *******************

[2018-03-19T11:17:47.013] [INFO] resLogger - 
*************** response log start **************
request method:POST
request originalUrl:/cms/createRes
request client ip:::ffff:127.0.0.1
request body
{"type":1,"createTime":"2018-03-19T02:30:51.427Z","_id":"5aaf20db3bd546350926cfbe","appId":"appXAKRb6caQka5JY2r","id":"t_Sw2Bb4rDki","name":"123哈哈哈","intro":"123123","cover":"http://jserk.oss-cn-shenzhen.aliyuncs.com/saas_pic/WechatIMG64.jpeg","textContent":"123123123123","saleType":1,"audioSrc":"","videoSrc":"","price":312,"saleTime":"2018-03-17T18:30:27","__v":0}
response time:5
response body:
{"code":0,"msg":"success","data":{"createTime":"2018-03-19T02:30:51.427Z","_id":"5aaf20db3bd546350926cfbe","appId":"appXAKRb6caQka5JY2r","type":1,"id":"t_Sw2Bb4rDki","name":"123哈哈哈","intro":"123123","cover":"http://jserk.oss-cn-shenzhen.aliyuncs.com/saas_pic/WechatIMG64.jpeg","textContent":"123123123123","saleType":1,"audioSrc":"","videoSrc":"","price":312,"saleTime":"2018-03-17T18:30:27.000Z","__v":0}}
*************** response log end *******************

[2018-03-19T11:17:47.165] [INFO] resLogger - 
*************** response log start **************
request method:GET
request originalUrl:/cms/getResList?type=1
request client ip:::ffff:127.0.0.1
request query:{"type":"1"}
response time:4
response body:
{"code":0,"msg":"success","data":[{"createTime":"2018-03-19T02:30:51.427Z","_id":"5aaf20db3bd546350926cfbe","appId":"appXAKRb6caQka5JY2r","type":1,"id":"t_Sw2Bb4rDki","name":"123哈哈哈","intro":"123123","cover":"http://jserk.oss-cn-shenzhen.aliyuncs.com/saas_pic/WechatIMG64.jpeg","textContent":"123123123123","saleType":1,"audioSrc":"","videoSrc":"","price":312,"saleTime":"2018-03-17T10:30:27.000Z","__v":0}]}
*************** response log end *******************

[2018-03-19T11:18:58.391] [INFO] resLogger - 
*************** response log start **************
request method:GET
request originalUrl:/app/info
request client ip:::ffff:127.0.0.1
request query:{}
response time:66
response body:
{"code":0,"msg":"success","data":{"updateTime":"2018-03-10T13:35:58.138Z","createTime":"2018-03-10T13:35:58.138Z","_id":"5aa3df3e18d129fbeef90974","appId":"appXAKRb6caQka5JY2r","phone":123}}
*************** response log end *******************

[2018-03-19T11:18:58.413] [INFO] resLogger - 
*************** response log start **************
request method:GET
request originalUrl:/cms/getResList?type=1
request client ip:::ffff:127.0.0.1
request query:{"type":"1"}
response time:56
response body:
{"code":0,"msg":"success","data":[{"createTime":"2018-03-19T02:30:51.427Z","_id":"5aaf20db3bd546350926cfbe","appId":"appXAKRb6caQka5JY2r","type":1,"id":"t_Sw2Bb4rDki","name":"123哈哈哈","intro":"123123","cover":"http://jserk.oss-cn-shenzhen.aliyuncs.com/saas_pic/WechatIMG64.jpeg","textContent":"123123123123","saleType":1,"audioSrc":"","videoSrc":"","price":312,"saleTime":"2018-03-17T10:30:27.000Z","__v":0}]}
*************** response log end *******************

[2018-03-19T11:20:01.216] [INFO] resLogger - 
*************** response log start **************
request method:GET
request originalUrl:/app/info
request client ip:::ffff:127.0.0.1
request query:{}
response time:46
response body:
{"code":0,"msg":"success","data":{"updateTime":"2018-03-10T13:35:58.138Z","createTime":"2018-03-10T13:35:58.138Z","_id":"5aa3df3e18d129fbeef90974","appId":"appXAKRb6caQka5JY2r","phone":123}}
*************** response log end *******************

[2018-03-19T11:20:01.247] [INFO] resLogger - 
*************** response log start **************
request method:GET
request originalUrl:/cms/getResList?type=1
request client ip:::ffff:127.0.0.1
request query:{"type":"1"}
response time:15
response body:
{"code":0,"msg":"success","data":[{"createTime":"2018-03-19T02:30:51.427Z","_id":"5aaf20db3bd546350926cfbe","appId":"appXAKRb6caQka5JY2r","type":1,"id":"t_Sw2Bb4rDki","name":"123哈哈哈","intro":"123123","cover":"http://jserk.oss-cn-shenzhen.aliyuncs.com/saas_pic/WechatIMG64.jpeg","textContent":"123123123123","saleType":1,"audioSrc":"","videoSrc":"","price":312,"saleTime":"2018-03-17T10:30:27.000Z","__v":0}]}
*************** response log end *******************

[2018-03-19T11:21:27.955] [INFO] resLogger - 
*************** response log start **************
request method:GET
request originalUrl:/app/info
request client ip:::ffff:127.0.0.1
request query:{}
response time:74
response body:
{"code":0,"msg":"success","data":{"updateTime":"2018-03-10T13:35:58.138Z","createTime":"2018-03-10T13:35:58.138Z","_id":"5aa3df3e18d129fbeef90974","appId":"appXAKRb6caQka5JY2r","phone":123}}
*************** response log end *******************

[2018-03-19T11:21:27.976] [INFO] resLogger - 
*************** response log start **************
request method:GET
request originalUrl:/cms/getResList?type=1
request client ip:::ffff:127.0.0.1
request query:{"type":"1"}
response time:5
response body:
{"code":0,"msg":"success","data":[{"createTime":"2018-03-19T02:30:51.427Z","_id":"5aaf20db3bd546350926cfbe","appId":"appXAKRb6caQka5JY2r","type":1,"id":"t_Sw2Bb4rDki","name":"123哈哈哈","intro":"123123","cover":"http://jserk.oss-cn-shenzhen.aliyuncs.com/saas_pic/WechatIMG64.jpeg","textContent":"123123123123","saleType":1,"audioSrc":"","videoSrc":"","price":312,"saleTime":"2018-03-17T10:30:27.000Z","__v":0}]}
*************** response log end *******************

[2018-03-19T11:22:12.716] [INFO] resLogger - 
*************** response log start **************
request method:GET
request originalUrl:/cms/getResList?type=1
request client ip:::ffff:127.0.0.1
request query:{"type":"1"}
response time:3
response body:
{"code":0,"msg":"success","data":[{"createTime":"2018-03-19T02:30:51.427Z","_id":"5aaf20db3bd546350926cfbe","appId":"appXAKRb6caQka5JY2r","type":1,"id":"t_Sw2Bb4rDki","name":"123哈哈哈","intro":"123123","cover":"http://jserk.oss-cn-shenzhen.aliyuncs.com/saas_pic/WechatIMG64.jpeg","textContent":"123123123123","saleType":1,"audioSrc":"","videoSrc":"","price":312,"saleTime":"2018-03-17T10:30:27.000Z","__v":0}]}
*************** response log end *******************

[2018-03-19T11:24:17.487] [INFO] resLogger - 
*************** response log start **************
request method:GET
request originalUrl:/app/info
request client ip:::ffff:127.0.0.1
request query:{}
response time:5
response body:
{"code":0,"msg":"success","data":{"updateTime":"2018-03-10T13:35:58.138Z","createTime":"2018-03-10T13:35:58.138Z","_id":"5aa3df3e18d129fbeef90974","appId":"appXAKRb6caQka5JY2r","phone":123}}
*************** response log end *******************

[2018-03-19T11:24:17.493] [INFO] resLogger - 
*************** response log start **************
request method:GET
request originalUrl:/cms/getResList?type=2
request client ip:::ffff:127.0.0.1
request query:{"type":"2"}
response time:2
response body:
{"code":0,"msg":"success","data":[{"createTime":"2018-03-19T02:30:51.427Z","_id":"5aaf20db3bd546350926cfbe","appId":"appXAKRb6caQka5JY2r","type":1,"id":"t_Sw2Bb4rDki","name":"123哈哈哈","intro":"123123","cover":"http://jserk.oss-cn-shenzhen.aliyuncs.com/saas_pic/WechatIMG64.jpeg","textContent":"123123123123","saleType":1,"audioSrc":"","videoSrc":"","price":312,"saleTime":"2018-03-17T10:30:27.000Z","__v":0}]}
*************** response log end *******************

[2018-03-19T11:25:32.810] [INFO] resLogger - 
*************** response log start **************
request method:GET
request originalUrl:/app/info
request client ip:::ffff:127.0.0.1
request query:{}
response time:30
response body:
{"code":0,"msg":"success","data":{"updateTime":"2018-03-10T13:35:58.138Z","createTime":"2018-03-10T13:35:58.138Z","_id":"5aa3df3e18d129fbeef90974","appId":"appXAKRb6caQka5JY2r","phone":123}}
*************** response log end *******************

[2018-03-19T11:25:32.847] [INFO] resLogger - 
*************** response log start **************
request method:GET
request originalUrl:/cms/getResList?type=2
request client ip:::ffff:127.0.0.1
request query:{"type":"2"}
response time:7
response body:
{"code":0,"msg":"success","data":[]}
*************** response log end *******************

[2018-03-19T11:27:00.747] [INFO] resLogger - 
*************** response log start **************
request method:GET
request originalUrl:/app/info
request client ip:::ffff:127.0.0.1
request query:{}
response time:4
response body:
{"code":0,"msg":"success","data":{"updateTime":"2018-03-10T13:35:58.138Z","createTime":"2018-03-10T13:35:58.138Z","_id":"5aa3df3e18d129fbeef90974","appId":"appXAKRb6caQka5JY2r","phone":123}}
*************** response log end *******************

[2018-03-19T11:27:22.511] [INFO] resLogger - 
*************** response log start **************
request method:GET
request originalUrl:/sts
request client ip:::ffff:127.0.0.1
request query:{}
response time:365
response body:
{"code":0,"msg":"success","data":{"AccessKeyId":"STS.F88qaq7xwoiSFKHe85ZTEwTYD","AccessKeySecret":"2GSaRJZ9JRvTsY4s15bM7ry4wXKSGW9sJSpcobBTBALQ","SecurityToken":"CAIS5wF1q6Ft5B2yfSjIp/uNOtvF2qdW2Ku4RG35gThgVttpmJHypjz2IH1FfXdpB+8WsPszm2xX5/kdlqp6U4cd/q8g4QA0vPpt6gqET9frma7ctM4p6vCMHWyUFGSIvqv7aPn4S9XwY+qkb0u++AZ43br9c0fJPTXnS+rr76RqddMKRAK1QCNbDdNNXGtYpdQdKGHaOITGUHeooBKJXRYy4Fci1Tklsf7mnJPD0HeE0g2mkN1yjp/qP52pY/NrOJpCSNqv1IR0DPGcgXcOskYVpPkp0PMYpmaY4cvwAUJc+RaW+FZfGjjI/WQagAFPZlwY8qy0Bqhp8NlxL3x7+iiljGx6Jv6uYvauyw+JFQSmbP9t7oFNDLwA0mldWYwC02DbgFmhJgKvcq7a0L/rIuIrz6jv4usAgNRJintdgmC6e5sQ30sQj8JAP371uwCORlUr4g6GohNK8hHHyTGqoXvPh7ePR1a1yfCwk3HJ0g==","Expiration":"2018-03-19T04:27:22Z"}}
*************** response log end *******************

[2018-03-19T11:27:39.564] [INFO] resLogger - 
*************** response log start **************
request method:POST
request originalUrl:/cms/createRes
request client ip:::ffff:127.0.0.1
request body
{"type":2,"id":"","name":"这是音频","intro":"这是一条音频简介","cover":"http://jserk.oss-cn-shenzhen.aliyuncs.com/saas_pic/WechatIMG90.jpeg","textContent":"123","saleType":1,"audioSrc":"","videoSrc":"","price":"10","saleTime":"2018-03-19T11:26:59"}
response time:18
response body:
{"code":0,"msg":"success","data":{"appId":"appXAKRb6caQka5JY2r","type":2,"id":"Tt3rhj7eYnMrddKE","name":"这是音频","intro":"这是一条音频简介","cover":"http://jserk.oss-cn-shenzhen.aliyuncs.com/saas_pic/WechatIMG90.jpeg","textContent":"123","saleType":1,"audioSrc":"","videoSrc":"","price":10,"saleTime":"2018-03-19T03:26:59.000Z","createTime":"2018-03-19T03:27:39.549Z","_id":"5aaf2e2bcd9ec53f6c65c987","__v":0}}
*************** response log end *******************

[2018-03-19T11:27:39.713] [INFO] resLogger - 
*************** response log start **************
request method:GET
request originalUrl:/cms/getResList?type=2
request client ip:::ffff:127.0.0.1
request query:{"type":"2"}
response time:6
response body:
{"code":0,"msg":"success","data":[{"createTime":"2018-03-19T03:27:39.549Z","_id":"5aaf2e2bcd9ec53f6c65c987","appId":"appXAKRb6caQka5JY2r","type":2,"id":"Tt3rhj7eYnMrddKE","name":"这是音频","intro":"这是一条音频简介","cover":"http://jserk.oss-cn-shenzhen.aliyuncs.com/saas_pic/WechatIMG90.jpeg","textContent":"123","saleType":1,"audioSrc":"","videoSrc":"","price":10,"saleTime":"2018-03-19T03:26:59.000Z","__v":0}]}
*************** response log end *******************

[2018-03-19T11:27:42.716] [INFO] resLogger - 
*************** response log start **************
request method:GET
request originalUrl:/cms/getResList?type=1
request client ip:::ffff:127.0.0.1
request query:{"type":"1"}
response time:2
response body:
{"code":0,"msg":"success","data":[{"createTime":"2018-03-19T02:30:51.427Z","_id":"5aaf20db3bd546350926cfbe","appId":"appXAKRb6caQka5JY2r","type":1,"id":"t_Sw2Bb4rDki","name":"123哈哈哈","intro":"123123","cover":"http://jserk.oss-cn-shenzhen.aliyuncs.com/saas_pic/WechatIMG64.jpeg","textContent":"123123123123","saleType":1,"audioSrc":"","videoSrc":"","price":312,"saleTime":"2018-03-17T10:30:27.000Z","__v":0}]}
*************** response log end *******************

[2018-03-19T11:27:46.558] [INFO] resLogger - 
*************** response log start **************
request method:GET
request originalUrl:/cms/getResList?type=2
request client ip:::ffff:127.0.0.1
request query:{"type":"2"}
response time:5
response body:
{"code":0,"msg":"success","data":[{"createTime":"2018-03-19T03:27:39.549Z","_id":"5aaf2e2bcd9ec53f6c65c987","appId":"appXAKRb6caQka5JY2r","type":2,"id":"Tt3rhj7eYnMrddKE","name":"这是音频","intro":"这是一条音频简介","cover":"http://jserk.oss-cn-shenzhen.aliyuncs.com/saas_pic/WechatIMG90.jpeg","textContent":"123","saleType":1,"audioSrc":"","videoSrc":"","price":10,"saleTime":"2018-03-19T03:26:59.000Z","__v":0}]}
*************** response log end *******************

[2018-03-19T11:27:54.168] [INFO] resLogger - 
*************** response log start **************
request method:GET
request originalUrl:/cms/getResInfo?id=Tt3rhj7eYnMrddKE
request client ip:::ffff:127.0.0.1
request query:{"id":"Tt3rhj7eYnMrddKE"}
response time:3
response body:
{"code":0,"msg":"success","data":{"createTime":"2018-03-19T03:27:39.549Z","_id":"5aaf2e2bcd9ec53f6c65c987","appId":"appXAKRb6caQka5JY2r","type":2,"id":"Tt3rhj7eYnMrddKE","name":"这是音频","intro":"这是一条音频简介","cover":"http://jserk.oss-cn-shenzhen.aliyuncs.com/saas_pic/WechatIMG90.jpeg","textContent":"123","saleType":1,"audioSrc":"","videoSrc":"","price":10,"saleTime":"2018-03-19T03:26:59.000Z","__v":0}}
*************** response log end *******************

[2018-03-19T11:28:06.537] [INFO] resLogger - 
*************** response log start **************
request method:POST
request originalUrl:/cms/createRes
request client ip:::ffff:127.0.0.1
request body
{"type":2,"createTime":"2018-03-19T03:27:39.549Z","_id":"5aaf2e2bcd9ec53f6c65c987","appId":"appXAKRb6caQka5JY2r","id":"Tt3rhj7eYnMrddKE","name":"这是音频1","intro":"这是一条音频简介","cover":"http://jserk.oss-cn-shenzhen.aliyuncs.com/saas_pic/WechatIMG90.jpeg","textContent":"123","saleType":1,"audioSrc":"","videoSrc":"","price":10,"saleTime":"2018-03-19T03:26:59","__v":0}
response time:13
response body:
{"code":0,"msg":"success","data":{"createTime":"2018-03-19T03:27:39.549Z","_id":"5aaf2e2bcd9ec53f6c65c987","appId":"appXAKRb6caQka5JY2r","type":2,"id":"Tt3rhj7eYnMrddKE","name":"这是音频","intro":"这是一条音频简介","cover":"http://jserk.oss-cn-shenzhen.aliyuncs.com/saas_pic/WechatIMG90.jpeg","textContent":"123","saleType":1,"audioSrc":"","videoSrc":"","price":10,"saleTime":"2018-03-19T03:26:59.000Z","__v":0}}
*************** response log end *******************

[2018-03-19T11:28:06.674] [INFO] resLogger - 
*************** response log start **************
request method:GET
request originalUrl:/cms/getResList?type=2
request client ip:::ffff:127.0.0.1
request query:{"type":"2"}
response time:3
response body:
{"code":0,"msg":"success","data":[{"createTime":"2018-03-19T03:27:39.549Z","_id":"5aaf2e2bcd9ec53f6c65c987","appId":"appXAKRb6caQka5JY2r","type":2,"id":"Tt3rhj7eYnMrddKE","name":"这是音频1","intro":"这是一条音频简介","cover":"http://jserk.oss-cn-shenzhen.aliyuncs.com/saas_pic/WechatIMG90.jpeg","textContent":"123","saleType":1,"audioSrc":"","videoSrc":"","price":10,"saleTime":"2018-03-18T19:26:59.000Z","__v":0}]}
*************** response log end *******************

[2018-03-19T11:28:13.240] [INFO] resLogger - 
*************** response log start **************
request method:GET
request originalUrl:/app/info
request client ip:::ffff:127.0.0.1
request query:{}
response time:2
response body:
{"code":0,"msg":"success","data":{"updateTime":"2018-03-10T13:35:58.138Z","createTime":"2018-03-10T13:35:58.138Z","_id":"5aa3df3e18d129fbeef90974","appId":"appXAKRb6caQka5JY2r","phone":123}}
*************** response log end *******************

[2018-03-19T11:28:13.251] [INFO] resLogger - 
*************** response log start **************
request method:GET
request originalUrl:/cms/getResList?type=2
request client ip:::ffff:127.0.0.1
request query:{"type":"2"}
response time:2
response body:
{"code":0,"msg":"success","data":[{"createTime":"2018-03-19T03:27:39.549Z","_id":"5aaf2e2bcd9ec53f6c65c987","appId":"appXAKRb6caQka5JY2r","type":2,"id":"Tt3rhj7eYnMrddKE","name":"这是音频1","intro":"这是一条音频简介","cover":"http://jserk.oss-cn-shenzhen.aliyuncs.com/saas_pic/WechatIMG90.jpeg","textContent":"123","saleType":1,"audioSrc":"","videoSrc":"","price":10,"saleTime":"2018-03-18T19:26:59.000Z","__v":0}]}
*************** response log end *******************

[2018-03-19T11:28:16.187] [INFO] resLogger - 
*************** response log start **************
request method:GET
request originalUrl:/cms/getResList?type=3
request client ip:::ffff:127.0.0.1
request query:{"type":"3"}
response time:1
response body:
{"code":0,"msg":"success","data":[]}
*************** response log end *******************

[2018-03-19T11:28:53.084] [INFO] resLogger - 
*************** response log start **************
request method:GET
request originalUrl:/app/info
request client ip:::ffff:127.0.0.1
request query:{}
response time:1
response body:
{"code":0,"msg":"success","data":{"updateTime":"2018-03-10T13:35:58.138Z","createTime":"2018-03-10T13:35:58.138Z","_id":"5aa3df3e18d129fbeef90974","appId":"appXAKRb6caQka5JY2r","phone":123}}
*************** response log end *******************

[2018-03-19T11:29:01.473] [INFO] resLogger - 
*************** response log start **************
request method:GET
request originalUrl:/cms/getResList?type=3
request client ip:::ffff:127.0.0.1
request query:{"type":"3"}
response time:1
response body:
{"code":0,"msg":"success","data":[]}
*************** response log end *******************

[2018-03-19T11:29:05.418] [INFO] resLogger - 
*************** response log start **************
request method:GET
request originalUrl:/cms/getResList?type=3
request client ip:::ffff:127.0.0.1
request query:{"type":"3"}
response time:2
response body:
{"code":0,"msg":"success","data":[]}
*************** response log end *******************

[2018-03-19T11:29:11.364] [INFO] resLogger - 
*************** response log start **************
request method:GET
request originalUrl:/app/info
request client ip:::ffff:127.0.0.1
request query:{}
response time:2
response body:
{"code":0,"msg":"success","data":{"updateTime":"2018-03-10T13:35:58.138Z","createTime":"2018-03-10T13:35:58.138Z","_id":"5aa3df3e18d129fbeef90974","appId":"appXAKRb6caQka5JY2r","phone":123}}
*************** response log end *******************

[2018-03-19T11:29:11.369] [INFO] resLogger - 
*************** response log start **************
request method:GET
request originalUrl:/cms/getResList?type=3
request client ip:::ffff:127.0.0.1
request query:{"type":"3"}
response time:3
response body:
{"code":0,"msg":"success","data":[]}
*************** response log end *******************

[2018-03-19T11:29:14.322] [INFO] resLogger - 
*************** response log start **************
request method:GET
request originalUrl:/cms/getResList?type=2
request client ip:::ffff:127.0.0.1
request query:{"type":"2"}
response time:2
response body:
{"code":0,"msg":"success","data":[{"createTime":"2018-03-19T03:27:39.549Z","_id":"5aaf2e2bcd9ec53f6c65c987","appId":"appXAKRb6caQka5JY2r","type":2,"id":"Tt3rhj7eYnMrddKE","name":"这是音频1","intro":"这是一条音频简介","cover":"http://jserk.oss-cn-shenzhen.aliyuncs.com/saas_pic/WechatIMG90.jpeg","textContent":"123","saleType":1,"audioSrc":"","videoSrc":"","price":10,"saleTime":"2018-03-18T19:26:59.000Z","__v":0}]}
*************** response log end *******************

[2018-03-19T11:29:19.079] [INFO] resLogger - 
*************** response log start **************
request method:GET
request originalUrl:/cms/getResList?type=2
request client ip:::ffff:127.0.0.1
request query:{"type":"2"}
response time:2
response body:
{"code":0,"msg":"success","data":[{"createTime":"2018-03-19T03:27:39.549Z","_id":"5aaf2e2bcd9ec53f6c65c987","appId":"appXAKRb6caQka5JY2r","type":2,"id":"Tt3rhj7eYnMrddKE","name":"这是音频1","intro":"这是一条音频简介","cover":"http://jserk.oss-cn-shenzhen.aliyuncs.com/saas_pic/WechatIMG90.jpeg","textContent":"123","saleType":1,"audioSrc":"","videoSrc":"","price":10,"saleTime":"2018-03-18T19:26:59.000Z","__v":0}]}
*************** response log end *******************

[2018-03-19T11:29:21.248] [INFO] resLogger - 
*************** response log start **************
request method:GET
request originalUrl:/cms/getResList?type=1
request client ip:::ffff:127.0.0.1
request query:{"type":"1"}
response time:2
response body:
{"code":0,"msg":"success","data":[{"createTime":"2018-03-19T02:30:51.427Z","_id":"5aaf20db3bd546350926cfbe","appId":"appXAKRb6caQka5JY2r","type":1,"id":"t_Sw2Bb4rDki","name":"123哈哈哈","intro":"123123","cover":"http://jserk.oss-cn-shenzhen.aliyuncs.com/saas_pic/WechatIMG64.jpeg","textContent":"123123123123","saleType":1,"audioSrc":"","videoSrc":"","price":312,"saleTime":"2018-03-17T10:30:27.000Z","__v":0}]}
*************** response log end *******************

[2018-03-19T11:30:22.789] [INFO] resLogger - 
*************** response log start **************
request method:GET
request originalUrl:/app/info
request client ip:::ffff:127.0.0.1
request query:{}
response time:2
response body:
{"code":0,"msg":"success","data":{"updateTime":"2018-03-10T13:35:58.138Z","createTime":"2018-03-10T13:35:58.138Z","_id":"5aa3df3e18d129fbeef90974","appId":"appXAKRb6caQka5JY2r","phone":123}}
*************** response log end *******************

[2018-03-19T11:30:25.579] [INFO] resLogger - 
*************** response log start **************
request method:GET
request originalUrl:/app/info
request client ip:::ffff:127.0.0.1
request query:{}
response time:1
response body:
{"code":0,"msg":"success","data":{"updateTime":"2018-03-10T13:35:58.138Z","createTime":"2018-03-10T13:35:58.138Z","_id":"5aa3df3e18d129fbeef90974","appId":"appXAKRb6caQka5JY2r","phone":123}}
*************** response log end *******************

[2018-03-19T11:32:13.251] [INFO] resLogger - 
*************** response log start **************
request method:GET
request originalUrl:/cms/getResList?type=1
request client ip:::ffff:127.0.0.1
request query:{"type":"1"}
response time:2
response body:
{"code":0,"msg":"success","data":[{"createTime":"2018-03-19T02:30:51.427Z","_id":"5aaf20db3bd546350926cfbe","appId":"appXAKRb6caQka5JY2r","type":1,"id":"t_Sw2Bb4rDki","name":"123哈哈哈","intro":"123123","cover":"http://jserk.oss-cn-shenzhen.aliyuncs.com/saas_pic/WechatIMG64.jpeg","textContent":"123123123123","saleType":1,"audioSrc":"","videoSrc":"","price":312,"saleTime":"2018-03-17T10:30:27.000Z","__v":0}]}
*************** response log end *******************

[2018-03-19T11:32:39.893] [INFO] resLogger - 
*************** response log start **************
request method:GET
request originalUrl:/app/info
request client ip:::ffff:127.0.0.1
request query:{}
response time:2
response body:
{"code":0,"msg":"success","data":{"updateTime":"2018-03-10T13:35:58.138Z","createTime":"2018-03-10T13:35:58.138Z","_id":"5aa3df3e18d129fbeef90974","appId":"appXAKRb6caQka5JY2r","phone":123}}
*************** response log end *******************

[2018-03-19T11:32:39.900] [INFO] resLogger - 
*************** response log start **************
request method:GET
request originalUrl:/cms/getResList?type=1
request client ip:::ffff:127.0.0.1
request query:{"type":"1"}
response time:2
response body:
{"code":0,"msg":"success","data":[{"createTime":"2018-03-19T02:30:51.427Z","_id":"5aaf20db3bd546350926cfbe","appId":"appXAKRb6caQka5JY2r","type":1,"id":"t_Sw2Bb4rDki","name":"123哈哈哈","intro":"123123","cover":"http://jserk.oss-cn-shenzhen.aliyuncs.com/saas_pic/WechatIMG64.jpeg","textContent":"123123123123","saleType":1,"audioSrc":"","videoSrc":"","price":312,"saleTime":"2018-03-17T10:30:27.000Z","__v":0}]}
*************** response log end *******************

[2018-03-19T11:32:46.604] [INFO] resLogger - 
*************** response log start **************
request method:GET
request originalUrl:/app/info
request client ip:::ffff:127.0.0.1
request query:{}
response time:4
response body:
{"code":0,"msg":"success","data":{"updateTime":"2018-03-10T13:35:58.138Z","createTime":"2018-03-10T13:35:58.138Z","_id":"5aa3df3e18d129fbeef90974","appId":"appXAKRb6caQka5JY2r","phone":123}}
*************** response log end *******************

[2018-03-19T11:32:46.609] [INFO] resLogger - 
*************** response log start **************
request method:GET
request originalUrl:/cms/getResList?type=1
request client ip:::ffff:127.0.0.1
request query:{"type":"1"}
response time:8
response body:
{"code":0,"msg":"success","data":[{"createTime":"2018-03-19T02:30:51.427Z","_id":"5aaf20db3bd546350926cfbe","appId":"appXAKRb6caQka5JY2r","type":1,"id":"t_Sw2Bb4rDki","name":"123哈哈哈","intro":"123123","cover":"http://jserk.oss-cn-shenzhen.aliyuncs.com/saas_pic/WechatIMG64.jpeg","textContent":"123123123123","saleType":1,"audioSrc":"","videoSrc":"","price":312,"saleTime":"2018-03-17T10:30:27.000Z","__v":0}]}
*************** response log end *******************

[2018-03-19T11:32:50.421] [INFO] resLogger - 
*************** response log start **************
request method:GET
request originalUrl:/cms/getResList?type=3
request client ip:::ffff:127.0.0.1
request query:{"type":"3"}
response time:1
response body:
{"code":0,"msg":"success","data":[]}
*************** response log end *******************

[2018-03-19T11:33:04.015] [INFO] resLogger - 
*************** response log start **************
request method:GET
request originalUrl:/sts
request client ip:::ffff:127.0.0.1
request query:{}
response time:331
response body:
{"code":0,"msg":"success","data":{"AccessKeyId":"STS.LeR2mCSkLuXLUtgVAt8ztVJiD","AccessKeySecret":"DV7aWJ2g5MzpHXUaLYaoZPY5G3GArwFE8x65k4CyRkto","SecurityToken":"CAIS5wF1q6Ft5B2yfSjIrabnedf3vrRtwpqnV1LWskEhNPVYuY/Cpjz2IH1FfXdpB+8WsPszm2xX5/kdlqp6U4cdwNMM4QA0vPpt6gqET9frma7ctM4p6vCMHWyUFGSIvqv7aPn4S9XwY+qkb0u++AZ43br9c0fJPTXnS+rr76RqddMKRAK1QCNbDdNNXGtYpdQdKGHaOITGUHeooBKJXRYy4Fci1Tklsf7mnJPD0HeE0g2mkN1yjp/qP52pY/NrOJpCSNqv1IR0DPGcgXcOskYVpPkp0PMYpmaY4cvwAUJc+RaW+FZfGjjI/WQagAEJcb3sVRMgSWL898+AWi+7G7RJP/IB296wpHxfcXHTcUecDt8UxwgEmWA+qqjLAcsrEcmD3BF9f+UYVMqA7Qm0amVogdGoxTRSf8lI+7An1jBu/djP0WGIxNc3/nDIkwanRWFQtGVGZ5UW0JYUWXicC9hJdFAeRsZMA1zhnWMiuw==","Expiration":"2018-03-19T04:33:03Z"}}
*************** response log end *******************

[2018-03-19T11:33:12.837] [INFO] resLogger - 
*************** response log start **************
request method:POST
request originalUrl:/cms/createRes
request client ip:::ffff:127.0.0.1
request body
{"type":3,"id":"","name":"这是一条视频","intro":"这是视频简介","cover":"http://jserk.oss-cn-shenzhen.aliyuncs.com/saas_pic/WechatIMG57.jpeg","textContent":"123","saleType":0,"audioSrc":"","videoSrc":"","price":0,"saleTime":"2018-03-19T11:32:45"}
response time:6
response body:
{"code":0,"msg":"success","data":{"appId":"appXAKRb6caQka5JY2r","type":3,"id":"QGk83ydhy4pJxSs3","name":"这是一条视频","intro":"这是视频简介","cover":"http://jserk.oss-cn-shenzhen.aliyuncs.com/saas_pic/WechatIMG57.jpeg","textContent":"123","saleType":0,"audioSrc":"","videoSrc":"","price":0,"saleTime":"2018-03-19T03:32:45.000Z","createTime":"2018-03-19T03:33:12.833Z","_id":"5aaf2f78cd9ec53f6c65c988","__v":0}}
*************** response log end *******************

[2018-03-19T11:33:12.992] [INFO] resLogger - 
*************** response log start **************
request method:GET
request originalUrl:/cms/getResList?type=3
request client ip:::ffff:127.0.0.1
request query:{"type":"3"}
response time:5
response body:
{"code":0,"msg":"success","data":[{"createTime":"2018-03-19T03:33:12.833Z","_id":"5aaf2f78cd9ec53f6c65c988","appId":"appXAKRb6caQka5JY2r","type":3,"id":"QGk83ydhy4pJxSs3","name":"这是一条视频","intro":"这是视频简介","cover":"http://jserk.oss-cn-shenzhen.aliyuncs.com/saas_pic/WechatIMG57.jpeg","textContent":"123","saleType":0,"audioSrc":"","videoSrc":"","price":0,"saleTime":"2018-03-19T03:32:45.000Z","__v":0}]}
*************** response log end *******************

[2018-03-19T11:33:17.127] [INFO] resLogger - 
*************** response log start **************
request method:GET
request originalUrl:/cms/getResList?type=2
request client ip:::ffff:127.0.0.1
request query:{"type":"2"}
response time:3
response body:
{"code":0,"msg":"success","data":[{"createTime":"2018-03-19T03:27:39.549Z","_id":"5aaf2e2bcd9ec53f6c65c987","appId":"appXAKRb6caQka5JY2r","type":2,"id":"Tt3rhj7eYnMrddKE","name":"这是音频1","intro":"这是一条音频简介","cover":"http://jserk.oss-cn-shenzhen.aliyuncs.com/saas_pic/WechatIMG90.jpeg","textContent":"123","saleType":1,"audioSrc":"","videoSrc":"","price":10,"saleTime":"2018-03-18T19:26:59.000Z","__v":0}]}
*************** response log end *******************

[2018-03-19T11:33:21.146] [INFO] resLogger - 
*************** response log start **************
request method:GET
request originalUrl:/cms/getResList?type=3
request client ip:::ffff:127.0.0.1
request query:{"type":"3"}
response time:3
response body:
{"code":0,"msg":"success","data":[{"createTime":"2018-03-19T03:33:12.833Z","_id":"5aaf2f78cd9ec53f6c65c988","appId":"appXAKRb6caQka5JY2r","type":3,"id":"QGk83ydhy4pJxSs3","name":"这是一条视频","intro":"这是视频简介","cover":"http://jserk.oss-cn-shenzhen.aliyuncs.com/saas_pic/WechatIMG57.jpeg","textContent":"123","saleType":0,"audioSrc":"","videoSrc":"","price":0,"saleTime":"2018-03-19T03:32:45.000Z","__v":0}]}
*************** response log end *******************

