[2018-03-09T10:39:42.949] [INFO] resLogger - 
*************** response log start **************
request method:GET
request originalUrl:/app/appList
request client ip:::1
request query:{}
response time:45
response body:
{"code":0,"msg":"success","data":[]}
*************** response log end *******************

[2018-03-09T10:40:03.441] [INFO] resLogger - 
*************** response log start **************
request method:GET
request originalUrl:/app/appList
request client ip:::1
request query:{}
response time:3
response body:
{"code":0,"msg":"success","data":[]}
*************** response log end *******************

[2018-03-09T10:42:27.667] [INFO] resLogger - 
*************** response log start **************
request method:GET
request originalUrl:/app/deleteAll
request client ip:::1
request query:{}
response time:22
response body:
{"n":0,"ok":1}
*************** response log end *******************

[2018-03-09T10:43:50.415] [INFO] resLogger - 
*************** response log start **************
request method:GET
request originalUrl:/app/getApp
request client ip:::1
request query:{}
response time:4
response body:
{"appname":"阿，洗吧","age":30}
*************** response log end *******************

