[2018-03-18T14:00:21.617] [INFO] resLogger - 
*************** response log start **************
request method:GET
request originalUrl:/app/info
request client ip:::ffff:127.0.0.1
request query:{}
response time:2
response body:
{"code":0,"msg":"success","data":{"updateTime":"2018-03-10T13:35:58.138Z","createTime":"2018-03-10T13:35:58.138Z","_id":"5aa3df3e18d129fbeef90974","appId":"appXAKRb6caQka5JY2r","phone":123}}
*************** response log end *******************

[2018-03-18T14:00:26.499] [INFO] resLogger - 
*************** response log start **************
request method:GET
request originalUrl:/sts
request client ip:::ffff:127.0.0.1
request query:{}
response time:406
response body:
{"code":0,"msg":"success","data":{"AccessKeyId":"STS.M7esrR3srEUkihW7JxB6tgyqX","AccessKeySecret":"AgJBYi9AZTrvDg3cZ1yWXx7oZv2t1nmQqHENw2fcVuvq","SecurityToken":"CAIS5wF1q6Ft5B2yfSjIrPTQOMjm3qxT8peAa07m00otTrlYiLzaujz2IH1FfXdpB+8WsPszm2xX5/kdlqp6U4cd0LwPugA0vPpt6gqET9frma7ctM4p6vCMHWyUFGSIvqv7aPn4S9XwY+qkb0u++AZ43br9c0fJPTXnS+rr76RqddMKRAK1QCNbDdNNXGtYpdQdKGHaOITGUHeooBKJXRYy4Fci1Tklsf7mnJPD0HeE0g2mkN1yjp/qP52pY/NrOJpCSNqv1IR0DPGcgXcOskYVpPkp0PMYpmaY4cvwAUJc+RaW+FZfGjjI/WQagAFnIjtDzQzHX5yYGEmSUnlK0/ffmVcLsPI/ae1hTRF7/Rfyx/Zd7VBWQrrgrJDEMkO6nkxZUBzpNe+BFP0WOoIRC3zk+/DKqijb2o4cZUkIMN/I/mEpcIxg+mxJS0KGIpRM4MzWaeJl3a7dkGbaysNgfgqONIiosFzSEdQVr136Vw==","Expiration":"2018-03-18T07:00:26Z"}}
*************** response log end *******************

[2018-03-18T14:01:53.205] [INFO] resLogger - 
*************** response log start **************
request method:GET
request originalUrl:/app/info
request client ip:::ffff:127.0.0.1
request query:{}
response time:2
response body:
{"code":0,"msg":"success","data":{"updateTime":"2018-03-10T13:35:58.138Z","createTime":"2018-03-10T13:35:58.138Z","_id":"5aa3df3e18d129fbeef90974","appId":"appXAKRb6caQka5JY2r","phone":123}}
*************** response log end *******************

[2018-03-18T14:01:57.671] [INFO] resLogger - 
*************** response log start **************
request method:GET
request originalUrl:/sts
request client ip:::ffff:127.0.0.1
request query:{}
response time:408
response body:
{"code":0,"msg":"success","data":{"AccessKeyId":"STS.CouEUJexjxsygszH38UXftfss","AccessKeySecret":"4toif1TXkFqi8vqvma9hhZxdxFkCbrWc5Wk2ae884Jtn","SecurityToken":"CAIS5wF1q6Ft5B2yfSjIoqzADu/+iKdLz7GSZVXLrDNtWddKm6PYkTz2IH1FfXdpB+8WsPszm2xX5/kdlqp6U4cdm8UEugA0vPpt6gqET9frma7ctM4p6vCMHWyUFGSIvqv7aPn4S9XwY+qkb0u++AZ43br9c0fJPTXnS+rr76RqddMKRAK1QCNbDdNNXGtYpdQdKGHaOITGUHeooBKJXRYy4Fci1Tklsf7mnJPD0HeE0g2mkN1yjp/qP52pY/NrOJpCSNqv1IR0DPGcgXcOskYVpPkp0PMYpmaY4cvwAUJc+RaW+FZfGjjI/WQagAFxJvqhkopvqhilH6ho8cS2Rhvf1pbT24I+92mftqUeS/bVVA1wkHJZjboaWLcz59BD8cdP8vNfMoYoHhobQ/nwJ4IcPUOf0iOciROlhiiy1yRpn8XwsMVkHbcNQYo+sudZ4LEpMacWUbvt6TfGssd2M0/9ZFNewkCK3u0MROZlGA==","Expiration":"2018-03-18T07:01:57Z"}}
*************** response log end *******************

[2018-03-18T14:03:33.068] [INFO] resLogger - 
*************** response log start **************
request method:GET
request originalUrl:/app/info
request client ip:::ffff:127.0.0.1
request query:{}
response time:2
response body:
{"code":0,"msg":"success","data":{"updateTime":"2018-03-10T13:35:58.138Z","createTime":"2018-03-10T13:35:58.138Z","_id":"5aa3df3e18d129fbeef90974","appId":"appXAKRb6caQka5JY2r","phone":123}}
*************** response log end *******************

[2018-03-18T14:06:00.250] [INFO] resLogger - 
*************** response log start **************
request method:GET
request originalUrl:/app/info
request client ip:::ffff:127.0.0.1
request query:{}
response time:7
response body:
{"code":0,"msg":"success","data":{"updateTime":"2018-03-10T13:35:58.138Z","createTime":"2018-03-10T13:35:58.138Z","_id":"5aa3df3e18d129fbeef90974","appId":"appXAKRb6caQka5JY2r","phone":123}}
*************** response log end *******************

[2018-03-18T14:06:16.116] [INFO] resLogger - 
*************** response log start **************
request method:GET
request originalUrl:/app/info
request client ip:::ffff:127.0.0.1
request query:{}
response time:4
response body:
{"code":0,"msg":"success","data":{"updateTime":"2018-03-10T13:35:58.138Z","createTime":"2018-03-10T13:35:58.138Z","_id":"5aa3df3e18d129fbeef90974","appId":"appXAKRb6caQka5JY2r","phone":123}}
*************** response log end *******************

[2018-03-18T14:07:07.581] [INFO] resLogger - 
*************** response log start **************
request method:GET
request originalUrl:/app/info
request client ip:::ffff:127.0.0.1
request query:{}
response time:2
response body:
{"code":0,"msg":"success","data":{"updateTime":"2018-03-10T13:35:58.138Z","createTime":"2018-03-10T13:35:58.138Z","_id":"5aa3df3e18d129fbeef90974","appId":"appXAKRb6caQka5JY2r","phone":123}}
*************** response log end *******************

[2018-03-18T14:07:14.986] [INFO] resLogger - 
*************** response log start **************
request method:GET
request originalUrl:/sts
request client ip:::ffff:127.0.0.1
request query:{}
response time:423
response body:
{"code":0,"msg":"success","data":{"AccessKeyId":"STS.GaVxtEGH26U3p6uWFB9ytGubo","AccessKeySecret":"ECndhcypxwL9HFP3rwK9JkMgEtCqa144wuAC1QJ7tbuQ","SecurityToken":"CAIS5wF1q6Ft5B2yfSjIpqLjM87xqpcTgZfYchDEs0YXNfZYqLDJjTz2IH1FfXdpB+8WsPszm2xX5/kdlqp6U4cdiLQQugA0vPpt6gqET9frma7ctM4p6vCMHWyUFGSIvqv7aPn4S9XwY+qkb0u++AZ43br9c0fJPTXnS+rr76RqddMKRAK1QCNbDdNNXGtYpdQdKGHaOITGUHeooBKJXRYy4Fci1Tklsf7mnJPD0HeE0g2mkN1yjp/qP52pY/NrOJpCSNqv1IR0DPGcgXcOskYVpPkp0PMYpmaY4cvwAUJc+RaW+FZfGjjI/WQagAFDFwLCpmisK0ZFtKX1TGd212bcvfwvcjxx2Btf2Q4Yng26ymfzbHfddGB5z3rB8VsS/8wq2rFZItVP38MQCxv5LZyrEQz3x84wb5bQgDpyiC44D9t8GgWMpWTuKpwdat29i78u8u0aUxfxrrqBQHg6iXDUhrGxmN1TJL2Uh5LmeQ==","Expiration":"2018-03-18T07:07:14Z"}}
*************** response log end *******************

[2018-03-18T14:08:00.070] [INFO] resLogger - 
*************** response log start **************
request method:GET
request originalUrl:/app/info
request client ip:::ffff:127.0.0.1
request query:{}
response time:2
response body:
{"code":0,"msg":"success","data":{"updateTime":"2018-03-10T13:35:58.138Z","createTime":"2018-03-10T13:35:58.138Z","_id":"5aa3df3e18d129fbeef90974","appId":"appXAKRb6caQka5JY2r","phone":123}}
*************** response log end *******************

[2018-03-18T14:08:05.261] [INFO] resLogger - 
*************** response log start **************
request method:GET
request originalUrl:/sts
request client ip:::ffff:127.0.0.1
request query:{}
response time:280
response body:
{"code":0,"msg":"success","data":{"AccessKeyId":"STS.JwQPMoXKA5f17b1viZwZP1pUK","AccessKeySecret":"8PTZHvtyEdSeVAv3EjJZnsJKWxnikn5RdrWkKqJn8Q8A","SecurityToken":"CAIS5wF1q6Ft5B2yfSjIq7TkG/fbtZRggqTaNUSAkmkPe9V83rX+qTz2IH1FfXdpB+8WsPszm2xX5/kdlqp6U4cdj70TugA0vPpt6gqET9frma7ctM4p6vCMHWyUFGSIvqv7aPn4S9XwY+qkb0u++AZ43br9c0fJPTXnS+rr76RqddMKRAK1QCNbDdNNXGtYpdQdKGHaOITGUHeooBKJXRYy4Fci1Tklsf7mnJPD0HeE0g2mkN1yjp/qP52pY/NrOJpCSNqv1IR0DPGcgXcOskYVpPkp0PMYpmaY4cvwAUJc+RaW+FZfGjjI/WQagAGcOVYRiuzfHzO5JdeH1gnz+1b7vzysogee82YukoS/Ue7KmWsDrCTRcxrMbnZGvk7f3ehbKATWsdlxqda3Zxj9J3UO5XCsBJRdA7QLYjdKtgjvl1RIdhhos4FmCodQRMxE0p6OHCQv9uxlTuTllh3nx+d/ZAZ/z3CjenU9iJqW6w==","Expiration":"2018-03-18T07:08:05Z"}}
*************** response log end *******************

[2018-03-18T14:09:12.090] [INFO] resLogger - 
*************** response log start **************
request method:GET
request originalUrl:/app/info
request client ip:::ffff:127.0.0.1
request query:{}
response time:8
response body:
{"code":0,"msg":"success","data":{"updateTime":"2018-03-10T13:35:58.138Z","createTime":"2018-03-10T13:35:58.138Z","_id":"5aa3df3e18d129fbeef90974","appId":"appXAKRb6caQka5JY2r","phone":123}}
*************** response log end *******************

[2018-03-18T14:09:16.805] [INFO] resLogger - 
*************** response log start **************
request method:GET
request originalUrl:/sts
request client ip:::ffff:127.0.0.1
request query:{}
response time:361
response body:
{"code":0,"msg":"success","data":{"AccessKeyId":"STS.NETJy1N5vzBwhZC4Cb8h2D6vz","AccessKeySecret":"2FMxPJDYtszQLoRfrHoE9bUfsozc89aYRyrjZ6MJzetJ","SecurityToken":"CAIS5wF1q6Ft5B2yfSjIr4bhAcOFo+pXzYCcanzy0EM3NOceq/PdmDz2IH1FfXdpB+8WsPszm2xX5/kdlqp6U4cdj+xvugA0vPpt6gqET9frma7ctM4p6vCMHWyUFGSIvqv7aPn4S9XwY+qkb0u++AZ43br9c0fJPTXnS+rr76RqddMKRAK1QCNbDdNNXGtYpdQdKGHaOITGUHeooBKJXRYy4Fci1Tklsf7mnJPD0HeE0g2mkN1yjp/qP52pY/NrOJpCSNqv1IR0DPGcgXcOskYVpPkp0PMYpmaY4cvwAUJc+RaW+FZfGjjI/WQagAFjNqifiR43G5AKtEzpNOkryo2i015ll0fuKSyn0jTRmrx/YSnI58YvxqGx7IVVHj0UaLkFdZJ5Y/1Se2sZ+FhVLzBFb5KABzKpOXI8cZr+AGS7i3E6tOzWPWdirf8Z+7M8wbgEomb+766vjjGLfqVCBH/n2NM6nOXDfMMGcLsF6Q==","Expiration":"2018-03-18T07:09:16Z"}}
*************** response log end *******************

[2018-03-18T14:10:05.614] [INFO] resLogger - 
*************** response log start **************
request method:GET
request originalUrl:/app/info
request client ip:::ffff:127.0.0.1
request query:{}
response time:1
response body:
{"code":0,"msg":"success","data":{"updateTime":"2018-03-10T13:35:58.138Z","createTime":"2018-03-10T13:35:58.138Z","_id":"5aa3df3e18d129fbeef90974","appId":"appXAKRb6caQka5JY2r","phone":123}}
*************** response log end *******************

[2018-03-18T14:22:38.841] [INFO] resLogger - 
*************** response log start **************
request method:GET
request originalUrl:/app/info
request client ip:::ffff:127.0.0.1
request query:{}
response time:8
response body:
{"code":0,"msg":"success","data":{"updateTime":"2018-03-10T13:35:58.138Z","createTime":"2018-03-10T13:35:58.138Z","_id":"5aa3df3e18d129fbeef90974","appId":"appXAKRb6caQka5JY2r","phone":123}}
*************** response log end *******************

[2018-03-18T14:25:37.937] [INFO] resLogger - 
*************** response log start **************
request method:GET
request originalUrl:/app/info
request client ip:::ffff:127.0.0.1
request query:{}
response time:5
response body:
{"code":0,"msg":"success","data":{"updateTime":"2018-03-10T13:35:58.138Z","createTime":"2018-03-10T13:35:58.138Z","_id":"5aa3df3e18d129fbeef90974","appId":"appXAKRb6caQka5JY2r","phone":123}}
*************** response log end *******************

[2018-03-18T14:26:59.239] [INFO] resLogger - 
*************** response log start **************
request method:GET
request originalUrl:/app/info
request client ip:::ffff:127.0.0.1
request query:{}
response time:3
response body:
{"code":0,"msg":"success","data":{"updateTime":"2018-03-10T13:35:58.138Z","createTime":"2018-03-10T13:35:58.138Z","_id":"5aa3df3e18d129fbeef90974","appId":"appXAKRb6caQka5JY2r","phone":123}}
*************** response log end *******************

[2018-03-18T14:28:29.904] [INFO] resLogger - 
*************** response log start **************
request method:GET
request originalUrl:/app/info
request client ip:::ffff:127.0.0.1
request query:{}
response time:2
response body:
{"code":0,"msg":"success","data":{"updateTime":"2018-03-10T13:35:58.138Z","createTime":"2018-03-10T13:35:58.138Z","_id":"5aa3df3e18d129fbeef90974","appId":"appXAKRb6caQka5JY2r","phone":123}}
*************** response log end *******************

[2018-03-18T14:29:07.443] [INFO] resLogger - 
*************** response log start **************
request method:GET
request originalUrl:/app/info
request client ip:::ffff:127.0.0.1
request query:{}
response time:2
response body:
{"code":0,"msg":"success","data":{"updateTime":"2018-03-10T13:35:58.138Z","createTime":"2018-03-10T13:35:58.138Z","_id":"5aa3df3e18d129fbeef90974","appId":"appXAKRb6caQka5JY2r","phone":123}}
*************** response log end *******************

[2018-03-18T14:30:31.977] [INFO] resLogger - 
*************** response log start **************
request method:GET
request originalUrl:/app/info
request client ip:::ffff:127.0.0.1
request query:{}
response time:12
response body:
{"code":0,"msg":"success","data":{"updateTime":"2018-03-10T13:35:58.138Z","createTime":"2018-03-10T13:35:58.138Z","_id":"5aa3df3e18d129fbeef90974","appId":"appXAKRb6caQka5JY2r","phone":123}}
*************** response log end *******************

[2018-03-18T14:32:15.925] [INFO] resLogger - 
*************** response log start **************
request method:GET
request originalUrl:/app/info
request client ip:::ffff:127.0.0.1
request query:{}
response time:2
response body:
{"code":0,"msg":"success","data":{"updateTime":"2018-03-10T13:35:58.138Z","createTime":"2018-03-10T13:35:58.138Z","_id":"5aa3df3e18d129fbeef90974","appId":"appXAKRb6caQka5JY2r","phone":123}}
*************** response log end *******************

[2018-03-18T14:33:08.371] [INFO] resLogger - 
*************** response log start **************
request method:GET
request originalUrl:/app/info
request client ip:::ffff:127.0.0.1
request query:{}
response time:3
response body:
{"code":0,"msg":"success","data":{"updateTime":"2018-03-10T13:35:58.138Z","createTime":"2018-03-10T13:35:58.138Z","_id":"5aa3df3e18d129fbeef90974","appId":"appXAKRb6caQka5JY2r","phone":123}}
*************** response log end *******************

[2018-03-18T14:36:49.988] [INFO] resLogger - 
*************** response log start **************
request method:GET
request originalUrl:/app/info
request client ip:::ffff:127.0.0.1
request query:{}
response time:6
response body:
{"code":0,"msg":"success","data":{"updateTime":"2018-03-10T13:35:58.138Z","createTime":"2018-03-10T13:35:58.138Z","_id":"5aa3df3e18d129fbeef90974","appId":"appXAKRb6caQka5JY2r","phone":123}}
*************** response log end *******************

[2018-03-18T14:37:47.929] [INFO] resLogger - 
*************** response log start **************
request method:GET
request originalUrl:/app/info
request client ip:::ffff:127.0.0.1
request query:{}
response time:2
response body:
{"code":0,"msg":"success","data":{"updateTime":"2018-03-10T13:35:58.138Z","createTime":"2018-03-10T13:35:58.138Z","_id":"5aa3df3e18d129fbeef90974","appId":"appXAKRb6caQka5JY2r","phone":123}}
*************** response log end *******************

[2018-03-18T14:39:11.033] [INFO] resLogger - 
*************** response log start **************
request method:GET
request originalUrl:/app/info
request client ip:::ffff:127.0.0.1
request query:{}
response time:2
response body:
{"code":0,"msg":"success","data":{"updateTime":"2018-03-10T13:35:58.138Z","createTime":"2018-03-10T13:35:58.138Z","_id":"5aa3df3e18d129fbeef90974","appId":"appXAKRb6caQka5JY2r","phone":123}}
*************** response log end *******************

[2018-03-18T14:40:06.161] [INFO] resLogger - 
*************** response log start **************
request method:GET
request originalUrl:/app/info
request client ip:::ffff:127.0.0.1
request query:{}
response time:1
response body:
{"code":0,"msg":"success","data":{"updateTime":"2018-03-10T13:35:58.138Z","createTime":"2018-03-10T13:35:58.138Z","_id":"5aa3df3e18d129fbeef90974","appId":"appXAKRb6caQka5JY2r","phone":123}}
*************** response log end *******************

[2018-03-18T14:40:13.846] [INFO] resLogger - 
*************** response log start **************
request method:GET
request originalUrl:/sts
request client ip:::ffff:127.0.0.1
request query:{}
response time:443
response body:
{"code":0,"msg":"success","data":{"AccessKeyId":"STS.CzvAJB34SWWhm5vJFCQ6qYKsf","AccessKeySecret":"GGfgBdzRfmtKM9MdurRf2NZvEAiYwsze5uUjtjzz8hDk","SecurityToken":"CAIS5wF1q6Ft5B2yfSjIornDCvD23uty4JWDbxPHrkYWXbldto7YhDz2IH1FfXdpB+8WsPszm2xX5/kdlqp6U4cdptAYxQA0vPpt6gqET9frma7ctM4p6vCMHWyUFGSIvqv7aPn4S9XwY+qkb0u++AZ43br9c0fJPTXnS+rr76RqddMKRAK1QCNbDdNNXGtYpdQdKGHaOITGUHeooBKJXRYy4Fci1Tklsf7mnJPD0HeE0g2mkN1yjp/qP52pY/NrOJpCSNqv1IR0DPGcgXcOskYVpPkp0PMYpmaY4cvwAUJc+RaW+FZfGjjI/WQagAE07yaT+E0b8jVI+GifE5zUydc83Sjb719e6yCmviJ28ofdletNNcUfqnG0eqJy+FRvV0Nfk+ZaTEAYDNrVZXv3x/yGdENubdU5Mn0d3nbQYJHguHNu7QZqgW3zYqqcGW215LQtTZTVkmYB6mpBd6Md7nt7YDV5mnIYRjJlMf/vIA==","Expiration":"2018-03-18T07:40:13Z"}}
*************** response log end *******************

[2018-03-18T14:43:10.338] [INFO] resLogger - 
*************** response log start **************
request method:GET
request originalUrl:/app/info
request client ip:::ffff:127.0.0.1
request query:{}
response time:2
response body:
{"code":0,"msg":"success","data":{"updateTime":"2018-03-10T13:35:58.138Z","createTime":"2018-03-10T13:35:58.138Z","_id":"5aa3df3e18d129fbeef90974","appId":"appXAKRb6caQka5JY2r","phone":123}}
*************** response log end *******************

[2018-03-18T14:43:36.712] [INFO] resLogger - 
*************** response log start **************
request method:GET
request originalUrl:/sts
request client ip:::ffff:127.0.0.1
request query:{}
response time:428
response body:
{"code":0,"msg":"success","data":{"AccessKeyId":"STS.GCCoJHfZd9nzn1pMj2XkP9u89","AccessKeySecret":"AuyGJRT8Fb8fSpk6yVwmWfHRMe7vsbAGThrFaF8Uakht","SecurityToken":"CAIS5wF1q6Ft5B2yfSjIpoD2JPD8i4VFjqyRbBfBqWpnVOR81rCT2zz2IH1FfXdpB+8WsPszm2xX5/kdlqp6U4cdyIBtxQA0vPpt6gqET9frma7ctM4p6vCMHWyUFGSIvqv7aPn4S9XwY+qkb0u++AZ43br9c0fJPTXnS+rr76RqddMKRAK1QCNbDdNNXGtYpdQdKGHaOITGUHeooBKJXRYy4Fci1Tklsf7mnJPD0HeE0g2mkN1yjp/qP52pY/NrOJpCSNqv1IR0DPGcgXcOskYVpPkp0PMYpmaY4cvwAUJc+RaW+FZfGjjI/WQagAEcc3N6rwWcL4fzX0LKNzLSFojWZriZ4tSqL36QVY8vKyv80FctrU31xMN3OY7z8PmsRxYgxmdPC/l2qvDPAww178Odqho6csxyGRpAh3mzMMe6/KKUpuczWZVndVXIMB6pgprL419rRdTTCvaedPd3cOCjWhN/UnxBJ+igTl6Ekw==","Expiration":"2018-03-18T07:43:36Z"}}
*************** response log end *******************

[2018-03-18T14:44:15.055] [INFO] resLogger - 
*************** response log start **************
request method:GET
request originalUrl:/app/info
request client ip:::ffff:127.0.0.1
request query:{}
response time:2
response body:
{"code":0,"msg":"success","data":{"updateTime":"2018-03-10T13:35:58.138Z","createTime":"2018-03-10T13:35:58.138Z","_id":"5aa3df3e18d129fbeef90974","appId":"appXAKRb6caQka5JY2r","phone":123}}
*************** response log end *******************

[2018-03-18T14:44:27.925] [INFO] resLogger - 
*************** response log start **************
request method:GET
request originalUrl:/sts
request client ip:::ffff:127.0.0.1
request query:{}
response time:361
response body:
{"code":0,"msg":"success","data":{"AccessKeyId":"STS.MX1Ei7iKFvFYfZbG4YcgLNofC","AccessKeySecret":"2XtYMBotqbRWUqpvNWrfjwC3m6ZKWqjNC5z8EA1WBUG2","SecurityToken":"CAIS5wF1q6Ft5B2yfSjIrJuEDtODhJRnwYSyZHzTozQMb+hgoarNoTz2IH1FfXdpB+8WsPszm2xX5/kdlqp6U4cdsZFoxQA0vPpt6gqET9frma7ctM4p6vCMHWyUFGSIvqv7aPn4S9XwY+qkb0u++AZ43br9c0fJPTXnS+rr76RqddMKRAK1QCNbDdNNXGtYpdQdKGHaOITGUHeooBKJXRYy4Fci1Tklsf7mnJPD0HeE0g2mkN1yjp/qP52pY/NrOJpCSNqv1IR0DPGcgXcOskYVpPkp0PMYpmaY4cvwAUJc+RaW+FZfGjjI/WQagAEGkEmCSmBl4qOSXlNcMCQxVrFJJSQ+WryXbO35M1lgIaKQU+7VlqqhKkS+b1jboHk0/OFdwCaIRhP1LoECGan6uJn8AKGNKDyYBYFjyrgunnKmNYkmGlScLxVQh9C9U+XGwdiBYRAxI3qtT0t9hBtEzlk4Sr8y8t7b3uc0oCpGKA==","Expiration":"2018-03-18T07:44:27Z"}}
*************** response log end *******************

[2018-03-18T14:45:45.674] [INFO] resLogger - 
*************** response log start **************
request method:GET
request originalUrl:/app/info
request client ip:::ffff:127.0.0.1
request query:{}
response time:2
response body:
{"code":0,"msg":"success","data":{"updateTime":"2018-03-10T13:35:58.138Z","createTime":"2018-03-10T13:35:58.138Z","_id":"5aa3df3e18d129fbeef90974","appId":"appXAKRb6caQka5JY2r","phone":123}}
*************** response log end *******************

[2018-03-18T14:45:49.580] [INFO] resLogger - 
*************** response log start **************
request method:GET
request originalUrl:/sts
request client ip:::ffff:127.0.0.1
request query:{}
response time:463
response body:
{"code":0,"msg":"success","data":{"AccessKeyId":"STS.EPA7vtXbsJG1HrpRZ7hsqatbM","AccessKeySecret":"BSgk6mZF9uoKpmd87vKFWYd16BrXsTibTkdW3X8sqKZ6","SecurityToken":"CAIS5wF1q6Ft5B2yfSjIpJP0fMzAtb1S/YXaSlTBtlpiZPxdjrHJrzz2IH1FfXdpB+8WsPszm2xX5/kdlqp6U4cdt5dlxQA0vPpt6gqET9frma7ctM4p6vCMHWyUFGSIvqv7aPn4S9XwY+qkb0u++AZ43br9c0fJPTXnS+rr76RqddMKRAK1QCNbDdNNXGtYpdQdKGHaOITGUHeooBKJXRYy4Fci1Tklsf7mnJPD0HeE0g2mkN1yjp/qP52pY/NrOJpCSNqv1IR0DPGcgXcOskYVpPkp0PMYpmaY4cvwAUJc+RaW+FZfGjjI/WQagAFTyhrox7bpXPYKP6A7I0Ak0VNYDpaCQl+MbdumYY+V8nJ6Jb4+8bjx4CKCRPyou4tARf3lUHCp6bmdFMzeYvxE02b+hYFH3nC7yX9rhbsDY3GTwQGRQSygqcMxIUrrf94TfUqKHEHSsChfAX9AapRpphMPq/ZXYFs16wRgsGLvTg==","Expiration":"2018-03-18T07:45:49Z"}}
*************** response log end *******************

[2018-03-18T14:46:36.100] [INFO] resLogger - 
*************** response log start **************
request method:GET
request originalUrl:/app/info
request client ip:::ffff:127.0.0.1
request query:{}
response time:17
response body:
{"code":0,"msg":"success","data":{"updateTime":"2018-03-10T13:35:58.138Z","createTime":"2018-03-10T13:35:58.138Z","_id":"5aa3df3e18d129fbeef90974","appId":"appXAKRb6caQka5JY2r","phone":123}}
*************** response log end *******************

[2018-03-18T14:46:43.009] [INFO] resLogger - 
*************** response log start **************
request method:GET
request originalUrl:/sts
request client ip:::ffff:127.0.0.1
request query:{}
response time:1348
response body:
{"code":0,"msg":"success","data":{"AccessKeyId":"STS.CUWa3SiUnZ5cQQVJBQBTj6v59","AccessKeySecret":"8bBxLjT9HCBo3XQjysRWMQygq7jesEo4mYmAasv3tdk","SecurityToken":"CAIS5wF1q6Ft5B2yfSjIopbiKonnhIpP7feIU3fnrkIETttG2bOe2zz2IH1FfXdpB+8WsPszm2xX5/kdlqp6U4cd//BgxQA0vPpt6gqET9frma7ctM4p6vCMHWyUFGSIvqv7aPn4S9XwY+qkb0u++AZ43br9c0fJPTXnS+rr76RqddMKRAK1QCNbDdNNXGtYpdQdKGHaOITGUHeooBKJXRYy4Fci1Tklsf7mnJPD0HeE0g2mkN1yjp/qP52pY/NrOJpCSNqv1IR0DPGcgXcOskYVpPkp0PMYpmaY4cvwAUJc+RaW+FZfGjjI/WQagAFawK+SZwX9fk3FJIGv/5SJiGaAU77Du79Z4Y7HnQZ+WChalJ3HAGgirCJp1OD/s+fTFh+ZYf92FrKWhG007dLiPsrNPjnfCQhUk1/BWGpikCF0YIs+6UCdlbvWxkGaLyFDwmWP6k8b+j0GbkWa4PliMyNQecBt52OTdsQTZ9oXTw==","Expiration":"2018-03-18T07:46:42Z"}}
*************** response log end *******************

[2018-03-18T14:47:07.633] [INFO] resLogger - 
*************** response log start **************
request method:GET
request originalUrl:/app/info
request client ip:::ffff:127.0.0.1
request query:{}
response time:2
response body:
{"code":0,"msg":"success","data":{"updateTime":"2018-03-10T13:35:58.138Z","createTime":"2018-03-10T13:35:58.138Z","_id":"5aa3df3e18d129fbeef90974","appId":"appXAKRb6caQka5JY2r","phone":123}}
*************** response log end *******************

[2018-03-18T14:47:11.193] [INFO] resLogger - 
*************** response log start **************
request method:GET
request originalUrl:/sts
request client ip:::ffff:127.0.0.1
request query:{}
response time:332
response body:
{"code":0,"msg":"success","data":{"AccessKeyId":"STS.Byn54GcmsD6Ms9o4jHy2WKgWF","AccessKeySecret":"H7cn9Pjz7EPnDhrejXLQ4UEUHW3F62fTcDGpuHCSY6nK","SecurityToken":"CAIS5wF1q6Ft5B2yfSjIo7rbfo7zjrJS8/SmcR/e0Goddb17pKL8pDz2IH1FfXdpB+8WsPszm2xX5/kdlqp6U4cdx5RixQA0vPpt6gqET9frma7ctM4p6vCMHWyUFGSIvqv7aPn4S9XwY+qkb0u++AZ43br9c0fJPTXnS+rr76RqddMKRAK1QCNbDdNNXGtYpdQdKGHaOITGUHeooBKJXRYy4Fci1Tklsf7mnJPD0HeE0g2mkN1yjp/qP52pY/NrOJpCSNqv1IR0DPGcgXcOskYVpPkp0PMYpmaY4cvwAUJc+RaW+FZfGjjI/WQagAEmDYDsfS8utfCoVobEh6zy3n3468g4RacS/Z9cmui1KzCqkuXEPBKdtf3QyGHyjdtwBCQDWPb7ibMkw6vG9l5bXZD1Mi6aQXD6G3DZqWKMn81zEt30yuUdaJFOxSuk1PTPCvTrFoy6Ixw/p2K6jULXeaTOdwfue2g3LKl67aMQwQ==","Expiration":"2018-03-18T07:47:11Z"}}
*************** response log end *******************

[2018-03-18T14:49:14.032] [INFO] resLogger - 
*************** response log start **************
request method:GET
request originalUrl:/app/info
request client ip:::ffff:127.0.0.1
request query:{}
response time:3
response body:
{"code":0,"msg":"success","data":{"updateTime":"2018-03-10T13:35:58.138Z","createTime":"2018-03-10T13:35:58.138Z","_id":"5aa3df3e18d129fbeef90974","appId":"appXAKRb6caQka5JY2r","phone":123}}
*************** response log end *******************

[2018-03-18T14:49:21.351] [INFO] resLogger - 
*************** response log start **************
request method:GET
request originalUrl:/sts
request client ip:::ffff:127.0.0.1
request query:{}
response time:408
response body:
{"code":0,"msg":"success","data":{"AccessKeyId":"STS.HGPABRig2bjdRNqmoZUxTvLcJ","AccessKeySecret":"DF6myPt28pytMqnzUcAETWSDirbMR4ZLKKFnQAWFEqqY","SecurityToken":"CAIS5wF1q6Ft5B2yfSjIqYTlCvjmhLgT1aiPUGjAiW8PWfd4mYnIqDz2IH1FfXdpB+8WsPszm2xX5/kdlqp6U4cdkY16xQA0vPpt6gqET9frma7ctM4p6vCMHWyUFGSIvqv7aPn4S9XwY+qkb0u++AZ43br9c0fJPTXnS+rr76RqddMKRAK1QCNbDdNNXGtYpdQdKGHaOITGUHeooBKJXRYy4Fci1Tklsf7mnJPD0HeE0g2mkN1yjp/qP52pY/NrOJpCSNqv1IR0DPGcgXcOskYVpPkp0PMYpmaY4cvwAUJc+RaW+FZfGjjI/WQagAGY2q5fX1tlDq4GqrmPP+95rcSG7JBhSazMl1Y21SDpZHaHROMgu8YPab7EOZiKPWpFjYj9wX9ygkYbw0fhOV1CABx02kdzqBeF1zVe5R1NBCrrQgKdUbdghjI05SAmSTCOIh2JPo0WJD5xMK5HVhYRNOL1Wtd0QMn946SLM1mAOw==","Expiration":"2018-03-18T07:49:21Z"}}
*************** response log end *******************

[2018-03-18T14:50:21.057] [INFO] resLogger - 
*************** response log start **************
request method:GET
request originalUrl:/app/info
request client ip:::ffff:127.0.0.1
request query:{}
response time:3
response body:
{"code":0,"msg":"success","data":{"updateTime":"2018-03-10T13:35:58.138Z","createTime":"2018-03-10T13:35:58.138Z","_id":"5aa3df3e18d129fbeef90974","appId":"appXAKRb6caQka5JY2r","phone":123}}
*************** response log end *******************

[2018-03-18T14:50:25.864] [INFO] resLogger - 
*************** response log start **************
request method:GET
request originalUrl:/sts
request client ip:::ffff:127.0.0.1
request query:{}
response time:359
response body:
{"code":0,"msg":"success","data":{"AccessKeyId":"STS.F3Ks1yTdBgtKH4Q2VULV4zwZT","AccessKeySecret":"FLV6G1fVsy4Y9kJXmPChjoCFDoj6DGZvGGAjhpGrwVN4","SecurityToken":"CAIS5wF1q6Ft5B2yfSjIp/D+OIvNubtj0LagShLg1lYAQNkYlbLxtjz2IH1FfXdpB+8WsPszm2xX5/kdlqp6U4cd+4V2xQA0vPpt6gqET9frma7ctM4p6vCMHWyUFGSIvqv7aPn4S9XwY+qkb0u++AZ43br9c0fJPTXnS+rr76RqddMKRAK1QCNbDdNNXGtYpdQdKGHaOITGUHeooBKJXRYy4Fci1Tklsf7mnJPD0HeE0g2mkN1yjp/qP52pY/NrOJpCSNqv1IR0DPGcgXcOskYVpPkp0PMYpmaY4cvwAUJc+RaW+FZfGjjI/WQagAGqdiMQ3YSsKLQsjqLuzymh7SIItSWB4ZqX9Yuq+1HHSLftnPF3fAC3gLer8CjlYwJDVWLh//zqbiUSfavxliMrReGBUyVk8kZBxnRK6iWsJYAXLn1h0fGwg5u4Ysvbr0V390sz/LwNawohpuNoAgBfsUSvVLgSJZeJ7/6iedrNLA==","Expiration":"2018-03-18T07:50:25Z"}}
*************** response log end *******************

[2018-03-18T14:51:41.314] [INFO] resLogger - 
*************** response log start **************
request method:GET
request originalUrl:/app/info
request client ip:::ffff:127.0.0.1
request query:{}
response time:21
response body:
{"code":0,"msg":"success","data":{"updateTime":"2018-03-10T13:35:58.138Z","createTime":"2018-03-10T13:35:58.138Z","_id":"5aa3df3e18d129fbeef90974","appId":"appXAKRb6caQka5JY2r","phone":123}}
*************** response log end *******************

[2018-03-18T14:51:57.968] [INFO] resLogger - 
*************** response log start **************
request method:GET
request originalUrl:/sts
request client ip:::ffff:127.0.0.1
request query:{}
response time:410
response body:
{"code":0,"msg":"success","data":{"AccessKeyId":"STS.Cu6VzKs8nWjbTYeTo3twUHDQT","AccessKeySecret":"qXC7eFQbaMEfGFQy8bZ9cQXiAufuh9HFnUh1EVTHEvs","SecurityToken":"CAIS5wF1q6Ft5B2yfSjIoraDHcD/nudP4KiJVn/UsG9mePh5p4H6tjz2IH1FfXdpB+8WsPszm2xX5/kdlqp6U4cdutVzxQA0vPpt6gqET9frma7ctM4p6vCMHWyUFGSIvqv7aPn4S9XwY+qkb0u++AZ43br9c0fJPTXnS+rr76RqddMKRAK1QCNbDdNNXGtYpdQdKGHaOITGUHeooBKJXRYy4Fci1Tklsf7mnJPD0HeE0g2mkN1yjp/qP52pY/NrOJpCSNqv1IR0DPGcgXcOskYVpPkp0PMYpmaY4cvwAUJc+RaW+FZfGjjI/WQagAFPhuSeUUcoZ6yua1s1xTamDFH+TjoOLLrs23r8aJHyKwc5JWHZLrjfuzoyD/Pm5RWt1MfWFLnXs5luQCmWZ5tt54Vt6FD92bm913JdacB+DECkDbr4N7Dyjt/sKgdncwv1mWDo1XypWS6/UAKhknmn8DkGtIhtQw/LMdrZmaFmzg==","Expiration":"2018-03-18T07:51:57Z"}}
*************** response log end *******************

[2018-03-18T14:52:07.718] [INFO] resLogger - 
*************** response log start **************
request method:POST
request originalUrl:/cms/createRes
request client ip:::ffff:127.0.0.1
request body
{"type":1,"name":"图文","intro":"123123","cover":"http://jserk.oss-cn-shenzhen.aliyuncs.com/saas_pic/timg.jpeg","textContent":"123","saleType":1,"audioSrc":"","price":"0.01","saleTime":"2018-03-18T14:51:41"}
response time:56
response body:
{"code":0,"msg":"success","data":{"appId":"appXAKRb6caQka5JY2r","type":1,"name":"图文","intro":"123123","cover":"http://jserk.oss-cn-shenzhen.aliyuncs.com/saas_pic/timg.jpeg","textContent":"123","saleType":true,"price":0.01,"saleTime":"2018-03-18T06:51:41.000Z","id":"t_273G7EnfXp","createTime":"2018-03-18T06:52:07.670Z","_id":"5aae0c97fd7050ea7586232b","__v":0}}
*************** response log end *******************

[2018-03-18T14:52:21.222] [INFO] resLogger - 
*************** response log start **************
request method:GET
request originalUrl:/cms/getResList?type=1
request client ip:::ffff:127.0.0.1
request query:{"type":"1"}
response time:15
response body:
{"code":0,"msg":"success","data":[{"createTime":"2018-03-17T13:18:05.239Z","_id":"5aad158db5ec4cc49cb4dc2f","appId":"appXAKRb6caQka5JY2r","type":1,"name":"这是图文","intro":"这是简介","cover":"","textContent":"哈哈啊","saleType":false,"price":1.1,"saleTime":"2018-05-25T02:30:00.000Z","id":"t_zNd78pPxjs","__v":0},{"createTime":"2018-03-17T13:18:45.438Z","_id":"5aad15b5b5ec4cc49cb4dc30","appId":"appXAKRb6caQka5JY2r","type":1,"name":"这是图文12312","intro":"这是简介222","cover":"","textContent":"哈哈啊2123123123","saleType":false,"price":1.12,"saleTime":"2018-05-25T02:30:00.000Z","id":"t_RiNZMXtNFr","__v":0},{"createTime":"2018-03-17T13:18:56.901Z","_id":"5aad15c0b5ec4cc49cb4dc31","appId":"appXAKRb6caQka5JY2r","type":1,"name":"3123这321图文12312","intro":"这是简介222","cover":"","textContent":"哈哈啊21231oo23123","saleType":false,"price":1.122,"saleTime":"2018-05-25T02:30:00.000Z","id":"t_3Nb5CtBEwX","__v":0},{"createTime":"2018-03-18T01:28:31.663Z","_id":"5aadc0bf3064eac5b7a921ae","appId":"appXAKRb6caQka5JY2r","type":1,"name":"222","intro":"123","cover":"","textContent":"222","saleType":true,"price":0.01,"saleTime":"2018-03-18T01:24:18.000Z","id":"t_aitGJbJjb8","__v":0},{"createTime":"2018-03-18T01:28:45.627Z","_id":"5aadc0cd3064eac5b7a921af","appId":"appXAKRb6caQka5JY2r","type":1,"name":"222","intro":"123","cover":"","textContent":"222","saleType":true,"price":0.01,"saleTime":"2018-03-18T13:24:18.000Z","id":"t_wxknfj7MDy","__v":0},{"createTime":"2018-03-18T06:52:07.670Z","_id":"5aae0c97fd7050ea7586232b","appId":"appXAKRb6caQka5JY2r","type":1,"name":"图文","intro":"123123","cover":"http://jserk.oss-cn-shenzhen.aliyuncs.com/saas_pic/timg.jpeg","textContent":"123","saleType":true,"price":0.01,"saleTime":"2018-03-18T06:51:41.000Z","id":"t_273G7EnfXp","__v":0}]}
*************** response log end *******************

