[2017-12-27T17:01:14.021] [INFO] resLogger - 
*************** response log start **************
request method:GET
request originalUrl:/user/info
request client ip:::ffff:127.0.0.1
request query:{}
response time:9
response body:
{"code":0,"msg":"success","data":{"_id":"5a41f6e65521b9d177862f78","user":"boss","type":"boss","title":"全栈开发","desc":"熟悉react\n熟悉koa开发\n熟悉后端数据库","company":"言至网络工作室","money":"10k-15k","avatar":"pic3"}}
*************** response log end *******************

[2017-12-27T17:01:14.075] [INFO] resLogger - 
*************** response log start **************
request method:GET
request originalUrl:/user/getmsglist
request client ip:::ffff:127.0.0.1
request query:{}
response time:56
response body:
{"code":0,"msgs":[{"_id":"5a435bb34c5e1b43fd64c5dd","chatid":"5a41f6e65521b9d177862f78_5a4348defde1ea379776e061","from":"5a41f6e65521b9d177862f78","to":"5a4348defde1ea379776e061","__v":0,"creat_time":1514363797331,"content":"你好，我是猎聘专列的","read":false},{"_id":"5a435bba4c5e1b43fd64c5de","chatid":"5a41f6e65521b9d177862f78_5a4348defde1ea379776e061","from":"5a41f6e65521b9d177862f78","to":"5a4348defde1ea379776e061","__v":0,"creat_time":1514363797331,"content":"在吗","read":false},{"_id":"5a435bc94c5e1b43fd64c5df","chatid":"5a41f6e65521b9d177862f78_5a4348defde1ea379776e061","from":"5a4348defde1ea379776e061","to":"5a41f6e65521b9d177862f78","__v":0,"creat_time":1514363797331,"content":"你好，在的","read":false}],"users":{"5a37af4df2e8472b52a6b36e":{"name":"kboss","avatar":"pic1"},"5a37af70f2e8472b52a6b36f":{"name":"kgenius","avatar":"pic2"},"5a37b25df2e8472b52a6b370":{"name":"redux","avatar":"pic2"},"5a40bd252281afbdf739da1e":{"name":"kg","avatar":"pic2"},"5a40d8e62281afbdf739da1f":{"name":"kggg","avatar":"pic5"},"5a41dbab5521b9d177862f77":{"name":"jserk","avatar":"pic3"},"5a41f6e65521b9d177862f78":{"name":"boss","avatar":"pic3"},"5a4216da69a459ffe27e7253":{"name":"123","avatar":"pic2"},"5a4348defde1ea379776e061":{"name":"Kerwin","avatar":"pic5"}}}
*************** response log end *******************

[2017-12-27T17:01:19.373] [INFO] resLogger - 
*************** response log start **************
request method:GET
request originalUrl:/user/info
request client ip:::ffff:127.0.0.1
request query:{}
response time:2
response body:
{"code":0,"msg":"success","data":{"_id":"5a4348defde1ea379776e061","user":"Kerwin","type":"genius","title":"前端开发","desc":"react\nvue\nwebpack\njq\nkoa\nnodejs","money":"","avatar":"pic5"}}
*************** response log end *******************

[2017-12-27T17:01:19.392] [INFO] resLogger - 
*************** response log start **************
request method:GET
request originalUrl:/user/getmsglist
request client ip:::ffff:127.0.0.1
request query:{}
response time:4
response body:
{"code":0,"msgs":[{"_id":"5a435bb34c5e1b43fd64c5dd","chatid":"5a41f6e65521b9d177862f78_5a4348defde1ea379776e061","from":"5a41f6e65521b9d177862f78","to":"5a4348defde1ea379776e061","__v":0,"creat_time":1514363797331,"content":"你好，我是猎聘专列的","read":false},{"_id":"5a435bba4c5e1b43fd64c5de","chatid":"5a41f6e65521b9d177862f78_5a4348defde1ea379776e061","from":"5a41f6e65521b9d177862f78","to":"5a4348defde1ea379776e061","__v":0,"creat_time":1514363797331,"content":"在吗","read":false},{"_id":"5a435bc94c5e1b43fd64c5df","chatid":"5a41f6e65521b9d177862f78_5a4348defde1ea379776e061","from":"5a4348defde1ea379776e061","to":"5a41f6e65521b9d177862f78","__v":0,"creat_time":1514363797331,"content":"你好，在的","read":false}],"users":{"5a37af4df2e8472b52a6b36e":{"name":"kboss","avatar":"pic1"},"5a37af70f2e8472b52a6b36f":{"name":"kgenius","avatar":"pic2"},"5a37b25df2e8472b52a6b370":{"name":"redux","avatar":"pic2"},"5a40bd252281afbdf739da1e":{"name":"kg","avatar":"pic2"},"5a40d8e62281afbdf739da1f":{"name":"kggg","avatar":"pic5"},"5a41dbab5521b9d177862f77":{"name":"jserk","avatar":"pic3"},"5a41f6e65521b9d177862f78":{"name":"boss","avatar":"pic3"},"5a4216da69a459ffe27e7253":{"name":"123","avatar":"pic2"},"5a4348defde1ea379776e061":{"name":"Kerwin","avatar":"pic5"}}}
*************** response log end *******************

[2017-12-27T17:02:20.635] [INFO] resLogger - 
*************** response log start **************
request method:GET
request originalUrl:/user/info
request client ip:::ffff:127.0.0.1
request query:{}
response time:2
response body:
{"code":0,"msg":"success","data":{"_id":"5a41f6e65521b9d177862f78","user":"boss","type":"boss","title":"全栈开发","desc":"熟悉react\n熟悉koa开发\n熟悉后端数据库","company":"言至网络工作室","money":"10k-15k","avatar":"pic3"}}
*************** response log end *******************

[2017-12-27T17:02:20.641] [INFO] resLogger - 
*************** response log start **************
request method:GET
request originalUrl:/user/getmsglist
request client ip:::ffff:127.0.0.1
request query:{}
response time:7
response body:
{"code":0,"msgs":[{"_id":"5a435bb34c5e1b43fd64c5dd","chatid":"5a41f6e65521b9d177862f78_5a4348defde1ea379776e061","from":"5a41f6e65521b9d177862f78","to":"5a4348defde1ea379776e061","__v":0,"creat_time":1514363797331,"content":"你好，我是猎聘专列的","read":false},{"_id":"5a435bba4c5e1b43fd64c5de","chatid":"5a41f6e65521b9d177862f78_5a4348defde1ea379776e061","from":"5a41f6e65521b9d177862f78","to":"5a4348defde1ea379776e061","__v":0,"creat_time":1514363797331,"content":"在吗","read":false},{"_id":"5a435bc94c5e1b43fd64c5df","chatid":"5a41f6e65521b9d177862f78_5a4348defde1ea379776e061","from":"5a4348defde1ea379776e061","to":"5a41f6e65521b9d177862f78","__v":0,"creat_time":1514363797331,"content":"你好，在的","read":false}],"users":{"5a37af4df2e8472b52a6b36e":{"name":"kboss","avatar":"pic1"},"5a37af70f2e8472b52a6b36f":{"name":"kgenius","avatar":"pic2"},"5a37b25df2e8472b52a6b370":{"name":"redux","avatar":"pic2"},"5a40bd252281afbdf739da1e":{"name":"kg","avatar":"pic2"},"5a40d8e62281afbdf739da1f":{"name":"kggg","avatar":"pic5"},"5a41dbab5521b9d177862f77":{"name":"jserk","avatar":"pic3"},"5a41f6e65521b9d177862f78":{"name":"boss","avatar":"pic3"},"5a4216da69a459ffe27e7253":{"name":"123","avatar":"pic2"},"5a4348defde1ea379776e061":{"name":"Kerwin","avatar":"pic5"}}}
*************** response log end *******************

[2017-12-27T17:02:22.362] [INFO] resLogger - 
*************** response log start **************
request method:GET
request originalUrl:/user/info
request client ip:::ffff:127.0.0.1
request query:{}
response time:6
response body:
{"code":0,"msg":"success","data":{"_id":"5a4348defde1ea379776e061","user":"Kerwin","type":"genius","title":"前端开发","desc":"react\nvue\nwebpack\njq\nkoa\nnodejs","money":"","avatar":"pic5"}}
*************** response log end *******************

[2017-12-27T17:02:22.370] [INFO] resLogger - 
*************** response log start **************
request method:GET
request originalUrl:/user/getmsglist
request client ip:::ffff:127.0.0.1
request query:{}
response time:6
response body:
{"code":0,"msgs":[{"_id":"5a435bb34c5e1b43fd64c5dd","chatid":"5a41f6e65521b9d177862f78_5a4348defde1ea379776e061","from":"5a41f6e65521b9d177862f78","to":"5a4348defde1ea379776e061","__v":0,"creat_time":1514363797331,"content":"你好，我是猎聘专列的","read":false},{"_id":"5a435bba4c5e1b43fd64c5de","chatid":"5a41f6e65521b9d177862f78_5a4348defde1ea379776e061","from":"5a41f6e65521b9d177862f78","to":"5a4348defde1ea379776e061","__v":0,"creat_time":1514363797331,"content":"在吗","read":false},{"_id":"5a435bc94c5e1b43fd64c5df","chatid":"5a41f6e65521b9d177862f78_5a4348defde1ea379776e061","from":"5a4348defde1ea379776e061","to":"5a41f6e65521b9d177862f78","__v":0,"creat_time":1514363797331,"content":"你好，在的","read":false}],"users":{"5a37af4df2e8472b52a6b36e":{"name":"kboss","avatar":"pic1"},"5a37af70f2e8472b52a6b36f":{"name":"kgenius","avatar":"pic2"},"5a37b25df2e8472b52a6b370":{"name":"redux","avatar":"pic2"},"5a40bd252281afbdf739da1e":{"name":"kg","avatar":"pic2"},"5a40d8e62281afbdf739da1f":{"name":"kggg","avatar":"pic5"},"5a41dbab5521b9d177862f77":{"name":"jserk","avatar":"pic3"},"5a41f6e65521b9d177862f78":{"name":"boss","avatar":"pic3"},"5a4216da69a459ffe27e7253":{"name":"123","avatar":"pic2"},"5a4348defde1ea379776e061":{"name":"Kerwin","avatar":"pic5"}}}
*************** response log end *******************

[2017-12-27T17:03:31.146] [INFO] resLogger - 
*************** response log start **************
request method:GET
request originalUrl:/user/info
request client ip:::ffff:127.0.0.1
request query:{}
response time:3
response body:
{"code":0,"msg":"success","data":{"_id":"5a41f6e65521b9d177862f78","user":"boss","type":"boss","title":"全栈开发","desc":"熟悉react\n熟悉koa开发\n熟悉后端数据库","company":"言至网络工作室","money":"10k-15k","avatar":"pic3"}}
*************** response log end *******************

[2017-12-27T17:03:31.151] [INFO] resLogger - 
*************** response log start **************
request method:GET
request originalUrl:/user/getmsglist
request client ip:::ffff:127.0.0.1
request query:{}
response time:4
response body:
{"code":0,"msgs":[{"_id":"5a435bb34c5e1b43fd64c5dd","chatid":"5a41f6e65521b9d177862f78_5a4348defde1ea379776e061","from":"5a41f6e65521b9d177862f78","to":"5a4348defde1ea379776e061","__v":0,"creat_time":1514363797331,"content":"你好，我是猎聘专列的","read":false},{"_id":"5a435bba4c5e1b43fd64c5de","chatid":"5a41f6e65521b9d177862f78_5a4348defde1ea379776e061","from":"5a41f6e65521b9d177862f78","to":"5a4348defde1ea379776e061","__v":0,"creat_time":1514363797331,"content":"在吗","read":false},{"_id":"5a435bc94c5e1b43fd64c5df","chatid":"5a41f6e65521b9d177862f78_5a4348defde1ea379776e061","from":"5a4348defde1ea379776e061","to":"5a41f6e65521b9d177862f78","__v":0,"creat_time":1514363797331,"content":"你好，在的","read":false}],"users":{"5a37af4df2e8472b52a6b36e":{"name":"kboss","avatar":"pic1"},"5a37af70f2e8472b52a6b36f":{"name":"kgenius","avatar":"pic2"},"5a37b25df2e8472b52a6b370":{"name":"redux","avatar":"pic2"},"5a40bd252281afbdf739da1e":{"name":"kg","avatar":"pic2"},"5a40d8e62281afbdf739da1f":{"name":"kggg","avatar":"pic5"},"5a41dbab5521b9d177862f77":{"name":"jserk","avatar":"pic3"},"5a41f6e65521b9d177862f78":{"name":"boss","avatar":"pic3"},"5a4216da69a459ffe27e7253":{"name":"123","avatar":"pic2"},"5a4348defde1ea379776e061":{"name":"Kerwin","avatar":"pic5"}}}
*************** response log end *******************

[2017-12-27T17:03:32.228] [INFO] resLogger - 
*************** response log start **************
request method:GET
request originalUrl:/user/info
request client ip:::ffff:127.0.0.1
request query:{}
response time:2
response body:
{"code":0,"msg":"success","data":{"_id":"5a4348defde1ea379776e061","user":"Kerwin","type":"genius","title":"前端开发","desc":"react\nvue\nwebpack\njq\nkoa\nnodejs","money":"","avatar":"pic5"}}
*************** response log end *******************

[2017-12-27T17:03:32.300] [INFO] resLogger - 
*************** response log start **************
request method:GET
request originalUrl:/user/getmsglist
request client ip:::ffff:127.0.0.1
request query:{}
response time:4
response body:
{"code":0,"msgs":[{"_id":"5a435bb34c5e1b43fd64c5dd","chatid":"5a41f6e65521b9d177862f78_5a4348defde1ea379776e061","from":"5a41f6e65521b9d177862f78","to":"5a4348defde1ea379776e061","__v":0,"creat_time":1514363797331,"content":"你好，我是猎聘专列的","read":false},{"_id":"5a435bba4c5e1b43fd64c5de","chatid":"5a41f6e65521b9d177862f78_5a4348defde1ea379776e061","from":"5a41f6e65521b9d177862f78","to":"5a4348defde1ea379776e061","__v":0,"creat_time":1514363797331,"content":"在吗","read":false},{"_id":"5a435bc94c5e1b43fd64c5df","chatid":"5a41f6e65521b9d177862f78_5a4348defde1ea379776e061","from":"5a4348defde1ea379776e061","to":"5a41f6e65521b9d177862f78","__v":0,"creat_time":1514363797331,"content":"你好，在的","read":false}],"users":{"5a37af4df2e8472b52a6b36e":{"name":"kboss","avatar":"pic1"},"5a37af70f2e8472b52a6b36f":{"name":"kgenius","avatar":"pic2"},"5a37b25df2e8472b52a6b370":{"name":"redux","avatar":"pic2"},"5a40bd252281afbdf739da1e":{"name":"kg","avatar":"pic2"},"5a40d8e62281afbdf739da1f":{"name":"kggg","avatar":"pic5"},"5a41dbab5521b9d177862f77":{"name":"jserk","avatar":"pic3"},"5a41f6e65521b9d177862f78":{"name":"boss","avatar":"pic3"},"5a4216da69a459ffe27e7253":{"name":"123","avatar":"pic2"},"5a4348defde1ea379776e061":{"name":"Kerwin","avatar":"pic5"}}}
*************** response log end *******************

[2017-12-27T17:04:11.821] [INFO] resLogger - 
*************** response log start **************
request method:GET
request originalUrl:/user/info
request client ip:::ffff:127.0.0.1
request query:{}
response time:1
response body:
{"code":0,"msg":"success","data":{"_id":"5a41f6e65521b9d177862f78","user":"boss","type":"boss","title":"全栈开发","desc":"熟悉react\n熟悉koa开发\n熟悉后端数据库","company":"言至网络工作室","money":"10k-15k","avatar":"pic3"}}
*************** response log end *******************

[2017-12-27T17:04:11.842] [INFO] resLogger - 
*************** response log start **************
request method:GET
request originalUrl:/user/getmsglist
request client ip:::ffff:127.0.0.1
request query:{}
response time:4
response body:
{"code":0,"msgs":[{"_id":"5a435bb34c5e1b43fd64c5dd","chatid":"5a41f6e65521b9d177862f78_5a4348defde1ea379776e061","from":"5a41f6e65521b9d177862f78","to":"5a4348defde1ea379776e061","__v":0,"creat_time":1514363797331,"content":"你好，我是猎聘专列的","read":false},{"_id":"5a435bba4c5e1b43fd64c5de","chatid":"5a41f6e65521b9d177862f78_5a4348defde1ea379776e061","from":"5a41f6e65521b9d177862f78","to":"5a4348defde1ea379776e061","__v":0,"creat_time":1514363797331,"content":"在吗","read":false},{"_id":"5a435bc94c5e1b43fd64c5df","chatid":"5a41f6e65521b9d177862f78_5a4348defde1ea379776e061","from":"5a4348defde1ea379776e061","to":"5a41f6e65521b9d177862f78","__v":0,"creat_time":1514363797331,"content":"你好，在的","read":false}],"users":{"5a37af4df2e8472b52a6b36e":{"name":"kboss","avatar":"pic1"},"5a37af70f2e8472b52a6b36f":{"name":"kgenius","avatar":"pic2"},"5a37b25df2e8472b52a6b370":{"name":"redux","avatar":"pic2"},"5a40bd252281afbdf739da1e":{"name":"kg","avatar":"pic2"},"5a40d8e62281afbdf739da1f":{"name":"kggg","avatar":"pic5"},"5a41dbab5521b9d177862f77":{"name":"jserk","avatar":"pic3"},"5a41f6e65521b9d177862f78":{"name":"boss","avatar":"pic3"},"5a4216da69a459ffe27e7253":{"name":"123","avatar":"pic2"},"5a4348defde1ea379776e061":{"name":"Kerwin","avatar":"pic5"}}}
*************** response log end *******************

[2017-12-27T17:04:12.347] [INFO] resLogger - 
*************** response log start **************
request method:GET
request originalUrl:/user/info
request client ip:::ffff:127.0.0.1
request query:{}
response time:2
response body:
{"code":0,"msg":"success","data":{"_id":"5a4348defde1ea379776e061","user":"Kerwin","type":"genius","title":"前端开发","desc":"react\nvue\nwebpack\njq\nkoa\nnodejs","money":"","avatar":"pic5"}}
*************** response log end *******************

[2017-12-27T17:04:12.374] [INFO] resLogger - 
*************** response log start **************
request method:GET
request originalUrl:/user/getmsglist
request client ip:::ffff:127.0.0.1
request query:{}
response time:3
response body:
{"code":0,"msgs":[{"_id":"5a435bb34c5e1b43fd64c5dd","chatid":"5a41f6e65521b9d177862f78_5a4348defde1ea379776e061","from":"5a41f6e65521b9d177862f78","to":"5a4348defde1ea379776e061","__v":0,"creat_time":1514363797331,"content":"你好，我是猎聘专列的","read":false},{"_id":"5a435bba4c5e1b43fd64c5de","chatid":"5a41f6e65521b9d177862f78_5a4348defde1ea379776e061","from":"5a41f6e65521b9d177862f78","to":"5a4348defde1ea379776e061","__v":0,"creat_time":1514363797331,"content":"在吗","read":false},{"_id":"5a435bc94c5e1b43fd64c5df","chatid":"5a41f6e65521b9d177862f78_5a4348defde1ea379776e061","from":"5a4348defde1ea379776e061","to":"5a41f6e65521b9d177862f78","__v":0,"creat_time":1514363797331,"content":"你好，在的","read":false}],"users":{"5a37af4df2e8472b52a6b36e":{"name":"kboss","avatar":"pic1"},"5a37af70f2e8472b52a6b36f":{"name":"kgenius","avatar":"pic2"},"5a37b25df2e8472b52a6b370":{"name":"redux","avatar":"pic2"},"5a40bd252281afbdf739da1e":{"name":"kg","avatar":"pic2"},"5a40d8e62281afbdf739da1f":{"name":"kggg","avatar":"pic5"},"5a41dbab5521b9d177862f77":{"name":"jserk","avatar":"pic3"},"5a41f6e65521b9d177862f78":{"name":"boss","avatar":"pic3"},"5a4216da69a459ffe27e7253":{"name":"123","avatar":"pic2"},"5a4348defde1ea379776e061":{"name":"Kerwin","avatar":"pic5"}}}
*************** response log end *******************

[2017-12-27T17:05:59.043] [INFO] resLogger - 
*************** response log start **************
request method:GET
request originalUrl:/user/info
request client ip:::ffff:127.0.0.1
request query:{}
response time:2
response body:
{"code":0,"msg":"success","data":{"_id":"5a41f6e65521b9d177862f78","user":"boss","type":"boss","title":"全栈开发","desc":"熟悉react\n熟悉koa开发\n熟悉后端数据库","company":"言至网络工作室","money":"10k-15k","avatar":"pic3"}}
*************** response log end *******************

[2017-12-27T17:05:59.048] [INFO] resLogger - 
*************** response log start **************
request method:GET
request originalUrl:/user/getmsglist
request client ip:::ffff:127.0.0.1
request query:{}
response time:7
response body:
{"code":0,"msgs":[{"_id":"5a435bb34c5e1b43fd64c5dd","chatid":"5a41f6e65521b9d177862f78_5a4348defde1ea379776e061","from":"5a41f6e65521b9d177862f78","to":"5a4348defde1ea379776e061","__v":0,"creat_time":1514363797331,"content":"你好，我是猎聘专列的","read":false},{"_id":"5a435bba4c5e1b43fd64c5de","chatid":"5a41f6e65521b9d177862f78_5a4348defde1ea379776e061","from":"5a41f6e65521b9d177862f78","to":"5a4348defde1ea379776e061","__v":0,"creat_time":1514363797331,"content":"在吗","read":false},{"_id":"5a435bc94c5e1b43fd64c5df","chatid":"5a41f6e65521b9d177862f78_5a4348defde1ea379776e061","from":"5a4348defde1ea379776e061","to":"5a41f6e65521b9d177862f78","__v":0,"creat_time":1514363797331,"content":"你好，在的","read":false}],"users":{"5a37af4df2e8472b52a6b36e":{"name":"kboss","avatar":"pic1"},"5a37af70f2e8472b52a6b36f":{"name":"kgenius","avatar":"pic2"},"5a37b25df2e8472b52a6b370":{"name":"redux","avatar":"pic2"},"5a40bd252281afbdf739da1e":{"name":"kg","avatar":"pic2"},"5a40d8e62281afbdf739da1f":{"name":"kggg","avatar":"pic5"},"5a41dbab5521b9d177862f77":{"name":"jserk","avatar":"pic3"},"5a41f6e65521b9d177862f78":{"name":"boss","avatar":"pic3"},"5a4216da69a459ffe27e7253":{"name":"123","avatar":"pic2"},"5a4348defde1ea379776e061":{"name":"Kerwin","avatar":"pic5"}}}
*************** response log end *******************

[2017-12-27T17:05:59.588] [INFO] resLogger - 
*************** response log start **************
request method:GET
request originalUrl:/user/info
request client ip:::ffff:127.0.0.1
request query:{}
response time:2
response body:
{"code":0,"msg":"success","data":{"_id":"5a4348defde1ea379776e061","user":"Kerwin","type":"genius","title":"前端开发","desc":"react\nvue\nwebpack\njq\nkoa\nnodejs","money":"","avatar":"pic5"}}
*************** response log end *******************

[2017-12-27T17:05:59.597] [INFO] resLogger - 
*************** response log start **************
request method:GET
request originalUrl:/user/getmsglist
request client ip:::ffff:127.0.0.1
request query:{}
response time:8
response body:
{"code":0,"msgs":[{"_id":"5a435bb34c5e1b43fd64c5dd","chatid":"5a41f6e65521b9d177862f78_5a4348defde1ea379776e061","from":"5a41f6e65521b9d177862f78","to":"5a4348defde1ea379776e061","__v":0,"creat_time":1514363797331,"content":"你好，我是猎聘专列的","read":false},{"_id":"5a435bba4c5e1b43fd64c5de","chatid":"5a41f6e65521b9d177862f78_5a4348defde1ea379776e061","from":"5a41f6e65521b9d177862f78","to":"5a4348defde1ea379776e061","__v":0,"creat_time":1514363797331,"content":"在吗","read":false},{"_id":"5a435bc94c5e1b43fd64c5df","chatid":"5a41f6e65521b9d177862f78_5a4348defde1ea379776e061","from":"5a4348defde1ea379776e061","to":"5a41f6e65521b9d177862f78","__v":0,"creat_time":1514363797331,"content":"你好，在的","read":false}],"users":{"5a37af4df2e8472b52a6b36e":{"name":"kboss","avatar":"pic1"},"5a37af70f2e8472b52a6b36f":{"name":"kgenius","avatar":"pic2"},"5a37b25df2e8472b52a6b370":{"name":"redux","avatar":"pic2"},"5a40bd252281afbdf739da1e":{"name":"kg","avatar":"pic2"},"5a40d8e62281afbdf739da1f":{"name":"kggg","avatar":"pic5"},"5a41dbab5521b9d177862f77":{"name":"jserk","avatar":"pic3"},"5a41f6e65521b9d177862f78":{"name":"boss","avatar":"pic3"},"5a4216da69a459ffe27e7253":{"name":"123","avatar":"pic2"},"5a4348defde1ea379776e061":{"name":"Kerwin","avatar":"pic5"}}}
*************** response log end *******************

