[2017-12-17T19:01:28.458] [INFO] resLogger - 
*************** response log start **************
request method:POST
request originalUrl:/users/register?id=123
request client ip:::1
request body
{}
response time:6
response body:
{"code":0,"message":"success"}
*************** response log end *******************

[2017-12-17T19:01:31.757] [INFO] resLogger - 
*************** response log start **************
request method:POST
request originalUrl:/users/register?id=123
request client ip:::1
request body
{}
response time:1
response body:
{"code":0,"message":"success"}
*************** response log end *******************

[2017-12-17T19:01:43.111] [INFO] resLogger - 
*************** response log start **************
request method:POST
request originalUrl:/users/register?id=123
request client ip:::1
request body
{}
response time:7
response body:
{"code":0,"message":"success"}
*************** response log end *******************

[2017-12-17T19:02:28.128] [INFO] resLogger - 
*************** response log start **************
request method:POST
request originalUrl:/users/register?id=123
request client ip:::1
request body
{}
response time:4
response body:
undefined
*************** response log end *******************

[2017-12-17T19:02:39.149] [INFO] resLogger - 
*************** response log start **************
request method:POST
request originalUrl:/users/registerUser?id=123
request client ip:::1
request body
{}
response time:3
response body:
undefined
*************** response log end *******************

[2017-12-17T19:03:40.522] [INFO] resLogger - 
*************** response log start **************
request method:POST
request originalUrl:/users/registerUser?id=123
request client ip:::1
request body
{}
response time:8
response body:
{"id":"123"}
*************** response log end *******************

[2017-12-17T19:09:24.564] [INFO] resLogger - 
*************** response log start **************
request method:POST
request originalUrl:/users/registerUser?id=123
request client ip:::1
request body
{}
response time:8
response body:
{"id":"123"}
*************** response log end *******************

[2017-12-17T19:09:32.322] [INFO] resLogger - 
*************** response log start **************
request method:POST
request originalUrl:/users/register?id=123
request client ip:::1
request body
{}
response time:4
response body:
{"code":1,"msg":"用户名重复"}
*************** response log end *******************

[2017-12-17T19:10:28.946] [INFO] resLogger - 
*************** response log start **************
request method:POST
request originalUrl:/users/register?id=123
request client ip:::1
request body
{}
response time:8
response body:
{"code":1,"msg":"用户名重复"}
*************** response log end *******************

[2017-12-17T19:11:07.203] [INFO] resLogger - 
*************** response log start **************
request method:POST
request originalUrl:/users/register?id=123
request client ip:::1
request body
{}
response time:9
response body:
{"code":1,"msg":"用户名重复"}
*************** response log end *******************

[2017-12-17T19:11:36.482] [INFO] resLogger - 
*************** response log start **************
request method:POST
request originalUrl:/users/register?id=123
request client ip:::1
request body
{}
response time:10
response body:
{"code":1,"msg":"用户名重复"}
*************** response log end *******************

[2017-12-17T19:11:53.631] [INFO] resLogger - 
*************** response log start **************
request method:POST
request originalUrl:/users/register?id=123
request client ip:::1
request body
{}
response time:9
response body:
{"code":1,"msg":"用户名重复"}
*************** response log end *******************

[2017-12-17T19:11:54.204] [INFO] resLogger - 
*************** response log start **************
request method:POST
request originalUrl:/users/register?id=123
request client ip:::1
request body
{}
response time:1
response body:
{"code":1,"msg":"用户名重复"}
*************** response log end *******************

[2017-12-17T19:12:20.181] [INFO] resLogger - 
*************** response log start **************
request method:POST
request originalUrl:/users/register?id=123
request client ip:::1
request body
{}
response time:9
response body:
{"code":1,"msg":"用户名重复"}
*************** response log end *******************

[2017-12-17T19:12:55.322] [INFO] resLogger - 
*************** response log start **************
request method:POST
request originalUrl:/users/register?id=123
request client ip:::1
request body
{}
response time:8
response body:
{"code":1,"msg":"传入的参数必须都不为空"}
*************** response log end *******************

[2017-12-17T19:13:31.319] [INFO] resLogger - 
*************** response log start **************
request method:POST
request originalUrl:/users/register?id=123
request client ip:::1
request body
{}
response time:7
response body:
{"code":1,"msg":"传入的参数必须都不为空"}
*************** response log end *******************

[2017-12-17T19:13:59.753] [INFO] resLogger - 
*************** response log start **************
request method:POST
request originalUrl:/users/register?user=kerwin&pwd=123456&type=boss
request client ip:::1
request body
{}
response time:6
response body:
{"code":1,"msg":"用户名重复"}
*************** response log end *******************

[2017-12-17T19:14:16.341] [INFO] resLogger - 
*************** response log start **************
request method:POST
request originalUrl:/users/register?user=kerwin1&pwd=123456&type=boss
request client ip:::1
request body
{}
response time:1
response body:
{"code":1,"msg":"用户名重复"}
*************** response log end *******************

[2017-12-17T19:14:50.580] [INFO] resLogger - 
*************** response log start **************
request method:POST
request originalUrl:/users/register?user=kerwin1&pwd=123456&type=boss
request client ip:::1
request body
{}
response time:15
response body:
{"code":1,"msg":"用户名重复"}
*************** response log end *******************

[2017-12-17T19:16:15.676] [INFO] resLogger - 
*************** response log start **************
request method:POST
request originalUrl:/users/register?user=kerwin1&pwd=123456&type=boss
request client ip:::1
request body
{}
response time:29
response body:
undefined
*************** response log end *******************

[2017-12-17T19:18:56.505] [INFO] resLogger - 
*************** response log start **************
request method:POST
request originalUrl:/users/register?user=kerwin1&pwd=123456&type=boss
request client ip:::1
request body
{}
response time:27
response body:
{"code":1,"msg":"用户名重复"}
*************** response log end *******************

[2017-12-17T19:28:50.502] [INFO] resLogger - 
*************** response log start **************
request method:POST
request originalUrl:/users/register?user=kerwin1&pwd=123456&type=boss
request client ip:::1
request body
{}
response time:26
response body:
{"code":1,"msg":"用户名重复"}
*************** response log end *******************

[2017-12-17T19:30:07.147] [INFO] resLogger - 
*************** response log start **************
request method:POST
request originalUrl:/users/register?user=kerwin1&pwd=123456123&type=boss
request client ip:::1
request body
{}
response time:2
response body:
{"code":1,"msg":"用户名重复"}
*************** response log end *******************

[2017-12-17T19:31:46.575] [INFO] resLogger - 
*************** response log start **************
request method:POST
request originalUrl:/users/register?user=kerwin1&pwd=123456123&type=boss
request client ip:::1
request body
{}
response time:26
response body:
{"code":1,"msg":"用户名重复"}
*************** response log end *******************

[2017-12-17T19:31:50.740] [INFO] resLogger - 
*************** response log start **************
request method:POST
request originalUrl:/users/register?user=kerwin2&pwd=123456123&type=boss
request client ip:::1
request body
{}
response time:7
response body:
{"code":1,"msg":"false"}
*************** response log end *******************

[2017-12-17T19:32:11.928] [INFO] resLogger - 
*************** response log start **************
request method:POST
request originalUrl:/users/register?user=kerwin2&pwd=123456123&type=boss
request client ip:::1
request body
{}
response time:30
response body:
{"code":1,"msg":"false"}
*************** response log end *******************

[2017-12-17T19:32:31.236] [INFO] resLogger - 
*************** response log start **************
request method:POST
request originalUrl:/users/register?user=kerwin2&pwd=123456123&type=boss
request client ip:::1
request body
{}
response time:37
response body:
{"code":0,"msg":"success"}
*************** response log end *******************

[2017-12-17T19:32:37.440] [INFO] resLogger - 
*************** response log start **************
request method:POST
request originalUrl:/users/register?user=kerwin2&pwd=123456123&type=boss
request client ip:::1
request body
{}
response time:5
response body:
{"code":1,"msg":"用户名重复"}
*************** response log end *******************

