[2017-12-18T12:00:00.271] [ERROR] errorLogger - 
*************** error log start ****************
request method:GET
request originalUrl:/user/info
request client ip:::ffff:127.0.0.1
request query:{}
response time:13
err name:TypeError
err message:Converting circular structure to JSON
err stack:TypeError: Converting circular structure to JSON
    at JSON.stringify (<anonymous>)
    at formatRes (/Users/hutianyi/Desktop/reactstudy/koa2server/utils/log_util.js:38:47)
    at Object.logUtil.logResponse (/Users/hutianyi/Desktop/reactstudy/koa2server/utils/log_util.js:23:24)
    at app.use (/Users/hutianyi/Desktop/reactstudy/koa2server/app.js:41:13)
    at <anonymous>
*************** error log end ****************

[2017-12-18T12:03:55.284] [ERROR] errorLogger - 
*************** error log start ****************
request method:GET
request originalUrl:/user/info
request client ip:::ffff:127.0.0.1
request query:{}
response time:11
err name:TypeError
err message:Converting circular structure to JSON
err stack:TypeError: Converting circular structure to JSON
    at JSON.stringify (<anonymous>)
    at formatRes (/Users/hutianyi/Desktop/reactstudy/koa2server/utils/log_util.js:38:47)
    at Object.logUtil.logResponse (/Users/hutianyi/Desktop/reactstudy/koa2server/utils/log_util.js:23:24)
    at app.use (/Users/hutianyi/Desktop/reactstudy/koa2server/app.js:41:13)
    at <anonymous>
*************** error log end ****************

[2017-12-18T12:04:56.581] [ERROR] errorLogger - 
*************** error log start ****************
request method:GET
request originalUrl:/user/info
request client ip:::ffff:127.0.0.1
request query:{}
response time:24
err name:TypeError
err message:Converting circular structure to JSON
err stack:TypeError: Converting circular structure to JSON
    at JSON.stringify (<anonymous>)
    at formatRes (/Users/hutianyi/Desktop/reactstudy/koa2server/utils/log_util.js:38:47)
    at Object.logUtil.logResponse (/Users/hutianyi/Desktop/reactstudy/koa2server/utils/log_util.js:23:24)
    at app.use (/Users/hutianyi/Desktop/reactstudy/koa2server/app.js:41:13)
    at <anonymous>
*************** error log end ****************

