[2017-12-18T11:27:00.791] [ERROR] errorLogger - 
*************** error log start ****************
request method:POST
request originalUrl:/user/login
request client ip:::ffff:127.0.0.1
request body
{"user":"kerwin","pwd":"123"}
response time:27
err name:TypeError
err message:res.cookie is not a function
err stack:TypeError: res.cookie is not a function
    at exports.login (/Users/hutianyi/Desktop/reactstudy/koa2server/app/controllers/user_controller.js:83:17)
    at <anonymous>
    at process._tickCallback (internal/process/next_tick.js:188:7)
*************** error log end ****************

[2017-12-18T11:40:42.398] [ERROR] errorLogger - 
*************** error log start ****************
request method:GET
request originalUrl:/user/info
request client ip:::ffff:127.0.0.1
request query:{}
response time:2
err name:TypeError
err message:Cannot destructure property `userid` of 'undefined' or 'null'.
err stack:TypeError: Cannot destructure property `userid` of 'undefined' or 'null'.
    at exports.userInfo (/Users/hutianyi/Desktop/reactstudy/koa2server/app/controllers/user_controller.js:35:36)
    at dispatch (/Users/hutianyi/Desktop/reactstudy/koa2server/node_modules/koa-router/node_modules/koa-compose/index.js:44:32)
    at next (/Users/hutianyi/Desktop/reactstudy/koa2server/node_modules/koa-router/node_modules/koa-compose/index.js:45:18)
    at /Users/hutianyi/Desktop/reactstudy/koa2server/node_modules/koa-router/lib/router.js:345:16
    at dispatch (/Users/hutianyi/Desktop/reactstudy/koa2server/node_modules/koa-router/node_modules/koa-compose/index.js:44:32)
    at /Users/hutianyi/Desktop/reactstudy/koa2server/node_modules/koa-router/node_modules/koa-compose/index.js:36:12
    at dispatch (/Users/hutianyi/Desktop/reactstudy/koa2server/node_modules/koa-router/lib/router.js:350:31)
    at dispatch (/Users/hutianyi/Desktop/reactstudy/koa2server/node_modules/koa-compose/index.js:42:32)
    at next (/Users/hutianyi/Desktop/reactstudy/koa2server/node_modules/koa-compose/index.js:43:18)
    at /Users/hutianyi/Desktop/reactstudy/koa2server/middlewares/response_formatter.js:27:19
    at dispatch (/Users/hutianyi/Desktop/reactstudy/koa2server/node_modules/koa-compose/index.js:42:32)
    at next (/Users/hutianyi/Desktop/reactstudy/koa2server/node_modules/koa-compose/index.js:43:18)
    at app.use (/Users/hutianyi/Desktop/reactstudy/koa2server/app.js:38:11)
    at dispatch (/Users/hutianyi/Desktop/reactstudy/koa2server/node_modules/koa-compose/index.js:42:32)
    at next (/Users/hutianyi/Desktop/reactstudy/koa2server/node_modules/koa-compose/index.js:43:18)
    at views (/Users/hutianyi/Desktop/reactstudy/koa2server/node_modules/koa-views/lib/index.js:61:12)
    at dispatch (/Users/hutianyi/Desktop/reactstudy/koa2server/node_modules/koa-compose/index.js:42:32)
    at next (/Users/hutianyi/Desktop/reactstudy/koa2server/node_modules/koa-compose/index.js:43:18)
    at send.then.done (/Users/hutianyi/Desktop/reactstudy/koa2server/node_modules/koa-static/index.js:43:20)
    at <anonymous>
*************** error log end ****************

[2017-12-18T11:41:21.985] [ERROR] errorLogger - 
*************** error log start ****************
request method:GET
request originalUrl:/user/info
request client ip:::ffff:127.0.0.1
request query:{}
response time:0
err name:TypeError
err message:Cannot destructure property `userid` of 'undefined' or 'null'.
err stack:TypeError: Cannot destructure property `userid` of 'undefined' or 'null'.
    at exports.userInfo (/Users/hutianyi/Desktop/reactstudy/koa2server/app/controllers/user_controller.js:35:36)
    at dispatch (/Users/hutianyi/Desktop/reactstudy/koa2server/node_modules/koa-router/node_modules/koa-compose/index.js:44:32)
    at next (/Users/hutianyi/Desktop/reactstudy/koa2server/node_modules/koa-router/node_modules/koa-compose/index.js:45:18)
    at /Users/hutianyi/Desktop/reactstudy/koa2server/node_modules/koa-router/lib/router.js:345:16
    at dispatch (/Users/hutianyi/Desktop/reactstudy/koa2server/node_modules/koa-router/node_modules/koa-compose/index.js:44:32)
    at /Users/hutianyi/Desktop/reactstudy/koa2server/node_modules/koa-router/node_modules/koa-compose/index.js:36:12
    at dispatch (/Users/hutianyi/Desktop/reactstudy/koa2server/node_modules/koa-router/lib/router.js:350:31)
    at dispatch (/Users/hutianyi/Desktop/reactstudy/koa2server/node_modules/koa-compose/index.js:42:32)
    at next (/Users/hutianyi/Desktop/reactstudy/koa2server/node_modules/koa-compose/index.js:43:18)
    at /Users/hutianyi/Desktop/reactstudy/koa2server/middlewares/response_formatter.js:27:19
    at dispatch (/Users/hutianyi/Desktop/reactstudy/koa2server/node_modules/koa-compose/index.js:42:32)
    at next (/Users/hutianyi/Desktop/reactstudy/koa2server/node_modules/koa-compose/index.js:43:18)
    at app.use (/Users/hutianyi/Desktop/reactstudy/koa2server/app.js:38:11)
    at dispatch (/Users/hutianyi/Desktop/reactstudy/koa2server/node_modules/koa-compose/index.js:42:32)
    at next (/Users/hutianyi/Desktop/reactstudy/koa2server/node_modules/koa-compose/index.js:43:18)
    at views (/Users/hutianyi/Desktop/reactstudy/koa2server/node_modules/koa-views/lib/index.js:61:12)
    at dispatch (/Users/hutianyi/Desktop/reactstudy/koa2server/node_modules/koa-compose/index.js:42:32)
    at next (/Users/hutianyi/Desktop/reactstudy/koa2server/node_modules/koa-compose/index.js:43:18)
    at send.then.done (/Users/hutianyi/Desktop/reactstudy/koa2server/node_modules/koa-static/index.js:43:20)
    at <anonymous>
*************** error log end ****************

[2017-12-18T11:42:53.365] [ERROR] errorLogger - 
*************** error log start ****************
request method:GET
request originalUrl:/user/info
request client ip:::ffff:127.0.0.1
request query:{}
response time:3
err name:TypeError
err message:Cannot destructure property `userid` of 'undefined' or 'null'.
err stack:TypeError: Cannot destructure property `userid` of 'undefined' or 'null'.
    at exports.userInfo (/Users/hutianyi/Desktop/reactstudy/koa2server/app/controllers/user_controller.js:35:36)
    at dispatch (/Users/hutianyi/Desktop/reactstudy/koa2server/node_modules/koa-router/node_modules/koa-compose/index.js:44:32)
    at next (/Users/hutianyi/Desktop/reactstudy/koa2server/node_modules/koa-router/node_modules/koa-compose/index.js:45:18)
    at /Users/hutianyi/Desktop/reactstudy/koa2server/node_modules/koa-router/lib/router.js:345:16
    at dispatch (/Users/hutianyi/Desktop/reactstudy/koa2server/node_modules/koa-router/node_modules/koa-compose/index.js:44:32)
    at /Users/hutianyi/Desktop/reactstudy/koa2server/node_modules/koa-router/node_modules/koa-compose/index.js:36:12
    at dispatch (/Users/hutianyi/Desktop/reactstudy/koa2server/node_modules/koa-router/lib/router.js:350:31)
    at dispatch (/Users/hutianyi/Desktop/reactstudy/koa2server/node_modules/koa-compose/index.js:42:32)
    at next (/Users/hutianyi/Desktop/reactstudy/koa2server/node_modules/koa-compose/index.js:43:18)
    at /Users/hutianyi/Desktop/reactstudy/koa2server/middlewares/response_formatter.js:27:19
    at dispatch (/Users/hutianyi/Desktop/reactstudy/koa2server/node_modules/koa-compose/index.js:42:32)
    at next (/Users/hutianyi/Desktop/reactstudy/koa2server/node_modules/koa-compose/index.js:43:18)
    at app.use (/Users/hutianyi/Desktop/reactstudy/koa2server/app.js:38:11)
    at dispatch (/Users/hutianyi/Desktop/reactstudy/koa2server/node_modules/koa-compose/index.js:42:32)
    at next (/Users/hutianyi/Desktop/reactstudy/koa2server/node_modules/koa-compose/index.js:43:18)
    at views (/Users/hutianyi/Desktop/reactstudy/koa2server/node_modules/koa-views/lib/index.js:61:12)
    at dispatch (/Users/hutianyi/Desktop/reactstudy/koa2server/node_modules/koa-compose/index.js:42:32)
    at next (/Users/hutianyi/Desktop/reactstudy/koa2server/node_modules/koa-compose/index.js:43:18)
    at send.then.done (/Users/hutianyi/Desktop/reactstudy/koa2server/node_modules/koa-static/index.js:43:20)
    at <anonymous>
*************** error log end ****************

[2017-12-18T11:43:16.008] [ERROR] errorLogger - 
*************** error log start ****************
request method:GET
request originalUrl:/user/info
request client ip:::ffff:127.0.0.1
request query:{}
response time:5
err name:TypeError
err message:Cannot destructure property `userid` of 'undefined' or 'null'.
err stack:TypeError: Cannot destructure property `userid` of 'undefined' or 'null'.
    at exports.userInfo (/Users/hutianyi/Desktop/reactstudy/koa2server/app/controllers/user_controller.js:36:36)
    at dispatch (/Users/hutianyi/Desktop/reactstudy/koa2server/node_modules/koa-router/node_modules/koa-compose/index.js:44:32)
    at next (/Users/hutianyi/Desktop/reactstudy/koa2server/node_modules/koa-router/node_modules/koa-compose/index.js:45:18)
    at /Users/hutianyi/Desktop/reactstudy/koa2server/node_modules/koa-router/lib/router.js:345:16
    at dispatch (/Users/hutianyi/Desktop/reactstudy/koa2server/node_modules/koa-router/node_modules/koa-compose/index.js:44:32)
    at /Users/hutianyi/Desktop/reactstudy/koa2server/node_modules/koa-router/node_modules/koa-compose/index.js:36:12
    at dispatch (/Users/hutianyi/Desktop/reactstudy/koa2server/node_modules/koa-router/lib/router.js:350:31)
    at dispatch (/Users/hutianyi/Desktop/reactstudy/koa2server/node_modules/koa-compose/index.js:42:32)
    at next (/Users/hutianyi/Desktop/reactstudy/koa2server/node_modules/koa-compose/index.js:43:18)
    at /Users/hutianyi/Desktop/reactstudy/koa2server/middlewares/response_formatter.js:27:19
    at dispatch (/Users/hutianyi/Desktop/reactstudy/koa2server/node_modules/koa-compose/index.js:42:32)
    at next (/Users/hutianyi/Desktop/reactstudy/koa2server/node_modules/koa-compose/index.js:43:18)
    at app.use (/Users/hutianyi/Desktop/reactstudy/koa2server/app.js:38:11)
    at dispatch (/Users/hutianyi/Desktop/reactstudy/koa2server/node_modules/koa-compose/index.js:42:32)
    at next (/Users/hutianyi/Desktop/reactstudy/koa2server/node_modules/koa-compose/index.js:43:18)
    at views (/Users/hutianyi/Desktop/reactstudy/koa2server/node_modules/koa-views/lib/index.js:61:12)
    at dispatch (/Users/hutianyi/Desktop/reactstudy/koa2server/node_modules/koa-compose/index.js:42:32)
    at next (/Users/hutianyi/Desktop/reactstudy/koa2server/node_modules/koa-compose/index.js:43:18)
    at send.then.done (/Users/hutianyi/Desktop/reactstudy/koa2server/node_modules/koa-static/index.js:43:20)
    at <anonymous>
*************** error log end ****************

[2017-12-18T11:45:12.395] [ERROR] errorLogger - 
*************** error log start ****************
request method:GET
request originalUrl:/user/info
request client ip:::ffff:127.0.0.1
request query:{}
response time:3
err name:TypeError
err message:Cannot destructure property `userid` of 'undefined' or 'null'.
err stack:TypeError: Cannot destructure property `userid` of 'undefined' or 'null'.
    at exports.userInfo (/Users/hutianyi/Desktop/reactstudy/koa2server/app/controllers/user_controller.js:35:36)
    at dispatch (/Users/hutianyi/Desktop/reactstudy/koa2server/node_modules/koa-router/node_modules/koa-compose/index.js:44:32)
    at next (/Users/hutianyi/Desktop/reactstudy/koa2server/node_modules/koa-router/node_modules/koa-compose/index.js:45:18)
    at /Users/hutianyi/Desktop/reactstudy/koa2server/node_modules/koa-router/lib/router.js:345:16
    at dispatch (/Users/hutianyi/Desktop/reactstudy/koa2server/node_modules/koa-router/node_modules/koa-compose/index.js:44:32)
    at /Users/hutianyi/Desktop/reactstudy/koa2server/node_modules/koa-router/node_modules/koa-compose/index.js:36:12
    at dispatch (/Users/hutianyi/Desktop/reactstudy/koa2server/node_modules/koa-router/lib/router.js:350:31)
    at dispatch (/Users/hutianyi/Desktop/reactstudy/koa2server/node_modules/koa-compose/index.js:42:32)
    at next (/Users/hutianyi/Desktop/reactstudy/koa2server/node_modules/koa-compose/index.js:43:18)
    at /Users/hutianyi/Desktop/reactstudy/koa2server/middlewares/response_formatter.js:27:19
    at dispatch (/Users/hutianyi/Desktop/reactstudy/koa2server/node_modules/koa-compose/index.js:42:32)
    at next (/Users/hutianyi/Desktop/reactstudy/koa2server/node_modules/koa-compose/index.js:43:18)
    at app.use (/Users/hutianyi/Desktop/reactstudy/koa2server/app.js:38:11)
    at dispatch (/Users/hutianyi/Desktop/reactstudy/koa2server/node_modules/koa-compose/index.js:42:32)
    at next (/Users/hutianyi/Desktop/reactstudy/koa2server/node_modules/koa-compose/index.js:43:18)
    at views (/Users/hutianyi/Desktop/reactstudy/koa2server/node_modules/koa-views/lib/index.js:61:12)
    at dispatch (/Users/hutianyi/Desktop/reactstudy/koa2server/node_modules/koa-compose/index.js:42:32)
    at next (/Users/hutianyi/Desktop/reactstudy/koa2server/node_modules/koa-compose/index.js:43:18)
    at send.then.done (/Users/hutianyi/Desktop/reactstudy/koa2server/node_modules/koa-static/index.js:43:20)
    at <anonymous>
*************** error log end ****************

[2017-12-18T11:46:29.524] [ERROR] errorLogger - 
*************** error log start ****************
request method:GET
request originalUrl:/user/info
request client ip:::ffff:127.0.0.1
request query:{}
response time:3
err name:TypeError
err message:Cannot destructure property `userid` of 'undefined' or 'null'.
err stack:TypeError: Cannot destructure property `userid` of 'undefined' or 'null'.
    at exports.userInfo (/Users/hutianyi/Desktop/reactstudy/koa2server/app/controllers/user_controller.js:35:36)
    at dispatch (/Users/hutianyi/Desktop/reactstudy/koa2server/node_modules/koa-router/node_modules/koa-compose/index.js:44:32)
    at next (/Users/hutianyi/Desktop/reactstudy/koa2server/node_modules/koa-router/node_modules/koa-compose/index.js:45:18)
    at /Users/hutianyi/Desktop/reactstudy/koa2server/node_modules/koa-router/lib/router.js:345:16
    at dispatch (/Users/hutianyi/Desktop/reactstudy/koa2server/node_modules/koa-router/node_modules/koa-compose/index.js:44:32)
    at /Users/hutianyi/Desktop/reactstudy/koa2server/node_modules/koa-router/node_modules/koa-compose/index.js:36:12
    at dispatch (/Users/hutianyi/Desktop/reactstudy/koa2server/node_modules/koa-router/lib/router.js:350:31)
    at dispatch (/Users/hutianyi/Desktop/reactstudy/koa2server/node_modules/koa-compose/index.js:42:32)
    at next (/Users/hutianyi/Desktop/reactstudy/koa2server/node_modules/koa-compose/index.js:43:18)
    at /Users/hutianyi/Desktop/reactstudy/koa2server/middlewares/response_formatter.js:27:19
    at dispatch (/Users/hutianyi/Desktop/reactstudy/koa2server/node_modules/koa-compose/index.js:42:32)
    at next (/Users/hutianyi/Desktop/reactstudy/koa2server/node_modules/koa-compose/index.js:43:18)
    at app.use (/Users/hutianyi/Desktop/reactstudy/koa2server/app.js:38:11)
    at dispatch (/Users/hutianyi/Desktop/reactstudy/koa2server/node_modules/koa-compose/index.js:42:32)
    at next (/Users/hutianyi/Desktop/reactstudy/koa2server/node_modules/koa-compose/index.js:43:18)
    at views (/Users/hutianyi/Desktop/reactstudy/koa2server/node_modules/koa-views/lib/index.js:61:12)
    at dispatch (/Users/hutianyi/Desktop/reactstudy/koa2server/node_modules/koa-compose/index.js:42:32)
    at next (/Users/hutianyi/Desktop/reactstudy/koa2server/node_modules/koa-compose/index.js:43:18)
    at send.then.done (/Users/hutianyi/Desktop/reactstudy/koa2server/node_modules/koa-static/index.js:43:20)
    at <anonymous>
*************** error log end ****************

[2017-12-18T11:58:23.243] [ERROR] errorLogger - 
*************** error log start ****************
request method:GET
request originalUrl:/user/info
request client ip:::ffff:127.0.0.1
request query:{}
response time:2
err name:TypeError
err message:Converting circular structure to JSON
err stack:TypeError: Converting circular structure to JSON
    at JSON.stringify (<anonymous>)
    at formatRes (/Users/hutianyi/Desktop/reactstudy/koa2server/utils/log_util.js:38:47)
    at Object.logUtil.logResponse (/Users/hutianyi/Desktop/reactstudy/koa2server/utils/log_util.js:23:24)
    at app.use (/Users/hutianyi/Desktop/reactstudy/koa2server/app.js:41:13)
    at <anonymous>
*************** error log end ****************

