[2018-03-16T17:06:29.464] [ERROR] errorLogger - 
*************** error log start ****************
request method:GET
request originalUrl:/robots.txt
request client ip:::ffff:127.0.0.1
request query:{}
response time:1
err name:TypeError
err message:res.sendFile is not a function
err stack:TypeError: res.sendFile is not a function
    at app.use (/Users/hutianyi/Desktop/saas_server/app.js:66:14)
    at dispatch (/Users/hutianyi/Desktop/saas_server/node_modules/koa-compose/index.js:42:32)
    at next (/Users/hutianyi/Desktop/saas_server/node_modules/koa-compose/index.js:43:18)
    at dispatch (/Users/hutianyi/Desktop/saas_server/node_modules/koa-router/lib/router.js:332:32)
    at dispatch (/Users/hutianyi/Desktop/saas_server/node_modules/koa-compose/index.js:42:32)
    at next (/Users/hutianyi/Desktop/saas_server/node_modules/koa-compose/index.js:43:18)
    at /Users/hutianyi/Desktop/saas_server/middlewares/response_formatter.js:27:19
    at dispatch (/Users/hutianyi/Desktop/saas_server/node_modules/koa-compose/index.js:42:32)
    at next (/Users/hutianyi/Desktop/saas_server/node_modules/koa-compose/index.js:43:18)
    at app.use (/Users/hutianyi/Desktop/saas_server/app.js:45:11)
    at dispatch (/Users/hutianyi/Desktop/saas_server/node_modules/koa-compose/index.js:42:32)
    at next (/Users/hutianyi/Desktop/saas_server/node_modules/koa-compose/index.js:43:18)
    at views (/Users/hutianyi/Desktop/saas_server/node_modules/koa-views/lib/index.js:61:12)
    at dispatch (/Users/hutianyi/Desktop/saas_server/node_modules/koa-compose/index.js:42:32)
    at next (/Users/hutianyi/Desktop/saas_server/node_modules/koa-compose/index.js:43:18)
    at send.then.done (/Users/hutianyi/Desktop/saas_server/node_modules/koa-static/index.js:43:20)
    at <anonymous>
*************** error log end ****************

[2018-03-16T17:06:38.329] [ERROR] errorLogger - 
*************** error log start ****************
request method:GET
request originalUrl:/cms/content/SidebarData.js
request client ip:::ffff:127.0.0.1
request query:{}
response time:0
err name:TypeError
err message:res.sendFile is not a function
err stack:TypeError: res.sendFile is not a function
    at app.use (/Users/hutianyi/Desktop/saas_server/app.js:66:14)
    at dispatch (/Users/hutianyi/Desktop/saas_server/node_modules/koa-compose/index.js:42:32)
    at next (/Users/hutianyi/Desktop/saas_server/node_modules/koa-compose/index.js:43:18)
    at dispatch (/Users/hutianyi/Desktop/saas_server/node_modules/koa-router/lib/router.js:332:32)
    at dispatch (/Users/hutianyi/Desktop/saas_server/node_modules/koa-compose/index.js:42:32)
    at next (/Users/hutianyi/Desktop/saas_server/node_modules/koa-compose/index.js:43:18)
    at /Users/hutianyi/Desktop/saas_server/middlewares/response_formatter.js:27:19
    at dispatch (/Users/hutianyi/Desktop/saas_server/node_modules/koa-compose/index.js:42:32)
    at next (/Users/hutianyi/Desktop/saas_server/node_modules/koa-compose/index.js:43:18)
    at app.use (/Users/hutianyi/Desktop/saas_server/app.js:45:11)
    at dispatch (/Users/hutianyi/Desktop/saas_server/node_modules/koa-compose/index.js:42:32)
    at next (/Users/hutianyi/Desktop/saas_server/node_modules/koa-compose/index.js:43:18)
    at views (/Users/hutianyi/Desktop/saas_server/node_modules/koa-views/lib/index.js:61:12)
    at dispatch (/Users/hutianyi/Desktop/saas_server/node_modules/koa-compose/index.js:42:32)
    at next (/Users/hutianyi/Desktop/saas_server/node_modules/koa-compose/index.js:43:18)
    at send.then.done (/Users/hutianyi/Desktop/saas_server/node_modules/koa-static/index.js:43:20)
    at <anonymous>
*************** error log end ****************

[2018-03-16T17:06:38.333] [ERROR] errorLogger - 
*************** error log start ****************
request method:GET
request originalUrl:/cms/content/cms.js
request client ip:::ffff:127.0.0.1
request query:{}
response time:1
err name:TypeError
err message:res.sendFile is not a function
err stack:TypeError: res.sendFile is not a function
    at app.use (/Users/hutianyi/Desktop/saas_server/app.js:66:14)
    at dispatch (/Users/hutianyi/Desktop/saas_server/node_modules/koa-compose/index.js:42:32)
    at next (/Users/hutianyi/Desktop/saas_server/node_modules/koa-compose/index.js:43:18)
    at dispatch (/Users/hutianyi/Desktop/saas_server/node_modules/koa-router/lib/router.js:332:32)
    at dispatch (/Users/hutianyi/Desktop/saas_server/node_modules/koa-compose/index.js:42:32)
    at next (/Users/hutianyi/Desktop/saas_server/node_modules/koa-compose/index.js:43:18)
    at /Users/hutianyi/Desktop/saas_server/middlewares/response_formatter.js:27:19
    at dispatch (/Users/hutianyi/Desktop/saas_server/node_modules/koa-compose/index.js:42:32)
    at next (/Users/hutianyi/Desktop/saas_server/node_modules/koa-compose/index.js:43:18)
    at app.use (/Users/hutianyi/Desktop/saas_server/app.js:45:11)
    at dispatch (/Users/hutianyi/Desktop/saas_server/node_modules/koa-compose/index.js:42:32)
    at next (/Users/hutianyi/Desktop/saas_server/node_modules/koa-compose/index.js:43:18)
    at views (/Users/hutianyi/Desktop/saas_server/node_modules/koa-views/lib/index.js:61:12)
    at dispatch (/Users/hutianyi/Desktop/saas_server/node_modules/koa-compose/index.js:42:32)
    at next (/Users/hutianyi/Desktop/saas_server/node_modules/koa-compose/index.js:43:18)
    at send.then.done (/Users/hutianyi/Desktop/saas_server/node_modules/koa-static/index.js:43:20)
    at <anonymous>
*************** error log end ****************

[2018-03-16T17:06:38.334] [ERROR] errorLogger - 
*************** error log start ****************
request method:GET
request originalUrl:/cms/content/App.js
request client ip:::ffff:127.0.0.1
request query:{}
response time:0
err name:TypeError
err message:res.sendFile is not a function
err stack:TypeError: res.sendFile is not a function
    at app.use (/Users/hutianyi/Desktop/saas_server/app.js:66:14)
    at dispatch (/Users/hutianyi/Desktop/saas_server/node_modules/koa-compose/index.js:42:32)
    at next (/Users/hutianyi/Desktop/saas_server/node_modules/koa-compose/index.js:43:18)
    at dispatch (/Users/hutianyi/Desktop/saas_server/node_modules/koa-router/lib/router.js:332:32)
    at dispatch (/Users/hutianyi/Desktop/saas_server/node_modules/koa-compose/index.js:42:32)
    at next (/Users/hutianyi/Desktop/saas_server/node_modules/koa-compose/index.js:43:18)
    at /Users/hutianyi/Desktop/saas_server/middlewares/response_formatter.js:27:19
    at dispatch (/Users/hutianyi/Desktop/saas_server/node_modules/koa-compose/index.js:42:32)
    at next (/Users/hutianyi/Desktop/saas_server/node_modules/koa-compose/index.js:43:18)
    at app.use (/Users/hutianyi/Desktop/saas_server/app.js:45:11)
    at dispatch (/Users/hutianyi/Desktop/saas_server/node_modules/koa-compose/index.js:42:32)
    at next (/Users/hutianyi/Desktop/saas_server/node_modules/koa-compose/index.js:43:18)
    at views (/Users/hutianyi/Desktop/saas_server/node_modules/koa-views/lib/index.js:61:12)
    at dispatch (/Users/hutianyi/Desktop/saas_server/node_modules/koa-compose/index.js:42:32)
    at next (/Users/hutianyi/Desktop/saas_server/node_modules/koa-compose/index.js:43:18)
    at send.then.done (/Users/hutianyi/Desktop/saas_server/node_modules/koa-static/index.js:43:20)
    at <anonymous>
*************** error log end ****************

[2018-03-16T17:06:38.336] [ERROR] errorLogger - 
*************** error log start ****************
request method:GET
request originalUrl:/cms/content/index.js
request client ip:::ffff:127.0.0.1
request query:{}
response time:0
err name:TypeError
err message:res.sendFile is not a function
err stack:TypeError: res.sendFile is not a function
    at app.use (/Users/hutianyi/Desktop/saas_server/app.js:66:14)
    at dispatch (/Users/hutianyi/Desktop/saas_server/node_modules/koa-compose/index.js:42:32)
    at next (/Users/hutianyi/Desktop/saas_server/node_modules/koa-compose/index.js:43:18)
    at dispatch (/Users/hutianyi/Desktop/saas_server/node_modules/koa-router/lib/router.js:332:32)
    at dispatch (/Users/hutianyi/Desktop/saas_server/node_modules/koa-compose/index.js:42:32)
    at next (/Users/hutianyi/Desktop/saas_server/node_modules/koa-compose/index.js:43:18)
    at /Users/hutianyi/Desktop/saas_server/middlewares/response_formatter.js:27:19
    at dispatch (/Users/hutianyi/Desktop/saas_server/node_modules/koa-compose/index.js:42:32)
    at next (/Users/hutianyi/Desktop/saas_server/node_modules/koa-compose/index.js:43:18)
    at app.use (/Users/hutianyi/Desktop/saas_server/app.js:45:11)
    at dispatch (/Users/hutianyi/Desktop/saas_server/node_modules/koa-compose/index.js:42:32)
    at next (/Users/hutianyi/Desktop/saas_server/node_modules/koa-compose/index.js:43:18)
    at views (/Users/hutianyi/Desktop/saas_server/node_modules/koa-views/lib/index.js:61:12)
    at dispatch (/Users/hutianyi/Desktop/saas_server/node_modules/koa-compose/index.js:42:32)
    at next (/Users/hutianyi/Desktop/saas_server/node_modules/koa-compose/index.js:43:18)
    at send.then.done (/Users/hutianyi/Desktop/saas_server/node_modules/koa-static/index.js:43:20)
    at <anonymous>
*************** error log end ****************

[2018-03-16T17:06:38.383] [ERROR] errorLogger - 
*************** error log start ****************
request method:GET
request originalUrl:/cms/content/SidebarData.js
request client ip:::ffff:127.0.0.1
request query:{}
response time:0
err name:TypeError
err message:res.sendFile is not a function
err stack:TypeError: res.sendFile is not a function
    at app.use (/Users/hutianyi/Desktop/saas_server/app.js:66:14)
    at dispatch (/Users/hutianyi/Desktop/saas_server/node_modules/koa-compose/index.js:42:32)
    at next (/Users/hutianyi/Desktop/saas_server/node_modules/koa-compose/index.js:43:18)
    at dispatch (/Users/hutianyi/Desktop/saas_server/node_modules/koa-router/lib/router.js:332:32)
    at dispatch (/Users/hutianyi/Desktop/saas_server/node_modules/koa-compose/index.js:42:32)
    at next (/Users/hutianyi/Desktop/saas_server/node_modules/koa-compose/index.js:43:18)
    at /Users/hutianyi/Desktop/saas_server/middlewares/response_formatter.js:27:19
    at dispatch (/Users/hutianyi/Desktop/saas_server/node_modules/koa-compose/index.js:42:32)
    at next (/Users/hutianyi/Desktop/saas_server/node_modules/koa-compose/index.js:43:18)
    at app.use (/Users/hutianyi/Desktop/saas_server/app.js:45:11)
    at dispatch (/Users/hutianyi/Desktop/saas_server/node_modules/koa-compose/index.js:42:32)
    at next (/Users/hutianyi/Desktop/saas_server/node_modules/koa-compose/index.js:43:18)
    at views (/Users/hutianyi/Desktop/saas_server/node_modules/koa-views/lib/index.js:61:12)
    at dispatch (/Users/hutianyi/Desktop/saas_server/node_modules/koa-compose/index.js:42:32)
    at next (/Users/hutianyi/Desktop/saas_server/node_modules/koa-compose/index.js:43:18)
    at send.then.done (/Users/hutianyi/Desktop/saas_server/node_modules/koa-static/index.js:43:20)
    at <anonymous>
*************** error log end ****************

[2018-03-16T17:06:38.386] [ERROR] errorLogger - 
*************** error log start ****************
request method:GET
request originalUrl:/cms/content/cms.js
request client ip:::ffff:127.0.0.1
request query:{}
response time:0
err name:TypeError
err message:res.sendFile is not a function
err stack:TypeError: res.sendFile is not a function
    at app.use (/Users/hutianyi/Desktop/saas_server/app.js:66:14)
    at dispatch (/Users/hutianyi/Desktop/saas_server/node_modules/koa-compose/index.js:42:32)
    at next (/Users/hutianyi/Desktop/saas_server/node_modules/koa-compose/index.js:43:18)
    at dispatch (/Users/hutianyi/Desktop/saas_server/node_modules/koa-router/lib/router.js:332:32)
    at dispatch (/Users/hutianyi/Desktop/saas_server/node_modules/koa-compose/index.js:42:32)
    at next (/Users/hutianyi/Desktop/saas_server/node_modules/koa-compose/index.js:43:18)
    at /Users/hutianyi/Desktop/saas_server/middlewares/response_formatter.js:27:19
    at dispatch (/Users/hutianyi/Desktop/saas_server/node_modules/koa-compose/index.js:42:32)
    at next (/Users/hutianyi/Desktop/saas_server/node_modules/koa-compose/index.js:43:18)
    at app.use (/Users/hutianyi/Desktop/saas_server/app.js:45:11)
    at dispatch (/Users/hutianyi/Desktop/saas_server/node_modules/koa-compose/index.js:42:32)
    at next (/Users/hutianyi/Desktop/saas_server/node_modules/koa-compose/index.js:43:18)
    at views (/Users/hutianyi/Desktop/saas_server/node_modules/koa-views/lib/index.js:61:12)
    at dispatch (/Users/hutianyi/Desktop/saas_server/node_modules/koa-compose/index.js:42:32)
    at next (/Users/hutianyi/Desktop/saas_server/node_modules/koa-compose/index.js:43:18)
    at send.then.done (/Users/hutianyi/Desktop/saas_server/node_modules/koa-static/index.js:43:20)
    at <anonymous>
*************** error log end ****************

[2018-03-16T17:06:38.388] [ERROR] errorLogger - 
*************** error log start ****************
request method:GET
request originalUrl:/cms/content/App.js
request client ip:::ffff:127.0.0.1
request query:{}
response time:1
err name:TypeError
err message:res.sendFile is not a function
err stack:TypeError: res.sendFile is not a function
    at app.use (/Users/hutianyi/Desktop/saas_server/app.js:66:14)
    at dispatch (/Users/hutianyi/Desktop/saas_server/node_modules/koa-compose/index.js:42:32)
    at next (/Users/hutianyi/Desktop/saas_server/node_modules/koa-compose/index.js:43:18)
    at dispatch (/Users/hutianyi/Desktop/saas_server/node_modules/koa-router/lib/router.js:332:32)
    at dispatch (/Users/hutianyi/Desktop/saas_server/node_modules/koa-compose/index.js:42:32)
    at next (/Users/hutianyi/Desktop/saas_server/node_modules/koa-compose/index.js:43:18)
    at /Users/hutianyi/Desktop/saas_server/middlewares/response_formatter.js:27:19
    at dispatch (/Users/hutianyi/Desktop/saas_server/node_modules/koa-compose/index.js:42:32)
    at next (/Users/hutianyi/Desktop/saas_server/node_modules/koa-compose/index.js:43:18)
    at app.use (/Users/hutianyi/Desktop/saas_server/app.js:45:11)
    at dispatch (/Users/hutianyi/Desktop/saas_server/node_modules/koa-compose/index.js:42:32)
    at next (/Users/hutianyi/Desktop/saas_server/node_modules/koa-compose/index.js:43:18)
    at views (/Users/hutianyi/Desktop/saas_server/node_modules/koa-views/lib/index.js:61:12)
    at dispatch (/Users/hutianyi/Desktop/saas_server/node_modules/koa-compose/index.js:42:32)
    at next (/Users/hutianyi/Desktop/saas_server/node_modules/koa-compose/index.js:43:18)
    at send.then.done (/Users/hutianyi/Desktop/saas_server/node_modules/koa-static/index.js:43:20)
    at <anonymous>
*************** error log end ****************

[2018-03-16T17:06:38.422] [ERROR] errorLogger - 
*************** error log start ****************
request method:GET
request originalUrl:/cms/content/index.js
request client ip:::ffff:127.0.0.1
request query:{}
response time:0
err name:TypeError
err message:res.sendFile is not a function
err stack:TypeError: res.sendFile is not a function
    at app.use (/Users/hutianyi/Desktop/saas_server/app.js:66:14)
    at dispatch (/Users/hutianyi/Desktop/saas_server/node_modules/koa-compose/index.js:42:32)
    at next (/Users/hutianyi/Desktop/saas_server/node_modules/koa-compose/index.js:43:18)
    at dispatch (/Users/hutianyi/Desktop/saas_server/node_modules/koa-router/lib/router.js:332:32)
    at dispatch (/Users/hutianyi/Desktop/saas_server/node_modules/koa-compose/index.js:42:32)
    at next (/Users/hutianyi/Desktop/saas_server/node_modules/koa-compose/index.js:43:18)
    at /Users/hutianyi/Desktop/saas_server/middlewares/response_formatter.js:27:19
    at dispatch (/Users/hutianyi/Desktop/saas_server/node_modules/koa-compose/index.js:42:32)
    at next (/Users/hutianyi/Desktop/saas_server/node_modules/koa-compose/index.js:43:18)
    at app.use (/Users/hutianyi/Desktop/saas_server/app.js:45:11)
    at dispatch (/Users/hutianyi/Desktop/saas_server/node_modules/koa-compose/index.js:42:32)
    at next (/Users/hutianyi/Desktop/saas_server/node_modules/koa-compose/index.js:43:18)
    at views (/Users/hutianyi/Desktop/saas_server/node_modules/koa-views/lib/index.js:61:12)
    at dispatch (/Users/hutianyi/Desktop/saas_server/node_modules/koa-compose/index.js:42:32)
    at next (/Users/hutianyi/Desktop/saas_server/node_modules/koa-compose/index.js:43:18)
    at send.then.done (/Users/hutianyi/Desktop/saas_server/node_modules/koa-static/index.js:43:20)
    at <anonymous>
*************** error log end ****************

[2018-03-16T17:33:06.135] [ERROR] errorLogger - 
*************** error log start ****************
request method:GET
request originalUrl:/cms/content/SidebarData.js
request client ip:::ffff:127.0.0.1
request query:{}
response time:1
err name:TypeError
err message:res.sendFile is not a function
err stack:TypeError: res.sendFile is not a function
    at app.use (/Users/hutianyi/Desktop/saas_server/app.js:66:14)
    at dispatch (/Users/hutianyi/Desktop/saas_server/node_modules/koa-compose/index.js:42:32)
    at next (/Users/hutianyi/Desktop/saas_server/node_modules/koa-compose/index.js:43:18)
    at dispatch (/Users/hutianyi/Desktop/saas_server/node_modules/koa-router/lib/router.js:332:32)
    at dispatch (/Users/hutianyi/Desktop/saas_server/node_modules/koa-compose/index.js:42:32)
    at next (/Users/hutianyi/Desktop/saas_server/node_modules/koa-compose/index.js:43:18)
    at /Users/hutianyi/Desktop/saas_server/middlewares/response_formatter.js:27:19
    at dispatch (/Users/hutianyi/Desktop/saas_server/node_modules/koa-compose/index.js:42:32)
    at next (/Users/hutianyi/Desktop/saas_server/node_modules/koa-compose/index.js:43:18)
    at app.use (/Users/hutianyi/Desktop/saas_server/app.js:45:11)
    at dispatch (/Users/hutianyi/Desktop/saas_server/node_modules/koa-compose/index.js:42:32)
    at next (/Users/hutianyi/Desktop/saas_server/node_modules/koa-compose/index.js:43:18)
    at views (/Users/hutianyi/Desktop/saas_server/node_modules/koa-views/lib/index.js:61:12)
    at dispatch (/Users/hutianyi/Desktop/saas_server/node_modules/koa-compose/index.js:42:32)
    at next (/Users/hutianyi/Desktop/saas_server/node_modules/koa-compose/index.js:43:18)
    at send.then.done (/Users/hutianyi/Desktop/saas_server/node_modules/koa-static/index.js:43:20)
    at <anonymous>
*************** error log end ****************

[2018-03-16T17:33:06.138] [ERROR] errorLogger - 
*************** error log start ****************
request method:GET
request originalUrl:/cms/content/cms.js
request client ip:::ffff:127.0.0.1
request query:{}
response time:0
err name:TypeError
err message:res.sendFile is not a function
err stack:TypeError: res.sendFile is not a function
    at app.use (/Users/hutianyi/Desktop/saas_server/app.js:66:14)
    at dispatch (/Users/hutianyi/Desktop/saas_server/node_modules/koa-compose/index.js:42:32)
    at next (/Users/hutianyi/Desktop/saas_server/node_modules/koa-compose/index.js:43:18)
    at dispatch (/Users/hutianyi/Desktop/saas_server/node_modules/koa-router/lib/router.js:332:32)
    at dispatch (/Users/hutianyi/Desktop/saas_server/node_modules/koa-compose/index.js:42:32)
    at next (/Users/hutianyi/Desktop/saas_server/node_modules/koa-compose/index.js:43:18)
    at /Users/hutianyi/Desktop/saas_server/middlewares/response_formatter.js:27:19
    at dispatch (/Users/hutianyi/Desktop/saas_server/node_modules/koa-compose/index.js:42:32)
    at next (/Users/hutianyi/Desktop/saas_server/node_modules/koa-compose/index.js:43:18)
    at app.use (/Users/hutianyi/Desktop/saas_server/app.js:45:11)
    at dispatch (/Users/hutianyi/Desktop/saas_server/node_modules/koa-compose/index.js:42:32)
    at next (/Users/hutianyi/Desktop/saas_server/node_modules/koa-compose/index.js:43:18)
    at views (/Users/hutianyi/Desktop/saas_server/node_modules/koa-views/lib/index.js:61:12)
    at dispatch (/Users/hutianyi/Desktop/saas_server/node_modules/koa-compose/index.js:42:32)
    at next (/Users/hutianyi/Desktop/saas_server/node_modules/koa-compose/index.js:43:18)
    at send.then.done (/Users/hutianyi/Desktop/saas_server/node_modules/koa-static/index.js:43:20)
    at <anonymous>
*************** error log end ****************

[2018-03-16T17:33:06.140] [ERROR] errorLogger - 
*************** error log start ****************
request method:GET
request originalUrl:/cms/content/App.js
request client ip:::ffff:127.0.0.1
request query:{}
response time:0
err name:TypeError
err message:res.sendFile is not a function
err stack:TypeError: res.sendFile is not a function
    at app.use (/Users/hutianyi/Desktop/saas_server/app.js:66:14)
    at dispatch (/Users/hutianyi/Desktop/saas_server/node_modules/koa-compose/index.js:42:32)
    at next (/Users/hutianyi/Desktop/saas_server/node_modules/koa-compose/index.js:43:18)
    at dispatch (/Users/hutianyi/Desktop/saas_server/node_modules/koa-router/lib/router.js:332:32)
    at dispatch (/Users/hutianyi/Desktop/saas_server/node_modules/koa-compose/index.js:42:32)
    at next (/Users/hutianyi/Desktop/saas_server/node_modules/koa-compose/index.js:43:18)
    at /Users/hutianyi/Desktop/saas_server/middlewares/response_formatter.js:27:19
    at dispatch (/Users/hutianyi/Desktop/saas_server/node_modules/koa-compose/index.js:42:32)
    at next (/Users/hutianyi/Desktop/saas_server/node_modules/koa-compose/index.js:43:18)
    at app.use (/Users/hutianyi/Desktop/saas_server/app.js:45:11)
    at dispatch (/Users/hutianyi/Desktop/saas_server/node_modules/koa-compose/index.js:42:32)
    at next (/Users/hutianyi/Desktop/saas_server/node_modules/koa-compose/index.js:43:18)
    at views (/Users/hutianyi/Desktop/saas_server/node_modules/koa-views/lib/index.js:61:12)
    at dispatch (/Users/hutianyi/Desktop/saas_server/node_modules/koa-compose/index.js:42:32)
    at next (/Users/hutianyi/Desktop/saas_server/node_modules/koa-compose/index.js:43:18)
    at send.then.done (/Users/hutianyi/Desktop/saas_server/node_modules/koa-static/index.js:43:20)
    at <anonymous>
*************** error log end ****************

[2018-03-16T17:33:06.142] [ERROR] errorLogger - 
*************** error log start ****************
request method:GET
request originalUrl:/cms/content/index.js
request client ip:::ffff:127.0.0.1
request query:{}
response time:1
err name:TypeError
err message:res.sendFile is not a function
err stack:TypeError: res.sendFile is not a function
    at app.use (/Users/hutianyi/Desktop/saas_server/app.js:66:14)
    at dispatch (/Users/hutianyi/Desktop/saas_server/node_modules/koa-compose/index.js:42:32)
    at next (/Users/hutianyi/Desktop/saas_server/node_modules/koa-compose/index.js:43:18)
    at dispatch (/Users/hutianyi/Desktop/saas_server/node_modules/koa-router/lib/router.js:332:32)
    at dispatch (/Users/hutianyi/Desktop/saas_server/node_modules/koa-compose/index.js:42:32)
    at next (/Users/hutianyi/Desktop/saas_server/node_modules/koa-compose/index.js:43:18)
    at /Users/hutianyi/Desktop/saas_server/middlewares/response_formatter.js:27:19
    at dispatch (/Users/hutianyi/Desktop/saas_server/node_modules/koa-compose/index.js:42:32)
    at next (/Users/hutianyi/Desktop/saas_server/node_modules/koa-compose/index.js:43:18)
    at app.use (/Users/hutianyi/Desktop/saas_server/app.js:45:11)
    at dispatch (/Users/hutianyi/Desktop/saas_server/node_modules/koa-compose/index.js:42:32)
    at next (/Users/hutianyi/Desktop/saas_server/node_modules/koa-compose/index.js:43:18)
    at views (/Users/hutianyi/Desktop/saas_server/node_modules/koa-views/lib/index.js:61:12)
    at dispatch (/Users/hutianyi/Desktop/saas_server/node_modules/koa-compose/index.js:42:32)
    at next (/Users/hutianyi/Desktop/saas_server/node_modules/koa-compose/index.js:43:18)
    at send.then.done (/Users/hutianyi/Desktop/saas_server/node_modules/koa-static/index.js:43:20)
    at <anonymous>
*************** error log end ****************

[2018-03-16T17:33:06.185] [ERROR] errorLogger - 
*************** error log start ****************
request method:GET
request originalUrl:/cms/content/SidebarData.js
request client ip:::ffff:127.0.0.1
request query:{}
response time:1
err name:TypeError
err message:res.sendFile is not a function
err stack:TypeError: res.sendFile is not a function
    at app.use (/Users/hutianyi/Desktop/saas_server/app.js:66:14)
    at dispatch (/Users/hutianyi/Desktop/saas_server/node_modules/koa-compose/index.js:42:32)
    at next (/Users/hutianyi/Desktop/saas_server/node_modules/koa-compose/index.js:43:18)
    at dispatch (/Users/hutianyi/Desktop/saas_server/node_modules/koa-router/lib/router.js:332:32)
    at dispatch (/Users/hutianyi/Desktop/saas_server/node_modules/koa-compose/index.js:42:32)
    at next (/Users/hutianyi/Desktop/saas_server/node_modules/koa-compose/index.js:43:18)
    at /Users/hutianyi/Desktop/saas_server/middlewares/response_formatter.js:27:19
    at dispatch (/Users/hutianyi/Desktop/saas_server/node_modules/koa-compose/index.js:42:32)
    at next (/Users/hutianyi/Desktop/saas_server/node_modules/koa-compose/index.js:43:18)
    at app.use (/Users/hutianyi/Desktop/saas_server/app.js:45:11)
    at dispatch (/Users/hutianyi/Desktop/saas_server/node_modules/koa-compose/index.js:42:32)
    at next (/Users/hutianyi/Desktop/saas_server/node_modules/koa-compose/index.js:43:18)
    at views (/Users/hutianyi/Desktop/saas_server/node_modules/koa-views/lib/index.js:61:12)
    at dispatch (/Users/hutianyi/Desktop/saas_server/node_modules/koa-compose/index.js:42:32)
    at next (/Users/hutianyi/Desktop/saas_server/node_modules/koa-compose/index.js:43:18)
    at send.then.done (/Users/hutianyi/Desktop/saas_server/node_modules/koa-static/index.js:43:20)
    at <anonymous>
*************** error log end ****************

[2018-03-16T17:33:06.186] [ERROR] errorLogger - 
*************** error log start ****************
request method:GET
request originalUrl:/cms/content/cms.js
request client ip:::ffff:127.0.0.1
request query:{}
response time:0
err name:TypeError
err message:res.sendFile is not a function
err stack:TypeError: res.sendFile is not a function
    at app.use (/Users/hutianyi/Desktop/saas_server/app.js:66:14)
    at dispatch (/Users/hutianyi/Desktop/saas_server/node_modules/koa-compose/index.js:42:32)
    at next (/Users/hutianyi/Desktop/saas_server/node_modules/koa-compose/index.js:43:18)
    at dispatch (/Users/hutianyi/Desktop/saas_server/node_modules/koa-router/lib/router.js:332:32)
    at dispatch (/Users/hutianyi/Desktop/saas_server/node_modules/koa-compose/index.js:42:32)
    at next (/Users/hutianyi/Desktop/saas_server/node_modules/koa-compose/index.js:43:18)
    at /Users/hutianyi/Desktop/saas_server/middlewares/response_formatter.js:27:19
    at dispatch (/Users/hutianyi/Desktop/saas_server/node_modules/koa-compose/index.js:42:32)
    at next (/Users/hutianyi/Desktop/saas_server/node_modules/koa-compose/index.js:43:18)
    at app.use (/Users/hutianyi/Desktop/saas_server/app.js:45:11)
    at dispatch (/Users/hutianyi/Desktop/saas_server/node_modules/koa-compose/index.js:42:32)
    at next (/Users/hutianyi/Desktop/saas_server/node_modules/koa-compose/index.js:43:18)
    at views (/Users/hutianyi/Desktop/saas_server/node_modules/koa-views/lib/index.js:61:12)
    at dispatch (/Users/hutianyi/Desktop/saas_server/node_modules/koa-compose/index.js:42:32)
    at next (/Users/hutianyi/Desktop/saas_server/node_modules/koa-compose/index.js:43:18)
    at send.then.done (/Users/hutianyi/Desktop/saas_server/node_modules/koa-static/index.js:43:20)
    at <anonymous>
*************** error log end ****************

[2018-03-16T17:33:06.188] [ERROR] errorLogger - 
*************** error log start ****************
request method:GET
request originalUrl:/cms/content/App.js
request client ip:::ffff:127.0.0.1
request query:{}
response time:1
err name:TypeError
err message:res.sendFile is not a function
err stack:TypeError: res.sendFile is not a function
    at app.use (/Users/hutianyi/Desktop/saas_server/app.js:66:14)
    at dispatch (/Users/hutianyi/Desktop/saas_server/node_modules/koa-compose/index.js:42:32)
    at next (/Users/hutianyi/Desktop/saas_server/node_modules/koa-compose/index.js:43:18)
    at dispatch (/Users/hutianyi/Desktop/saas_server/node_modules/koa-router/lib/router.js:332:32)
    at dispatch (/Users/hutianyi/Desktop/saas_server/node_modules/koa-compose/index.js:42:32)
    at next (/Users/hutianyi/Desktop/saas_server/node_modules/koa-compose/index.js:43:18)
    at /Users/hutianyi/Desktop/saas_server/middlewares/response_formatter.js:27:19
    at dispatch (/Users/hutianyi/Desktop/saas_server/node_modules/koa-compose/index.js:42:32)
    at next (/Users/hutianyi/Desktop/saas_server/node_modules/koa-compose/index.js:43:18)
    at app.use (/Users/hutianyi/Desktop/saas_server/app.js:45:11)
    at dispatch (/Users/hutianyi/Desktop/saas_server/node_modules/koa-compose/index.js:42:32)
    at next (/Users/hutianyi/Desktop/saas_server/node_modules/koa-compose/index.js:43:18)
    at views (/Users/hutianyi/Desktop/saas_server/node_modules/koa-views/lib/index.js:61:12)
    at dispatch (/Users/hutianyi/Desktop/saas_server/node_modules/koa-compose/index.js:42:32)
    at next (/Users/hutianyi/Desktop/saas_server/node_modules/koa-compose/index.js:43:18)
    at send.then.done (/Users/hutianyi/Desktop/saas_server/node_modules/koa-static/index.js:43:20)
    at <anonymous>
*************** error log end ****************

[2018-03-16T17:33:06.191] [ERROR] errorLogger - 
*************** error log start ****************
request method:GET
request originalUrl:/cms/content/index.js
request client ip:::ffff:127.0.0.1
request query:{}
response time:0
err name:TypeError
err message:res.sendFile is not a function
err stack:TypeError: res.sendFile is not a function
    at app.use (/Users/hutianyi/Desktop/saas_server/app.js:66:14)
    at dispatch (/Users/hutianyi/Desktop/saas_server/node_modules/koa-compose/index.js:42:32)
    at next (/Users/hutianyi/Desktop/saas_server/node_modules/koa-compose/index.js:43:18)
    at dispatch (/Users/hutianyi/Desktop/saas_server/node_modules/koa-router/lib/router.js:332:32)
    at dispatch (/Users/hutianyi/Desktop/saas_server/node_modules/koa-compose/index.js:42:32)
    at next (/Users/hutianyi/Desktop/saas_server/node_modules/koa-compose/index.js:43:18)
    at /Users/hutianyi/Desktop/saas_server/middlewares/response_formatter.js:27:19
    at dispatch (/Users/hutianyi/Desktop/saas_server/node_modules/koa-compose/index.js:42:32)
    at next (/Users/hutianyi/Desktop/saas_server/node_modules/koa-compose/index.js:43:18)
    at app.use (/Users/hutianyi/Desktop/saas_server/app.js:45:11)
    at dispatch (/Users/hutianyi/Desktop/saas_server/node_modules/koa-compose/index.js:42:32)
    at next (/Users/hutianyi/Desktop/saas_server/node_modules/koa-compose/index.js:43:18)
    at views (/Users/hutianyi/Desktop/saas_server/node_modules/koa-views/lib/index.js:61:12)
    at dispatch (/Users/hutianyi/Desktop/saas_server/node_modules/koa-compose/index.js:42:32)
    at next (/Users/hutianyi/Desktop/saas_server/node_modules/koa-compose/index.js:43:18)
    at send.then.done (/Users/hutianyi/Desktop/saas_server/node_modules/koa-static/index.js:43:20)
    at <anonymous>
*************** error log end ****************

[2018-03-16T17:36:52.862] [ERROR] errorLogger - 
*************** error log start ****************
request method:GET
request originalUrl:/cms/content/SidebarData.js
request client ip:::ffff:127.0.0.1
request query:{}
response time:0
err name:TypeError
err message:res.sendFile is not a function
err stack:TypeError: res.sendFile is not a function
    at app.use (/Users/hutianyi/Desktop/saas_server/app.js:66:14)
    at dispatch (/Users/hutianyi/Desktop/saas_server/node_modules/koa-compose/index.js:42:32)
    at next (/Users/hutianyi/Desktop/saas_server/node_modules/koa-compose/index.js:43:18)
    at dispatch (/Users/hutianyi/Desktop/saas_server/node_modules/koa-router/lib/router.js:332:32)
    at dispatch (/Users/hutianyi/Desktop/saas_server/node_modules/koa-compose/index.js:42:32)
    at next (/Users/hutianyi/Desktop/saas_server/node_modules/koa-compose/index.js:43:18)
    at /Users/hutianyi/Desktop/saas_server/middlewares/response_formatter.js:27:19
    at dispatch (/Users/hutianyi/Desktop/saas_server/node_modules/koa-compose/index.js:42:32)
    at next (/Users/hutianyi/Desktop/saas_server/node_modules/koa-compose/index.js:43:18)
    at app.use (/Users/hutianyi/Desktop/saas_server/app.js:45:11)
    at dispatch (/Users/hutianyi/Desktop/saas_server/node_modules/koa-compose/index.js:42:32)
    at next (/Users/hutianyi/Desktop/saas_server/node_modules/koa-compose/index.js:43:18)
    at views (/Users/hutianyi/Desktop/saas_server/node_modules/koa-views/lib/index.js:61:12)
    at dispatch (/Users/hutianyi/Desktop/saas_server/node_modules/koa-compose/index.js:42:32)
    at next (/Users/hutianyi/Desktop/saas_server/node_modules/koa-compose/index.js:43:18)
    at send.then.done (/Users/hutianyi/Desktop/saas_server/node_modules/koa-static/index.js:43:20)
    at <anonymous>
*************** error log end ****************

[2018-03-16T17:36:52.864] [ERROR] errorLogger - 
*************** error log start ****************
request method:GET
request originalUrl:/cms/content/cms.js
request client ip:::ffff:127.0.0.1
request query:{}
response time:1
err name:TypeError
err message:res.sendFile is not a function
err stack:TypeError: res.sendFile is not a function
    at app.use (/Users/hutianyi/Desktop/saas_server/app.js:66:14)
    at dispatch (/Users/hutianyi/Desktop/saas_server/node_modules/koa-compose/index.js:42:32)
    at next (/Users/hutianyi/Desktop/saas_server/node_modules/koa-compose/index.js:43:18)
    at dispatch (/Users/hutianyi/Desktop/saas_server/node_modules/koa-router/lib/router.js:332:32)
    at dispatch (/Users/hutianyi/Desktop/saas_server/node_modules/koa-compose/index.js:42:32)
    at next (/Users/hutianyi/Desktop/saas_server/node_modules/koa-compose/index.js:43:18)
    at /Users/hutianyi/Desktop/saas_server/middlewares/response_formatter.js:27:19
    at dispatch (/Users/hutianyi/Desktop/saas_server/node_modules/koa-compose/index.js:42:32)
    at next (/Users/hutianyi/Desktop/saas_server/node_modules/koa-compose/index.js:43:18)
    at app.use (/Users/hutianyi/Desktop/saas_server/app.js:45:11)
    at dispatch (/Users/hutianyi/Desktop/saas_server/node_modules/koa-compose/index.js:42:32)
    at next (/Users/hutianyi/Desktop/saas_server/node_modules/koa-compose/index.js:43:18)
    at views (/Users/hutianyi/Desktop/saas_server/node_modules/koa-views/lib/index.js:61:12)
    at dispatch (/Users/hutianyi/Desktop/saas_server/node_modules/koa-compose/index.js:42:32)
    at next (/Users/hutianyi/Desktop/saas_server/node_modules/koa-compose/index.js:43:18)
    at send.then.done (/Users/hutianyi/Desktop/saas_server/node_modules/koa-static/index.js:43:20)
    at <anonymous>
*************** error log end ****************

[2018-03-16T17:36:52.868] [ERROR] errorLogger - 
*************** error log start ****************
request method:GET
request originalUrl:/cms/content/App.js
request client ip:::ffff:127.0.0.1
request query:{}
response time:1
err name:TypeError
err message:res.sendFile is not a function
err stack:TypeError: res.sendFile is not a function
    at app.use (/Users/hutianyi/Desktop/saas_server/app.js:66:14)
    at dispatch (/Users/hutianyi/Desktop/saas_server/node_modules/koa-compose/index.js:42:32)
    at next (/Users/hutianyi/Desktop/saas_server/node_modules/koa-compose/index.js:43:18)
    at dispatch (/Users/hutianyi/Desktop/saas_server/node_modules/koa-router/lib/router.js:332:32)
    at dispatch (/Users/hutianyi/Desktop/saas_server/node_modules/koa-compose/index.js:42:32)
    at next (/Users/hutianyi/Desktop/saas_server/node_modules/koa-compose/index.js:43:18)
    at /Users/hutianyi/Desktop/saas_server/middlewares/response_formatter.js:27:19
    at dispatch (/Users/hutianyi/Desktop/saas_server/node_modules/koa-compose/index.js:42:32)
    at next (/Users/hutianyi/Desktop/saas_server/node_modules/koa-compose/index.js:43:18)
    at app.use (/Users/hutianyi/Desktop/saas_server/app.js:45:11)
    at dispatch (/Users/hutianyi/Desktop/saas_server/node_modules/koa-compose/index.js:42:32)
    at next (/Users/hutianyi/Desktop/saas_server/node_modules/koa-compose/index.js:43:18)
    at views (/Users/hutianyi/Desktop/saas_server/node_modules/koa-views/lib/index.js:61:12)
    at dispatch (/Users/hutianyi/Desktop/saas_server/node_modules/koa-compose/index.js:42:32)
    at next (/Users/hutianyi/Desktop/saas_server/node_modules/koa-compose/index.js:43:18)
    at send.then.done (/Users/hutianyi/Desktop/saas_server/node_modules/koa-static/index.js:43:20)
    at <anonymous>
*************** error log end ****************

[2018-03-16T17:36:52.874] [ERROR] errorLogger - 
*************** error log start ****************
request method:GET
request originalUrl:/cms/content/index.js
request client ip:::ffff:127.0.0.1
request query:{}
response time:0
err name:TypeError
err message:res.sendFile is not a function
err stack:TypeError: res.sendFile is not a function
    at app.use (/Users/hutianyi/Desktop/saas_server/app.js:66:14)
    at dispatch (/Users/hutianyi/Desktop/saas_server/node_modules/koa-compose/index.js:42:32)
    at next (/Users/hutianyi/Desktop/saas_server/node_modules/koa-compose/index.js:43:18)
    at dispatch (/Users/hutianyi/Desktop/saas_server/node_modules/koa-router/lib/router.js:332:32)
    at dispatch (/Users/hutianyi/Desktop/saas_server/node_modules/koa-compose/index.js:42:32)
    at next (/Users/hutianyi/Desktop/saas_server/node_modules/koa-compose/index.js:43:18)
    at /Users/hutianyi/Desktop/saas_server/middlewares/response_formatter.js:27:19
    at dispatch (/Users/hutianyi/Desktop/saas_server/node_modules/koa-compose/index.js:42:32)
    at next (/Users/hutianyi/Desktop/saas_server/node_modules/koa-compose/index.js:43:18)
    at app.use (/Users/hutianyi/Desktop/saas_server/app.js:45:11)
    at dispatch (/Users/hutianyi/Desktop/saas_server/node_modules/koa-compose/index.js:42:32)
    at next (/Users/hutianyi/Desktop/saas_server/node_modules/koa-compose/index.js:43:18)
    at views (/Users/hutianyi/Desktop/saas_server/node_modules/koa-views/lib/index.js:61:12)
    at dispatch (/Users/hutianyi/Desktop/saas_server/node_modules/koa-compose/index.js:42:32)
    at next (/Users/hutianyi/Desktop/saas_server/node_modules/koa-compose/index.js:43:18)
    at send.then.done (/Users/hutianyi/Desktop/saas_server/node_modules/koa-static/index.js:43:20)
    at <anonymous>
*************** error log end ****************

[2018-03-16T17:36:52.900] [ERROR] errorLogger - 
*************** error log start ****************
request method:GET
request originalUrl:/cms/content/SidebarData.js
request client ip:::ffff:127.0.0.1
request query:{}
response time:0
err name:TypeError
err message:res.sendFile is not a function
err stack:TypeError: res.sendFile is not a function
    at app.use (/Users/hutianyi/Desktop/saas_server/app.js:66:14)
    at dispatch (/Users/hutianyi/Desktop/saas_server/node_modules/koa-compose/index.js:42:32)
    at next (/Users/hutianyi/Desktop/saas_server/node_modules/koa-compose/index.js:43:18)
    at dispatch (/Users/hutianyi/Desktop/saas_server/node_modules/koa-router/lib/router.js:332:32)
    at dispatch (/Users/hutianyi/Desktop/saas_server/node_modules/koa-compose/index.js:42:32)
    at next (/Users/hutianyi/Desktop/saas_server/node_modules/koa-compose/index.js:43:18)
    at /Users/hutianyi/Desktop/saas_server/middlewares/response_formatter.js:27:19
    at dispatch (/Users/hutianyi/Desktop/saas_server/node_modules/koa-compose/index.js:42:32)
    at next (/Users/hutianyi/Desktop/saas_server/node_modules/koa-compose/index.js:43:18)
    at app.use (/Users/hutianyi/Desktop/saas_server/app.js:45:11)
    at dispatch (/Users/hutianyi/Desktop/saas_server/node_modules/koa-compose/index.js:42:32)
    at next (/Users/hutianyi/Desktop/saas_server/node_modules/koa-compose/index.js:43:18)
    at views (/Users/hutianyi/Desktop/saas_server/node_modules/koa-views/lib/index.js:61:12)
    at dispatch (/Users/hutianyi/Desktop/saas_server/node_modules/koa-compose/index.js:42:32)
    at next (/Users/hutianyi/Desktop/saas_server/node_modules/koa-compose/index.js:43:18)
    at send.then.done (/Users/hutianyi/Desktop/saas_server/node_modules/koa-static/index.js:43:20)
    at <anonymous>
*************** error log end ****************

[2018-03-16T17:36:52.905] [ERROR] errorLogger - 
*************** error log start ****************
request method:GET
request originalUrl:/cms/content/cms.js
request client ip:::ffff:127.0.0.1
request query:{}
response time:1
err name:TypeError
err message:res.sendFile is not a function
err stack:TypeError: res.sendFile is not a function
    at app.use (/Users/hutianyi/Desktop/saas_server/app.js:66:14)
    at dispatch (/Users/hutianyi/Desktop/saas_server/node_modules/koa-compose/index.js:42:32)
    at next (/Users/hutianyi/Desktop/saas_server/node_modules/koa-compose/index.js:43:18)
    at dispatch (/Users/hutianyi/Desktop/saas_server/node_modules/koa-router/lib/router.js:332:32)
    at dispatch (/Users/hutianyi/Desktop/saas_server/node_modules/koa-compose/index.js:42:32)
    at next (/Users/hutianyi/Desktop/saas_server/node_modules/koa-compose/index.js:43:18)
    at /Users/hutianyi/Desktop/saas_server/middlewares/response_formatter.js:27:19
    at dispatch (/Users/hutianyi/Desktop/saas_server/node_modules/koa-compose/index.js:42:32)
    at next (/Users/hutianyi/Desktop/saas_server/node_modules/koa-compose/index.js:43:18)
    at app.use (/Users/hutianyi/Desktop/saas_server/app.js:45:11)
    at dispatch (/Users/hutianyi/Desktop/saas_server/node_modules/koa-compose/index.js:42:32)
    at next (/Users/hutianyi/Desktop/saas_server/node_modules/koa-compose/index.js:43:18)
    at views (/Users/hutianyi/Desktop/saas_server/node_modules/koa-views/lib/index.js:61:12)
    at dispatch (/Users/hutianyi/Desktop/saas_server/node_modules/koa-compose/index.js:42:32)
    at next (/Users/hutianyi/Desktop/saas_server/node_modules/koa-compose/index.js:43:18)
    at send.then.done (/Users/hutianyi/Desktop/saas_server/node_modules/koa-static/index.js:43:20)
    at <anonymous>
*************** error log end ****************

[2018-03-16T17:36:52.914] [ERROR] errorLogger - 
*************** error log start ****************
request method:GET
request originalUrl:/cms/content/App.js
request client ip:::ffff:127.0.0.1
request query:{}
response time:1
err name:TypeError
err message:res.sendFile is not a function
err stack:TypeError: res.sendFile is not a function
    at app.use (/Users/hutianyi/Desktop/saas_server/app.js:66:14)
    at dispatch (/Users/hutianyi/Desktop/saas_server/node_modules/koa-compose/index.js:42:32)
    at next (/Users/hutianyi/Desktop/saas_server/node_modules/koa-compose/index.js:43:18)
    at dispatch (/Users/hutianyi/Desktop/saas_server/node_modules/koa-router/lib/router.js:332:32)
    at dispatch (/Users/hutianyi/Desktop/saas_server/node_modules/koa-compose/index.js:42:32)
    at next (/Users/hutianyi/Desktop/saas_server/node_modules/koa-compose/index.js:43:18)
    at /Users/hutianyi/Desktop/saas_server/middlewares/response_formatter.js:27:19
    at dispatch (/Users/hutianyi/Desktop/saas_server/node_modules/koa-compose/index.js:42:32)
    at next (/Users/hutianyi/Desktop/saas_server/node_modules/koa-compose/index.js:43:18)
    at app.use (/Users/hutianyi/Desktop/saas_server/app.js:45:11)
    at dispatch (/Users/hutianyi/Desktop/saas_server/node_modules/koa-compose/index.js:42:32)
    at next (/Users/hutianyi/Desktop/saas_server/node_modules/koa-compose/index.js:43:18)
    at views (/Users/hutianyi/Desktop/saas_server/node_modules/koa-views/lib/index.js:61:12)
    at dispatch (/Users/hutianyi/Desktop/saas_server/node_modules/koa-compose/index.js:42:32)
    at next (/Users/hutianyi/Desktop/saas_server/node_modules/koa-compose/index.js:43:18)
    at send.then.done (/Users/hutianyi/Desktop/saas_server/node_modules/koa-static/index.js:43:20)
    at <anonymous>
*************** error log end ****************

[2018-03-16T17:36:52.916] [ERROR] errorLogger - 
*************** error log start ****************
request method:GET
request originalUrl:/cms/content/index.js
request client ip:::ffff:127.0.0.1
request query:{}
response time:1
err name:TypeError
err message:res.sendFile is not a function
err stack:TypeError: res.sendFile is not a function
    at app.use (/Users/hutianyi/Desktop/saas_server/app.js:66:14)
    at dispatch (/Users/hutianyi/Desktop/saas_server/node_modules/koa-compose/index.js:42:32)
    at next (/Users/hutianyi/Desktop/saas_server/node_modules/koa-compose/index.js:43:18)
    at dispatch (/Users/hutianyi/Desktop/saas_server/node_modules/koa-router/lib/router.js:332:32)
    at dispatch (/Users/hutianyi/Desktop/saas_server/node_modules/koa-compose/index.js:42:32)
    at next (/Users/hutianyi/Desktop/saas_server/node_modules/koa-compose/index.js:43:18)
    at /Users/hutianyi/Desktop/saas_server/middlewares/response_formatter.js:27:19
    at dispatch (/Users/hutianyi/Desktop/saas_server/node_modules/koa-compose/index.js:42:32)
    at next (/Users/hutianyi/Desktop/saas_server/node_modules/koa-compose/index.js:43:18)
    at app.use (/Users/hutianyi/Desktop/saas_server/app.js:45:11)
    at dispatch (/Users/hutianyi/Desktop/saas_server/node_modules/koa-compose/index.js:42:32)
    at next (/Users/hutianyi/Desktop/saas_server/node_modules/koa-compose/index.js:43:18)
    at views (/Users/hutianyi/Desktop/saas_server/node_modules/koa-views/lib/index.js:61:12)
    at dispatch (/Users/hutianyi/Desktop/saas_server/node_modules/koa-compose/index.js:42:32)
    at next (/Users/hutianyi/Desktop/saas_server/node_modules/koa-compose/index.js:43:18)
    at send.then.done (/Users/hutianyi/Desktop/saas_server/node_modules/koa-static/index.js:43:20)
    at <anonymous>
*************** error log end ****************

[2018-03-16T17:39:13.379] [ERROR] errorLogger - 
*************** error log start ****************
request method:GET
request originalUrl:/robots.txt
request client ip:::ffff:127.0.0.1
request query:{}
response time:0
err name:TypeError
err message:res.sendFile is not a function
err stack:TypeError: res.sendFile is not a function
    at app.use (/Users/hutianyi/Desktop/saas_server/app.js:66:14)
    at dispatch (/Users/hutianyi/Desktop/saas_server/node_modules/koa-compose/index.js:42:32)
    at next (/Users/hutianyi/Desktop/saas_server/node_modules/koa-compose/index.js:43:18)
    at dispatch (/Users/hutianyi/Desktop/saas_server/node_modules/koa-router/lib/router.js:332:32)
    at dispatch (/Users/hutianyi/Desktop/saas_server/node_modules/koa-compose/index.js:42:32)
    at next (/Users/hutianyi/Desktop/saas_server/node_modules/koa-compose/index.js:43:18)
    at /Users/hutianyi/Desktop/saas_server/middlewares/response_formatter.js:27:19
    at dispatch (/Users/hutianyi/Desktop/saas_server/node_modules/koa-compose/index.js:42:32)
    at next (/Users/hutianyi/Desktop/saas_server/node_modules/koa-compose/index.js:43:18)
    at app.use (/Users/hutianyi/Desktop/saas_server/app.js:45:11)
    at dispatch (/Users/hutianyi/Desktop/saas_server/node_modules/koa-compose/index.js:42:32)
    at next (/Users/hutianyi/Desktop/saas_server/node_modules/koa-compose/index.js:43:18)
    at views (/Users/hutianyi/Desktop/saas_server/node_modules/koa-views/lib/index.js:61:12)
    at dispatch (/Users/hutianyi/Desktop/saas_server/node_modules/koa-compose/index.js:42:32)
    at next (/Users/hutianyi/Desktop/saas_server/node_modules/koa-compose/index.js:43:18)
    at send.then.done (/Users/hutianyi/Desktop/saas_server/node_modules/koa-static/index.js:43:20)
    at <anonymous>
*************** error log end ****************

