[2017-12-17T16:17:12.793] [ERROR] errorLogger - 
*************** response log start **************
request methodGET
request originalUrl:/user/list
request client ip:::1
request query:{}
response time:17
response body:
[]
*************** response log end *******************

[2017-12-17T16:17:48.506] [ERROR] errorLogger - 
*************** response log start **************
request methodGET
request originalUrl:/
request client ip:::1
request query:{}
response time:538
response body:
"<!DOCTYPE html><html><head><title>Hello Koa 2!</title><link rel=\"stylesheet\" href=\"/stylesheets/style.css\"></head><body><h1>Hello Koa 2!</h1><p>Welcome to Hello Koa 2!</p></body></html>"
*************** response log end *******************

