[2018-03-09T10:39:42.924] [ERROR] errorLogger - 
*************** error log start ****************
request method:GET
request originalUrl:/robots.txt
request client ip:::1
request query:{}
response time:2
err name:TypeError
err message:res.sendFile is not a function
err stack:TypeError: res.sendFile is not a function
    at app.use (/Users/hutianyi/Desktop/koa2server/app.js:66:14)
    at dispatch (/Users/hutianyi/Desktop/koa2server/node_modules/koa-compose/index.js:42:32)
    at next (/Users/hutianyi/Desktop/koa2server/node_modules/koa-compose/index.js:43:18)
    at dispatch (/Users/hutianyi/Desktop/koa2server/node_modules/koa-router/lib/router.js:332:32)
    at dispatch (/Users/hutianyi/Desktop/koa2server/node_modules/koa-compose/index.js:42:32)
    at next (/Users/hutianyi/Desktop/koa2server/node_modules/koa-compose/index.js:43:18)
    at /Users/hutianyi/Desktop/koa2server/middlewares/response_formatter.js:27:19
    at dispatch (/Users/hutianyi/Desktop/koa2server/node_modules/koa-compose/index.js:42:32)
    at next (/Users/hutianyi/Desktop/koa2server/node_modules/koa-compose/index.js:43:18)
    at app.use (/Users/hutianyi/Desktop/koa2server/app.js:45:11)
    at dispatch (/Users/hutianyi/Desktop/koa2server/node_modules/koa-compose/index.js:42:32)
    at next (/Users/hutianyi/Desktop/koa2server/node_modules/koa-compose/index.js:43:18)
    at views (/Users/hutianyi/Desktop/koa2server/node_modules/koa-views/lib/index.js:61:12)
    at dispatch (/Users/hutianyi/Desktop/koa2server/node_modules/koa-compose/index.js:42:32)
    at next (/Users/hutianyi/Desktop/koa2server/node_modules/koa-compose/index.js:43:18)
    at send.then.done (/Users/hutianyi/Desktop/koa2server/node_modules/koa-static/index.js:43:20)
    at <anonymous>
*************** error log end ****************

[2018-03-09T10:39:44.140] [ERROR] errorLogger - 
*************** error log start ****************
request method:GET
request originalUrl:/favicon.ico
request client ip:::1
request query:{}
response time:0
err name:TypeError
err message:res.sendFile is not a function
err stack:TypeError: res.sendFile is not a function
    at app.use (/Users/hutianyi/Desktop/koa2server/app.js:66:14)
    at dispatch (/Users/hutianyi/Desktop/koa2server/node_modules/koa-compose/index.js:42:32)
    at next (/Users/hutianyi/Desktop/koa2server/node_modules/koa-compose/index.js:43:18)
    at dispatch (/Users/hutianyi/Desktop/koa2server/node_modules/koa-router/lib/router.js:332:32)
    at dispatch (/Users/hutianyi/Desktop/koa2server/node_modules/koa-compose/index.js:42:32)
    at next (/Users/hutianyi/Desktop/koa2server/node_modules/koa-compose/index.js:43:18)
    at /Users/hutianyi/Desktop/koa2server/middlewares/response_formatter.js:27:19
    at dispatch (/Users/hutianyi/Desktop/koa2server/node_modules/koa-compose/index.js:42:32)
    at next (/Users/hutianyi/Desktop/koa2server/node_modules/koa-compose/index.js:43:18)
    at app.use (/Users/hutianyi/Desktop/koa2server/app.js:45:11)
    at dispatch (/Users/hutianyi/Desktop/koa2server/node_modules/koa-compose/index.js:42:32)
    at next (/Users/hutianyi/Desktop/koa2server/node_modules/koa-compose/index.js:43:18)
    at views (/Users/hutianyi/Desktop/koa2server/node_modules/koa-views/lib/index.js:61:12)
    at dispatch (/Users/hutianyi/Desktop/koa2server/node_modules/koa-compose/index.js:42:32)
    at next (/Users/hutianyi/Desktop/koa2server/node_modules/koa-compose/index.js:43:18)
    at send.then.done (/Users/hutianyi/Desktop/koa2server/node_modules/koa-static/index.js:43:20)
    at <anonymous>
*************** error log end ****************

[2018-03-09T10:40:00.341] [ERROR] errorLogger - 
*************** error log start ****************
request method:GET
request originalUrl:/app/appLis
request client ip:::1
request query:{}
response time:0
err name:TypeError
err message:res.sendFile is not a function
err stack:TypeError: res.sendFile is not a function
    at app.use (/Users/hutianyi/Desktop/koa2server/app.js:66:14)
    at dispatch (/Users/hutianyi/Desktop/koa2server/node_modules/koa-compose/index.js:42:32)
    at next (/Users/hutianyi/Desktop/koa2server/node_modules/koa-compose/index.js:43:18)
    at dispatch (/Users/hutianyi/Desktop/koa2server/node_modules/koa-router/lib/router.js:332:32)
    at dispatch (/Users/hutianyi/Desktop/koa2server/node_modules/koa-compose/index.js:42:32)
    at next (/Users/hutianyi/Desktop/koa2server/node_modules/koa-compose/index.js:43:18)
    at /Users/hutianyi/Desktop/koa2server/middlewares/response_formatter.js:27:19
    at dispatch (/Users/hutianyi/Desktop/koa2server/node_modules/koa-compose/index.js:42:32)
    at next (/Users/hutianyi/Desktop/koa2server/node_modules/koa-compose/index.js:43:18)
    at app.use (/Users/hutianyi/Desktop/koa2server/app.js:45:11)
    at dispatch (/Users/hutianyi/Desktop/koa2server/node_modules/koa-compose/index.js:42:32)
    at next (/Users/hutianyi/Desktop/koa2server/node_modules/koa-compose/index.js:43:18)
    at views (/Users/hutianyi/Desktop/koa2server/node_modules/koa-views/lib/index.js:61:12)
    at dispatch (/Users/hutianyi/Desktop/koa2server/node_modules/koa-compose/index.js:42:32)
    at next (/Users/hutianyi/Desktop/koa2server/node_modules/koa-compose/index.js:43:18)
    at send.then.done (/Users/hutianyi/Desktop/koa2server/node_modules/koa-static/index.js:43:20)
    at <anonymous>
*************** error log end ****************

[2018-03-09T10:41:19.770] [ERROR] errorLogger - 
*************** error log start ****************
request method:GET
request originalUrl:/app/getApp
request client ip:::1
request query:{}
response time:0
err name:TypeError
err message:Cannot read property 'code' of undefined
err stack:TypeError: Cannot read property 'code' of undefined
    at new ApiError (/Users/hutianyi/Desktop/koa2server/app/error/ApiError.js:15:32)
    at exports.getApp (/Users/hutianyi/Desktop/koa2server/app/controllers/app_controller.js:27:15)
    at dispatch (/Users/hutianyi/Desktop/koa2server/node_modules/koa-router/node_modules/koa-compose/index.js:44:32)
    at next (/Users/hutianyi/Desktop/koa2server/node_modules/koa-router/node_modules/koa-compose/index.js:45:18)
    at /Users/hutianyi/Desktop/koa2server/node_modules/koa-router/lib/router.js:345:16
    at dispatch (/Users/hutianyi/Desktop/koa2server/node_modules/koa-router/node_modules/koa-compose/index.js:44:32)
    at /Users/hutianyi/Desktop/koa2server/node_modules/koa-router/node_modules/koa-compose/index.js:36:12
    at dispatch (/Users/hutianyi/Desktop/koa2server/node_modules/koa-router/lib/router.js:350:31)
    at dispatch (/Users/hutianyi/Desktop/koa2server/node_modules/koa-compose/index.js:42:32)
    at next (/Users/hutianyi/Desktop/koa2server/node_modules/koa-compose/index.js:43:18)
    at /Users/hutianyi/Desktop/koa2server/middlewares/response_formatter.js:27:19
    at dispatch (/Users/hutianyi/Desktop/koa2server/node_modules/koa-compose/index.js:42:32)
    at next (/Users/hutianyi/Desktop/koa2server/node_modules/koa-compose/index.js:43:18)
    at app.use (/Users/hutianyi/Desktop/koa2server/app.js:45:11)
    at dispatch (/Users/hutianyi/Desktop/koa2server/node_modules/koa-compose/index.js:42:32)
    at next (/Users/hutianyi/Desktop/koa2server/node_modules/koa-compose/index.js:43:18)
    at views (/Users/hutianyi/Desktop/koa2server/node_modules/koa-views/lib/index.js:61:12)
    at dispatch (/Users/hutianyi/Desktop/koa2server/node_modules/koa-compose/index.js:42:32)
    at next (/Users/hutianyi/Desktop/koa2server/node_modules/koa-compose/index.js:43:18)
    at send.then.done (/Users/hutianyi/Desktop/koa2server/node_modules/koa-static/index.js:43:20)
    at <anonymous>
*************** error log end ****************

[2018-03-09T10:41:24.177] [ERROR] errorLogger - 
*************** error log start ****************
request method:GET
request originalUrl:/app/getApps
request client ip:::1
request query:{}
response time:1
err name:TypeError
err message:res.sendFile is not a function
err stack:TypeError: res.sendFile is not a function
    at app.use (/Users/hutianyi/Desktop/koa2server/app.js:66:14)
    at dispatch (/Users/hutianyi/Desktop/koa2server/node_modules/koa-compose/index.js:42:32)
    at next (/Users/hutianyi/Desktop/koa2server/node_modules/koa-compose/index.js:43:18)
    at dispatch (/Users/hutianyi/Desktop/koa2server/node_modules/koa-router/lib/router.js:332:32)
    at dispatch (/Users/hutianyi/Desktop/koa2server/node_modules/koa-compose/index.js:42:32)
    at next (/Users/hutianyi/Desktop/koa2server/node_modules/koa-compose/index.js:43:18)
    at /Users/hutianyi/Desktop/koa2server/middlewares/response_formatter.js:27:19
    at dispatch (/Users/hutianyi/Desktop/koa2server/node_modules/koa-compose/index.js:42:32)
    at next (/Users/hutianyi/Desktop/koa2server/node_modules/koa-compose/index.js:43:18)
    at app.use (/Users/hutianyi/Desktop/koa2server/app.js:45:11)
    at dispatch (/Users/hutianyi/Desktop/koa2server/node_modules/koa-compose/index.js:42:32)
    at next (/Users/hutianyi/Desktop/koa2server/node_modules/koa-compose/index.js:43:18)
    at views (/Users/hutianyi/Desktop/koa2server/node_modules/koa-views/lib/index.js:61:12)
    at dispatch (/Users/hutianyi/Desktop/koa2server/node_modules/koa-compose/index.js:42:32)
    at next (/Users/hutianyi/Desktop/koa2server/node_modules/koa-compose/index.js:43:18)
    at send.then.done (/Users/hutianyi/Desktop/koa2server/node_modules/koa-static/index.js:43:20)
    at <anonymous>
*************** error log end ****************

[2018-03-09T10:43:12.378] [ERROR] errorLogger - 
*************** error log start ****************
request method:GET
request originalUrl:/app/getApp
request client ip:::1
request query:{}
response time:1
err name:TypeError
err message:Cannot read property 'code' of undefined
err stack:TypeError: Cannot read property 'code' of undefined
    at new ApiError (/Users/hutianyi/Desktop/koa2server/app/error/ApiError.js:15:32)
    at exports.getApp (/Users/hutianyi/Desktop/koa2server/app/controllers/app_controller.js:27:15)
    at dispatch (/Users/hutianyi/Desktop/koa2server/node_modules/koa-router/node_modules/koa-compose/index.js:44:32)
    at next (/Users/hutianyi/Desktop/koa2server/node_modules/koa-router/node_modules/koa-compose/index.js:45:18)
    at /Users/hutianyi/Desktop/koa2server/node_modules/koa-router/lib/router.js:345:16
    at dispatch (/Users/hutianyi/Desktop/koa2server/node_modules/koa-router/node_modules/koa-compose/index.js:44:32)
    at /Users/hutianyi/Desktop/koa2server/node_modules/koa-router/node_modules/koa-compose/index.js:36:12
    at dispatch (/Users/hutianyi/Desktop/koa2server/node_modules/koa-router/lib/router.js:350:31)
    at dispatch (/Users/hutianyi/Desktop/koa2server/node_modules/koa-compose/index.js:42:32)
    at next (/Users/hutianyi/Desktop/koa2server/node_modules/koa-compose/index.js:43:18)
    at /Users/hutianyi/Desktop/koa2server/middlewares/response_formatter.js:27:19
    at dispatch (/Users/hutianyi/Desktop/koa2server/node_modules/koa-compose/index.js:42:32)
    at next (/Users/hutianyi/Desktop/koa2server/node_modules/koa-compose/index.js:43:18)
    at app.use (/Users/hutianyi/Desktop/koa2server/app.js:45:11)
    at dispatch (/Users/hutianyi/Desktop/koa2server/node_modules/koa-compose/index.js:42:32)
    at next (/Users/hutianyi/Desktop/koa2server/node_modules/koa-compose/index.js:43:18)
    at views (/Users/hutianyi/Desktop/koa2server/node_modules/koa-views/lib/index.js:61:12)
    at dispatch (/Users/hutianyi/Desktop/koa2server/node_modules/koa-compose/index.js:42:32)
    at next (/Users/hutianyi/Desktop/koa2server/node_modules/koa-compose/index.js:43:18)
    at send.then.done (/Users/hutianyi/Desktop/koa2server/node_modules/koa-static/index.js:43:20)
    at <anonymous>
*************** error log end ****************

