[2017-12-27T14:49:48.295] [ERROR] errorLogger - 
*************** error log start ****************
request method:GET
request originalUrl:/user/getmsglist
request client ip:::1
request query:{}
response time:30
err name:TypeError
err message:Converting circular structure to JSON
err stack:TypeError: Converting circular structure to JSON
    at JSON.stringify (<anonymous>)
    at formatRes (/Users/hutianyi/Desktop/reactstudy/koa2server/utils/log_util.js:38:47)
    at Object.logUtil.logResponse (/Users/hutianyi/Desktop/reactstudy/koa2server/utils/log_util.js:23:24)
    at app.use (/Users/hutianyi/Desktop/reactstudy/koa2server/app.js:42:13)
    at <anonymous>
    at process._tickCallback (internal/process/next_tick.js:188:7)
*************** error log end ****************

[2017-12-27T14:51:07.333] [ERROR] errorLogger - 
*************** error log start ****************
request method:GET
request originalUrl:/user/getmsglist
request client ip:::1
request query:{}
response time:19
err name:TypeError
err message:Converting circular structure to JSON
err stack:TypeError: Converting circular structure to JSON
    at JSON.stringify (<anonymous>)
    at formatRes (/Users/hutianyi/Desktop/reactstudy/koa2server/utils/log_util.js:38:47)
    at Object.logUtil.logResponse (/Users/hutianyi/Desktop/reactstudy/koa2server/utils/log_util.js:23:24)
    at app.use (/Users/hutianyi/Desktop/reactstudy/koa2server/app.js:42:13)
    at <anonymous>
    at process._tickCallback (internal/process/next_tick.js:188:7)
*************** error log end ****************

[2017-12-27T14:51:49.441] [ERROR] errorLogger - 
*************** error log start ****************
request method:GET
request originalUrl:/user/getmsglist
request client ip:::1
request query:{}
response time:25
err name:TypeError
err message:Converting circular structure to JSON
err stack:TypeError: Converting circular structure to JSON
    at JSON.stringify (<anonymous>)
    at formatRes (/Users/hutianyi/Desktop/reactstudy/koa2server/utils/log_util.js:38:47)
    at Object.logUtil.logResponse (/Users/hutianyi/Desktop/reactstudy/koa2server/utils/log_util.js:23:24)
    at app.use (/Users/hutianyi/Desktop/reactstudy/koa2server/app.js:42:13)
    at <anonymous>
    at process._tickCallback (internal/process/next_tick.js:188:7)
*************** error log end ****************

[2017-12-27T14:52:01.732] [ERROR] errorLogger - 
*************** error log start ****************
request method:GET
request originalUrl:/user/getmsglist
request client ip:::1
request query:{}
response time:18
err name:TypeError
err message:Converting circular structure to JSON
err stack:TypeError: Converting circular structure to JSON
    at JSON.stringify (<anonymous>)
    at formatRes (/Users/hutianyi/Desktop/reactstudy/koa2server/utils/log_util.js:38:47)
    at Object.logUtil.logResponse (/Users/hutianyi/Desktop/reactstudy/koa2server/utils/log_util.js:23:24)
    at app.use (/Users/hutianyi/Desktop/reactstudy/koa2server/app.js:42:13)
    at <anonymous>
    at process._tickCallback (internal/process/next_tick.js:188:7)
*************** error log end ****************

[2017-12-27T14:54:14.265] [ERROR] errorLogger - 
*************** error log start ****************
request method:GET
request originalUrl:/user/getmsglist
request client ip:::1
request query:{}
response time:41
err name:TypeError
err message:Converting circular structure to JSON
err stack:TypeError: Converting circular structure to JSON
    at JSON.stringify (<anonymous>)
    at exports.getmsglist (/Users/hutianyi/Desktop/reactstudy/koa2server/app/controllers/user_controller.js:145:22)
    at <anonymous>
    at process._tickCallback (internal/process/next_tick.js:188:7)
*************** error log end ****************

[2017-12-27T14:54:57.195] [ERROR] errorLogger - 
*************** error log start ****************
request method:GET
request originalUrl:/user/getmsglist
request client ip:::1
request query:{}
response time:35
err name:SyntaxError
err message:Unexpected token o in JSON at position 1
err stack:SyntaxError: Unexpected token o in JSON at position 1
    at JSON.parse (<anonymous>)
    at exports.getmsglist (/Users/hutianyi/Desktop/reactstudy/koa2server/app/controllers/user_controller.js:145:22)
    at <anonymous>
    at process._tickCallback (internal/process/next_tick.js:188:7)
*************** error log end ****************

