[2018-03-10T19:30:24.938] [ERROR] errorLogger - 
*************** error log start ****************
request method:GET
request originalUrl:/robots.txt
request client ip:::1
request query:{}
response time:2
err name:TypeError
err message:res.sendFile is not a function
err stack:TypeError: res.sendFile is not a function
    at app.use (/Users/hutianyi/Desktop/koa2server/app.js:66:14)
    at dispatch (/Users/hutianyi/Desktop/koa2server/node_modules/koa-compose/index.js:42:32)
    at next (/Users/hutianyi/Desktop/koa2server/node_modules/koa-compose/index.js:43:18)
    at dispatch (/Users/hutianyi/Desktop/koa2server/node_modules/koa-router/lib/router.js:332:32)
    at dispatch (/Users/hutianyi/Desktop/koa2server/node_modules/koa-compose/index.js:42:32)
    at next (/Users/hutianyi/Desktop/koa2server/node_modules/koa-compose/index.js:43:18)
    at /Users/hutianyi/Desktop/koa2server/middlewares/response_formatter.js:27:19
    at dispatch (/Users/hutianyi/Desktop/koa2server/node_modules/koa-compose/index.js:42:32)
    at next (/Users/hutianyi/Desktop/koa2server/node_modules/koa-compose/index.js:43:18)
    at app.use (/Users/hutianyi/Desktop/koa2server/app.js:45:11)
    at dispatch (/Users/hutianyi/Desktop/koa2server/node_modules/koa-compose/index.js:42:32)
    at next (/Users/hutianyi/Desktop/koa2server/node_modules/koa-compose/index.js:43:18)
    at views (/Users/hutianyi/Desktop/koa2server/node_modules/koa-views/lib/index.js:61:12)
    at dispatch (/Users/hutianyi/Desktop/koa2server/node_modules/koa-compose/index.js:42:32)
    at next (/Users/hutianyi/Desktop/koa2server/node_modules/koa-compose/index.js:43:18)
    at send.then.done (/Users/hutianyi/Desktop/koa2server/node_modules/koa-static/index.js:43:20)
    at <anonymous>
*************** error log end ****************

[2018-03-10T19:30:25.496] [ERROR] errorLogger - 
*************** error log start ****************
request method:GET
request originalUrl:/favicon.ico
request client ip:::1
request query:{}
response time:0
err name:TypeError
err message:res.sendFile is not a function
err stack:TypeError: res.sendFile is not a function
    at app.use (/Users/hutianyi/Desktop/koa2server/app.js:66:14)
    at dispatch (/Users/hutianyi/Desktop/koa2server/node_modules/koa-compose/index.js:42:32)
    at next (/Users/hutianyi/Desktop/koa2server/node_modules/koa-compose/index.js:43:18)
    at dispatch (/Users/hutianyi/Desktop/koa2server/node_modules/koa-router/lib/router.js:332:32)
    at dispatch (/Users/hutianyi/Desktop/koa2server/node_modules/koa-compose/index.js:42:32)
    at next (/Users/hutianyi/Desktop/koa2server/node_modules/koa-compose/index.js:43:18)
    at /Users/hutianyi/Desktop/koa2server/middlewares/response_formatter.js:27:19
    at dispatch (/Users/hutianyi/Desktop/koa2server/node_modules/koa-compose/index.js:42:32)
    at next (/Users/hutianyi/Desktop/koa2server/node_modules/koa-compose/index.js:43:18)
    at app.use (/Users/hutianyi/Desktop/koa2server/app.js:45:11)
    at dispatch (/Users/hutianyi/Desktop/koa2server/node_modules/koa-compose/index.js:42:32)
    at next (/Users/hutianyi/Desktop/koa2server/node_modules/koa-compose/index.js:43:18)
    at views (/Users/hutianyi/Desktop/koa2server/node_modules/koa-views/lib/index.js:61:12)
    at dispatch (/Users/hutianyi/Desktop/koa2server/node_modules/koa-compose/index.js:42:32)
    at next (/Users/hutianyi/Desktop/koa2server/node_modules/koa-compose/index.js:43:18)
    at send.then.done (/Users/hutianyi/Desktop/koa2server/node_modules/koa-static/index.js:43:20)
    at <anonymous>
*************** error log end ****************

[2018-03-10T19:46:23.146] [ERROR] errorLogger - 
*************** error log start ****************
request method:POST
request originalUrl:/app/appList
request client ip:::1
request body
{}
response time:1
err name:TypeError
err message:res.sendFile is not a function
err stack:TypeError: res.sendFile is not a function
    at app.use (/Users/hutianyi/Desktop/koa2server/app.js:66:14)
    at dispatch (/Users/hutianyi/Desktop/koa2server/node_modules/koa-compose/index.js:42:32)
    at next (/Users/hutianyi/Desktop/koa2server/node_modules/koa-compose/index.js:43:18)
    at dispatch (/Users/hutianyi/Desktop/koa2server/node_modules/koa-router/lib/router.js:332:32)
    at dispatch (/Users/hutianyi/Desktop/koa2server/node_modules/koa-compose/index.js:42:32)
    at next (/Users/hutianyi/Desktop/koa2server/node_modules/koa-compose/index.js:43:18)
    at /Users/hutianyi/Desktop/koa2server/middlewares/response_formatter.js:27:19
    at dispatch (/Users/hutianyi/Desktop/koa2server/node_modules/koa-compose/index.js:42:32)
    at next (/Users/hutianyi/Desktop/koa2server/node_modules/koa-compose/index.js:43:18)
    at app.use (/Users/hutianyi/Desktop/koa2server/app.js:45:11)
    at dispatch (/Users/hutianyi/Desktop/koa2server/node_modules/koa-compose/index.js:42:32)
    at next (/Users/hutianyi/Desktop/koa2server/node_modules/koa-compose/index.js:43:18)
    at views (/Users/hutianyi/Desktop/koa2server/node_modules/koa-views/lib/index.js:61:12)
    at dispatch (/Users/hutianyi/Desktop/koa2server/node_modules/koa-compose/index.js:42:32)
    at next (/Users/hutianyi/Desktop/koa2server/node_modules/koa-compose/index.js:43:18)
    at serve (/Users/hutianyi/Desktop/koa2server/node_modules/koa-static/index.js:47:14)
    at dispatch (/Users/hutianyi/Desktop/koa2server/node_modules/koa-compose/index.js:42:32)
    at next (/Users/hutianyi/Desktop/koa2server/node_modules/koa-compose/index.js:43:18)
    at logger (/Users/hutianyi/Desktop/koa2server/node_modules/koa-logger/index.js:50:12)
    at dispatch (/Users/hutianyi/Desktop/koa2server/node_modules/koa-compose/index.js:42:32)
    at next (/Users/hutianyi/Desktop/koa2server/node_modules/koa-compose/index.js:43:18)
    at filter (/Users/hutianyi/Desktop/koa2server/node_modules/koa-json/index.js:25:12)
*************** error log end ****************

[2018-03-10T19:58:01.520] [ERROR] errorLogger - 
*************** error log start ****************
request method:POST
request originalUrl:/app/register
request client ip:::1
request body
{"phone":"15877650331","pwd":"123456"}
response time:22
err name:ReferenceError
err message:usr is not defined
err stack:ReferenceError: usr is not defined
    at exports.registerApp (/Users/hutianyi/Desktop/koa2server/app/controllers/app_controller.js:73:21)
    at <anonymous>
*************** error log end ****************

[2018-03-10T19:58:33.758] [ERROR] errorLogger - 
*************** error log start ****************
request method:POST
request originalUrl:/app/register
request client ip:::1
request body
{"phone":"15877650331","pwd":"123456"}
response time:2
err name:ReferenceError
err message:usr is not defined
err stack:ReferenceError: usr is not defined
    at exports.registerApp (/Users/hutianyi/Desktop/koa2server/app/controllers/app_controller.js:73:21)
    at <anonymous>
*************** error log end ****************

