[2017-12-18T10:14:13.083] [ERROR] errorLogger - 
*************** error log start ****************
request method:POST
request originalUrl:/user/register
request client ip:::ffff:127.0.0.1
request body
{"user":"123","pwd":"123","type":"genius"}
response time:7
err name:ReferenceError
err message:User is not defined
err stack:ReferenceError: User is not defined
    at exports.registerUser (/Users/hutianyi/Desktop/reactstudy/koa2server/app/controllers/user_controller.js:22:19)
    at dispatch (/Users/hutianyi/Desktop/reactstudy/koa2server/node_modules/koa-router/node_modules/koa-compose/index.js:44:32)
    at next (/Users/hutianyi/Desktop/reactstudy/koa2server/node_modules/koa-router/node_modules/koa-compose/index.js:45:18)
    at /Users/hutianyi/Desktop/reactstudy/koa2server/node_modules/koa-router/lib/router.js:345:16
    at dispatch (/Users/hutianyi/Desktop/reactstudy/koa2server/node_modules/koa-router/node_modules/koa-compose/index.js:44:32)
    at /Users/hutianyi/Desktop/reactstudy/koa2server/node_modules/koa-router/node_modules/koa-compose/index.js:36:12
    at dispatch (/Users/hutianyi/Desktop/reactstudy/koa2server/node_modules/koa-router/lib/router.js:350:31)
    at dispatch (/Users/hutianyi/Desktop/reactstudy/koa2server/node_modules/koa-compose/index.js:42:32)
    at next (/Users/hutianyi/Desktop/reactstudy/koa2server/node_modules/koa-compose/index.js:43:18)
    at /Users/hutianyi/Desktop/reactstudy/koa2server/middlewares/response_formatter.js:27:19
    at dispatch (/Users/hutianyi/Desktop/reactstudy/koa2server/node_modules/koa-compose/index.js:42:32)
    at next (/Users/hutianyi/Desktop/reactstudy/koa2server/node_modules/koa-compose/index.js:43:18)
    at app.use (/Users/hutianyi/Desktop/reactstudy/koa2server/app.js:38:11)
    at dispatch (/Users/hutianyi/Desktop/reactstudy/koa2server/node_modules/koa-compose/index.js:42:32)
    at next (/Users/hutianyi/Desktop/reactstudy/koa2server/node_modules/koa-compose/index.js:43:18)
    at views (/Users/hutianyi/Desktop/reactstudy/koa2server/node_modules/koa-views/lib/index.js:61:12)
    at dispatch (/Users/hutianyi/Desktop/reactstudy/koa2server/node_modules/koa-compose/index.js:42:32)
    at next (/Users/hutianyi/Desktop/reactstudy/koa2server/node_modules/koa-compose/index.js:43:18)
    at serve (/Users/hutianyi/Desktop/reactstudy/koa2server/node_modules/koa-static/index.js:47:14)
    at dispatch (/Users/hutianyi/Desktop/reactstudy/koa2server/node_modules/koa-compose/index.js:42:32)
    at next (/Users/hutianyi/Desktop/reactstudy/koa2server/node_modules/koa-compose/index.js:43:18)
    at logger (/Users/hutianyi/Desktop/reactstudy/koa2server/node_modules/koa-logger/index.js:50:12)
*************** error log end ****************

