[2018-03-17T18:02:52.523] [ERROR] errorLogger - 
*************** error log start ****************
request method:GET
request originalUrl:/robots.txt
request client ip:::ffff:127.0.0.1
request query:{}
response time:7
err name:TypeError
err message:res.sendFile is not a function
err stack:TypeError: res.sendFile is not a function
    at app.use (/Users/hutianyi/Desktop/saas_server/app.js:66:14)
    at dispatch (/Users/hutianyi/Desktop/saas_server/node_modules/koa-compose/index.js:42:32)
    at next (/Users/hutianyi/Desktop/saas_server/node_modules/koa-compose/index.js:43:18)
    at dispatch (/Users/hutianyi/Desktop/saas_server/node_modules/koa-router/lib/router.js:332:32)
    at dispatch (/Users/hutianyi/Desktop/saas_server/node_modules/koa-compose/index.js:42:32)
    at next (/Users/hutianyi/Desktop/saas_server/node_modules/koa-compose/index.js:43:18)
    at /Users/hutianyi/Desktop/saas_server/middlewares/response_formatter.js:27:19
    at dispatch (/Users/hutianyi/Desktop/saas_server/node_modules/koa-compose/index.js:42:32)
    at next (/Users/hutianyi/Desktop/saas_server/node_modules/koa-compose/index.js:43:18)
    at app.use (/Users/hutianyi/Desktop/saas_server/app.js:45:11)
    at dispatch (/Users/hutianyi/Desktop/saas_server/node_modules/koa-compose/index.js:42:32)
    at next (/Users/hutianyi/Desktop/saas_server/node_modules/koa-compose/index.js:43:18)
    at views (/Users/hutianyi/Desktop/saas_server/node_modules/koa-views/lib/index.js:61:12)
    at dispatch (/Users/hutianyi/Desktop/saas_server/node_modules/koa-compose/index.js:42:32)
    at next (/Users/hutianyi/Desktop/saas_server/node_modules/koa-compose/index.js:43:18)
    at send.then.done (/Users/hutianyi/Desktop/saas_server/node_modules/koa-static/index.js:43:20)
    at <anonymous>
*************** error log end ****************

[2018-03-17T18:03:47.002] [ERROR] errorLogger - 
*************** error log start ****************
request method:POST
request originalUrl:/cms/createRes
request client ip:::ffff:127.0.0.1
request body
{"resType":1,"name":"123","intro":"123","cover":"","textContent":"123","saleType":0,"audioSrc":"","videoSrc":"","price":"123","saleTime":""}
response time:1
err name:TypeError
err message:res.sendFile is not a function
err stack:TypeError: res.sendFile is not a function
    at app.use (/Users/hutianyi/Desktop/saas_server/app.js:66:14)
    at dispatch (/Users/hutianyi/Desktop/saas_server/node_modules/koa-compose/index.js:42:32)
    at next (/Users/hutianyi/Desktop/saas_server/node_modules/koa-compose/index.js:43:18)
    at dispatch (/Users/hutianyi/Desktop/saas_server/node_modules/koa-router/lib/router.js:332:32)
    at dispatch (/Users/hutianyi/Desktop/saas_server/node_modules/koa-compose/index.js:42:32)
    at next (/Users/hutianyi/Desktop/saas_server/node_modules/koa-compose/index.js:43:18)
    at /Users/hutianyi/Desktop/saas_server/middlewares/response_formatter.js:27:19
    at dispatch (/Users/hutianyi/Desktop/saas_server/node_modules/koa-compose/index.js:42:32)
    at next (/Users/hutianyi/Desktop/saas_server/node_modules/koa-compose/index.js:43:18)
    at app.use (/Users/hutianyi/Desktop/saas_server/app.js:45:11)
    at dispatch (/Users/hutianyi/Desktop/saas_server/node_modules/koa-compose/index.js:42:32)
    at next (/Users/hutianyi/Desktop/saas_server/node_modules/koa-compose/index.js:43:18)
    at views (/Users/hutianyi/Desktop/saas_server/node_modules/koa-views/lib/index.js:61:12)
    at dispatch (/Users/hutianyi/Desktop/saas_server/node_modules/koa-compose/index.js:42:32)
    at next (/Users/hutianyi/Desktop/saas_server/node_modules/koa-compose/index.js:43:18)
    at serve (/Users/hutianyi/Desktop/saas_server/node_modules/koa-static/index.js:47:14)
    at dispatch (/Users/hutianyi/Desktop/saas_server/node_modules/koa-compose/index.js:42:32)
    at next (/Users/hutianyi/Desktop/saas_server/node_modules/koa-compose/index.js:43:18)
    at logger (/Users/hutianyi/Desktop/saas_server/node_modules/koa-logger/index.js:50:12)
    at dispatch (/Users/hutianyi/Desktop/saas_server/node_modules/koa-compose/index.js:42:32)
    at next (/Users/hutianyi/Desktop/saas_server/node_modules/koa-compose/index.js:43:18)
    at filter (/Users/hutianyi/Desktop/saas_server/node_modules/koa-json/index.js:25:12)
*************** error log end ****************

[2018-03-17T18:04:25.484] [ERROR] errorLogger - 
*************** error log start ****************
request method:POST
request originalUrl:/cms/createRes
request client ip:::ffff:127.0.0.1
request body
{"resType":1,"name":"123","intro":"123","cover":"","textContent":"123","saleType":0,"audioSrc":"","videoSrc":"","price":"123","saleTime":""}
response time:2
err name:TypeError
err message:res.sendFile is not a function
err stack:TypeError: res.sendFile is not a function
    at app.use (/Users/hutianyi/Desktop/saas_server/app.js:66:14)
    at dispatch (/Users/hutianyi/Desktop/saas_server/node_modules/koa-compose/index.js:42:32)
    at next (/Users/hutianyi/Desktop/saas_server/node_modules/koa-compose/index.js:43:18)
    at dispatch (/Users/hutianyi/Desktop/saas_server/node_modules/koa-router/lib/router.js:332:32)
    at dispatch (/Users/hutianyi/Desktop/saas_server/node_modules/koa-compose/index.js:42:32)
    at next (/Users/hutianyi/Desktop/saas_server/node_modules/koa-compose/index.js:43:18)
    at /Users/hutianyi/Desktop/saas_server/middlewares/response_formatter.js:27:19
    at dispatch (/Users/hutianyi/Desktop/saas_server/node_modules/koa-compose/index.js:42:32)
    at next (/Users/hutianyi/Desktop/saas_server/node_modules/koa-compose/index.js:43:18)
    at app.use (/Users/hutianyi/Desktop/saas_server/app.js:45:11)
    at dispatch (/Users/hutianyi/Desktop/saas_server/node_modules/koa-compose/index.js:42:32)
    at next (/Users/hutianyi/Desktop/saas_server/node_modules/koa-compose/index.js:43:18)
    at views (/Users/hutianyi/Desktop/saas_server/node_modules/koa-views/lib/index.js:61:12)
    at dispatch (/Users/hutianyi/Desktop/saas_server/node_modules/koa-compose/index.js:42:32)
    at next (/Users/hutianyi/Desktop/saas_server/node_modules/koa-compose/index.js:43:18)
    at serve (/Users/hutianyi/Desktop/saas_server/node_modules/koa-static/index.js:47:14)
    at dispatch (/Users/hutianyi/Desktop/saas_server/node_modules/koa-compose/index.js:42:32)
    at next (/Users/hutianyi/Desktop/saas_server/node_modules/koa-compose/index.js:43:18)
    at logger (/Users/hutianyi/Desktop/saas_server/node_modules/koa-logger/index.js:50:12)
    at dispatch (/Users/hutianyi/Desktop/saas_server/node_modules/koa-compose/index.js:42:32)
    at next (/Users/hutianyi/Desktop/saas_server/node_modules/koa-compose/index.js:43:18)
    at filter (/Users/hutianyi/Desktop/saas_server/node_modules/koa-json/index.js:25:12)
*************** error log end ****************

[2018-03-17T18:04:31.164] [ERROR] errorLogger - 
*************** error log start ****************
request method:POST
request originalUrl:/cms/createRes
request client ip:::ffff:127.0.0.1
request body
{"resType":1,"name":"123","intro":"123","cover":"","textContent":"123","saleType":0,"audioSrc":"","videoSrc":"","price":"123","saleTime":""}
response time:1
err name:TypeError
err message:res.sendFile is not a function
err stack:TypeError: res.sendFile is not a function
    at app.use (/Users/hutianyi/Desktop/saas_server/app.js:66:14)
    at dispatch (/Users/hutianyi/Desktop/saas_server/node_modules/koa-compose/index.js:42:32)
    at next (/Users/hutianyi/Desktop/saas_server/node_modules/koa-compose/index.js:43:18)
    at dispatch (/Users/hutianyi/Desktop/saas_server/node_modules/koa-router/lib/router.js:332:32)
    at dispatch (/Users/hutianyi/Desktop/saas_server/node_modules/koa-compose/index.js:42:32)
    at next (/Users/hutianyi/Desktop/saas_server/node_modules/koa-compose/index.js:43:18)
    at /Users/hutianyi/Desktop/saas_server/middlewares/response_formatter.js:27:19
    at dispatch (/Users/hutianyi/Desktop/saas_server/node_modules/koa-compose/index.js:42:32)
    at next (/Users/hutianyi/Desktop/saas_server/node_modules/koa-compose/index.js:43:18)
    at app.use (/Users/hutianyi/Desktop/saas_server/app.js:45:11)
    at dispatch (/Users/hutianyi/Desktop/saas_server/node_modules/koa-compose/index.js:42:32)
    at next (/Users/hutianyi/Desktop/saas_server/node_modules/koa-compose/index.js:43:18)
    at views (/Users/hutianyi/Desktop/saas_server/node_modules/koa-views/lib/index.js:61:12)
    at dispatch (/Users/hutianyi/Desktop/saas_server/node_modules/koa-compose/index.js:42:32)
    at next (/Users/hutianyi/Desktop/saas_server/node_modules/koa-compose/index.js:43:18)
    at serve (/Users/hutianyi/Desktop/saas_server/node_modules/koa-static/index.js:47:14)
    at dispatch (/Users/hutianyi/Desktop/saas_server/node_modules/koa-compose/index.js:42:32)
    at next (/Users/hutianyi/Desktop/saas_server/node_modules/koa-compose/index.js:43:18)
    at logger (/Users/hutianyi/Desktop/saas_server/node_modules/koa-logger/index.js:50:12)
    at dispatch (/Users/hutianyi/Desktop/saas_server/node_modules/koa-compose/index.js:42:32)
    at next (/Users/hutianyi/Desktop/saas_server/node_modules/koa-compose/index.js:43:18)
    at filter (/Users/hutianyi/Desktop/saas_server/node_modules/koa-json/index.js:25:12)
*************** error log end ****************

