[2018-03-20T16:22:54.666] [ERROR] errorLogger - 
*************** error log start ****************
request method:GET
request originalUrl:/app/appXAKRb6caQka5JY2r/res/Tt3rhj7eYnMrddKE
request client ip:::ffff:127.0.0.1
request query:{}
response time:1
err name:TypeError
err message:res.sendFile is not a function
err stack:TypeError: res.sendFile is not a function
    at app.use (/Users/hutianyi/Desktop/saas_server/app.js:66:14)
    at dispatch (/Users/hutianyi/Desktop/saas_server/node_modules/koa-compose/index.js:42:32)
    at next (/Users/hutianyi/Desktop/saas_server/node_modules/koa-compose/index.js:43:18)
    at dispatch (/Users/hutianyi/Desktop/saas_server/node_modules/koa-router/lib/router.js:332:32)
    at dispatch (/Users/hutianyi/Desktop/saas_server/node_modules/koa-compose/index.js:42:32)
    at next (/Users/hutianyi/Desktop/saas_server/node_modules/koa-compose/index.js:43:18)
    at /Users/hutianyi/Desktop/saas_server/middlewares/response_formatter.js:27:19
    at dispatch (/Users/hutianyi/Desktop/saas_server/node_modules/koa-compose/index.js:42:32)
    at next (/Users/hutianyi/Desktop/saas_server/node_modules/koa-compose/index.js:43:18)
    at app.use (/Users/hutianyi/Desktop/saas_server/app.js:45:11)
    at dispatch (/Users/hutianyi/Desktop/saas_server/node_modules/koa-compose/index.js:42:32)
    at next (/Users/hutianyi/Desktop/saas_server/node_modules/koa-compose/index.js:43:18)
    at views (/Users/hutianyi/Desktop/saas_server/node_modules/koa-views/lib/index.js:61:12)
    at dispatch (/Users/hutianyi/Desktop/saas_server/node_modules/koa-compose/index.js:42:32)
    at next (/Users/hutianyi/Desktop/saas_server/node_modules/koa-compose/index.js:43:18)
    at send.then.done (/Users/hutianyi/Desktop/saas_server/node_modules/koa-static/index.js:43:20)
    at <anonymous>
*************** error log end ****************

[2018-03-20T16:24:16.583] [ERROR] errorLogger - 
*************** error log start ****************
request method:GET
request originalUrl:/app/appXAKRb6caQka5JY2r/res/QGk83ydhy4pJxSs3
request client ip:::ffff:127.0.0.1
request query:{}
response time:1
err name:TypeError
err message:res.sendFile is not a function
err stack:TypeError: res.sendFile is not a function
    at app.use (/Users/hutianyi/Desktop/saas_server/app.js:66:14)
    at dispatch (/Users/hutianyi/Desktop/saas_server/node_modules/koa-compose/index.js:42:32)
    at next (/Users/hutianyi/Desktop/saas_server/node_modules/koa-compose/index.js:43:18)
    at dispatch (/Users/hutianyi/Desktop/saas_server/node_modules/koa-router/lib/router.js:332:32)
    at dispatch (/Users/hutianyi/Desktop/saas_server/node_modules/koa-compose/index.js:42:32)
    at next (/Users/hutianyi/Desktop/saas_server/node_modules/koa-compose/index.js:43:18)
    at /Users/hutianyi/Desktop/saas_server/middlewares/response_formatter.js:27:19
    at dispatch (/Users/hutianyi/Desktop/saas_server/node_modules/koa-compose/index.js:42:32)
    at next (/Users/hutianyi/Desktop/saas_server/node_modules/koa-compose/index.js:43:18)
    at app.use (/Users/hutianyi/Desktop/saas_server/app.js:45:11)
    at dispatch (/Users/hutianyi/Desktop/saas_server/node_modules/koa-compose/index.js:42:32)
    at next (/Users/hutianyi/Desktop/saas_server/node_modules/koa-compose/index.js:43:18)
    at views (/Users/hutianyi/Desktop/saas_server/node_modules/koa-views/lib/index.js:61:12)
    at dispatch (/Users/hutianyi/Desktop/saas_server/node_modules/koa-compose/index.js:42:32)
    at next (/Users/hutianyi/Desktop/saas_server/node_modules/koa-compose/index.js:43:18)
    at send.then.done (/Users/hutianyi/Desktop/saas_server/node_modules/koa-static/index.js:43:20)
    at <anonymous>
*************** error log end ****************

[2018-03-20T16:24:39.433] [ERROR] errorLogger - 
*************** error log start ****************
request method:GET
request originalUrl:/app/appXAKRb6caQka5JY2r/res/QGk83ydhy4pJxSs3
request client ip:::ffff:127.0.0.1
request query:{}
response time:0
err name:TypeError
err message:res.sendFile is not a function
err stack:TypeError: res.sendFile is not a function
    at app.use (/Users/hutianyi/Desktop/saas_server/app.js:66:14)
    at dispatch (/Users/hutianyi/Desktop/saas_server/node_modules/koa-compose/index.js:42:32)
    at next (/Users/hutianyi/Desktop/saas_server/node_modules/koa-compose/index.js:43:18)
    at dispatch (/Users/hutianyi/Desktop/saas_server/node_modules/koa-router/lib/router.js:332:32)
    at dispatch (/Users/hutianyi/Desktop/saas_server/node_modules/koa-compose/index.js:42:32)
    at next (/Users/hutianyi/Desktop/saas_server/node_modules/koa-compose/index.js:43:18)
    at /Users/hutianyi/Desktop/saas_server/middlewares/response_formatter.js:27:19
    at dispatch (/Users/hutianyi/Desktop/saas_server/node_modules/koa-compose/index.js:42:32)
    at next (/Users/hutianyi/Desktop/saas_server/node_modules/koa-compose/index.js:43:18)
    at app.use (/Users/hutianyi/Desktop/saas_server/app.js:45:11)
    at dispatch (/Users/hutianyi/Desktop/saas_server/node_modules/koa-compose/index.js:42:32)
    at next (/Users/hutianyi/Desktop/saas_server/node_modules/koa-compose/index.js:43:18)
    at views (/Users/hutianyi/Desktop/saas_server/node_modules/koa-views/lib/index.js:61:12)
    at dispatch (/Users/hutianyi/Desktop/saas_server/node_modules/koa-compose/index.js:42:32)
    at next (/Users/hutianyi/Desktop/saas_server/node_modules/koa-compose/index.js:43:18)
    at send.then.done (/Users/hutianyi/Desktop/saas_server/node_modules/koa-static/index.js:43:20)
    at <anonymous>
*************** error log end ****************

[2018-03-20T16:27:12.078] [ERROR] errorLogger - 
*************** error log start ****************
request method:GET
request originalUrl:/app/appXAKRb6caQka5JY2r/res/QGk83ydhy4pJxSs3
request client ip:::ffff:127.0.0.1
request query:{}
response time:0
err name:TypeError
err message:res.sendFile is not a function
err stack:TypeError: res.sendFile is not a function
    at app.use (/Users/hutianyi/Desktop/saas_server/app.js:66:14)
    at dispatch (/Users/hutianyi/Desktop/saas_server/node_modules/koa-compose/index.js:42:32)
    at next (/Users/hutianyi/Desktop/saas_server/node_modules/koa-compose/index.js:43:18)
    at dispatch (/Users/hutianyi/Desktop/saas_server/node_modules/koa-router/lib/router.js:332:32)
    at dispatch (/Users/hutianyi/Desktop/saas_server/node_modules/koa-compose/index.js:42:32)
    at next (/Users/hutianyi/Desktop/saas_server/node_modules/koa-compose/index.js:43:18)
    at /Users/hutianyi/Desktop/saas_server/middlewares/response_formatter.js:27:19
    at dispatch (/Users/hutianyi/Desktop/saas_server/node_modules/koa-compose/index.js:42:32)
    at next (/Users/hutianyi/Desktop/saas_server/node_modules/koa-compose/index.js:43:18)
    at app.use (/Users/hutianyi/Desktop/saas_server/app.js:45:11)
    at dispatch (/Users/hutianyi/Desktop/saas_server/node_modules/koa-compose/index.js:42:32)
    at next (/Users/hutianyi/Desktop/saas_server/node_modules/koa-compose/index.js:43:18)
    at views (/Users/hutianyi/Desktop/saas_server/node_modules/koa-views/lib/index.js:61:12)
    at dispatch (/Users/hutianyi/Desktop/saas_server/node_modules/koa-compose/index.js:42:32)
    at next (/Users/hutianyi/Desktop/saas_server/node_modules/koa-compose/index.js:43:18)
    at send.then.done (/Users/hutianyi/Desktop/saas_server/node_modules/koa-static/index.js:43:20)
    at <anonymous>
*************** error log end ****************

[2018-03-20T16:28:04.343] [ERROR] errorLogger - 
*************** error log start ****************
request method:GET
request originalUrl:/app/res/%3Canonymous%3E
request client ip:::ffff:127.0.0.1
request query:{}
response time:0
err name:TypeError
err message:res.sendFile is not a function
err stack:TypeError: res.sendFile is not a function
    at app.use (/Users/hutianyi/Desktop/saas_server/app.js:66:14)
    at dispatch (/Users/hutianyi/Desktop/saas_server/node_modules/koa-compose/index.js:42:32)
    at next (/Users/hutianyi/Desktop/saas_server/node_modules/koa-compose/index.js:43:18)
    at dispatch (/Users/hutianyi/Desktop/saas_server/node_modules/koa-router/lib/router.js:332:32)
    at dispatch (/Users/hutianyi/Desktop/saas_server/node_modules/koa-compose/index.js:42:32)
    at next (/Users/hutianyi/Desktop/saas_server/node_modules/koa-compose/index.js:43:18)
    at /Users/hutianyi/Desktop/saas_server/middlewares/response_formatter.js:27:19
    at dispatch (/Users/hutianyi/Desktop/saas_server/node_modules/koa-compose/index.js:42:32)
    at next (/Users/hutianyi/Desktop/saas_server/node_modules/koa-compose/index.js:43:18)
    at app.use (/Users/hutianyi/Desktop/saas_server/app.js:45:11)
    at dispatch (/Users/hutianyi/Desktop/saas_server/node_modules/koa-compose/index.js:42:32)
    at next (/Users/hutianyi/Desktop/saas_server/node_modules/koa-compose/index.js:43:18)
    at views (/Users/hutianyi/Desktop/saas_server/node_modules/koa-views/lib/index.js:61:12)
    at dispatch (/Users/hutianyi/Desktop/saas_server/node_modules/koa-compose/index.js:42:32)
    at next (/Users/hutianyi/Desktop/saas_server/node_modules/koa-compose/index.js:43:18)
    at send.then.done (/Users/hutianyi/Desktop/saas_server/node_modules/koa-static/index.js:43:20)
    at <anonymous>
*************** error log end ****************

[2018-03-20T16:28:04.391] [ERROR] errorLogger - 
*************** error log start ****************
request method:GET
request originalUrl:/app/res/%3Canonymous%3E
request client ip:::ffff:127.0.0.1
request query:{}
response time:0
err name:TypeError
err message:res.sendFile is not a function
err stack:TypeError: res.sendFile is not a function
    at app.use (/Users/hutianyi/Desktop/saas_server/app.js:66:14)
    at dispatch (/Users/hutianyi/Desktop/saas_server/node_modules/koa-compose/index.js:42:32)
    at next (/Users/hutianyi/Desktop/saas_server/node_modules/koa-compose/index.js:43:18)
    at dispatch (/Users/hutianyi/Desktop/saas_server/node_modules/koa-router/lib/router.js:332:32)
    at dispatch (/Users/hutianyi/Desktop/saas_server/node_modules/koa-compose/index.js:42:32)
    at next (/Users/hutianyi/Desktop/saas_server/node_modules/koa-compose/index.js:43:18)
    at /Users/hutianyi/Desktop/saas_server/middlewares/response_formatter.js:27:19
    at dispatch (/Users/hutianyi/Desktop/saas_server/node_modules/koa-compose/index.js:42:32)
    at next (/Users/hutianyi/Desktop/saas_server/node_modules/koa-compose/index.js:43:18)
    at app.use (/Users/hutianyi/Desktop/saas_server/app.js:45:11)
    at dispatch (/Users/hutianyi/Desktop/saas_server/node_modules/koa-compose/index.js:42:32)
    at next (/Users/hutianyi/Desktop/saas_server/node_modules/koa-compose/index.js:43:18)
    at views (/Users/hutianyi/Desktop/saas_server/node_modules/koa-views/lib/index.js:61:12)
    at dispatch (/Users/hutianyi/Desktop/saas_server/node_modules/koa-compose/index.js:42:32)
    at next (/Users/hutianyi/Desktop/saas_server/node_modules/koa-compose/index.js:43:18)
    at send.then.done (/Users/hutianyi/Desktop/saas_server/node_modules/koa-static/index.js:43:20)
    at <anonymous>
*************** error log end ****************

[2018-03-20T16:28:27.443] [ERROR] errorLogger - 
*************** error log start ****************
request method:GET
request originalUrl:/app/res/%3Canonymous%3E
request client ip:::ffff:127.0.0.1
request query:{}
response time:0
err name:TypeError
err message:res.sendFile is not a function
err stack:TypeError: res.sendFile is not a function
    at app.use (/Users/hutianyi/Desktop/saas_server/app.js:66:14)
    at dispatch (/Users/hutianyi/Desktop/saas_server/node_modules/koa-compose/index.js:42:32)
    at next (/Users/hutianyi/Desktop/saas_server/node_modules/koa-compose/index.js:43:18)
    at dispatch (/Users/hutianyi/Desktop/saas_server/node_modules/koa-router/lib/router.js:332:32)
    at dispatch (/Users/hutianyi/Desktop/saas_server/node_modules/koa-compose/index.js:42:32)
    at next (/Users/hutianyi/Desktop/saas_server/node_modules/koa-compose/index.js:43:18)
    at /Users/hutianyi/Desktop/saas_server/middlewares/response_formatter.js:27:19
    at dispatch (/Users/hutianyi/Desktop/saas_server/node_modules/koa-compose/index.js:42:32)
    at next (/Users/hutianyi/Desktop/saas_server/node_modules/koa-compose/index.js:43:18)
    at app.use (/Users/hutianyi/Desktop/saas_server/app.js:45:11)
    at dispatch (/Users/hutianyi/Desktop/saas_server/node_modules/koa-compose/index.js:42:32)
    at next (/Users/hutianyi/Desktop/saas_server/node_modules/koa-compose/index.js:43:18)
    at views (/Users/hutianyi/Desktop/saas_server/node_modules/koa-views/lib/index.js:61:12)
    at dispatch (/Users/hutianyi/Desktop/saas_server/node_modules/koa-compose/index.js:42:32)
    at next (/Users/hutianyi/Desktop/saas_server/node_modules/koa-compose/index.js:43:18)
    at send.then.done (/Users/hutianyi/Desktop/saas_server/node_modules/koa-static/index.js:43:20)
    at <anonymous>
*************** error log end ****************

[2018-03-20T16:28:27.522] [ERROR] errorLogger - 
*************** error log start ****************
request method:GET
request originalUrl:/app/res/%3Canonymous%3E
request client ip:::ffff:127.0.0.1
request query:{}
response time:1
err name:TypeError
err message:res.sendFile is not a function
err stack:TypeError: res.sendFile is not a function
    at app.use (/Users/hutianyi/Desktop/saas_server/app.js:66:14)
    at dispatch (/Users/hutianyi/Desktop/saas_server/node_modules/koa-compose/index.js:42:32)
    at next (/Users/hutianyi/Desktop/saas_server/node_modules/koa-compose/index.js:43:18)
    at dispatch (/Users/hutianyi/Desktop/saas_server/node_modules/koa-router/lib/router.js:332:32)
    at dispatch (/Users/hutianyi/Desktop/saas_server/node_modules/koa-compose/index.js:42:32)
    at next (/Users/hutianyi/Desktop/saas_server/node_modules/koa-compose/index.js:43:18)
    at /Users/hutianyi/Desktop/saas_server/middlewares/response_formatter.js:27:19
    at dispatch (/Users/hutianyi/Desktop/saas_server/node_modules/koa-compose/index.js:42:32)
    at next (/Users/hutianyi/Desktop/saas_server/node_modules/koa-compose/index.js:43:18)
    at app.use (/Users/hutianyi/Desktop/saas_server/app.js:45:11)
    at dispatch (/Users/hutianyi/Desktop/saas_server/node_modules/koa-compose/index.js:42:32)
    at next (/Users/hutianyi/Desktop/saas_server/node_modules/koa-compose/index.js:43:18)
    at views (/Users/hutianyi/Desktop/saas_server/node_modules/koa-views/lib/index.js:61:12)
    at dispatch (/Users/hutianyi/Desktop/saas_server/node_modules/koa-compose/index.js:42:32)
    at next (/Users/hutianyi/Desktop/saas_server/node_modules/koa-compose/index.js:43:18)
    at send.then.done (/Users/hutianyi/Desktop/saas_server/node_modules/koa-static/index.js:43:20)
    at <anonymous>
*************** error log end ****************

[2018-03-20T16:29:45.524] [ERROR] errorLogger - 
*************** error log start ****************
request method:GET
request originalUrl:/app/res/%3Canonymous%3E
request client ip:::ffff:127.0.0.1
request query:{}
response time:0
err name:TypeError
err message:res.sendFile is not a function
err stack:TypeError: res.sendFile is not a function
    at app.use (/Users/hutianyi/Desktop/saas_server/app.js:66:14)
    at dispatch (/Users/hutianyi/Desktop/saas_server/node_modules/koa-compose/index.js:42:32)
    at next (/Users/hutianyi/Desktop/saas_server/node_modules/koa-compose/index.js:43:18)
    at dispatch (/Users/hutianyi/Desktop/saas_server/node_modules/koa-router/lib/router.js:332:32)
    at dispatch (/Users/hutianyi/Desktop/saas_server/node_modules/koa-compose/index.js:42:32)
    at next (/Users/hutianyi/Desktop/saas_server/node_modules/koa-compose/index.js:43:18)
    at /Users/hutianyi/Desktop/saas_server/middlewares/response_formatter.js:27:19
    at dispatch (/Users/hutianyi/Desktop/saas_server/node_modules/koa-compose/index.js:42:32)
    at next (/Users/hutianyi/Desktop/saas_server/node_modules/koa-compose/index.js:43:18)
    at app.use (/Users/hutianyi/Desktop/saas_server/app.js:45:11)
    at dispatch (/Users/hutianyi/Desktop/saas_server/node_modules/koa-compose/index.js:42:32)
    at next (/Users/hutianyi/Desktop/saas_server/node_modules/koa-compose/index.js:43:18)
    at views (/Users/hutianyi/Desktop/saas_server/node_modules/koa-views/lib/index.js:61:12)
    at dispatch (/Users/hutianyi/Desktop/saas_server/node_modules/koa-compose/index.js:42:32)
    at next (/Users/hutianyi/Desktop/saas_server/node_modules/koa-compose/index.js:43:18)
    at send.then.done (/Users/hutianyi/Desktop/saas_server/node_modules/koa-static/index.js:43:20)
    at <anonymous>
*************** error log end ****************

[2018-03-20T16:29:47.522] [ERROR] errorLogger - 
*************** error log start ****************
request method:GET
request originalUrl:/app/res/%3Canonymous%3E
request client ip:::ffff:127.0.0.1
request query:{}
response time:0
err name:TypeError
err message:res.sendFile is not a function
err stack:TypeError: res.sendFile is not a function
    at app.use (/Users/hutianyi/Desktop/saas_server/app.js:66:14)
    at dispatch (/Users/hutianyi/Desktop/saas_server/node_modules/koa-compose/index.js:42:32)
    at next (/Users/hutianyi/Desktop/saas_server/node_modules/koa-compose/index.js:43:18)
    at dispatch (/Users/hutianyi/Desktop/saas_server/node_modules/koa-router/lib/router.js:332:32)
    at dispatch (/Users/hutianyi/Desktop/saas_server/node_modules/koa-compose/index.js:42:32)
    at next (/Users/hutianyi/Desktop/saas_server/node_modules/koa-compose/index.js:43:18)
    at /Users/hutianyi/Desktop/saas_server/middlewares/response_formatter.js:27:19
    at dispatch (/Users/hutianyi/Desktop/saas_server/node_modules/koa-compose/index.js:42:32)
    at next (/Users/hutianyi/Desktop/saas_server/node_modules/koa-compose/index.js:43:18)
    at app.use (/Users/hutianyi/Desktop/saas_server/app.js:45:11)
    at dispatch (/Users/hutianyi/Desktop/saas_server/node_modules/koa-compose/index.js:42:32)
    at next (/Users/hutianyi/Desktop/saas_server/node_modules/koa-compose/index.js:43:18)
    at views (/Users/hutianyi/Desktop/saas_server/node_modules/koa-views/lib/index.js:61:12)
    at dispatch (/Users/hutianyi/Desktop/saas_server/node_modules/koa-compose/index.js:42:32)
    at next (/Users/hutianyi/Desktop/saas_server/node_modules/koa-compose/index.js:43:18)
    at send.then.done (/Users/hutianyi/Desktop/saas_server/node_modules/koa-static/index.js:43:20)
    at <anonymous>
*************** error log end ****************

[2018-03-20T16:29:50.728] [ERROR] errorLogger - 
*************** error log start ****************
request method:GET
request originalUrl:/app/res/%3Canonymous%3E
request client ip:::ffff:127.0.0.1
request query:{}
response time:0
err name:TypeError
err message:res.sendFile is not a function
err stack:TypeError: res.sendFile is not a function
    at app.use (/Users/hutianyi/Desktop/saas_server/app.js:66:14)
    at dispatch (/Users/hutianyi/Desktop/saas_server/node_modules/koa-compose/index.js:42:32)
    at next (/Users/hutianyi/Desktop/saas_server/node_modules/koa-compose/index.js:43:18)
    at dispatch (/Users/hutianyi/Desktop/saas_server/node_modules/koa-router/lib/router.js:332:32)
    at dispatch (/Users/hutianyi/Desktop/saas_server/node_modules/koa-compose/index.js:42:32)
    at next (/Users/hutianyi/Desktop/saas_server/node_modules/koa-compose/index.js:43:18)
    at /Users/hutianyi/Desktop/saas_server/middlewares/response_formatter.js:27:19
    at dispatch (/Users/hutianyi/Desktop/saas_server/node_modules/koa-compose/index.js:42:32)
    at next (/Users/hutianyi/Desktop/saas_server/node_modules/koa-compose/index.js:43:18)
    at app.use (/Users/hutianyi/Desktop/saas_server/app.js:45:11)
    at dispatch (/Users/hutianyi/Desktop/saas_server/node_modules/koa-compose/index.js:42:32)
    at next (/Users/hutianyi/Desktop/saas_server/node_modules/koa-compose/index.js:43:18)
    at views (/Users/hutianyi/Desktop/saas_server/node_modules/koa-views/lib/index.js:61:12)
    at dispatch (/Users/hutianyi/Desktop/saas_server/node_modules/koa-compose/index.js:42:32)
    at next (/Users/hutianyi/Desktop/saas_server/node_modules/koa-compose/index.js:43:18)
    at send.then.done (/Users/hutianyi/Desktop/saas_server/node_modules/koa-static/index.js:43:20)
    at <anonymous>
*************** error log end ****************

[2018-03-20T16:29:50.800] [ERROR] errorLogger - 
*************** error log start ****************
request method:GET
request originalUrl:/app/res/%3Canonymous%3E
request client ip:::ffff:127.0.0.1
request query:{}
response time:0
err name:TypeError
err message:res.sendFile is not a function
err stack:TypeError: res.sendFile is not a function
    at app.use (/Users/hutianyi/Desktop/saas_server/app.js:66:14)
    at dispatch (/Users/hutianyi/Desktop/saas_server/node_modules/koa-compose/index.js:42:32)
    at next (/Users/hutianyi/Desktop/saas_server/node_modules/koa-compose/index.js:43:18)
    at dispatch (/Users/hutianyi/Desktop/saas_server/node_modules/koa-router/lib/router.js:332:32)
    at dispatch (/Users/hutianyi/Desktop/saas_server/node_modules/koa-compose/index.js:42:32)
    at next (/Users/hutianyi/Desktop/saas_server/node_modules/koa-compose/index.js:43:18)
    at /Users/hutianyi/Desktop/saas_server/middlewares/response_formatter.js:27:19
    at dispatch (/Users/hutianyi/Desktop/saas_server/node_modules/koa-compose/index.js:42:32)
    at next (/Users/hutianyi/Desktop/saas_server/node_modules/koa-compose/index.js:43:18)
    at app.use (/Users/hutianyi/Desktop/saas_server/app.js:45:11)
    at dispatch (/Users/hutianyi/Desktop/saas_server/node_modules/koa-compose/index.js:42:32)
    at next (/Users/hutianyi/Desktop/saas_server/node_modules/koa-compose/index.js:43:18)
    at views (/Users/hutianyi/Desktop/saas_server/node_modules/koa-views/lib/index.js:61:12)
    at dispatch (/Users/hutianyi/Desktop/saas_server/node_modules/koa-compose/index.js:42:32)
    at next (/Users/hutianyi/Desktop/saas_server/node_modules/koa-compose/index.js:43:18)
    at send.then.done (/Users/hutianyi/Desktop/saas_server/node_modules/koa-static/index.js:43:20)
    at <anonymous>
*************** error log end ****************

[2018-03-20T16:30:52.881] [ERROR] errorLogger - 
*************** error log start ****************
request method:GET
request originalUrl:/robots.txt
request client ip:::ffff:127.0.0.1
request query:{}
response time:0
err name:TypeError
err message:res.sendFile is not a function
err stack:TypeError: res.sendFile is not a function
    at app.use (/Users/hutianyi/Desktop/saas_server/app.js:66:14)
    at dispatch (/Users/hutianyi/Desktop/saas_server/node_modules/koa-compose/index.js:42:32)
    at next (/Users/hutianyi/Desktop/saas_server/node_modules/koa-compose/index.js:43:18)
    at dispatch (/Users/hutianyi/Desktop/saas_server/node_modules/koa-router/lib/router.js:332:32)
    at dispatch (/Users/hutianyi/Desktop/saas_server/node_modules/koa-compose/index.js:42:32)
    at next (/Users/hutianyi/Desktop/saas_server/node_modules/koa-compose/index.js:43:18)
    at /Users/hutianyi/Desktop/saas_server/middlewares/response_formatter.js:27:19
    at dispatch (/Users/hutianyi/Desktop/saas_server/node_modules/koa-compose/index.js:42:32)
    at next (/Users/hutianyi/Desktop/saas_server/node_modules/koa-compose/index.js:43:18)
    at app.use (/Users/hutianyi/Desktop/saas_server/app.js:45:11)
    at dispatch (/Users/hutianyi/Desktop/saas_server/node_modules/koa-compose/index.js:42:32)
    at next (/Users/hutianyi/Desktop/saas_server/node_modules/koa-compose/index.js:43:18)
    at views (/Users/hutianyi/Desktop/saas_server/node_modules/koa-views/lib/index.js:61:12)
    at dispatch (/Users/hutianyi/Desktop/saas_server/node_modules/koa-compose/index.js:42:32)
    at next (/Users/hutianyi/Desktop/saas_server/node_modules/koa-compose/index.js:43:18)
    at send.then.done (/Users/hutianyi/Desktop/saas_server/node_modules/koa-static/index.js:43:20)
    at <anonymous>
*************** error log end ****************

[2018-03-20T16:30:54.799] [ERROR] errorLogger - 
*************** error log start ****************
request method:GET
request originalUrl:/app/res/%3Canonymous%3E
request client ip:::ffff:127.0.0.1
request query:{}
response time:0
err name:TypeError
err message:res.sendFile is not a function
err stack:TypeError: res.sendFile is not a function
    at app.use (/Users/hutianyi/Desktop/saas_server/app.js:66:14)
    at dispatch (/Users/hutianyi/Desktop/saas_server/node_modules/koa-compose/index.js:42:32)
    at next (/Users/hutianyi/Desktop/saas_server/node_modules/koa-compose/index.js:43:18)
    at dispatch (/Users/hutianyi/Desktop/saas_server/node_modules/koa-router/lib/router.js:332:32)
    at dispatch (/Users/hutianyi/Desktop/saas_server/node_modules/koa-compose/index.js:42:32)
    at next (/Users/hutianyi/Desktop/saas_server/node_modules/koa-compose/index.js:43:18)
    at /Users/hutianyi/Desktop/saas_server/middlewares/response_formatter.js:27:19
    at dispatch (/Users/hutianyi/Desktop/saas_server/node_modules/koa-compose/index.js:42:32)
    at next (/Users/hutianyi/Desktop/saas_server/node_modules/koa-compose/index.js:43:18)
    at app.use (/Users/hutianyi/Desktop/saas_server/app.js:45:11)
    at dispatch (/Users/hutianyi/Desktop/saas_server/node_modules/koa-compose/index.js:42:32)
    at next (/Users/hutianyi/Desktop/saas_server/node_modules/koa-compose/index.js:43:18)
    at views (/Users/hutianyi/Desktop/saas_server/node_modules/koa-views/lib/index.js:61:12)
    at dispatch (/Users/hutianyi/Desktop/saas_server/node_modules/koa-compose/index.js:42:32)
    at next (/Users/hutianyi/Desktop/saas_server/node_modules/koa-compose/index.js:43:18)
    at send.then.done (/Users/hutianyi/Desktop/saas_server/node_modules/koa-static/index.js:43:20)
    at <anonymous>
*************** error log end ****************

[2018-03-20T16:30:54.873] [ERROR] errorLogger - 
*************** error log start ****************
request method:GET
request originalUrl:/app/res/%3Canonymous%3E
request client ip:::ffff:127.0.0.1
request query:{}
response time:0
err name:TypeError
err message:res.sendFile is not a function
err stack:TypeError: res.sendFile is not a function
    at app.use (/Users/hutianyi/Desktop/saas_server/app.js:66:14)
    at dispatch (/Users/hutianyi/Desktop/saas_server/node_modules/koa-compose/index.js:42:32)
    at next (/Users/hutianyi/Desktop/saas_server/node_modules/koa-compose/index.js:43:18)
    at dispatch (/Users/hutianyi/Desktop/saas_server/node_modules/koa-router/lib/router.js:332:32)
    at dispatch (/Users/hutianyi/Desktop/saas_server/node_modules/koa-compose/index.js:42:32)
    at next (/Users/hutianyi/Desktop/saas_server/node_modules/koa-compose/index.js:43:18)
    at /Users/hutianyi/Desktop/saas_server/middlewares/response_formatter.js:27:19
    at dispatch (/Users/hutianyi/Desktop/saas_server/node_modules/koa-compose/index.js:42:32)
    at next (/Users/hutianyi/Desktop/saas_server/node_modules/koa-compose/index.js:43:18)
    at app.use (/Users/hutianyi/Desktop/saas_server/app.js:45:11)
    at dispatch (/Users/hutianyi/Desktop/saas_server/node_modules/koa-compose/index.js:42:32)
    at next (/Users/hutianyi/Desktop/saas_server/node_modules/koa-compose/index.js:43:18)
    at views (/Users/hutianyi/Desktop/saas_server/node_modules/koa-views/lib/index.js:61:12)
    at dispatch (/Users/hutianyi/Desktop/saas_server/node_modules/koa-compose/index.js:42:32)
    at next (/Users/hutianyi/Desktop/saas_server/node_modules/koa-compose/index.js:43:18)
    at send.then.done (/Users/hutianyi/Desktop/saas_server/node_modules/koa-static/index.js:43:20)
    at <anonymous>
*************** error log end ****************

[2018-03-20T16:31:29.230] [ERROR] errorLogger - 
*************** error log start ****************
request method:GET
request originalUrl:/app/res/%3Canonymous%3E
request client ip:::ffff:127.0.0.1
request query:{}
response time:0
err name:TypeError
err message:res.sendFile is not a function
err stack:TypeError: res.sendFile is not a function
    at app.use (/Users/hutianyi/Desktop/saas_server/app.js:66:14)
    at dispatch (/Users/hutianyi/Desktop/saas_server/node_modules/koa-compose/index.js:42:32)
    at next (/Users/hutianyi/Desktop/saas_server/node_modules/koa-compose/index.js:43:18)
    at dispatch (/Users/hutianyi/Desktop/saas_server/node_modules/koa-router/lib/router.js:332:32)
    at dispatch (/Users/hutianyi/Desktop/saas_server/node_modules/koa-compose/index.js:42:32)
    at next (/Users/hutianyi/Desktop/saas_server/node_modules/koa-compose/index.js:43:18)
    at /Users/hutianyi/Desktop/saas_server/middlewares/response_formatter.js:27:19
    at dispatch (/Users/hutianyi/Desktop/saas_server/node_modules/koa-compose/index.js:42:32)
    at next (/Users/hutianyi/Desktop/saas_server/node_modules/koa-compose/index.js:43:18)
    at app.use (/Users/hutianyi/Desktop/saas_server/app.js:45:11)
    at dispatch (/Users/hutianyi/Desktop/saas_server/node_modules/koa-compose/index.js:42:32)
    at next (/Users/hutianyi/Desktop/saas_server/node_modules/koa-compose/index.js:43:18)
    at views (/Users/hutianyi/Desktop/saas_server/node_modules/koa-views/lib/index.js:61:12)
    at dispatch (/Users/hutianyi/Desktop/saas_server/node_modules/koa-compose/index.js:42:32)
    at next (/Users/hutianyi/Desktop/saas_server/node_modules/koa-compose/index.js:43:18)
    at send.then.done (/Users/hutianyi/Desktop/saas_server/node_modules/koa-static/index.js:43:20)
    at <anonymous>
*************** error log end ****************

[2018-03-20T16:31:29.311] [ERROR] errorLogger - 
*************** error log start ****************
request method:GET
request originalUrl:/app/res/%3Canonymous%3E
request client ip:::ffff:127.0.0.1
request query:{}
response time:0
err name:TypeError
err message:res.sendFile is not a function
err stack:TypeError: res.sendFile is not a function
    at app.use (/Users/hutianyi/Desktop/saas_server/app.js:66:14)
    at dispatch (/Users/hutianyi/Desktop/saas_server/node_modules/koa-compose/index.js:42:32)
    at next (/Users/hutianyi/Desktop/saas_server/node_modules/koa-compose/index.js:43:18)
    at dispatch (/Users/hutianyi/Desktop/saas_server/node_modules/koa-router/lib/router.js:332:32)
    at dispatch (/Users/hutianyi/Desktop/saas_server/node_modules/koa-compose/index.js:42:32)
    at next (/Users/hutianyi/Desktop/saas_server/node_modules/koa-compose/index.js:43:18)
    at /Users/hutianyi/Desktop/saas_server/middlewares/response_formatter.js:27:19
    at dispatch (/Users/hutianyi/Desktop/saas_server/node_modules/koa-compose/index.js:42:32)
    at next (/Users/hutianyi/Desktop/saas_server/node_modules/koa-compose/index.js:43:18)
    at app.use (/Users/hutianyi/Desktop/saas_server/app.js:45:11)
    at dispatch (/Users/hutianyi/Desktop/saas_server/node_modules/koa-compose/index.js:42:32)
    at next (/Users/hutianyi/Desktop/saas_server/node_modules/koa-compose/index.js:43:18)
    at views (/Users/hutianyi/Desktop/saas_server/node_modules/koa-views/lib/index.js:61:12)
    at dispatch (/Users/hutianyi/Desktop/saas_server/node_modules/koa-compose/index.js:42:32)
    at next (/Users/hutianyi/Desktop/saas_server/node_modules/koa-compose/index.js:43:18)
    at send.then.done (/Users/hutianyi/Desktop/saas_server/node_modules/koa-static/index.js:43:20)
    at <anonymous>
*************** error log end ****************

[2018-03-20T16:32:34.105] [ERROR] errorLogger - 
*************** error log start ****************
request method:GET
request originalUrl:/app/res/%3Canonymous%3E
request client ip:::ffff:127.0.0.1
request query:{}
response time:1
err name:TypeError
err message:res.sendFile is not a function
err stack:TypeError: res.sendFile is not a function
    at app.use (/Users/hutianyi/Desktop/saas_server/app.js:66:14)
    at dispatch (/Users/hutianyi/Desktop/saas_server/node_modules/koa-compose/index.js:42:32)
    at next (/Users/hutianyi/Desktop/saas_server/node_modules/koa-compose/index.js:43:18)
    at dispatch (/Users/hutianyi/Desktop/saas_server/node_modules/koa-router/lib/router.js:332:32)
    at dispatch (/Users/hutianyi/Desktop/saas_server/node_modules/koa-compose/index.js:42:32)
    at next (/Users/hutianyi/Desktop/saas_server/node_modules/koa-compose/index.js:43:18)
    at /Users/hutianyi/Desktop/saas_server/middlewares/response_formatter.js:27:19
    at dispatch (/Users/hutianyi/Desktop/saas_server/node_modules/koa-compose/index.js:42:32)
    at next (/Users/hutianyi/Desktop/saas_server/node_modules/koa-compose/index.js:43:18)
    at app.use (/Users/hutianyi/Desktop/saas_server/app.js:45:11)
    at dispatch (/Users/hutianyi/Desktop/saas_server/node_modules/koa-compose/index.js:42:32)
    at next (/Users/hutianyi/Desktop/saas_server/node_modules/koa-compose/index.js:43:18)
    at views (/Users/hutianyi/Desktop/saas_server/node_modules/koa-views/lib/index.js:61:12)
    at dispatch (/Users/hutianyi/Desktop/saas_server/node_modules/koa-compose/index.js:42:32)
    at next (/Users/hutianyi/Desktop/saas_server/node_modules/koa-compose/index.js:43:18)
    at send.then.done (/Users/hutianyi/Desktop/saas_server/node_modules/koa-static/index.js:43:20)
    at <anonymous>
*************** error log end ****************

[2018-03-20T16:32:34.381] [ERROR] errorLogger - 
*************** error log start ****************
request method:GET
request originalUrl:/app/res/%3Canonymous%3E
request client ip:::ffff:127.0.0.1
request query:{}
response time:0
err name:TypeError
err message:res.sendFile is not a function
err stack:TypeError: res.sendFile is not a function
    at app.use (/Users/hutianyi/Desktop/saas_server/app.js:66:14)
    at dispatch (/Users/hutianyi/Desktop/saas_server/node_modules/koa-compose/index.js:42:32)
    at next (/Users/hutianyi/Desktop/saas_server/node_modules/koa-compose/index.js:43:18)
    at dispatch (/Users/hutianyi/Desktop/saas_server/node_modules/koa-router/lib/router.js:332:32)
    at dispatch (/Users/hutianyi/Desktop/saas_server/node_modules/koa-compose/index.js:42:32)
    at next (/Users/hutianyi/Desktop/saas_server/node_modules/koa-compose/index.js:43:18)
    at /Users/hutianyi/Desktop/saas_server/middlewares/response_formatter.js:27:19
    at dispatch (/Users/hutianyi/Desktop/saas_server/node_modules/koa-compose/index.js:42:32)
    at next (/Users/hutianyi/Desktop/saas_server/node_modules/koa-compose/index.js:43:18)
    at app.use (/Users/hutianyi/Desktop/saas_server/app.js:45:11)
    at dispatch (/Users/hutianyi/Desktop/saas_server/node_modules/koa-compose/index.js:42:32)
    at next (/Users/hutianyi/Desktop/saas_server/node_modules/koa-compose/index.js:43:18)
    at views (/Users/hutianyi/Desktop/saas_server/node_modules/koa-views/lib/index.js:61:12)
    at dispatch (/Users/hutianyi/Desktop/saas_server/node_modules/koa-compose/index.js:42:32)
    at next (/Users/hutianyi/Desktop/saas_server/node_modules/koa-compose/index.js:43:18)
    at send.then.done (/Users/hutianyi/Desktop/saas_server/node_modules/koa-static/index.js:43:20)
    at <anonymous>
*************** error log end ****************

[2018-03-20T16:33:24.325] [ERROR] errorLogger - 
*************** error log start ****************
request method:GET
request originalUrl:/app/appXAKRb6caQka5JY2r/res/QGk83ydhy4pJxSs3
request client ip:::ffff:127.0.0.1
request query:{}
response time:0
err name:TypeError
err message:res.sendFile is not a function
err stack:TypeError: res.sendFile is not a function
    at app.use (/Users/hutianyi/Desktop/saas_server/app.js:66:14)
    at dispatch (/Users/hutianyi/Desktop/saas_server/node_modules/koa-compose/index.js:42:32)
    at next (/Users/hutianyi/Desktop/saas_server/node_modules/koa-compose/index.js:43:18)
    at dispatch (/Users/hutianyi/Desktop/saas_server/node_modules/koa-router/lib/router.js:332:32)
    at dispatch (/Users/hutianyi/Desktop/saas_server/node_modules/koa-compose/index.js:42:32)
    at next (/Users/hutianyi/Desktop/saas_server/node_modules/koa-compose/index.js:43:18)
    at /Users/hutianyi/Desktop/saas_server/middlewares/response_formatter.js:27:19
    at dispatch (/Users/hutianyi/Desktop/saas_server/node_modules/koa-compose/index.js:42:32)
    at next (/Users/hutianyi/Desktop/saas_server/node_modules/koa-compose/index.js:43:18)
    at app.use (/Users/hutianyi/Desktop/saas_server/app.js:45:11)
    at dispatch (/Users/hutianyi/Desktop/saas_server/node_modules/koa-compose/index.js:42:32)
    at next (/Users/hutianyi/Desktop/saas_server/node_modules/koa-compose/index.js:43:18)
    at views (/Users/hutianyi/Desktop/saas_server/node_modules/koa-views/lib/index.js:61:12)
    at dispatch (/Users/hutianyi/Desktop/saas_server/node_modules/koa-compose/index.js:42:32)
    at next (/Users/hutianyi/Desktop/saas_server/node_modules/koa-compose/index.js:43:18)
    at send.then.done (/Users/hutianyi/Desktop/saas_server/node_modules/koa-static/index.js:43:20)
    at <anonymous>
*************** error log end ****************

