[2018-03-19T21:15:53.718] [ERROR] errorLogger - 
*************** error log start ****************
request method:GET
request originalUrl:/client/getResList
request client ip:::ffff:127.0.0.1
request query:{}
response time:4
err name:ReferenceError
err message:Res is not defined
err stack:ReferenceError: Res is not defined
    at exports.getResList (/Users/hutianyi/Desktop/saas_server/app/controllers/client_controller.js:14:16)
    at dispatch (/Users/hutianyi/Desktop/saas_server/node_modules/koa-router/node_modules/koa-compose/index.js:44:32)
    at next (/Users/hutianyi/Desktop/saas_server/node_modules/koa-router/node_modules/koa-compose/index.js:45:18)
    at /Users/hutianyi/Desktop/saas_server/node_modules/koa-router/lib/router.js:345:16
    at dispatch (/Users/hutianyi/Desktop/saas_server/node_modules/koa-router/node_modules/koa-compose/index.js:44:32)
    at /Users/hutianyi/Desktop/saas_server/node_modules/koa-router/node_modules/koa-compose/index.js:36:12
    at dispatch (/Users/hutianyi/Desktop/saas_server/node_modules/koa-router/lib/router.js:350:31)
    at dispatch (/Users/hutianyi/Desktop/saas_server/node_modules/koa-compose/index.js:42:32)
    at next (/Users/hutianyi/Desktop/saas_server/node_modules/koa-compose/index.js:43:18)
    at /Users/hutianyi/Desktop/saas_server/middlewares/response_formatter.js:27:19
    at dispatch (/Users/hutianyi/Desktop/saas_server/node_modules/koa-compose/index.js:42:32)
    at next (/Users/hutianyi/Desktop/saas_server/node_modules/koa-compose/index.js:43:18)
    at app.use (/Users/hutianyi/Desktop/saas_server/app.js:45:11)
    at dispatch (/Users/hutianyi/Desktop/saas_server/node_modules/koa-compose/index.js:42:32)
    at next (/Users/hutianyi/Desktop/saas_server/node_modules/koa-compose/index.js:43:18)
    at views (/Users/hutianyi/Desktop/saas_server/node_modules/koa-views/lib/index.js:61:12)
    at dispatch (/Users/hutianyi/Desktop/saas_server/node_modules/koa-compose/index.js:42:32)
    at next (/Users/hutianyi/Desktop/saas_server/node_modules/koa-compose/index.js:43:18)
    at send.then.done (/Users/hutianyi/Desktop/saas_server/node_modules/koa-static/index.js:43:20)
    at <anonymous>
*************** error log end ****************

[2018-03-19T21:29:33.035] [ERROR] errorLogger - 
*************** error log start ****************
request method:GET
request originalUrl:/robots.txt
request client ip:::ffff:127.0.0.1
request query:{}
response time:8
err name:TypeError
err message:res.sendFile is not a function
err stack:TypeError: res.sendFile is not a function
    at app.use (/Users/hutianyi/Desktop/saas_server/app.js:66:14)
    at dispatch (/Users/hutianyi/Desktop/saas_server/node_modules/koa-compose/index.js:42:32)
    at next (/Users/hutianyi/Desktop/saas_server/node_modules/koa-compose/index.js:43:18)
    at dispatch (/Users/hutianyi/Desktop/saas_server/node_modules/koa-router/lib/router.js:332:32)
    at dispatch (/Users/hutianyi/Desktop/saas_server/node_modules/koa-compose/index.js:42:32)
    at next (/Users/hutianyi/Desktop/saas_server/node_modules/koa-compose/index.js:43:18)
    at /Users/hutianyi/Desktop/saas_server/middlewares/response_formatter.js:27:19
    at dispatch (/Users/hutianyi/Desktop/saas_server/node_modules/koa-compose/index.js:42:32)
    at next (/Users/hutianyi/Desktop/saas_server/node_modules/koa-compose/index.js:43:18)
    at app.use (/Users/hutianyi/Desktop/saas_server/app.js:45:11)
    at dispatch (/Users/hutianyi/Desktop/saas_server/node_modules/koa-compose/index.js:42:32)
    at next (/Users/hutianyi/Desktop/saas_server/node_modules/koa-compose/index.js:43:18)
    at views (/Users/hutianyi/Desktop/saas_server/node_modules/koa-views/lib/index.js:61:12)
    at dispatch (/Users/hutianyi/Desktop/saas_server/node_modules/koa-compose/index.js:42:32)
    at next (/Users/hutianyi/Desktop/saas_server/node_modules/koa-compose/index.js:43:18)
    at send.then.done (/Users/hutianyi/Desktop/saas_server/node_modules/koa-static/index.js:43:20)
    at <anonymous>
*************** error log end ****************

