[2018-03-11T16:01:42.196] [ERROR] errorLogger - 
*************** error log start ****************
request method:POST
request originalUrl:/app/login
request client ip:::ffff:127.0.0.1
request body
{"phone":"boss","pwd":"123"}
response time:8
err name:CastError
err message:Cast to number failed for value "boss" at path "phone" for model "app"
err stack:CastError: Cast to number failed for value "boss" at path "phone" for model "app"
    at new CastError (/Users/hutianyi/Desktop/koa2server/node_modules/mongoose/lib/error/cast.js:27:11)
    at SchemaNumber.cast (/Users/hutianyi/Desktop/koa2server/node_modules/mongoose/lib/schema/number.js:231:9)
    at SchemaNumber.SchemaType.applySetters (/Users/hutianyi/Desktop/koa2server/node_modules/mongoose/lib/schematype.js:701:12)
    at SchemaNumber.SchemaType._castForQuery (/Users/hutianyi/Desktop/koa2server/node_modules/mongoose/lib/schematype.js:1072:15)
    at SchemaNumber.castForQuery (/Users/hutianyi/Desktop/koa2server/node_modules/mongoose/lib/schema/number.js:282:14)
    at SchemaNumber.SchemaType.castForQueryWrapper (/Users/hutianyi/Desktop/koa2server/node_modules/mongoose/lib/schematype.js:1041:15)
    at cast (/Users/hutianyi/Desktop/koa2server/node_modules/mongoose/lib/cast.js:273:32)
    at model.Query.Query.cast (/Users/hutianyi/Desktop/koa2server/node_modules/mongoose/lib/query.js:3202:12)
    at model.Query.Query._castConditions (/Users/hutianyi/Desktop/koa2server/node_modules/mongoose/lib/query.js:1278:10)
    at model.Query.Query._findOne (/Users/hutianyi/Desktop/koa2server/node_modules/mongoose/lib/query.js:1494:8)
    at model.Query.Query.findOne (/Users/hutianyi/Desktop/koa2server/node_modules/mongoose/lib/query.js:1611:8)
    at utils.promiseOrCallback (/Users/hutianyi/Desktop/koa2server/node_modules/mongoose/lib/query.js:3016:19)
    at Promise (/Users/hutianyi/Desktop/koa2server/node_modules/mongoose/lib/utils.js:222:5)
    at new Promise (<anonymous>)
    at Object.promiseOrCallback (/Users/hutianyi/Desktop/koa2server/node_modules/mongoose/lib/utils.js:221:10)
    at model.Query.exec (/Users/hutianyi/Desktop/koa2server/node_modules/mongoose/lib/query.js:3010:16)
    at model.Query.Query.then (/Users/hutianyi/Desktop/koa2server/node_modules/mongoose/lib/query.js:3037:15)
    at process._tickCallback (internal/process/next_tick.js:160:7)
*************** error log end ****************

[2018-03-11T16:02:28.896] [ERROR] errorLogger - 
*************** error log start ****************
request method:POST
request originalUrl:/app/login
request client ip:::ffff:127.0.0.1
request body
{"phone":"boss","pwd":"123"}
response time:1
err name:CastError
err message:Cast to number failed for value "boss" at path "phone" for model "app"
err stack:CastError: Cast to number failed for value "boss" at path "phone" for model "app"
    at new CastError (/Users/hutianyi/Desktop/koa2server/node_modules/mongoose/lib/error/cast.js:27:11)
    at SchemaNumber.cast (/Users/hutianyi/Desktop/koa2server/node_modules/mongoose/lib/schema/number.js:231:9)
    at SchemaNumber.SchemaType.applySetters (/Users/hutianyi/Desktop/koa2server/node_modules/mongoose/lib/schematype.js:701:12)
    at SchemaNumber.SchemaType._castForQuery (/Users/hutianyi/Desktop/koa2server/node_modules/mongoose/lib/schematype.js:1072:15)
    at SchemaNumber.castForQuery (/Users/hutianyi/Desktop/koa2server/node_modules/mongoose/lib/schema/number.js:282:14)
    at SchemaNumber.SchemaType.castForQueryWrapper (/Users/hutianyi/Desktop/koa2server/node_modules/mongoose/lib/schematype.js:1041:15)
    at cast (/Users/hutianyi/Desktop/koa2server/node_modules/mongoose/lib/cast.js:273:32)
    at model.Query.Query.cast (/Users/hutianyi/Desktop/koa2server/node_modules/mongoose/lib/query.js:3202:12)
    at model.Query.Query._castConditions (/Users/hutianyi/Desktop/koa2server/node_modules/mongoose/lib/query.js:1278:10)
    at model.Query.Query._findOne (/Users/hutianyi/Desktop/koa2server/node_modules/mongoose/lib/query.js:1494:8)
    at model.Query.Query.findOne (/Users/hutianyi/Desktop/koa2server/node_modules/mongoose/lib/query.js:1611:8)
    at utils.promiseOrCallback (/Users/hutianyi/Desktop/koa2server/node_modules/mongoose/lib/query.js:3016:19)
    at Promise (/Users/hutianyi/Desktop/koa2server/node_modules/mongoose/lib/utils.js:222:5)
    at new Promise (<anonymous>)
    at Object.promiseOrCallback (/Users/hutianyi/Desktop/koa2server/node_modules/mongoose/lib/utils.js:221:10)
    at model.Query.exec (/Users/hutianyi/Desktop/koa2server/node_modules/mongoose/lib/query.js:3010:16)
    at model.Query.Query.then (/Users/hutianyi/Desktop/koa2server/node_modules/mongoose/lib/query.js:3037:15)
    at process._tickCallback (internal/process/next_tick.js:160:7)
*************** error log end ****************

[2018-03-11T16:03:01.264] [ERROR] errorLogger - 
*************** error log start ****************
request method:POST
request originalUrl:/app/login
request client ip:::ffff:127.0.0.1
request body
{"phone":"boss","pwd":"123"}
response time:0
err name:CastError
err message:Cast to number failed for value "boss" at path "phone" for model "app"
err stack:CastError: Cast to number failed for value "boss" at path "phone" for model "app"
    at new CastError (/Users/hutianyi/Desktop/koa2server/node_modules/mongoose/lib/error/cast.js:27:11)
    at SchemaNumber.cast (/Users/hutianyi/Desktop/koa2server/node_modules/mongoose/lib/schema/number.js:231:9)
    at SchemaNumber.SchemaType.applySetters (/Users/hutianyi/Desktop/koa2server/node_modules/mongoose/lib/schematype.js:701:12)
    at SchemaNumber.SchemaType._castForQuery (/Users/hutianyi/Desktop/koa2server/node_modules/mongoose/lib/schematype.js:1072:15)
    at SchemaNumber.castForQuery (/Users/hutianyi/Desktop/koa2server/node_modules/mongoose/lib/schema/number.js:282:14)
    at SchemaNumber.SchemaType.castForQueryWrapper (/Users/hutianyi/Desktop/koa2server/node_modules/mongoose/lib/schematype.js:1041:15)
    at cast (/Users/hutianyi/Desktop/koa2server/node_modules/mongoose/lib/cast.js:273:32)
    at model.Query.Query.cast (/Users/hutianyi/Desktop/koa2server/node_modules/mongoose/lib/query.js:3202:12)
    at model.Query.Query._castConditions (/Users/hutianyi/Desktop/koa2server/node_modules/mongoose/lib/query.js:1278:10)
    at model.Query.Query._findOne (/Users/hutianyi/Desktop/koa2server/node_modules/mongoose/lib/query.js:1494:8)
    at model.Query.Query.findOne (/Users/hutianyi/Desktop/koa2server/node_modules/mongoose/lib/query.js:1611:8)
    at utils.promiseOrCallback (/Users/hutianyi/Desktop/koa2server/node_modules/mongoose/lib/query.js:3016:19)
    at Promise (/Users/hutianyi/Desktop/koa2server/node_modules/mongoose/lib/utils.js:222:5)
    at new Promise (<anonymous>)
    at Object.promiseOrCallback (/Users/hutianyi/Desktop/koa2server/node_modules/mongoose/lib/utils.js:221:10)
    at model.Query.exec (/Users/hutianyi/Desktop/koa2server/node_modules/mongoose/lib/query.js:3010:16)
    at model.Query.Query.then (/Users/hutianyi/Desktop/koa2server/node_modules/mongoose/lib/query.js:3037:15)
    at process._tickCallback (internal/process/next_tick.js:160:7)
*************** error log end ****************

[2018-03-11T16:03:23.340] [ERROR] errorLogger - 
*************** error log start ****************
request method:POST
request originalUrl:/app/login
request client ip:::ffff:127.0.0.1
request body
{"phone":"boss","pwd":"123"}
response time:8
err name:CastError
err message:Cast to number failed for value "boss" at path "phone" for model "app"
err stack:CastError: Cast to number failed for value "boss" at path "phone" for model "app"
    at new CastError (/Users/hutianyi/Desktop/koa2server/node_modules/mongoose/lib/error/cast.js:27:11)
    at SchemaNumber.cast (/Users/hutianyi/Desktop/koa2server/node_modules/mongoose/lib/schema/number.js:231:9)
    at SchemaNumber.SchemaType.applySetters (/Users/hutianyi/Desktop/koa2server/node_modules/mongoose/lib/schematype.js:701:12)
    at SchemaNumber.SchemaType._castForQuery (/Users/hutianyi/Desktop/koa2server/node_modules/mongoose/lib/schematype.js:1072:15)
    at SchemaNumber.castForQuery (/Users/hutianyi/Desktop/koa2server/node_modules/mongoose/lib/schema/number.js:282:14)
    at SchemaNumber.SchemaType.castForQueryWrapper (/Users/hutianyi/Desktop/koa2server/node_modules/mongoose/lib/schematype.js:1041:15)
    at cast (/Users/hutianyi/Desktop/koa2server/node_modules/mongoose/lib/cast.js:273:32)
    at model.Query.Query.cast (/Users/hutianyi/Desktop/koa2server/node_modules/mongoose/lib/query.js:3202:12)
    at model.Query.Query._castConditions (/Users/hutianyi/Desktop/koa2server/node_modules/mongoose/lib/query.js:1278:10)
    at model.Query.Query._findOne (/Users/hutianyi/Desktop/koa2server/node_modules/mongoose/lib/query.js:1494:8)
    at model.Query.Query.findOne (/Users/hutianyi/Desktop/koa2server/node_modules/mongoose/lib/query.js:1611:8)
    at utils.promiseOrCallback (/Users/hutianyi/Desktop/koa2server/node_modules/mongoose/lib/query.js:3016:19)
    at Promise (/Users/hutianyi/Desktop/koa2server/node_modules/mongoose/lib/utils.js:222:5)
    at new Promise (<anonymous>)
    at Object.promiseOrCallback (/Users/hutianyi/Desktop/koa2server/node_modules/mongoose/lib/utils.js:221:10)
    at model.Query.exec (/Users/hutianyi/Desktop/koa2server/node_modules/mongoose/lib/query.js:3010:16)
    at model.Query.Query.then (/Users/hutianyi/Desktop/koa2server/node_modules/mongoose/lib/query.js:3037:15)
    at process._tickCallback (internal/process/next_tick.js:160:7)
*************** error log end ****************

[2018-03-11T16:07:49.295] [ERROR] errorLogger - 
*************** error log start ****************
request method:POST
request originalUrl:/app/login
request client ip:::ffff:127.0.0.1
request body
{"phone":"boss","pwd":"123"}
response time:0
err name:CastError
err message:Cast to number failed for value "boss" at path "phone" for model "app"
err stack:CastError: Cast to number failed for value "boss" at path "phone" for model "app"
    at new CastError (/Users/hutianyi/Desktop/koa2server/node_modules/mongoose/lib/error/cast.js:27:11)
    at SchemaNumber.cast (/Users/hutianyi/Desktop/koa2server/node_modules/mongoose/lib/schema/number.js:231:9)
    at SchemaNumber.SchemaType.applySetters (/Users/hutianyi/Desktop/koa2server/node_modules/mongoose/lib/schematype.js:701:12)
    at SchemaNumber.SchemaType._castForQuery (/Users/hutianyi/Desktop/koa2server/node_modules/mongoose/lib/schematype.js:1072:15)
    at SchemaNumber.castForQuery (/Users/hutianyi/Desktop/koa2server/node_modules/mongoose/lib/schema/number.js:282:14)
    at SchemaNumber.SchemaType.castForQueryWrapper (/Users/hutianyi/Desktop/koa2server/node_modules/mongoose/lib/schematype.js:1041:15)
    at cast (/Users/hutianyi/Desktop/koa2server/node_modules/mongoose/lib/cast.js:273:32)
    at model.Query.Query.cast (/Users/hutianyi/Desktop/koa2server/node_modules/mongoose/lib/query.js:3202:12)
    at model.Query.Query._castConditions (/Users/hutianyi/Desktop/koa2server/node_modules/mongoose/lib/query.js:1278:10)
    at model.Query.Query._findOne (/Users/hutianyi/Desktop/koa2server/node_modules/mongoose/lib/query.js:1494:8)
    at model.Query.Query.findOne (/Users/hutianyi/Desktop/koa2server/node_modules/mongoose/lib/query.js:1611:8)
    at utils.promiseOrCallback (/Users/hutianyi/Desktop/koa2server/node_modules/mongoose/lib/query.js:3016:19)
    at Promise (/Users/hutianyi/Desktop/koa2server/node_modules/mongoose/lib/utils.js:222:5)
    at new Promise (<anonymous>)
    at Object.promiseOrCallback (/Users/hutianyi/Desktop/koa2server/node_modules/mongoose/lib/utils.js:221:10)
    at model.Query.exec (/Users/hutianyi/Desktop/koa2server/node_modules/mongoose/lib/query.js:3010:16)
    at model.Query.Query.then (/Users/hutianyi/Desktop/koa2server/node_modules/mongoose/lib/query.js:3037:15)
    at process._tickCallback (internal/process/next_tick.js:160:7)
*************** error log end ****************

[2018-03-11T16:08:19.533] [ERROR] errorLogger - 
*************** error log start ****************
request method:POST
request originalUrl:/app/login
request client ip:::ffff:127.0.0.1
request body
{"phone":"boss","pwd":"123"}
response time:9
err name:CastError
err message:Cast to number failed for value "boss" at path "phone" for model "app"
err stack:CastError: Cast to number failed for value "boss" at path "phone" for model "app"
    at new CastError (/Users/hutianyi/Desktop/koa2server/node_modules/mongoose/lib/error/cast.js:27:11)
    at SchemaNumber.cast (/Users/hutianyi/Desktop/koa2server/node_modules/mongoose/lib/schema/number.js:231:9)
    at SchemaNumber.SchemaType.applySetters (/Users/hutianyi/Desktop/koa2server/node_modules/mongoose/lib/schematype.js:701:12)
    at SchemaNumber.SchemaType._castForQuery (/Users/hutianyi/Desktop/koa2server/node_modules/mongoose/lib/schematype.js:1072:15)
    at SchemaNumber.castForQuery (/Users/hutianyi/Desktop/koa2server/node_modules/mongoose/lib/schema/number.js:282:14)
    at SchemaNumber.SchemaType.castForQueryWrapper (/Users/hutianyi/Desktop/koa2server/node_modules/mongoose/lib/schematype.js:1041:15)
    at cast (/Users/hutianyi/Desktop/koa2server/node_modules/mongoose/lib/cast.js:273:32)
    at model.Query.Query.cast (/Users/hutianyi/Desktop/koa2server/node_modules/mongoose/lib/query.js:3202:12)
    at model.Query.Query._castConditions (/Users/hutianyi/Desktop/koa2server/node_modules/mongoose/lib/query.js:1278:10)
    at model.Query.Query._findOne (/Users/hutianyi/Desktop/koa2server/node_modules/mongoose/lib/query.js:1494:8)
    at model.Query.Query.findOne (/Users/hutianyi/Desktop/koa2server/node_modules/mongoose/lib/query.js:1611:8)
    at utils.promiseOrCallback (/Users/hutianyi/Desktop/koa2server/node_modules/mongoose/lib/query.js:3016:19)
    at Promise (/Users/hutianyi/Desktop/koa2server/node_modules/mongoose/lib/utils.js:222:5)
    at new Promise (<anonymous>)
    at Object.promiseOrCallback (/Users/hutianyi/Desktop/koa2server/node_modules/mongoose/lib/utils.js:221:10)
    at model.Query.exec (/Users/hutianyi/Desktop/koa2server/node_modules/mongoose/lib/query.js:3010:16)
    at model.Query.Query.then (/Users/hutianyi/Desktop/koa2server/node_modules/mongoose/lib/query.js:3037:15)
    at process._tickCallback (internal/process/next_tick.js:160:7)
*************** error log end ****************

[2018-03-11T16:08:22.102] [ERROR] errorLogger - 
*************** error log start ****************
request method:POST
request originalUrl:/app/login
request client ip:::ffff:127.0.0.1
request body
{"phone":"boss","pwd":"123"}
response time:2
err name:CastError
err message:Cast to number failed for value "boss" at path "phone" for model "app"
err stack:CastError: Cast to number failed for value "boss" at path "phone" for model "app"
    at new CastError (/Users/hutianyi/Desktop/koa2server/node_modules/mongoose/lib/error/cast.js:27:11)
    at SchemaNumber.cast (/Users/hutianyi/Desktop/koa2server/node_modules/mongoose/lib/schema/number.js:231:9)
    at SchemaNumber.SchemaType.applySetters (/Users/hutianyi/Desktop/koa2server/node_modules/mongoose/lib/schematype.js:701:12)
    at SchemaNumber.SchemaType._castForQuery (/Users/hutianyi/Desktop/koa2server/node_modules/mongoose/lib/schematype.js:1072:15)
    at SchemaNumber.castForQuery (/Users/hutianyi/Desktop/koa2server/node_modules/mongoose/lib/schema/number.js:282:14)
    at SchemaNumber.SchemaType.castForQueryWrapper (/Users/hutianyi/Desktop/koa2server/node_modules/mongoose/lib/schematype.js:1041:15)
    at cast (/Users/hutianyi/Desktop/koa2server/node_modules/mongoose/lib/cast.js:273:32)
    at model.Query.Query.cast (/Users/hutianyi/Desktop/koa2server/node_modules/mongoose/lib/query.js:3202:12)
    at model.Query.Query._castConditions (/Users/hutianyi/Desktop/koa2server/node_modules/mongoose/lib/query.js:1278:10)
    at model.Query.Query._findOne (/Users/hutianyi/Desktop/koa2server/node_modules/mongoose/lib/query.js:1494:8)
    at model.Query.Query.findOne (/Users/hutianyi/Desktop/koa2server/node_modules/mongoose/lib/query.js:1611:8)
    at utils.promiseOrCallback (/Users/hutianyi/Desktop/koa2server/node_modules/mongoose/lib/query.js:3016:19)
    at Promise (/Users/hutianyi/Desktop/koa2server/node_modules/mongoose/lib/utils.js:222:5)
    at new Promise (<anonymous>)
    at Object.promiseOrCallback (/Users/hutianyi/Desktop/koa2server/node_modules/mongoose/lib/utils.js:221:10)
    at model.Query.exec (/Users/hutianyi/Desktop/koa2server/node_modules/mongoose/lib/query.js:3010:16)
    at model.Query.Query.then (/Users/hutianyi/Desktop/koa2server/node_modules/mongoose/lib/query.js:3037:15)
    at process._tickCallback (internal/process/next_tick.js:160:7)
*************** error log end ****************

[2018-03-11T16:09:14.065] [ERROR] errorLogger - 
*************** error log start ****************
request method:POST
request originalUrl:/app/register
request client ip:::ffff:127.0.0.1
request body
{"phone":"boss","pwd":"123"}
response time:1
err name:CastError
err message:Cast to number failed for value "boss" at path "phone" for model "app"
err stack:CastError: Cast to number failed for value "boss" at path "phone" for model "app"
    at new CastError (/Users/hutianyi/Desktop/koa2server/node_modules/mongoose/lib/error/cast.js:27:11)
    at SchemaNumber.cast (/Users/hutianyi/Desktop/koa2server/node_modules/mongoose/lib/schema/number.js:231:9)
    at SchemaNumber.SchemaType.applySetters (/Users/hutianyi/Desktop/koa2server/node_modules/mongoose/lib/schematype.js:701:12)
    at SchemaNumber.SchemaType._castForQuery (/Users/hutianyi/Desktop/koa2server/node_modules/mongoose/lib/schematype.js:1072:15)
    at SchemaNumber.castForQuery (/Users/hutianyi/Desktop/koa2server/node_modules/mongoose/lib/schema/number.js:282:14)
    at SchemaNumber.SchemaType.castForQueryWrapper (/Users/hutianyi/Desktop/koa2server/node_modules/mongoose/lib/schematype.js:1041:15)
    at cast (/Users/hutianyi/Desktop/koa2server/node_modules/mongoose/lib/cast.js:273:32)
    at model.Query.Query.cast (/Users/hutianyi/Desktop/koa2server/node_modules/mongoose/lib/query.js:3202:12)
    at model.Query.Query._castConditions (/Users/hutianyi/Desktop/koa2server/node_modules/mongoose/lib/query.js:1278:10)
    at model.Query.Query._findOne (/Users/hutianyi/Desktop/koa2server/node_modules/mongoose/lib/query.js:1494:8)
    at model.Query.Query.findOne (/Users/hutianyi/Desktop/koa2server/node_modules/mongoose/lib/query.js:1611:8)
    at utils.promiseOrCallback (/Users/hutianyi/Desktop/koa2server/node_modules/mongoose/lib/query.js:3016:19)
    at Promise (/Users/hutianyi/Desktop/koa2server/node_modules/mongoose/lib/utils.js:222:5)
    at new Promise (<anonymous>)
    at Object.promiseOrCallback (/Users/hutianyi/Desktop/koa2server/node_modules/mongoose/lib/utils.js:221:10)
    at model.Query.exec (/Users/hutianyi/Desktop/koa2server/node_modules/mongoose/lib/query.js:3010:16)
    at model.Query.Query.then (/Users/hutianyi/Desktop/koa2server/node_modules/mongoose/lib/query.js:3037:15)
    at process._tickCallback (internal/process/next_tick.js:160:7)
*************** error log end ****************

[2018-03-11T16:10:12.341] [ERROR] errorLogger - 
*************** error log start ****************
request method:POST
request originalUrl:/app/register
request client ip:::ffff:127.0.0.1
request body
{"phone":"boss","pwd":"123"}
response time:1
err name:CastError
err message:Cast to number failed for value "boss" at path "phone" for model "app"
err stack:CastError: Cast to number failed for value "boss" at path "phone" for model "app"
    at new CastError (/Users/hutianyi/Desktop/koa2server/node_modules/mongoose/lib/error/cast.js:27:11)
    at SchemaNumber.cast (/Users/hutianyi/Desktop/koa2server/node_modules/mongoose/lib/schema/number.js:231:9)
    at SchemaNumber.SchemaType.applySetters (/Users/hutianyi/Desktop/koa2server/node_modules/mongoose/lib/schematype.js:701:12)
    at SchemaNumber.SchemaType._castForQuery (/Users/hutianyi/Desktop/koa2server/node_modules/mongoose/lib/schematype.js:1072:15)
    at SchemaNumber.castForQuery (/Users/hutianyi/Desktop/koa2server/node_modules/mongoose/lib/schema/number.js:282:14)
    at SchemaNumber.SchemaType.castForQueryWrapper (/Users/hutianyi/Desktop/koa2server/node_modules/mongoose/lib/schematype.js:1041:15)
    at cast (/Users/hutianyi/Desktop/koa2server/node_modules/mongoose/lib/cast.js:273:32)
    at model.Query.Query.cast (/Users/hutianyi/Desktop/koa2server/node_modules/mongoose/lib/query.js:3202:12)
    at model.Query.Query._castConditions (/Users/hutianyi/Desktop/koa2server/node_modules/mongoose/lib/query.js:1278:10)
    at model.Query.Query._findOne (/Users/hutianyi/Desktop/koa2server/node_modules/mongoose/lib/query.js:1494:8)
    at model.Query.Query.findOne (/Users/hutianyi/Desktop/koa2server/node_modules/mongoose/lib/query.js:1611:8)
    at utils.promiseOrCallback (/Users/hutianyi/Desktop/koa2server/node_modules/mongoose/lib/query.js:3016:19)
    at Promise (/Users/hutianyi/Desktop/koa2server/node_modules/mongoose/lib/utils.js:222:5)
    at new Promise (<anonymous>)
    at Object.promiseOrCallback (/Users/hutianyi/Desktop/koa2server/node_modules/mongoose/lib/utils.js:221:10)
    at model.Query.exec (/Users/hutianyi/Desktop/koa2server/node_modules/mongoose/lib/query.js:3010:16)
    at model.Query.Query.then (/Users/hutianyi/Desktop/koa2server/node_modules/mongoose/lib/query.js:3037:15)
    at process._tickCallback (internal/process/next_tick.js:160:7)
*************** error log end ****************

[2018-03-11T16:11:33.857] [ERROR] errorLogger - 
*************** error log start ****************
request method:POST
request originalUrl:/app/login
request client ip:::ffff:127.0.0.1
request body
{"phone":"boss","pwd":"123"}
response time:1
err name:CastError
err message:Cast to number failed for value "boss" at path "phone" for model "app"
err stack:CastError: Cast to number failed for value "boss" at path "phone" for model "app"
    at new CastError (/Users/hutianyi/Desktop/koa2server/node_modules/mongoose/lib/error/cast.js:27:11)
    at SchemaNumber.cast (/Users/hutianyi/Desktop/koa2server/node_modules/mongoose/lib/schema/number.js:231:9)
    at SchemaNumber.SchemaType.applySetters (/Users/hutianyi/Desktop/koa2server/node_modules/mongoose/lib/schematype.js:701:12)
    at SchemaNumber.SchemaType._castForQuery (/Users/hutianyi/Desktop/koa2server/node_modules/mongoose/lib/schematype.js:1072:15)
    at SchemaNumber.castForQuery (/Users/hutianyi/Desktop/koa2server/node_modules/mongoose/lib/schema/number.js:282:14)
    at SchemaNumber.SchemaType.castForQueryWrapper (/Users/hutianyi/Desktop/koa2server/node_modules/mongoose/lib/schematype.js:1041:15)
    at cast (/Users/hutianyi/Desktop/koa2server/node_modules/mongoose/lib/cast.js:273:32)
    at model.Query.Query.cast (/Users/hutianyi/Desktop/koa2server/node_modules/mongoose/lib/query.js:3202:12)
    at model.Query.Query._castConditions (/Users/hutianyi/Desktop/koa2server/node_modules/mongoose/lib/query.js:1278:10)
    at model.Query.Query._findOne (/Users/hutianyi/Desktop/koa2server/node_modules/mongoose/lib/query.js:1494:8)
    at model.Query.Query.findOne (/Users/hutianyi/Desktop/koa2server/node_modules/mongoose/lib/query.js:1611:8)
    at utils.promiseOrCallback (/Users/hutianyi/Desktop/koa2server/node_modules/mongoose/lib/query.js:3016:19)
    at Promise (/Users/hutianyi/Desktop/koa2server/node_modules/mongoose/lib/utils.js:222:5)
    at new Promise (<anonymous>)
    at Object.promiseOrCallback (/Users/hutianyi/Desktop/koa2server/node_modules/mongoose/lib/utils.js:221:10)
    at model.Query.exec (/Users/hutianyi/Desktop/koa2server/node_modules/mongoose/lib/query.js:3010:16)
    at model.Query.Query.then (/Users/hutianyi/Desktop/koa2server/node_modules/mongoose/lib/query.js:3037:15)
    at process._tickCallback (internal/process/next_tick.js:160:7)
*************** error log end ****************

[2018-03-11T16:12:48.206] [ERROR] errorLogger - 
*************** error log start ****************
request method:POST
request originalUrl:/app/register
request client ip:::ffff:127.0.0.1
request body
{"phone":"boss","pwd":"123"}
response time:0
err name:CastError
err message:Cast to number failed for value "boss" at path "phone" for model "app"
err stack:CastError: Cast to number failed for value "boss" at path "phone" for model "app"
    at new CastError (/Users/hutianyi/Desktop/koa2server/node_modules/mongoose/lib/error/cast.js:27:11)
    at SchemaNumber.cast (/Users/hutianyi/Desktop/koa2server/node_modules/mongoose/lib/schema/number.js:231:9)
    at SchemaNumber.SchemaType.applySetters (/Users/hutianyi/Desktop/koa2server/node_modules/mongoose/lib/schematype.js:701:12)
    at SchemaNumber.SchemaType._castForQuery (/Users/hutianyi/Desktop/koa2server/node_modules/mongoose/lib/schematype.js:1072:15)
    at SchemaNumber.castForQuery (/Users/hutianyi/Desktop/koa2server/node_modules/mongoose/lib/schema/number.js:282:14)
    at SchemaNumber.SchemaType.castForQueryWrapper (/Users/hutianyi/Desktop/koa2server/node_modules/mongoose/lib/schematype.js:1041:15)
    at cast (/Users/hutianyi/Desktop/koa2server/node_modules/mongoose/lib/cast.js:273:32)
    at model.Query.Query.cast (/Users/hutianyi/Desktop/koa2server/node_modules/mongoose/lib/query.js:3202:12)
    at model.Query.Query._castConditions (/Users/hutianyi/Desktop/koa2server/node_modules/mongoose/lib/query.js:1278:10)
    at model.Query.Query._findOne (/Users/hutianyi/Desktop/koa2server/node_modules/mongoose/lib/query.js:1494:8)
    at model.Query.Query.findOne (/Users/hutianyi/Desktop/koa2server/node_modules/mongoose/lib/query.js:1611:8)
    at utils.promiseOrCallback (/Users/hutianyi/Desktop/koa2server/node_modules/mongoose/lib/query.js:3016:19)
    at Promise (/Users/hutianyi/Desktop/koa2server/node_modules/mongoose/lib/utils.js:222:5)
    at new Promise (<anonymous>)
    at Object.promiseOrCallback (/Users/hutianyi/Desktop/koa2server/node_modules/mongoose/lib/utils.js:221:10)
    at model.Query.exec (/Users/hutianyi/Desktop/koa2server/node_modules/mongoose/lib/query.js:3010:16)
    at model.Query.Query.then (/Users/hutianyi/Desktop/koa2server/node_modules/mongoose/lib/query.js:3037:15)
    at process._tickCallback (internal/process/next_tick.js:160:7)
*************** error log end ****************

[2018-03-11T16:27:41.376] [ERROR] errorLogger - 
*************** error log start ****************
request method:POST
request originalUrl:/app/login
request client ip:::ffff:127.0.0.1
request body
{"phone":"boss","pwd":"123"}
response time:0
err name:CastError
err message:Cast to number failed for value "boss" at path "phone" for model "app"
err stack:CastError: Cast to number failed for value "boss" at path "phone" for model "app"
    at new CastError (/Users/hutianyi/Desktop/koa2server/node_modules/mongoose/lib/error/cast.js:27:11)
    at SchemaNumber.cast (/Users/hutianyi/Desktop/koa2server/node_modules/mongoose/lib/schema/number.js:231:9)
    at SchemaNumber.SchemaType.applySetters (/Users/hutianyi/Desktop/koa2server/node_modules/mongoose/lib/schematype.js:701:12)
    at SchemaNumber.SchemaType._castForQuery (/Users/hutianyi/Desktop/koa2server/node_modules/mongoose/lib/schematype.js:1072:15)
    at SchemaNumber.castForQuery (/Users/hutianyi/Desktop/koa2server/node_modules/mongoose/lib/schema/number.js:282:14)
    at SchemaNumber.SchemaType.castForQueryWrapper (/Users/hutianyi/Desktop/koa2server/node_modules/mongoose/lib/schematype.js:1041:15)
    at cast (/Users/hutianyi/Desktop/koa2server/node_modules/mongoose/lib/cast.js:273:32)
    at model.Query.Query.cast (/Users/hutianyi/Desktop/koa2server/node_modules/mongoose/lib/query.js:3202:12)
    at model.Query.Query._castConditions (/Users/hutianyi/Desktop/koa2server/node_modules/mongoose/lib/query.js:1278:10)
    at model.Query.Query._findOne (/Users/hutianyi/Desktop/koa2server/node_modules/mongoose/lib/query.js:1494:8)
    at model.Query.Query.findOne (/Users/hutianyi/Desktop/koa2server/node_modules/mongoose/lib/query.js:1611:8)
    at utils.promiseOrCallback (/Users/hutianyi/Desktop/koa2server/node_modules/mongoose/lib/query.js:3016:19)
    at Promise (/Users/hutianyi/Desktop/koa2server/node_modules/mongoose/lib/utils.js:222:5)
    at new Promise (<anonymous>)
    at Object.promiseOrCallback (/Users/hutianyi/Desktop/koa2server/node_modules/mongoose/lib/utils.js:221:10)
    at model.Query.exec (/Users/hutianyi/Desktop/koa2server/node_modules/mongoose/lib/query.js:3010:16)
    at model.Query.Query.then (/Users/hutianyi/Desktop/koa2server/node_modules/mongoose/lib/query.js:3037:15)
    at process._tickCallback (internal/process/next_tick.js:160:7)
*************** error log end ****************

[2018-03-11T16:27:44.758] [ERROR] errorLogger - 
*************** error log start ****************
request method:POST
request originalUrl:/app/login
request client ip:::ffff:127.0.0.1
request body
{"phone":"boss","pwd":"123"}
response time:0
err name:CastError
err message:Cast to number failed for value "boss" at path "phone" for model "app"
err stack:CastError: Cast to number failed for value "boss" at path "phone" for model "app"
    at new CastError (/Users/hutianyi/Desktop/koa2server/node_modules/mongoose/lib/error/cast.js:27:11)
    at SchemaNumber.cast (/Users/hutianyi/Desktop/koa2server/node_modules/mongoose/lib/schema/number.js:231:9)
    at SchemaNumber.SchemaType.applySetters (/Users/hutianyi/Desktop/koa2server/node_modules/mongoose/lib/schematype.js:701:12)
    at SchemaNumber.SchemaType._castForQuery (/Users/hutianyi/Desktop/koa2server/node_modules/mongoose/lib/schematype.js:1072:15)
    at SchemaNumber.castForQuery (/Users/hutianyi/Desktop/koa2server/node_modules/mongoose/lib/schema/number.js:282:14)
    at SchemaNumber.SchemaType.castForQueryWrapper (/Users/hutianyi/Desktop/koa2server/node_modules/mongoose/lib/schematype.js:1041:15)
    at cast (/Users/hutianyi/Desktop/koa2server/node_modules/mongoose/lib/cast.js:273:32)
    at model.Query.Query.cast (/Users/hutianyi/Desktop/koa2server/node_modules/mongoose/lib/query.js:3202:12)
    at model.Query.Query._castConditions (/Users/hutianyi/Desktop/koa2server/node_modules/mongoose/lib/query.js:1278:10)
    at model.Query.Query._findOne (/Users/hutianyi/Desktop/koa2server/node_modules/mongoose/lib/query.js:1494:8)
    at model.Query.Query.findOne (/Users/hutianyi/Desktop/koa2server/node_modules/mongoose/lib/query.js:1611:8)
    at utils.promiseOrCallback (/Users/hutianyi/Desktop/koa2server/node_modules/mongoose/lib/query.js:3016:19)
    at Promise (/Users/hutianyi/Desktop/koa2server/node_modules/mongoose/lib/utils.js:222:5)
    at new Promise (<anonymous>)
    at Object.promiseOrCallback (/Users/hutianyi/Desktop/koa2server/node_modules/mongoose/lib/utils.js:221:10)
    at model.Query.exec (/Users/hutianyi/Desktop/koa2server/node_modules/mongoose/lib/query.js:3010:16)
    at model.Query.Query.then (/Users/hutianyi/Desktop/koa2server/node_modules/mongoose/lib/query.js:3037:15)
    at process._tickCallback (internal/process/next_tick.js:160:7)
*************** error log end ****************

[2018-03-11T16:27:45.546] [ERROR] errorLogger - 
*************** error log start ****************
request method:POST
request originalUrl:/app/login
request client ip:::ffff:127.0.0.1
request body
{"phone":"boss","pwd":"123"}
response time:0
err name:CastError
err message:Cast to number failed for value "boss" at path "phone" for model "app"
err stack:CastError: Cast to number failed for value "boss" at path "phone" for model "app"
    at new CastError (/Users/hutianyi/Desktop/koa2server/node_modules/mongoose/lib/error/cast.js:27:11)
    at SchemaNumber.cast (/Users/hutianyi/Desktop/koa2server/node_modules/mongoose/lib/schema/number.js:231:9)
    at SchemaNumber.SchemaType.applySetters (/Users/hutianyi/Desktop/koa2server/node_modules/mongoose/lib/schematype.js:701:12)
    at SchemaNumber.SchemaType._castForQuery (/Users/hutianyi/Desktop/koa2server/node_modules/mongoose/lib/schematype.js:1072:15)
    at SchemaNumber.castForQuery (/Users/hutianyi/Desktop/koa2server/node_modules/mongoose/lib/schema/number.js:282:14)
    at SchemaNumber.SchemaType.castForQueryWrapper (/Users/hutianyi/Desktop/koa2server/node_modules/mongoose/lib/schematype.js:1041:15)
    at cast (/Users/hutianyi/Desktop/koa2server/node_modules/mongoose/lib/cast.js:273:32)
    at model.Query.Query.cast (/Users/hutianyi/Desktop/koa2server/node_modules/mongoose/lib/query.js:3202:12)
    at model.Query.Query._castConditions (/Users/hutianyi/Desktop/koa2server/node_modules/mongoose/lib/query.js:1278:10)
    at model.Query.Query._findOne (/Users/hutianyi/Desktop/koa2server/node_modules/mongoose/lib/query.js:1494:8)
    at model.Query.Query.findOne (/Users/hutianyi/Desktop/koa2server/node_modules/mongoose/lib/query.js:1611:8)
    at utils.promiseOrCallback (/Users/hutianyi/Desktop/koa2server/node_modules/mongoose/lib/query.js:3016:19)
    at Promise (/Users/hutianyi/Desktop/koa2server/node_modules/mongoose/lib/utils.js:222:5)
    at new Promise (<anonymous>)
    at Object.promiseOrCallback (/Users/hutianyi/Desktop/koa2server/node_modules/mongoose/lib/utils.js:221:10)
    at model.Query.exec (/Users/hutianyi/Desktop/koa2server/node_modules/mongoose/lib/query.js:3010:16)
    at model.Query.Query.then (/Users/hutianyi/Desktop/koa2server/node_modules/mongoose/lib/query.js:3037:15)
    at process._tickCallback (internal/process/next_tick.js:160:7)
*************** error log end ****************

[2018-03-11T16:28:00.300] [ERROR] errorLogger - 
*************** error log start ****************
request method:POST
request originalUrl:/app/login
request client ip:::ffff:127.0.0.1
request body
{"phone":"boss","pwd":"123"}
response time:1
err name:CastError
err message:Cast to number failed for value "boss" at path "phone" for model "app"
err stack:CastError: Cast to number failed for value "boss" at path "phone" for model "app"
    at new CastError (/Users/hutianyi/Desktop/koa2server/node_modules/mongoose/lib/error/cast.js:27:11)
    at SchemaNumber.cast (/Users/hutianyi/Desktop/koa2server/node_modules/mongoose/lib/schema/number.js:231:9)
    at SchemaNumber.SchemaType.applySetters (/Users/hutianyi/Desktop/koa2server/node_modules/mongoose/lib/schematype.js:701:12)
    at SchemaNumber.SchemaType._castForQuery (/Users/hutianyi/Desktop/koa2server/node_modules/mongoose/lib/schematype.js:1072:15)
    at SchemaNumber.castForQuery (/Users/hutianyi/Desktop/koa2server/node_modules/mongoose/lib/schema/number.js:282:14)
    at SchemaNumber.SchemaType.castForQueryWrapper (/Users/hutianyi/Desktop/koa2server/node_modules/mongoose/lib/schematype.js:1041:15)
    at cast (/Users/hutianyi/Desktop/koa2server/node_modules/mongoose/lib/cast.js:273:32)
    at model.Query.Query.cast (/Users/hutianyi/Desktop/koa2server/node_modules/mongoose/lib/query.js:3202:12)
    at model.Query.Query._castConditions (/Users/hutianyi/Desktop/koa2server/node_modules/mongoose/lib/query.js:1278:10)
    at model.Query.Query._findOne (/Users/hutianyi/Desktop/koa2server/node_modules/mongoose/lib/query.js:1494:8)
    at model.Query.Query.findOne (/Users/hutianyi/Desktop/koa2server/node_modules/mongoose/lib/query.js:1611:8)
    at utils.promiseOrCallback (/Users/hutianyi/Desktop/koa2server/node_modules/mongoose/lib/query.js:3016:19)
    at Promise (/Users/hutianyi/Desktop/koa2server/node_modules/mongoose/lib/utils.js:222:5)
    at new Promise (<anonymous>)
    at Object.promiseOrCallback (/Users/hutianyi/Desktop/koa2server/node_modules/mongoose/lib/utils.js:221:10)
    at model.Query.exec (/Users/hutianyi/Desktop/koa2server/node_modules/mongoose/lib/query.js:3010:16)
    at model.Query.Query.then (/Users/hutianyi/Desktop/koa2server/node_modules/mongoose/lib/query.js:3037:15)
    at process._tickCallback (internal/process/next_tick.js:160:7)
*************** error log end ****************

[2018-03-11T16:28:22.842] [ERROR] errorLogger - 
*************** error log start ****************
request method:POST
request originalUrl:/app/login
request client ip:::ffff:127.0.0.1
request body
{"phone":"boss","pwd":"123"}
response time:4
err name:CastError
err message:Cast to number failed for value "boss" at path "phone" for model "app"
err stack:CastError: Cast to number failed for value "boss" at path "phone" for model "app"
    at new CastError (/Users/hutianyi/Desktop/koa2server/node_modules/mongoose/lib/error/cast.js:27:11)
    at SchemaNumber.cast (/Users/hutianyi/Desktop/koa2server/node_modules/mongoose/lib/schema/number.js:231:9)
    at SchemaNumber.SchemaType.applySetters (/Users/hutianyi/Desktop/koa2server/node_modules/mongoose/lib/schematype.js:701:12)
    at SchemaNumber.SchemaType._castForQuery (/Users/hutianyi/Desktop/koa2server/node_modules/mongoose/lib/schematype.js:1072:15)
    at SchemaNumber.castForQuery (/Users/hutianyi/Desktop/koa2server/node_modules/mongoose/lib/schema/number.js:282:14)
    at SchemaNumber.SchemaType.castForQueryWrapper (/Users/hutianyi/Desktop/koa2server/node_modules/mongoose/lib/schematype.js:1041:15)
    at cast (/Users/hutianyi/Desktop/koa2server/node_modules/mongoose/lib/cast.js:273:32)
    at model.Query.Query.cast (/Users/hutianyi/Desktop/koa2server/node_modules/mongoose/lib/query.js:3202:12)
    at model.Query.Query._castConditions (/Users/hutianyi/Desktop/koa2server/node_modules/mongoose/lib/query.js:1278:10)
    at model.Query.Query._findOne (/Users/hutianyi/Desktop/koa2server/node_modules/mongoose/lib/query.js:1494:8)
    at model.Query.Query.findOne (/Users/hutianyi/Desktop/koa2server/node_modules/mongoose/lib/query.js:1611:8)
    at utils.promiseOrCallback (/Users/hutianyi/Desktop/koa2server/node_modules/mongoose/lib/query.js:3016:19)
    at Promise (/Users/hutianyi/Desktop/koa2server/node_modules/mongoose/lib/utils.js:222:5)
    at new Promise (<anonymous>)
    at Object.promiseOrCallback (/Users/hutianyi/Desktop/koa2server/node_modules/mongoose/lib/utils.js:221:10)
    at model.Query.exec (/Users/hutianyi/Desktop/koa2server/node_modules/mongoose/lib/query.js:3010:16)
    at model.Query.Query.then (/Users/hutianyi/Desktop/koa2server/node_modules/mongoose/lib/query.js:3037:15)
    at process._tickCallback (internal/process/next_tick.js:160:7)
*************** error log end ****************

[2018-03-11T16:28:59.645] [ERROR] errorLogger - 
*************** error log start ****************
request method:GET
request originalUrl:/robots.txt
request client ip:::ffff:127.0.0.1
request query:{}
response time:1
err name:TypeError
err message:res.sendFile is not a function
err stack:TypeError: res.sendFile is not a function
    at app.use (/Users/hutianyi/Desktop/koa2server/app.js:66:14)
    at dispatch (/Users/hutianyi/Desktop/koa2server/node_modules/koa-compose/index.js:42:32)
    at next (/Users/hutianyi/Desktop/koa2server/node_modules/koa-compose/index.js:43:18)
    at dispatch (/Users/hutianyi/Desktop/koa2server/node_modules/koa-router/lib/router.js:332:32)
    at dispatch (/Users/hutianyi/Desktop/koa2server/node_modules/koa-compose/index.js:42:32)
    at next (/Users/hutianyi/Desktop/koa2server/node_modules/koa-compose/index.js:43:18)
    at /Users/hutianyi/Desktop/koa2server/middlewares/response_formatter.js:27:19
    at dispatch (/Users/hutianyi/Desktop/koa2server/node_modules/koa-compose/index.js:42:32)
    at next (/Users/hutianyi/Desktop/koa2server/node_modules/koa-compose/index.js:43:18)
    at app.use (/Users/hutianyi/Desktop/koa2server/app.js:45:11)
    at dispatch (/Users/hutianyi/Desktop/koa2server/node_modules/koa-compose/index.js:42:32)
    at next (/Users/hutianyi/Desktop/koa2server/node_modules/koa-compose/index.js:43:18)
    at views (/Users/hutianyi/Desktop/koa2server/node_modules/koa-views/lib/index.js:61:12)
    at dispatch (/Users/hutianyi/Desktop/koa2server/node_modules/koa-compose/index.js:42:32)
    at next (/Users/hutianyi/Desktop/koa2server/node_modules/koa-compose/index.js:43:18)
    at send.then.done (/Users/hutianyi/Desktop/koa2server/node_modules/koa-static/index.js:43:20)
    at <anonymous>
*************** error log end ****************

[2018-03-11T16:31:41.944] [ERROR] errorLogger - 
*************** error log start ****************
request method:POST
request originalUrl:/app/login
request client ip:::ffff:127.0.0.1
request body
{"phone":"boss","pwd":"123"}
response time:4
err name:CastError
err message:Cast to number failed for value "boss" at path "phone" for model "app"
err stack:CastError: Cast to number failed for value "boss" at path "phone" for model "app"
    at new CastError (/Users/hutianyi/Desktop/koa2server/node_modules/mongoose/lib/error/cast.js:27:11)
    at SchemaNumber.cast (/Users/hutianyi/Desktop/koa2server/node_modules/mongoose/lib/schema/number.js:231:9)
    at SchemaNumber.SchemaType.applySetters (/Users/hutianyi/Desktop/koa2server/node_modules/mongoose/lib/schematype.js:701:12)
    at SchemaNumber.SchemaType._castForQuery (/Users/hutianyi/Desktop/koa2server/node_modules/mongoose/lib/schematype.js:1072:15)
    at SchemaNumber.castForQuery (/Users/hutianyi/Desktop/koa2server/node_modules/mongoose/lib/schema/number.js:282:14)
    at SchemaNumber.SchemaType.castForQueryWrapper (/Users/hutianyi/Desktop/koa2server/node_modules/mongoose/lib/schematype.js:1041:15)
    at cast (/Users/hutianyi/Desktop/koa2server/node_modules/mongoose/lib/cast.js:273:32)
    at model.Query.Query.cast (/Users/hutianyi/Desktop/koa2server/node_modules/mongoose/lib/query.js:3202:12)
    at model.Query.Query._castConditions (/Users/hutianyi/Desktop/koa2server/node_modules/mongoose/lib/query.js:1278:10)
    at model.Query.Query._findOne (/Users/hutianyi/Desktop/koa2server/node_modules/mongoose/lib/query.js:1494:8)
    at model.Query.Query.findOne (/Users/hutianyi/Desktop/koa2server/node_modules/mongoose/lib/query.js:1611:8)
    at utils.promiseOrCallback (/Users/hutianyi/Desktop/koa2server/node_modules/mongoose/lib/query.js:3016:19)
    at Promise (/Users/hutianyi/Desktop/koa2server/node_modules/mongoose/lib/utils.js:222:5)
    at new Promise (<anonymous>)
    at Object.promiseOrCallback (/Users/hutianyi/Desktop/koa2server/node_modules/mongoose/lib/utils.js:221:10)
    at model.Query.exec (/Users/hutianyi/Desktop/koa2server/node_modules/mongoose/lib/query.js:3010:16)
    at model.Query.Query.then (/Users/hutianyi/Desktop/koa2server/node_modules/mongoose/lib/query.js:3037:15)
    at process._tickCallback (internal/process/next_tick.js:160:7)
*************** error log end ****************

[2018-03-11T16:32:45.219] [ERROR] errorLogger - 
*************** error log start ****************
request method:POST
request originalUrl:/app/login
request client ip:::ffff:127.0.0.1
request body
{"phone":"boss","pwd":"123"}
response time:0
err name:CastError
err message:Cast to number failed for value "boss" at path "phone" for model "app"
err stack:CastError: Cast to number failed for value "boss" at path "phone" for model "app"
    at new CastError (/Users/hutianyi/Desktop/koa2server/node_modules/mongoose/lib/error/cast.js:27:11)
    at SchemaNumber.cast (/Users/hutianyi/Desktop/koa2server/node_modules/mongoose/lib/schema/number.js:231:9)
    at SchemaNumber.SchemaType.applySetters (/Users/hutianyi/Desktop/koa2server/node_modules/mongoose/lib/schematype.js:701:12)
    at SchemaNumber.SchemaType._castForQuery (/Users/hutianyi/Desktop/koa2server/node_modules/mongoose/lib/schematype.js:1072:15)
    at SchemaNumber.castForQuery (/Users/hutianyi/Desktop/koa2server/node_modules/mongoose/lib/schema/number.js:282:14)
    at SchemaNumber.SchemaType.castForQueryWrapper (/Users/hutianyi/Desktop/koa2server/node_modules/mongoose/lib/schematype.js:1041:15)
    at cast (/Users/hutianyi/Desktop/koa2server/node_modules/mongoose/lib/cast.js:273:32)
    at model.Query.Query.cast (/Users/hutianyi/Desktop/koa2server/node_modules/mongoose/lib/query.js:3202:12)
    at model.Query.Query._castConditions (/Users/hutianyi/Desktop/koa2server/node_modules/mongoose/lib/query.js:1278:10)
    at model.Query.Query._findOne (/Users/hutianyi/Desktop/koa2server/node_modules/mongoose/lib/query.js:1494:8)
    at model.Query.Query.findOne (/Users/hutianyi/Desktop/koa2server/node_modules/mongoose/lib/query.js:1611:8)
    at utils.promiseOrCallback (/Users/hutianyi/Desktop/koa2server/node_modules/mongoose/lib/query.js:3016:19)
    at Promise (/Users/hutianyi/Desktop/koa2server/node_modules/mongoose/lib/utils.js:222:5)
    at new Promise (<anonymous>)
    at Object.promiseOrCallback (/Users/hutianyi/Desktop/koa2server/node_modules/mongoose/lib/utils.js:221:10)
    at model.Query.exec (/Users/hutianyi/Desktop/koa2server/node_modules/mongoose/lib/query.js:3010:16)
    at model.Query.Query.then (/Users/hutianyi/Desktop/koa2server/node_modules/mongoose/lib/query.js:3037:15)
    at process._tickCallback (internal/process/next_tick.js:160:7)
*************** error log end ****************

