[2018-03-18T17:18:49.250] [ERROR] errorLogger - 
*************** error log start ****************
request method:GET
request originalUrl:/robots.txt
request client ip:::ffff:127.0.0.1
request query:{}
response time:22
err name:TypeError
err message:res.sendFile is not a function
err stack:TypeError: res.sendFile is not a function
    at app.use (/Users/hutianyi/Desktop/saas_server/app.js:66:14)
    at dispatch (/Users/hutianyi/Desktop/saas_server/node_modules/koa-compose/index.js:42:32)
    at next (/Users/hutianyi/Desktop/saas_server/node_modules/koa-compose/index.js:43:18)
    at dispatch (/Users/hutianyi/Desktop/saas_server/node_modules/koa-router/lib/router.js:332:32)
    at dispatch (/Users/hutianyi/Desktop/saas_server/node_modules/koa-compose/index.js:42:32)
    at next (/Users/hutianyi/Desktop/saas_server/node_modules/koa-compose/index.js:43:18)
    at /Users/hutianyi/Desktop/saas_server/middlewares/response_formatter.js:27:19
    at dispatch (/Users/hutianyi/Desktop/saas_server/node_modules/koa-compose/index.js:42:32)
    at next (/Users/hutianyi/Desktop/saas_server/node_modules/koa-compose/index.js:43:18)
    at app.use (/Users/hutianyi/Desktop/saas_server/app.js:45:11)
    at dispatch (/Users/hutianyi/Desktop/saas_server/node_modules/koa-compose/index.js:42:32)
    at next (/Users/hutianyi/Desktop/saas_server/node_modules/koa-compose/index.js:43:18)
    at views (/Users/hutianyi/Desktop/saas_server/node_modules/koa-views/lib/index.js:61:12)
    at dispatch (/Users/hutianyi/Desktop/saas_server/node_modules/koa-compose/index.js:42:32)
    at next (/Users/hutianyi/Desktop/saas_server/node_modules/koa-compose/index.js:43:18)
    at send.then.done (/Users/hutianyi/Desktop/saas_server/node_modules/koa-static/index.js:43:20)
    at <anonymous>
*************** error log end ****************

[2018-03-18T17:18:55.229] [ERROR] errorLogger - 
*************** error log start ****************
request method:GET
request originalUrl:/cms/content/text/%3Canonymous%3E
request client ip:::ffff:127.0.0.1
request query:{}
response time:2
err name:TypeError
err message:res.sendFile is not a function
err stack:TypeError: res.sendFile is not a function
    at app.use (/Users/hutianyi/Desktop/saas_server/app.js:66:14)
    at dispatch (/Users/hutianyi/Desktop/saas_server/node_modules/koa-compose/index.js:42:32)
    at next (/Users/hutianyi/Desktop/saas_server/node_modules/koa-compose/index.js:43:18)
    at dispatch (/Users/hutianyi/Desktop/saas_server/node_modules/koa-router/lib/router.js:332:32)
    at dispatch (/Users/hutianyi/Desktop/saas_server/node_modules/koa-compose/index.js:42:32)
    at next (/Users/hutianyi/Desktop/saas_server/node_modules/koa-compose/index.js:43:18)
    at /Users/hutianyi/Desktop/saas_server/middlewares/response_formatter.js:27:19
    at dispatch (/Users/hutianyi/Desktop/saas_server/node_modules/koa-compose/index.js:42:32)
    at next (/Users/hutianyi/Desktop/saas_server/node_modules/koa-compose/index.js:43:18)
    at app.use (/Users/hutianyi/Desktop/saas_server/app.js:45:11)
    at dispatch (/Users/hutianyi/Desktop/saas_server/node_modules/koa-compose/index.js:42:32)
    at next (/Users/hutianyi/Desktop/saas_server/node_modules/koa-compose/index.js:43:18)
    at views (/Users/hutianyi/Desktop/saas_server/node_modules/koa-views/lib/index.js:61:12)
    at dispatch (/Users/hutianyi/Desktop/saas_server/node_modules/koa-compose/index.js:42:32)
    at next (/Users/hutianyi/Desktop/saas_server/node_modules/koa-compose/index.js:43:18)
    at send.then.done (/Users/hutianyi/Desktop/saas_server/node_modules/koa-static/index.js:43:20)
    at <anonymous>
*************** error log end ****************

[2018-03-18T17:18:55.251] [ERROR] errorLogger - 
*************** error log start ****************
request method:GET
request originalUrl:/cms/content/text/%3Canonymous%3E
request client ip:::ffff:127.0.0.1
request query:{}
response time:1
err name:TypeError
err message:res.sendFile is not a function
err stack:TypeError: res.sendFile is not a function
    at app.use (/Users/hutianyi/Desktop/saas_server/app.js:66:14)
    at dispatch (/Users/hutianyi/Desktop/saas_server/node_modules/koa-compose/index.js:42:32)
    at next (/Users/hutianyi/Desktop/saas_server/node_modules/koa-compose/index.js:43:18)
    at dispatch (/Users/hutianyi/Desktop/saas_server/node_modules/koa-router/lib/router.js:332:32)
    at dispatch (/Users/hutianyi/Desktop/saas_server/node_modules/koa-compose/index.js:42:32)
    at next (/Users/hutianyi/Desktop/saas_server/node_modules/koa-compose/index.js:43:18)
    at /Users/hutianyi/Desktop/saas_server/middlewares/response_formatter.js:27:19
    at dispatch (/Users/hutianyi/Desktop/saas_server/node_modules/koa-compose/index.js:42:32)
    at next (/Users/hutianyi/Desktop/saas_server/node_modules/koa-compose/index.js:43:18)
    at app.use (/Users/hutianyi/Desktop/saas_server/app.js:45:11)
    at dispatch (/Users/hutianyi/Desktop/saas_server/node_modules/koa-compose/index.js:42:32)
    at next (/Users/hutianyi/Desktop/saas_server/node_modules/koa-compose/index.js:43:18)
    at views (/Users/hutianyi/Desktop/saas_server/node_modules/koa-views/lib/index.js:61:12)
    at dispatch (/Users/hutianyi/Desktop/saas_server/node_modules/koa-compose/index.js:42:32)
    at next (/Users/hutianyi/Desktop/saas_server/node_modules/koa-compose/index.js:43:18)
    at send.then.done (/Users/hutianyi/Desktop/saas_server/node_modules/koa-static/index.js:43:20)
    at <anonymous>
*************** error log end ****************

[2018-03-18T17:20:56.872] [ERROR] errorLogger - 
*************** error log start ****************
request method:GET
request originalUrl:/cms/content/text/%3Canonymous%3E
request client ip:::ffff:127.0.0.1
request query:{}
response time:4
err name:TypeError
err message:res.sendFile is not a function
err stack:TypeError: res.sendFile is not a function
    at app.use (/Users/hutianyi/Desktop/saas_server/app.js:66:14)
    at dispatch (/Users/hutianyi/Desktop/saas_server/node_modules/koa-compose/index.js:42:32)
    at next (/Users/hutianyi/Desktop/saas_server/node_modules/koa-compose/index.js:43:18)
    at dispatch (/Users/hutianyi/Desktop/saas_server/node_modules/koa-router/lib/router.js:332:32)
    at dispatch (/Users/hutianyi/Desktop/saas_server/node_modules/koa-compose/index.js:42:32)
    at next (/Users/hutianyi/Desktop/saas_server/node_modules/koa-compose/index.js:43:18)
    at /Users/hutianyi/Desktop/saas_server/middlewares/response_formatter.js:27:19
    at dispatch (/Users/hutianyi/Desktop/saas_server/node_modules/koa-compose/index.js:42:32)
    at next (/Users/hutianyi/Desktop/saas_server/node_modules/koa-compose/index.js:43:18)
    at app.use (/Users/hutianyi/Desktop/saas_server/app.js:45:11)
    at dispatch (/Users/hutianyi/Desktop/saas_server/node_modules/koa-compose/index.js:42:32)
    at next (/Users/hutianyi/Desktop/saas_server/node_modules/koa-compose/index.js:43:18)
    at views (/Users/hutianyi/Desktop/saas_server/node_modules/koa-views/lib/index.js:61:12)
    at dispatch (/Users/hutianyi/Desktop/saas_server/node_modules/koa-compose/index.js:42:32)
    at next (/Users/hutianyi/Desktop/saas_server/node_modules/koa-compose/index.js:43:18)
    at send.then.done (/Users/hutianyi/Desktop/saas_server/node_modules/koa-static/index.js:43:20)
    at <anonymous>
*************** error log end ****************

[2018-03-18T17:20:56.921] [ERROR] errorLogger - 
*************** error log start ****************
request method:GET
request originalUrl:/cms/content/text/%3Canonymous%3E
request client ip:::ffff:127.0.0.1
request query:{}
response time:0
err name:TypeError
err message:res.sendFile is not a function
err stack:TypeError: res.sendFile is not a function
    at app.use (/Users/hutianyi/Desktop/saas_server/app.js:66:14)
    at dispatch (/Users/hutianyi/Desktop/saas_server/node_modules/koa-compose/index.js:42:32)
    at next (/Users/hutianyi/Desktop/saas_server/node_modules/koa-compose/index.js:43:18)
    at dispatch (/Users/hutianyi/Desktop/saas_server/node_modules/koa-router/lib/router.js:332:32)
    at dispatch (/Users/hutianyi/Desktop/saas_server/node_modules/koa-compose/index.js:42:32)
    at next (/Users/hutianyi/Desktop/saas_server/node_modules/koa-compose/index.js:43:18)
    at /Users/hutianyi/Desktop/saas_server/middlewares/response_formatter.js:27:19
    at dispatch (/Users/hutianyi/Desktop/saas_server/node_modules/koa-compose/index.js:42:32)
    at next (/Users/hutianyi/Desktop/saas_server/node_modules/koa-compose/index.js:43:18)
    at app.use (/Users/hutianyi/Desktop/saas_server/app.js:45:11)
    at dispatch (/Users/hutianyi/Desktop/saas_server/node_modules/koa-compose/index.js:42:32)
    at next (/Users/hutianyi/Desktop/saas_server/node_modules/koa-compose/index.js:43:18)
    at views (/Users/hutianyi/Desktop/saas_server/node_modules/koa-views/lib/index.js:61:12)
    at dispatch (/Users/hutianyi/Desktop/saas_server/node_modules/koa-compose/index.js:42:32)
    at next (/Users/hutianyi/Desktop/saas_server/node_modules/koa-compose/index.js:43:18)
    at send.then.done (/Users/hutianyi/Desktop/saas_server/node_modules/koa-static/index.js:43:20)
    at <anonymous>
*************** error log end ****************

[2018-03-18T17:22:21.935] [ERROR] errorLogger - 
*************** error log start ****************
request method:GET
request originalUrl:/cms/content/text/%3Canonymous%3E
request client ip:::ffff:127.0.0.1
request query:{}
response time:2
err name:TypeError
err message:res.sendFile is not a function
err stack:TypeError: res.sendFile is not a function
    at app.use (/Users/hutianyi/Desktop/saas_server/app.js:66:14)
    at dispatch (/Users/hutianyi/Desktop/saas_server/node_modules/koa-compose/index.js:42:32)
    at next (/Users/hutianyi/Desktop/saas_server/node_modules/koa-compose/index.js:43:18)
    at dispatch (/Users/hutianyi/Desktop/saas_server/node_modules/koa-router/lib/router.js:332:32)
    at dispatch (/Users/hutianyi/Desktop/saas_server/node_modules/koa-compose/index.js:42:32)
    at next (/Users/hutianyi/Desktop/saas_server/node_modules/koa-compose/index.js:43:18)
    at /Users/hutianyi/Desktop/saas_server/middlewares/response_formatter.js:27:19
    at dispatch (/Users/hutianyi/Desktop/saas_server/node_modules/koa-compose/index.js:42:32)
    at next (/Users/hutianyi/Desktop/saas_server/node_modules/koa-compose/index.js:43:18)
    at app.use (/Users/hutianyi/Desktop/saas_server/app.js:45:11)
    at dispatch (/Users/hutianyi/Desktop/saas_server/node_modules/koa-compose/index.js:42:32)
    at next (/Users/hutianyi/Desktop/saas_server/node_modules/koa-compose/index.js:43:18)
    at views (/Users/hutianyi/Desktop/saas_server/node_modules/koa-views/lib/index.js:61:12)
    at dispatch (/Users/hutianyi/Desktop/saas_server/node_modules/koa-compose/index.js:42:32)
    at next (/Users/hutianyi/Desktop/saas_server/node_modules/koa-compose/index.js:43:18)
    at send.then.done (/Users/hutianyi/Desktop/saas_server/node_modules/koa-static/index.js:43:20)
    at <anonymous>
*************** error log end ****************

[2018-03-18T17:22:22.010] [ERROR] errorLogger - 
*************** error log start ****************
request method:GET
request originalUrl:/cms/content/text/%3Canonymous%3E
request client ip:::ffff:127.0.0.1
request query:{}
response time:3
err name:TypeError
err message:res.sendFile is not a function
err stack:TypeError: res.sendFile is not a function
    at app.use (/Users/hutianyi/Desktop/saas_server/app.js:66:14)
    at dispatch (/Users/hutianyi/Desktop/saas_server/node_modules/koa-compose/index.js:42:32)
    at next (/Users/hutianyi/Desktop/saas_server/node_modules/koa-compose/index.js:43:18)
    at dispatch (/Users/hutianyi/Desktop/saas_server/node_modules/koa-router/lib/router.js:332:32)
    at dispatch (/Users/hutianyi/Desktop/saas_server/node_modules/koa-compose/index.js:42:32)
    at next (/Users/hutianyi/Desktop/saas_server/node_modules/koa-compose/index.js:43:18)
    at /Users/hutianyi/Desktop/saas_server/middlewares/response_formatter.js:27:19
    at dispatch (/Users/hutianyi/Desktop/saas_server/node_modules/koa-compose/index.js:42:32)
    at next (/Users/hutianyi/Desktop/saas_server/node_modules/koa-compose/index.js:43:18)
    at app.use (/Users/hutianyi/Desktop/saas_server/app.js:45:11)
    at dispatch (/Users/hutianyi/Desktop/saas_server/node_modules/koa-compose/index.js:42:32)
    at next (/Users/hutianyi/Desktop/saas_server/node_modules/koa-compose/index.js:43:18)
    at views (/Users/hutianyi/Desktop/saas_server/node_modules/koa-views/lib/index.js:61:12)
    at dispatch (/Users/hutianyi/Desktop/saas_server/node_modules/koa-compose/index.js:42:32)
    at next (/Users/hutianyi/Desktop/saas_server/node_modules/koa-compose/index.js:43:18)
    at send.then.done (/Users/hutianyi/Desktop/saas_server/node_modules/koa-static/index.js:43:20)
    at <anonymous>
*************** error log end ****************

[2018-03-18T17:33:20.115] [ERROR] errorLogger - 
*************** error log start ****************
request method:GET
request originalUrl:/cms/content/text/%3Canonymous%3E
request client ip:::ffff:127.0.0.1
request query:{}
response time:2
err name:TypeError
err message:res.sendFile is not a function
err stack:TypeError: res.sendFile is not a function
    at app.use (/Users/hutianyi/Desktop/saas_server/app.js:66:14)
    at dispatch (/Users/hutianyi/Desktop/saas_server/node_modules/koa-compose/index.js:42:32)
    at next (/Users/hutianyi/Desktop/saas_server/node_modules/koa-compose/index.js:43:18)
    at dispatch (/Users/hutianyi/Desktop/saas_server/node_modules/koa-router/lib/router.js:332:32)
    at dispatch (/Users/hutianyi/Desktop/saas_server/node_modules/koa-compose/index.js:42:32)
    at next (/Users/hutianyi/Desktop/saas_server/node_modules/koa-compose/index.js:43:18)
    at /Users/hutianyi/Desktop/saas_server/middlewares/response_formatter.js:27:19
    at dispatch (/Users/hutianyi/Desktop/saas_server/node_modules/koa-compose/index.js:42:32)
    at next (/Users/hutianyi/Desktop/saas_server/node_modules/koa-compose/index.js:43:18)
    at app.use (/Users/hutianyi/Desktop/saas_server/app.js:45:11)
    at dispatch (/Users/hutianyi/Desktop/saas_server/node_modules/koa-compose/index.js:42:32)
    at next (/Users/hutianyi/Desktop/saas_server/node_modules/koa-compose/index.js:43:18)
    at views (/Users/hutianyi/Desktop/saas_server/node_modules/koa-views/lib/index.js:61:12)
    at dispatch (/Users/hutianyi/Desktop/saas_server/node_modules/koa-compose/index.js:42:32)
    at next (/Users/hutianyi/Desktop/saas_server/node_modules/koa-compose/index.js:43:18)
    at send.then.done (/Users/hutianyi/Desktop/saas_server/node_modules/koa-static/index.js:43:20)
    at <anonymous>
*************** error log end ****************

[2018-03-18T17:33:20.173] [ERROR] errorLogger - 
*************** error log start ****************
request method:GET
request originalUrl:/cms/content/text/%3Canonymous%3E
request client ip:::ffff:127.0.0.1
request query:{}
response time:1
err name:TypeError
err message:res.sendFile is not a function
err stack:TypeError: res.sendFile is not a function
    at app.use (/Users/hutianyi/Desktop/saas_server/app.js:66:14)
    at dispatch (/Users/hutianyi/Desktop/saas_server/node_modules/koa-compose/index.js:42:32)
    at next (/Users/hutianyi/Desktop/saas_server/node_modules/koa-compose/index.js:43:18)
    at dispatch (/Users/hutianyi/Desktop/saas_server/node_modules/koa-router/lib/router.js:332:32)
    at dispatch (/Users/hutianyi/Desktop/saas_server/node_modules/koa-compose/index.js:42:32)
    at next (/Users/hutianyi/Desktop/saas_server/node_modules/koa-compose/index.js:43:18)
    at /Users/hutianyi/Desktop/saas_server/middlewares/response_formatter.js:27:19
    at dispatch (/Users/hutianyi/Desktop/saas_server/node_modules/koa-compose/index.js:42:32)
    at next (/Users/hutianyi/Desktop/saas_server/node_modules/koa-compose/index.js:43:18)
    at app.use (/Users/hutianyi/Desktop/saas_server/app.js:45:11)
    at dispatch (/Users/hutianyi/Desktop/saas_server/node_modules/koa-compose/index.js:42:32)
    at next (/Users/hutianyi/Desktop/saas_server/node_modules/koa-compose/index.js:43:18)
    at views (/Users/hutianyi/Desktop/saas_server/node_modules/koa-views/lib/index.js:61:12)
    at dispatch (/Users/hutianyi/Desktop/saas_server/node_modules/koa-compose/index.js:42:32)
    at next (/Users/hutianyi/Desktop/saas_server/node_modules/koa-compose/index.js:43:18)
    at send.then.done (/Users/hutianyi/Desktop/saas_server/node_modules/koa-static/index.js:43:20)
    at <anonymous>
*************** error log end ****************

[2018-03-18T17:47:39.919] [ERROR] errorLogger - 
*************** error log start ****************
request method:GET
request originalUrl:/cms/content/text/%3Canonymous%3E
request client ip:::ffff:127.0.0.1
request query:{}
response time:10
err name:TypeError
err message:res.sendFile is not a function
err stack:TypeError: res.sendFile is not a function
    at app.use (/Users/hutianyi/Desktop/saas_server/app.js:66:14)
    at dispatch (/Users/hutianyi/Desktop/saas_server/node_modules/koa-compose/index.js:42:32)
    at next (/Users/hutianyi/Desktop/saas_server/node_modules/koa-compose/index.js:43:18)
    at dispatch (/Users/hutianyi/Desktop/saas_server/node_modules/koa-router/lib/router.js:332:32)
    at dispatch (/Users/hutianyi/Desktop/saas_server/node_modules/koa-compose/index.js:42:32)
    at next (/Users/hutianyi/Desktop/saas_server/node_modules/koa-compose/index.js:43:18)
    at /Users/hutianyi/Desktop/saas_server/middlewares/response_formatter.js:27:19
    at dispatch (/Users/hutianyi/Desktop/saas_server/node_modules/koa-compose/index.js:42:32)
    at next (/Users/hutianyi/Desktop/saas_server/node_modules/koa-compose/index.js:43:18)
    at app.use (/Users/hutianyi/Desktop/saas_server/app.js:45:11)
    at dispatch (/Users/hutianyi/Desktop/saas_server/node_modules/koa-compose/index.js:42:32)
    at next (/Users/hutianyi/Desktop/saas_server/node_modules/koa-compose/index.js:43:18)
    at views (/Users/hutianyi/Desktop/saas_server/node_modules/koa-views/lib/index.js:61:12)
    at dispatch (/Users/hutianyi/Desktop/saas_server/node_modules/koa-compose/index.js:42:32)
    at next (/Users/hutianyi/Desktop/saas_server/node_modules/koa-compose/index.js:43:18)
    at send.then.done (/Users/hutianyi/Desktop/saas_server/node_modules/koa-static/index.js:43:20)
    at <anonymous>
*************** error log end ****************

[2018-03-18T17:47:40.003] [ERROR] errorLogger - 
*************** error log start ****************
request method:GET
request originalUrl:/cms/content/text/%3Canonymous%3E
request client ip:::ffff:127.0.0.1
request query:{}
response time:0
err name:TypeError
err message:res.sendFile is not a function
err stack:TypeError: res.sendFile is not a function
    at app.use (/Users/hutianyi/Desktop/saas_server/app.js:66:14)
    at dispatch (/Users/hutianyi/Desktop/saas_server/node_modules/koa-compose/index.js:42:32)
    at next (/Users/hutianyi/Desktop/saas_server/node_modules/koa-compose/index.js:43:18)
    at dispatch (/Users/hutianyi/Desktop/saas_server/node_modules/koa-router/lib/router.js:332:32)
    at dispatch (/Users/hutianyi/Desktop/saas_server/node_modules/koa-compose/index.js:42:32)
    at next (/Users/hutianyi/Desktop/saas_server/node_modules/koa-compose/index.js:43:18)
    at /Users/hutianyi/Desktop/saas_server/middlewares/response_formatter.js:27:19
    at dispatch (/Users/hutianyi/Desktop/saas_server/node_modules/koa-compose/index.js:42:32)
    at next (/Users/hutianyi/Desktop/saas_server/node_modules/koa-compose/index.js:43:18)
    at app.use (/Users/hutianyi/Desktop/saas_server/app.js:45:11)
    at dispatch (/Users/hutianyi/Desktop/saas_server/node_modules/koa-compose/index.js:42:32)
    at next (/Users/hutianyi/Desktop/saas_server/node_modules/koa-compose/index.js:43:18)
    at views (/Users/hutianyi/Desktop/saas_server/node_modules/koa-views/lib/index.js:61:12)
    at dispatch (/Users/hutianyi/Desktop/saas_server/node_modules/koa-compose/index.js:42:32)
    at next (/Users/hutianyi/Desktop/saas_server/node_modules/koa-compose/index.js:43:18)
    at send.then.done (/Users/hutianyi/Desktop/saas_server/node_modules/koa-static/index.js:43:20)
    at <anonymous>
*************** error log end ****************

