[2017-12-17T19:28:57.018] [ERROR] errorLogger - 
*************** error log start ****************
request method:POST
request originalUrl:/users/register?user=kerwin2&pwd=123456123&type=boss
request client ip:::1
request body
{}
response time:7
err name:TypeError
err message:user.save is not a function
err stack:TypeError: user.save is not a function
    at router.post (/Users/hutianyi/Desktop/reactstudy/koa2server/routes/users.js:32:24)
    at <anonymous>
    at process._tickCallback (internal/process/next_tick.js:188:7)
*************** error log end ****************

[2017-12-17T19:29:02.053] [ERROR] errorLogger - 
*************** error log start ****************
request method:POST
request originalUrl:/users/register?user=kerwin2&pwd=123456123&type=boss
request client ip:::1
request body
{}
response time:2
err name:TypeError
err message:user.save is not a function
err stack:TypeError: user.save is not a function
    at router.post (/Users/hutianyi/Desktop/reactstudy/koa2server/routes/users.js:32:24)
    at <anonymous>
    at process._tickCallback (internal/process/next_tick.js:188:7)
*************** error log end ****************

